[1.842s] Invoking command in '/home/johnson/METR4202/tb3_controller': PYTHONPATH=/home/johnson/METR4202/build/tb3_controller/prefix_override:/home/johnson/METR4202/install/tb3_controller/lib/python3.10/site-packages:${PYTHONPATH} /usr/bin/python3 setup.py egg_info --egg-base ../build/tb3_controller build --build-base /home/johnson/METR4202/build/tb3_controller/build install --record /home/johnson/METR4202/build/tb3_controller/install.log --single-version-externally-managed
[2.501s] running egg_info
[2.504s] writing ../build/tb3_controller/tb3_controller.egg-info/PKG-INFO
[2.505s] writing dependency_links to ../build/tb3_controller/tb3_controller.egg-info/dependency_links.txt
[2.506s] writing entry points to ../build/tb3_controller/tb3_controller.egg-info/entry_points.txt
[2.507s] writing requirements to ../build/tb3_controller/tb3_controller.egg-info/requires.txt
[2.508s] writing top-level names to ../build/tb3_controller/tb3_controller.egg-info/top_level.txt
[2.514s] reading manifest file '../build/tb3_controller/tb3_controller.egg-info/SOURCES.txt'
[2.523s] writing manifest file '../build/tb3_controller/tb3_controller.egg-info/SOURCES.txt'
[2.524s] running build
[2.528s] running build_py
[2.530s] copying tb3_controller/turtlebot_brain.py -> /home/johnson/METR4202/build/tb3_controller/build/lib/tb3_controller
[2.533s] running install
[2.537s] /usr/lib/python3/dist-packages/setuptools/command/install.py:34: SetuptoolsDeprecationWarning: setup.py install is deprecated. Use build and pip and other standards-based tools.
[2.537s]   warnings.warn(
[2.537s] running install_lib
[2.542s] copying /home/johnson/METR4202/build/tb3_controller/build/lib/tb3_controller/turtlebot_brain.py -> /home/johnson/METR4202/install/tb3_controller/lib/python3.10/site-packages/tb3_controller
[2.543s] byte-compiling /home/johnson/METR4202/install/tb3_controller/lib/python3.10/site-packages/tb3_controller/turtlebot_brain.py to turtlebot_brain.cpython-310.pyc
[2.549s] running install_data
[2.550s] creating /home/johnson/METR4202/install/tb3_controller/share/ament_index
[2.550s] creating /home/johnson/METR4202/install/tb3_controller/share/ament_index/resource_index
[2.551s] creating /home/johnson/METR4202/install/tb3_controller/share/ament_index/resource_index/packages
[2.551s] copying resource/tb3_controller -> /home/johnson/METR4202/install/tb3_controller/share/ament_index/resource_index/packages
[2.551s] copying package.xml -> /home/johnson/METR4202/install/tb3_controller/share/tb3_controller
[2.551s] running install_egg_info
[2.555s] removing '/home/johnson/METR4202/install/tb3_controller/lib/python3.10/site-packages/tb3_controller-0.0.0-py3.10.egg-info' (and everything under it)
[2.555s] Copying ../build/tb3_controller/tb3_controller.egg-info to /home/johnson/METR4202/install/tb3_controller/lib/python3.10/site-packages/tb3_controller-0.0.0-py3.10.egg-info
[2.560s] running install_scripts
[2.619s] Installing turtlebot_brain script to /home/johnson/METR4202/install/tb3_controller/lib/tb3_controller
[2.619s] writing list of installed files to '/home/johnson/METR4202/build/tb3_controller/install.log'
[2.679s] Invoked command in '/home/johnson/METR4202/tb3_controller' returned '0': PYTHONPATH=/home/johnson/METR4202/build/tb3_controller/prefix_override:/home/johnson/METR4202/install/tb3_controller/lib/python3.10/site-packages:${PYTHONPATH} /usr/bin/python3 setup.py egg_info --egg-base ../build/tb3_controller build --build-base /home/johnson/METR4202/build/tb3_controller/build install --record /home/johnson/METR4202/build/tb3_controller/install.log --single-version-externally-managed
