[0.914s] Invoking command in '/home/jonno/metr4202_ws/src/tb3_controller': PYTHONPATH=/home/jonno/metr4202_ws/src/tb3_controller/build/tb3_controller/prefix_override:/home/jonno/metr4202_ws/src/tb3_controller/install/tb3_controller/lib/python3.10/site-packages:${PYTHONPATH} /usr/bin/python3 setup.py egg_info --egg-base build/tb3_controller build --build-base /home/jonno/metr4202_ws/src/tb3_controller/build/tb3_controller/build install --record /home/jonno/metr4202_ws/src/tb3_controller/build/tb3_controller/install.log --single-version-externally-managed
[1.196s] running egg_info
[1.197s] writing build/tb3_controller/tb3_controller.egg-info/PKG-INFO
[1.198s] writing dependency_links to build/tb3_controller/tb3_controller.egg-info/dependency_links.txt
[1.198s] writing entry points to build/tb3_controller/tb3_controller.egg-info/entry_points.txt
[1.199s] writing requirements to build/tb3_controller/tb3_controller.egg-info/requires.txt
[1.200s] writing top-level names to build/tb3_controller/tb3_controller.egg-info/top_level.txt
[1.204s] reading manifest file 'build/tb3_controller/tb3_controller.egg-info/SOURCES.txt'
[1.205s] writing manifest file 'build/tb3_controller/tb3_controller.egg-info/SOURCES.txt'
[1.205s] running build
[1.206s] running build_py
[1.206s] copying tb3_controller/turtlebot_brain.py -> /home/jonno/metr4202_ws/src/tb3_controller/build/tb3_controller/build/lib/tb3_controller
[1.207s] running install
[1.208s] running install_lib
[1.211s] copying /home/jonno/metr4202_ws/src/tb3_controller/build/tb3_controller/build/lib/tb3_controller/turtlebot_brain.py -> /home/jonno/metr4202_ws/src/tb3_controller/install/tb3_controller/lib/python3.10/site-packages/tb3_controller
[1.213s] byte-compiling /home/jonno/metr4202_ws/src/tb3_controller/install/tb3_controller/lib/python3.10/site-packages/tb3_controller/turtlebot_brain.py to turtlebot_brain.cpython-310.pyc
[1.218s] running install_data
[1.219s] running install_egg_info
[1.221s] removing '/home/jonno/metr4202_ws/src/tb3_controller/install/tb3_controller/lib/python3.10/site-packages/tb3_controller-0.0.0-py3.10.egg-info' (and everything under it)
[1.221s] Copying build/tb3_controller/tb3_controller.egg-info to /home/jonno/metr4202_ws/src/tb3_controller/install/tb3_controller/lib/python3.10/site-packages/tb3_controller-0.0.0-py3.10.egg-info
[1.222s] running install_scripts
[1.246s] Installing turtlebot_brain script to /home/jonno/metr4202_ws/src/tb3_controller/install/tb3_controller/lib/tb3_controller
[1.246s] writing list of installed files to '/home/jonno/metr4202_ws/src/tb3_controller/build/tb3_controller/install.log'
[1.300s] Invoked command in '/home/jonno/metr4202_ws/src/tb3_controller' returned '0': PYTHONPATH=/home/jonno/metr4202_ws/src/tb3_controller/build/tb3_controller/prefix_override:/home/jonno/metr4202_ws/src/tb3_controller/install/tb3_controller/lib/python3.10/site-packages:${PYTHONPATH} /usr/bin/python3 setup.py egg_info --egg-base build/tb3_controller build --build-base /home/jonno/metr4202_ws/src/tb3_controller/build/tb3_controller/build install --record /home/jonno/metr4202_ws/src/tb3_controller/build/tb3_controller/install.log --single-version-externally-managed
