running develop
running egg_info
creating turtlebot_controller_pkg.egg-info
writing turtlebot_controller_pkg.egg-info/PKG-INFO
writing dependency_links to turtlebot_controller_pkg.egg-info/dependency_links.txt
writing entry points to turtlebot_controller_pkg.egg-info/entry_points.txt
writing requirements to turtlebot_controller_pkg.egg-info/requires.txt
writing top-level names to turtlebot_controller_pkg.egg-info/top_level.txt
writing manifest file 'turtlebot_controller_pkg.egg-info/SOURCES.txt'
reading manifest file 'turtlebot_controller_pkg.egg-info/SOURCES.txt'
writing manifest file 'turtlebot_controller_pkg.egg-info/SOURCES.txt'
running build_ext
Creating /home/johnson/METR4202/install/turtlebot_controller_pkg/lib/python3.10/site-packages/turtlebot-controller-pkg.egg-link (link to .)
Installing turtlebot_brain script to /home/johnson/METR4202/install/turtlebot_controller_pkg/lib/turtlebot_controller_pkg

Installed /home/johnson/METR4202/build/turtlebot_controller_pkg
running install_data
creating /home/johnson/METR4202/install/turtlebot_controller_pkg/share/ament_index
creating /home/johnson/METR4202/install/turtlebot_controller_pkg/share/ament_index/resource_index
creating /home/johnson/METR4202/install/turtlebot_controller_pkg/share/ament_index/resource_index/packages
copying resource/turtlebot_controller_pkg -> /home/johnson/METR4202/install/turtlebot_controller_pkg/share/ament_index/resource_index/packages
copying package.xml -> /home/johnson/METR4202/install/turtlebot_controller_pkg/share/turtlebot_controller_pkg
