[4.135s] Invoking command in '/home/isaiah/metr4202_ws/src/tb3_controller/tb3_controller': PYTHONPATH=/home/isaiah/metr4202_ws/src/tb3_controller/build/tb3_controller/prefix_override:/home/isaiah/metr4202_ws/src/tb3_controller/install/tb3_controller/lib/python3.10/site-packages:${PYTHONPATH} /usr/bin/python3 setup.py egg_info --egg-base ../build/tb3_controller build --build-base /home/isaiah/metr4202_ws/src/tb3_controller/build/tb3_controller/build install --record /home/isaiah/metr4202_ws/src/tb3_controller/build/tb3_controller/install.log --single-version-externally-managed
[5.785s] running egg_info
[5.790s] writing ../build/tb3_controller/tb3_controller.egg-info/PKG-INFO
[5.791s] writing dependency_links to ../build/tb3_controller/tb3_controller.egg-info/dependency_links.txt
[5.793s] writing entry points to ../build/tb3_controller/tb3_controller.egg-info/entry_points.txt
[5.795s] writing requirements to ../build/tb3_controller/tb3_controller.egg-info/requires.txt
[5.796s] writing top-level names to ../build/tb3_controller/tb3_controller.egg-info/top_level.txt
[5.806s] reading manifest file '../build/tb3_controller/tb3_controller.egg-info/SOURCES.txt'
[5.814s] writing manifest file '../build/tb3_controller/tb3_controller.egg-info/SOURCES.txt'
[5.815s] running build
[5.816s] running build_py
[5.822s] running install
[5.822s] running install_lib
[5.826s] running install_data
[5.830s] running install_egg_info
[5.839s] removing '/home/isaiah/metr4202_ws/src/tb3_controller/install/tb3_controller/lib/python3.10/site-packages/tb3_controller-0.0.0-py3.10.egg-info' (and everything under it)
[5.841s] Copying ../build/tb3_controller/tb3_controller.egg-info to /home/isaiah/metr4202_ws/src/tb3_controller/install/tb3_controller/lib/python3.10/site-packages/tb3_controller-0.0.0-py3.10.egg-info
[5.845s] running install_scripts
[5.967s] Installing turtlebot_brain script to /home/isaiah/metr4202_ws/src/tb3_controller/install/tb3_controller/lib/tb3_controller
[5.971s] writing list of installed files to '/home/isaiah/metr4202_ws/src/tb3_controller/build/tb3_controller/install.log'
[6.081s] Invoked command in '/home/isaiah/metr4202_ws/src/tb3_controller/tb3_controller' returned '0': PYTHONPATH=/home/isaiah/metr4202_ws/src/tb3_controller/build/tb3_controller/prefix_override:/home/isaiah/metr4202_ws/src/tb3_controller/install/tb3_controller/lib/python3.10/site-packages:${PYTHONPATH} /usr/bin/python3 setup.py egg_info --egg-base ../build/tb3_controller build --build-base /home/isaiah/metr4202_ws/src/tb3_controller/build/tb3_controller/build install --record /home/isaiah/metr4202_ws/src/tb3_controller/build/tb3_controller/install.log --single-version-externally-managed
