[1.738s] Invoking command in '/home/johnson/METR4202': PYTHONPATH=/home/johnson/METR4202/build/tb3_controller/prefix_override:/home/johnson/METR4202/install/tb3_controller/lib/python3.10/site-packages:${PYTHONPATH} /usr/bin/python3 setup.py egg_info --egg-base build/tb3_controller build --build-base /home/johnson/METR4202/build/tb3_controller/build install --record /home/johnson/METR4202/build/tb3_controller/install.log --single-version-externally-managed
[2.387s] running egg_info
[2.390s] writing build/tb3_controller/tb3_controller.egg-info/PKG-INFO
[2.391s] writing dependency_links to build/tb3_controller/tb3_controller.egg-info/dependency_links.txt
[2.393s] writing entry points to build/tb3_controller/tb3_controller.egg-info/entry_points.txt
[2.394s] writing requirements to build/tb3_controller/tb3_controller.egg-info/requires.txt
[2.395s] writing top-level names to build/tb3_controller/tb3_controller.egg-info/top_level.txt
[2.401s] reading manifest file 'build/tb3_controller/tb3_controller.egg-info/SOURCES.txt'
[2.408s] writing manifest file 'build/tb3_controller/tb3_controller.egg-info/SOURCES.txt'
[2.413s] running build
[2.414s] running build_py
[2.415s] copying tb3_controller/turtlebot_brain.py -> /home/johnson/METR4202/build/tb3_controller/build/lib/tb3_controller
[2.416s] running install
[2.416s] /usr/lib/python3/dist-packages/setuptools/command/install.py:34: SetuptoolsDeprecationWarning: setup.py install is deprecated. Use build and pip and other standards-based tools.
[2.417s]   warnings.warn(
[2.418s] running install_lib
[2.418s] copying /home/johnson/METR4202/build/tb3_controller/build/lib/tb3_controller/turtlebot_brain.py -> /home/johnson/METR4202/install/tb3_controller/lib/python3.10/site-packages/tb3_controller
[2.421s] byte-compiling /home/johnson/METR4202/install/tb3_controller/lib/python3.10/site-packages/tb3_controller/turtlebot_brain.py to turtlebot_brain.cpython-310.pyc
[2.451s] /home/johnson/METR4202/install/tb3_controller/lib/python3.10/site-packages/tb3_controller/turtlebot_brain.py:542: SyntaxWarning: "is not" with a literal. Did you mean "!="?
[2.452s]   if self.mapArray2d[min(xPxl + x, self.mapMsg.info.width - 1)][min(yPxl + y, self.mapMsg.info.height - 1)] is not -1:
[2.452s] running install_data
[2.453s] running install_egg_info
[2.456s] removing '/home/johnson/METR4202/install/tb3_controller/lib/python3.10/site-packages/tb3_controller-0.0.0-py3.10.egg-info' (and everything under it)
[2.458s] Copying build/tb3_controller/tb3_controller.egg-info to /home/johnson/METR4202/install/tb3_controller/lib/python3.10/site-packages/tb3_controller-0.0.0-py3.10.egg-info
[2.460s] running install_scripts
[2.498s] Installing turtlebot_brain script to /home/johnson/METR4202/install/tb3_controller/lib/tb3_controller
[2.499s] writing list of installed files to '/home/johnson/METR4202/build/tb3_controller/install.log'
[2.557s] Invoked command in '/home/johnson/METR4202' returned '0': PYTHONPATH=/home/johnson/METR4202/build/tb3_controller/prefix_override:/home/johnson/METR4202/install/tb3_controller/lib/python3.10/site-packages:${PYTHONPATH} /usr/bin/python3 setup.py egg_info --egg-base build/tb3_controller build --build-base /home/johnson/METR4202/build/tb3_controller/build install --record /home/johnson/METR4202/build/tb3_controller/install.log --single-version-externally-managed
