[1.495s] Invoking command in '/home/johnson/METR4202/build/waypoint_commander': PYTHONPATH=/home/johnson/METR4202/build/waypoint_commander/prefix_override:/home/johnson/METR4202/install/waypoint_commander/lib/python3.10/site-packages:${PYTHONPATH} /usr/bin/python3 setup.py develop --editable --build-directory /home/johnson/METR4202/build/waypoint_commander/build --no-deps install_data
[2.053s] running develop
[2.054s] /usr/lib/python3/dist-packages/setuptools/command/easy_install.py:158: EasyInstallDeprecationWarning: easy_install command is deprecated. Use build and pip and other standards-based tools.
[2.054s]   warnings.warn(
[2.055s] /usr/lib/python3/dist-packages/setuptools/command/install.py:34: SetuptoolsDeprecationWarning: setup.py install is deprecated. Use build and pip and other standards-based tools.
[2.056s]   warnings.warn(
[2.167s] /usr/lib/python3/dist-packages/pkg_resources/__init__.py:116: PkgResourcesDeprecationWarning: 1.16.0-unknown is an invalid version and will not be supported in a future release
[2.168s]   warnings.warn(
[2.172s] /usr/lib/python3/dist-packages/pkg_resources/__init__.py:116: PkgResourcesDeprecationWarning: 1.1build1 is an invalid version and will not be supported in a future release
[2.172s]   warnings.warn(
[2.358s] running egg_info
[2.359s] writing waypoint_commander.egg-info/PKG-INFO
[2.360s] writing dependency_links to waypoint_commander.egg-info/dependency_links.txt
[2.362s] writing entry points to waypoint_commander.egg-info/entry_points.txt
[2.362s] writing requirements to waypoint_commander.egg-info/requires.txt
[2.362s] writing top-level names to waypoint_commander.egg-info/top_level.txt
[2.366s] reading manifest file 'waypoint_commander.egg-info/SOURCES.txt'
[2.368s] writing manifest file 'waypoint_commander.egg-info/SOURCES.txt'
[2.374s] running build_ext
[2.374s] Creating /home/johnson/METR4202/install/waypoint_commander/lib/python3.10/site-packages/waypoint-commander.egg-link (link to .)
[2.375s] Installing waypoint_cycler script to /home/johnson/METR4202/install/waypoint_commander/lib/waypoint_commander
[2.376s] 
[2.376s] Installed /home/johnson/METR4202/build/waypoint_commander
[2.376s] running install_data
[2.455s] Invoked command in '/home/johnson/METR4202/build/waypoint_commander' returned '0': PYTHONPATH=/home/johnson/METR4202/build/waypoint_commander/prefix_override:/home/johnson/METR4202/install/waypoint_commander/lib/python3.10/site-packages:${PYTHONPATH} /usr/bin/python3 setup.py develop --editable --build-directory /home/johnson/METR4202/build/waypoint_commander/build --no-deps install_data
