[2.763s] Invoking command in '/home/johnson/METR4202': PYTHONPATH=/home/johnson/METR4202/build/tb3_controller/prefix_override:/home/johnson/METR4202/install/tb3_controller/lib/python3.10/site-packages:${PYTHONPATH} /usr/bin/python3 setup.py egg_info --egg-base build/tb3_controller build --build-base /home/johnson/METR4202/build/tb3_controller/build install --record /home/johnson/METR4202/build/tb3_controller/install.log --single-version-externally-managed
[3.637s] running egg_info
[3.649s] writing build/tb3_controller/tb3_controller.egg-info/PKG-INFO
[3.649s] writing dependency_links to build/tb3_controller/tb3_controller.egg-info/dependency_links.txt
[3.651s] writing entry points to build/tb3_controller/tb3_controller.egg-info/entry_points.txt
[3.651s] writing requirements to build/tb3_controller/tb3_controller.egg-info/requires.txt
[3.651s] writing top-level names to build/tb3_controller/tb3_controller.egg-info/top_level.txt
[3.660s] reading manifest file 'build/tb3_controller/tb3_controller.egg-info/SOURCES.txt'
[3.671s] writing manifest file 'build/tb3_controller/tb3_controller.egg-info/SOURCES.txt'
[3.674s] running build
[3.675s] running build_py
[3.677s] running install
[3.678s] running install_lib
[3.679s] /usr/lib/python3/dist-packages/setuptools/command/install.py:34: SetuptoolsDeprecationWarning: setup.py install is deprecated. Use build and pip and other standards-based tools.
[3.679s]   warnings.warn(
[3.686s] running install_data
[3.687s] running install_egg_info
[3.691s] removing '/home/johnson/METR4202/install/tb3_controller/lib/python3.10/site-packages/tb3_controller-0.0.0-py3.10.egg-info' (and everything under it)
[3.700s] Copying build/tb3_controller/tb3_controller.egg-info to /home/johnson/METR4202/install/tb3_controller/lib/python3.10/site-packages/tb3_controller-0.0.0-py3.10.egg-info
[3.711s] running install_scripts
[3.828s] Installing turtlebot_brain script to /home/johnson/METR4202/install/tb3_controller/lib/tb3_controller
[3.837s] writing list of installed files to '/home/johnson/METR4202/build/tb3_controller/install.log'
[3.939s] Invoked command in '/home/johnson/METR4202' returned '0': PYTHONPATH=/home/johnson/METR4202/build/tb3_controller/prefix_override:/home/johnson/METR4202/install/tb3_controller/lib/python3.10/site-packages:${PYTHONPATH} /usr/bin/python3 setup.py egg_info --egg-base build/tb3_controller build --build-base /home/johnson/METR4202/build/tb3_controller/build install --record /home/johnson/METR4202/build/tb3_controller/install.log --single-version-externally-managed
