[1.288s] Invoking command in '/home/johnson/METR4202/my_first_package': PYTHONPATH=/home/johnson/METR4202/build/my_first_package/prefix_override:/home/johnson/METR4202/install/my_first_package/lib/python3.10/site-packages:${PYTHONPATH} /usr/bin/python3 setup.py egg_info --egg-base ../build/my_first_package build --build-base /home/johnson/METR4202/build/my_first_package/build install --record /home/johnson/METR4202/build/my_first_package/install.log --single-version-externally-managed
[1.549s] running egg_info
[1.550s] creating ../build/my_first_package/my_first_package.egg-info
[1.551s] writing ../build/my_first_package/my_first_package.egg-info/PKG-INFO
[1.551s] writing dependency_links to ../build/my_first_package/my_first_package.egg-info/dependency_links.txt
[1.551s] writing entry points to ../build/my_first_package/my_first_package.egg-info/entry_points.txt
[1.552s] writing requirements to ../build/my_first_package/my_first_package.egg-info/requires.txt
[1.552s] writing top-level names to ../build/my_first_package/my_first_package.egg-info/top_level.txt
[1.553s] writing manifest file '../build/my_first_package/my_first_package.egg-info/SOURCES.txt'
[1.554s] reading manifest file '../build/my_first_package/my_first_package.egg-info/SOURCES.txt'
[1.556s] writing manifest file '../build/my_first_package/my_first_package.egg-info/SOURCES.txt'
[1.556s] running build
[1.556s] running build_py
[1.556s] creating /home/johnson/METR4202/build/my_first_package/build
[1.557s] creating /home/johnson/METR4202/build/my_first_package/build/lib
[1.557s] creating /home/johnson/METR4202/build/my_first_package/build/lib/my_first_package
[1.557s] copying my_first_package/my_first_node.py -> /home/johnson/METR4202/build/my_first_package/build/lib/my_first_package
[1.558s] copying my_first_package/__init__.py -> /home/johnson/METR4202/build/my_first_package/build/lib/my_first_package
[1.558s] running install
[1.559s] /usr/lib/python3/dist-packages/setuptools/command/install.py:34: SetuptoolsDeprecationWarning: setup.py install is deprecated. Use build and pip and other standards-based tools.
[1.560s]   warnings.warn(
[1.560s] running install_lib
[1.562s] creating /home/johnson/METR4202/install/my_first_package/lib/python3.10/site-packages/my_first_package
[1.562s] copying /home/johnson/METR4202/build/my_first_package/build/lib/my_first_package/my_first_node.py -> /home/johnson/METR4202/install/my_first_package/lib/python3.10/site-packages/my_first_package
[1.562s] copying /home/johnson/METR4202/build/my_first_package/build/lib/my_first_package/__init__.py -> /home/johnson/METR4202/install/my_first_package/lib/python3.10/site-packages/my_first_package
[1.563s] byte-compiling /home/johnson/METR4202/install/my_first_package/lib/python3.10/site-packages/my_first_package/my_first_node.py to my_first_node.cpython-310.pyc
[1.564s] byte-compiling /home/johnson/METR4202/install/my_first_package/lib/python3.10/site-packages/my_first_package/__init__.py to __init__.cpython-310.pyc
[1.564s] running install_data
[1.565s] creating /home/johnson/METR4202/install/my_first_package/share/ament_index
[1.565s] creating /home/johnson/METR4202/install/my_first_package/share/ament_index/resource_index
[1.566s] creating /home/johnson/METR4202/install/my_first_package/share/ament_index/resource_index/packages
[1.567s] copying resource/my_first_package -> /home/johnson/METR4202/install/my_first_package/share/ament_index/resource_index/packages
[1.567s] copying package.xml -> /home/johnson/METR4202/install/my_first_package/share/my_first_package
[1.567s] running install_egg_info
[1.571s] Copying ../build/my_first_package/my_first_package.egg-info to /home/johnson/METR4202/install/my_first_package/lib/python3.10/site-packages/my_first_package-0.0.0-py3.10.egg-info
[1.572s] running install_scripts
[1.600s] Installing my_first_node script to /home/johnson/METR4202/install/my_first_package/lib/my_first_package
[1.601s] writing list of installed files to '/home/johnson/METR4202/build/my_first_package/install.log'
[1.659s] Invoked command in '/home/johnson/METR4202/my_first_package' returned '0': PYTHONPATH=/home/johnson/METR4202/build/my_first_package/prefix_override:/home/johnson/METR4202/install/my_first_package/lib/python3.10/site-packages:${PYTHONPATH} /usr/bin/python3 setup.py egg_info --egg-base ../build/my_first_package build --build-base /home/johnson/METR4202/build/my_first_package/build install --record /home/johnson/METR4202/build/my_first_package/install.log --single-version-externally-managed
