[0.716s] Invoking command in '/home/jonno/metr4202_ws/src/launch_ws/py_launch_example': PYTHONPATH=/home/jonno/metr4202_ws/src/launch_ws/build/py_launch_example/prefix_override:/home/jonno/metr4202_ws/src/launch_ws/install/py_launch_example/lib/python3.10/site-packages:${PYTHONPATH} /usr/bin/python3 setup.py egg_info --egg-base ../build/py_launch_example build --build-base /home/jonno/metr4202_ws/src/launch_ws/build/py_launch_example/build install --record /home/jonno/metr4202_ws/src/launch_ws/build/py_launch_example/install.log --single-version-externally-managed
[0.880s] running egg_info
[0.881s] creating ../build/py_launch_example/py_launch_example.egg-info
[0.881s] writing ../build/py_launch_example/py_launch_example.egg-info/PKG-INFO
[0.881s] writing dependency_links to ../build/py_launch_example/py_launch_example.egg-info/dependency_links.txt
[0.881s] writing entry points to ../build/py_launch_example/py_launch_example.egg-info/entry_points.txt
[0.881s] writing requirements to ../build/py_launch_example/py_launch_example.egg-info/requires.txt
[0.881s] writing top-level names to ../build/py_launch_example/py_launch_example.egg-info/top_level.txt
[0.882s] writing manifest file '../build/py_launch_example/py_launch_example.egg-info/SOURCES.txt'
[0.884s] reading manifest file '../build/py_launch_example/py_launch_example.egg-info/SOURCES.txt'
[0.884s] writing manifest file '../build/py_launch_example/py_launch_example.egg-info/SOURCES.txt'
[0.884s] running build
[0.884s] running build_py
[0.884s] creating /home/jonno/metr4202_ws/src/launch_ws/build/py_launch_example/build
[0.885s] creating /home/jonno/metr4202_ws/src/launch_ws/build/py_launch_example/build/lib
[0.885s] creating /home/jonno/metr4202_ws/src/launch_ws/build/py_launch_example/build/lib/py_launch_example
[0.885s] copying py_launch_example/__init__.py -> /home/jonno/metr4202_ws/src/launch_ws/build/py_launch_example/build/lib/py_launch_example
[0.885s] running install
[0.885s] running install_lib
[0.886s] creating /home/jonno/metr4202_ws/src/launch_ws/install/py_launch_example/lib/python3.10/site-packages/py_launch_example
[0.886s] copying /home/jonno/metr4202_ws/src/launch_ws/build/py_launch_example/build/lib/py_launch_example/__init__.py -> /home/jonno/metr4202_ws/src/launch_ws/install/py_launch_example/lib/python3.10/site-packages/py_launch_example
[0.886s] byte-compiling /home/jonno/metr4202_ws/src/launch_ws/install/py_launch_example/lib/python3.10/site-packages/py_launch_example/__init__.py to __init__.cpython-310.pyc
[0.887s] running install_data
[0.887s] creating /home/jonno/metr4202_ws/src/launch_ws/install/py_launch_example/share/ament_index
[0.888s] creating /home/jonno/metr4202_ws/src/launch_ws/install/py_launch_example/share/ament_index/resource_index
[0.888s] creating /home/jonno/metr4202_ws/src/launch_ws/install/py_launch_example/share/ament_index/resource_index/packages
[0.888s] copying resource/py_launch_example -> /home/jonno/metr4202_ws/src/launch_ws/install/py_launch_example/share/ament_index/resource_index/packages
[0.888s] copying package.xml -> /home/jonno/metr4202_ws/src/launch_ws/install/py_launch_example/share/py_launch_example
[0.889s] creating /home/jonno/metr4202_ws/src/launch_ws/install/py_launch_example/share/py_launch_example/launch
[0.889s] copying launch/my_script_launch.py -> /home/jonno/metr4202_ws/src/launch_ws/install/py_launch_example/share/py_launch_example/launch
[0.889s] running install_egg_info
[0.890s] Copying ../build/py_launch_example/py_launch_example.egg-info to /home/jonno/metr4202_ws/src/launch_ws/install/py_launch_example/lib/python3.10/site-packages/py_launch_example-0.0.0-py3.10.egg-info
[0.892s] running install_scripts
[0.904s] writing list of installed files to '/home/jonno/metr4202_ws/src/launch_ws/build/py_launch_example/install.log'
[0.921s] Invoked command in '/home/jonno/metr4202_ws/src/launch_ws/py_launch_example' returned '0': PYTHONPATH=/home/jonno/metr4202_ws/src/launch_ws/build/py_launch_example/prefix_override:/home/jonno/metr4202_ws/src/launch_ws/install/py_launch_example/lib/python3.10/site-packages:${PYTHONPATH} /usr/bin/python3 setup.py egg_info --egg-base ../build/py_launch_example build --build-base /home/jonno/metr4202_ws/src/launch_ws/build/py_launch_example/build install --record /home/jonno/metr4202_ws/src/launch_ws/build/py_launch_example/install.log --single-version-externally-managed
