[2.264s] Invoking command in '/home/johnson/METR4202': PYTHONPATH=/home/johnson/METR4202/build/tb3_controller/prefix_override:/home/johnson/METR4202/install/tb3_controller/lib/python3.10/site-packages:${PYTHONPATH} /usr/bin/python3 setup.py egg_info --egg-base build/tb3_controller build --build-base /home/johnson/METR4202/build/tb3_controller/build install --record /home/johnson/METR4202/build/tb3_controller/install.log --single-version-externally-managed
[2.877s] running egg_info
[2.878s] writing build/tb3_controller/tb3_controller.egg-info/PKG-INFO
[2.880s] writing dependency_links to build/tb3_controller/tb3_controller.egg-info/dependency_links.txt
[2.883s] writing entry points to build/tb3_controller/tb3_controller.egg-info/entry_points.txt
[2.886s] writing requirements to build/tb3_controller/tb3_controller.egg-info/requires.txt
[2.889s] writing top-level names to build/tb3_controller/tb3_controller.egg-info/top_level.txt
[2.893s] reading manifest file 'build/tb3_controller/tb3_controller.egg-info/SOURCES.txt'
[2.895s] writing manifest file 'build/tb3_controller/tb3_controller.egg-info/SOURCES.txt'
[2.896s] running build
[2.897s] running build_py
[2.898s] copying tb3_controller/turtlebot_brain.py -> /home/johnson/METR4202/build/tb3_controller/build/lib/tb3_controller
[2.904s] running install
[2.904s] running install_lib
[2.904s] /usr/lib/python3/dist-packages/setuptools/command/install.py:34: SetuptoolsDeprecationWarning: setup.py install is deprecated. Use build and pip and other standards-based tools.
[2.904s]   warnings.warn(
[2.905s] copying /home/johnson/METR4202/build/tb3_controller/build/lib/tb3_controller/turtlebot_brain.py -> /home/johnson/METR4202/install/tb3_controller/lib/python3.10/site-packages/tb3_controller
[2.906s] byte-compiling /home/johnson/METR4202/install/tb3_controller/lib/python3.10/site-packages/tb3_controller/turtlebot_brain.py to turtlebot_brain.cpython-310.pyc
[2.914s] running install_data
[2.916s] running install_egg_info
[2.918s] removing '/home/johnson/METR4202/install/tb3_controller/lib/python3.10/site-packages/tb3_controller-0.0.0-py3.10.egg-info' (and everything under it)
[2.921s] Copying build/tb3_controller/tb3_controller.egg-info to /home/johnson/METR4202/install/tb3_controller/lib/python3.10/site-packages/tb3_controller-0.0.0-py3.10.egg-info
[2.921s] running install_scripts
[2.974s] Installing turtlebot_brain script to /home/johnson/METR4202/install/tb3_controller/lib/tb3_controller
[2.975s] writing list of installed files to '/home/johnson/METR4202/build/tb3_controller/install.log'
[3.054s] Invoked command in '/home/johnson/METR4202' returned '0': PYTHONPATH=/home/johnson/METR4202/build/tb3_controller/prefix_override:/home/johnson/METR4202/install/tb3_controller/lib/python3.10/site-packages:${PYTHONPATH} /usr/bin/python3 setup.py egg_info --egg-base build/tb3_controller build --build-base /home/johnson/METR4202/build/tb3_controller/build install --record /home/johnson/METR4202/build/tb3_controller/install.log --single-version-externally-managed
