[2.824s] Invoking command in '/home/johnson/METR4202': PYTHONPATH=/home/johnson/METR4202/build/tb3_controller/prefix_override:/home/johnson/METR4202/install/tb3_controller/lib/python3.10/site-packages:${PYTHONPATH} /usr/bin/python3 setup.py egg_info --egg-base build/tb3_controller build --build-base /home/johnson/METR4202/build/tb3_controller/build install --record /home/johnson/METR4202/build/tb3_controller/install.log --single-version-externally-managed
[3.736s] running egg_info
[3.737s] writing build/tb3_controller/tb3_controller.egg-info/PKG-INFO
[3.737s] writing dependency_links to build/tb3_controller/tb3_controller.egg-info/dependency_links.txt
[3.737s] writing entry points to build/tb3_controller/tb3_controller.egg-info/entry_points.txt
[3.737s] writing requirements to build/tb3_controller/tb3_controller.egg-info/requires.txt
[3.737s] writing top-level names to build/tb3_controller/tb3_controller.egg-info/top_level.txt
[3.741s] reading manifest file 'build/tb3_controller/tb3_controller.egg-info/SOURCES.txt'
[3.745s] writing manifest file 'build/tb3_controller/tb3_controller.egg-info/SOURCES.txt'
[3.745s] running build
[3.745s] running build_py
[3.747s] copying tb3_controller/turtlebot_brain.py -> /home/johnson/METR4202/build/tb3_controller/build/lib/tb3_controller
[3.748s] running install
[3.749s] /usr/lib/python3/dist-packages/setuptools/command/install.py:34: SetuptoolsDeprecationWarning: setup.py install is deprecated. Use build and pip and other standards-based tools.
[3.749s]   warnings.warn(
[3.751s] running install_lib
[3.756s] copying /home/johnson/METR4202/build/tb3_controller/build/lib/tb3_controller/turtlebot_brain.py -> /home/johnson/METR4202/install/tb3_controller/lib/python3.10/site-packages/tb3_controller
[3.759s] byte-compiling /home/johnson/METR4202/install/tb3_controller/lib/python3.10/site-packages/tb3_controller/turtlebot_brain.py to turtlebot_brain.cpython-310.pyc
[3.788s] running install_data
[3.790s] running install_egg_info
[3.793s] removing '/home/johnson/METR4202/install/tb3_controller/lib/python3.10/site-packages/tb3_controller-0.0.0-py3.10.egg-info' (and everything under it)
[3.805s] Copying build/tb3_controller/tb3_controller.egg-info to /home/johnson/METR4202/install/tb3_controller/lib/python3.10/site-packages/tb3_controller-0.0.0-py3.10.egg-info
[3.811s] running install_scripts
[3.880s] Installing turtlebot_brain script to /home/johnson/METR4202/install/tb3_controller/lib/tb3_controller
[3.881s] writing list of installed files to '/home/johnson/METR4202/build/tb3_controller/install.log'
[3.940s] Invoked command in '/home/johnson/METR4202' returned '0': PYTHONPATH=/home/johnson/METR4202/build/tb3_controller/prefix_override:/home/johnson/METR4202/install/tb3_controller/lib/python3.10/site-packages:${PYTHONPATH} /usr/bin/python3 setup.py egg_info --egg-base build/tb3_controller build --build-base /home/johnson/METR4202/build/tb3_controller/build install --record /home/johnson/METR4202/build/tb3_controller/install.log --single-version-externally-managed
