[0.641s] DEBUG:colcon:Command line arguments: ['/usr/bin/colcon', 'build', '--symlink-install', '--packages-select', 'waypoint_commander']
[0.641s] DEBUG:colcon:Parsed command line arguments: Namespace(log_base=None, log_level=None, verb_name='build', build_base='build', install_base='install', merge_install=False, symlink_install=True, test_result_base=None, continue_on_error=False, executor='parallel', parallel_workers=8, event_handlers=None, ignore_user_meta=False, metas=['./colcon.meta'], base_paths=['.'], packages_ignore=None, packages_ignore_regex=None, paths=None, packages_up_to=None, packages_up_to_regex=None, packages_above=None, packages_above_and_dependencies=None, packages_above_depth=None, packages_select_by_dep=None, packages_skip_by_dep=None, packages_skip_up_to=None, packages_select_build_failed=False, packages_skip_build_finished=False, packages_select_test_failures=False, packages_skip_test_passed=False, packages_select=['waypoint_commander'], packages_skip=None, packages_select_regex=None, packages_skip_regex=None, packages_start=None, packages_end=None, allow_overriding=[], cmake_args=None, cmake_target=None, cmake_target_skip_unavailable=False, cmake_clean_cache=False, cmake_clean_first=False, cmake_force_configure=False, ament_cmake_args=None, catkin_cmake_args=None, catkin_skip_building_tests=False, verb_parser=<colcon_defaults.argument_parser.defaults.DefaultArgumentsDecorator object at 0x7f303fc88310>, verb_extension=<colcon_core.verb.build.BuildVerb object at 0x7f303fbac580>, main=<bound method BuildVerb.main of <colcon_core.verb.build.BuildVerb object at 0x7f303fbac580>>)
[0.734s] Level 1:colcon.colcon_core.package_discovery:discover_packages(colcon_meta) check parameters
[0.735s] Level 1:colcon.colcon_core.package_discovery:discover_packages(recursive) check parameters
[0.735s] Level 1:colcon.colcon_core.package_discovery:discover_packages(ignore) check parameters
[0.735s] Level 1:colcon.colcon_core.package_discovery:discover_packages(path) check parameters
[0.735s] Level 1:colcon.colcon_core.package_discovery:discover_packages(colcon_meta) discover
[0.735s] Level 1:colcon.colcon_core.package_discovery:discover_packages(recursive) discover
[0.735s] INFO:colcon.colcon_core.package_discovery:Crawling recursively for packages in '/home/johnson/ros_ws/src/waypoint_commander'
[0.736s] Level 1:colcon.colcon_core.package_identification:_identify(.) by extensions ['ignore', 'ignore_ament_install']
[0.736s] Level 1:colcon.colcon_core.package_identification:_identify(.) by extension 'ignore'
[0.736s] Level 1:colcon.colcon_core.package_identification:_identify(.) by extension 'ignore_ament_install'
[0.736s] Level 1:colcon.colcon_core.package_identification:_identify(.) by extensions ['colcon_pkg']
[0.736s] Level 1:colcon.colcon_core.package_identification:_identify(.) by extension 'colcon_pkg'
[0.737s] Level 1:colcon.colcon_core.package_identification:_identify(.) by extensions ['colcon_meta']
[0.737s] Level 1:colcon.colcon_core.package_identification:_identify(.) by extension 'colcon_meta'
[0.737s] Level 1:colcon.colcon_core.package_identification:_identify(.) by extensions ['ros']
[0.737s] Level 1:colcon.colcon_core.package_identification:_identify(.) by extension 'ros'
[0.763s] DEBUG:colcon.colcon_core.package_identification:Package '.' with type 'ros.ament_python' and name 'waypoint_commander'
[0.763s] Level 1:colcon.colcon_core.package_discovery:discover_packages(recursive) using defaults
[0.764s] Level 1:colcon.colcon_core.package_discovery:discover_packages(ignore) discover
[0.764s] Level 1:colcon.colcon_core.package_discovery:discover_packages(ignore) using defaults
[0.764s] Level 1:colcon.colcon_core.package_discovery:discover_packages(path) discover
[0.764s] Level 1:colcon.colcon_core.package_discovery:discover_packages(path) using defaults
[0.812s] Level 1:colcon.colcon_core.package_discovery:discover_packages(prefix_path) check parameters
[0.812s] Level 1:colcon.colcon_core.package_discovery:discover_packages(prefix_path) discover
[0.818s] DEBUG:colcon.colcon_installed_package_information.package_discovery:Found 3 installed packages in /home/johnson/turtlebot3_ws/install
[0.821s] DEBUG:colcon.colcon_installed_package_information.package_discovery:Found 374 installed packages in /opt/ros/humble
[0.825s] Level 1:colcon.colcon_core.package_discovery:discover_packages(prefix_path) using defaults
[0.944s] Level 5:colcon.colcon_core.verb:set package 'waypoint_commander' build argument 'cmake_args' from command line to 'None'
[0.944s] Level 5:colcon.colcon_core.verb:set package 'waypoint_commander' build argument 'cmake_target' from command line to 'None'
[0.944s] Level 5:colcon.colcon_core.verb:set package 'waypoint_commander' build argument 'cmake_target_skip_unavailable' from command line to 'False'
[0.944s] Level 5:colcon.colcon_core.verb:set package 'waypoint_commander' build argument 'cmake_clean_cache' from command line to 'False'
[0.944s] Level 5:colcon.colcon_core.verb:set package 'waypoint_commander' build argument 'cmake_clean_first' from command line to 'False'
[0.944s] Level 5:colcon.colcon_core.verb:set package 'waypoint_commander' build argument 'cmake_force_configure' from command line to 'False'
[0.944s] Level 5:colcon.colcon_core.verb:set package 'waypoint_commander' build argument 'ament_cmake_args' from command line to 'None'
[0.944s] Level 5:colcon.colcon_core.verb:set package 'waypoint_commander' build argument 'catkin_cmake_args' from command line to 'None'
[0.944s] Level 5:colcon.colcon_core.verb:set package 'waypoint_commander' build argument 'catkin_skip_building_tests' from command line to 'False'
[0.944s] DEBUG:colcon.colcon_core.verb:Building package 'waypoint_commander' with the following arguments: {'ament_cmake_args': None, 'build_base': '/home/johnson/ros_ws/src/waypoint_commander/build/waypoint_commander', 'catkin_cmake_args': None, 'catkin_skip_building_tests': False, 'cmake_args': None, 'cmake_clean_cache': False, 'cmake_clean_first': False, 'cmake_force_configure': False, 'cmake_target': None, 'cmake_target_skip_unavailable': False, 'install_base': '/home/johnson/ros_ws/src/waypoint_commander/install/waypoint_commander', 'merge_install': False, 'path': '/home/johnson/ros_ws/src/waypoint_commander', 'symlink_install': True, 'test_result_base': None}
[0.947s] INFO:colcon.colcon_core.executor:Executing jobs using 'parallel' executor
[0.956s] DEBUG:colcon.colcon_parallel_executor.executor.parallel:run_until_complete
[0.957s] INFO:colcon.colcon_ros.task.ament_python.build:Building ROS package in '/home/johnson/ros_ws/src/waypoint_commander' with build type 'ament_python'
[0.957s] Level 1:colcon.colcon_core.shell:create_environment_hook('waypoint_commander', 'ament_prefix_path')
[0.963s] INFO:colcon.colcon_core.plugin_system:Skipping extension 'colcon_core.shell.bat': Not used on non-Windows systems
[0.964s] INFO:colcon.colcon_core.shell:Creating environment hook '/home/johnson/ros_ws/src/waypoint_commander/install/waypoint_commander/share/waypoint_commander/hook/ament_prefix_path.ps1'
[0.979s] INFO:colcon.colcon_core.shell:Creating environment descriptor '/home/johnson/ros_ws/src/waypoint_commander/install/waypoint_commander/share/waypoint_commander/hook/ament_prefix_path.dsv'
[0.980s] INFO:colcon.colcon_core.shell:Creating environment hook '/home/johnson/ros_ws/src/waypoint_commander/install/waypoint_commander/share/waypoint_commander/hook/ament_prefix_path.sh'
[0.983s] INFO:colcon.colcon_core.shell:Skip shell extension 'powershell' for command environment: Not usable outside of PowerShell
[0.983s] DEBUG:colcon.colcon_core.shell:Skip shell extension 'dsv' for command environment
[1.484s] INFO:colcon.colcon_core.task.python.build:Building Python package in '/home/johnson/ros_ws/src/waypoint_commander'
[1.487s] INFO:colcon.colcon_core.shell:Skip shell extension 'powershell' for command environment: Not usable outside of PowerShell
[1.487s] DEBUG:colcon.colcon_core.shell:Skip shell extension 'dsv' for command environment
[2.221s] DEBUG:colcon.colcon_core.event_handler.log_command:Invoking command in '/home/johnson/ros_ws/src/waypoint_commander/build/waypoint_commander': PYTHONPATH=/home/johnson/ros_ws/src/waypoint_commander/build/waypoint_commander/prefix_override:/home/johnson/ros_ws/src/waypoint_commander/install/waypoint_commander/lib/python3.10/site-packages:${PYTHONPATH} /usr/bin/python3 setup.py develop --editable --build-directory /home/johnson/ros_ws/src/waypoint_commander/build/waypoint_commander/build --no-deps install_data
[2.969s] Level 1:colcon.colcon_core.shell:create_environment_hook('waypoint_commander', 'pythonpath_develop')
[2.972s] INFO:colcon.colcon_core.shell:Creating environment hook '/home/johnson/ros_ws/src/waypoint_commander/build/waypoint_commander/share/waypoint_commander/hook/pythonpath_develop.ps1'
[2.973s] DEBUG:colcon.colcon_core.event_handler.log_command:Invoked command in '/home/johnson/ros_ws/src/waypoint_commander/build/waypoint_commander' returned '0': PYTHONPATH=/home/johnson/ros_ws/src/waypoint_commander/build/waypoint_commander/prefix_override:/home/johnson/ros_ws/src/waypoint_commander/install/waypoint_commander/lib/python3.10/site-packages:${PYTHONPATH} /usr/bin/python3 setup.py develop --editable --build-directory /home/johnson/ros_ws/src/waypoint_commander/build/waypoint_commander/build --no-deps install_data
[2.974s] INFO:colcon.colcon_core.shell:Creating environment descriptor '/home/johnson/ros_ws/src/waypoint_commander/build/waypoint_commander/share/waypoint_commander/hook/pythonpath_develop.dsv'
[2.975s] INFO:colcon.colcon_core.shell:Creating environment hook '/home/johnson/ros_ws/src/waypoint_commander/build/waypoint_commander/share/waypoint_commander/hook/pythonpath_develop.sh'
[2.983s] Level 1:colcon.colcon_core.environment:checking '/home/johnson/ros_ws/src/waypoint_commander/install/waypoint_commander' for CMake module files
[2.984s] Level 1:colcon.colcon_core.environment:checking '/home/johnson/ros_ws/src/waypoint_commander/install/waypoint_commander' for CMake config files
[2.986s] Level 1:colcon.colcon_core.environment:checking '/home/johnson/ros_ws/src/waypoint_commander/install/waypoint_commander/lib'
[2.986s] Level 1:colcon.colcon_core.environment:checking '/home/johnson/ros_ws/src/waypoint_commander/install/waypoint_commander/bin'
[2.986s] Level 1:colcon.colcon_core.environment:checking '/home/johnson/ros_ws/src/waypoint_commander/install/waypoint_commander/lib/pkgconfig/waypoint_commander.pc'
[2.987s] Level 1:colcon.colcon_core.environment:checking '/home/johnson/ros_ws/src/waypoint_commander/install/waypoint_commander/lib/python3.10/site-packages'
[2.987s] Level 1:colcon.colcon_core.shell:create_environment_hook('waypoint_commander', 'pythonpath')
[2.989s] INFO:colcon.colcon_core.shell:Creating environment hook '/home/johnson/ros_ws/src/waypoint_commander/install/waypoint_commander/share/waypoint_commander/hook/pythonpath.ps1'
[2.990s] INFO:colcon.colcon_core.shell:Creating environment descriptor '/home/johnson/ros_ws/src/waypoint_commander/install/waypoint_commander/share/waypoint_commander/hook/pythonpath.dsv'
[2.991s] INFO:colcon.colcon_core.shell:Creating environment hook '/home/johnson/ros_ws/src/waypoint_commander/install/waypoint_commander/share/waypoint_commander/hook/pythonpath.sh'
[2.991s] Level 1:colcon.colcon_core.environment:checking '/home/johnson/ros_ws/src/waypoint_commander/install/waypoint_commander/bin'
[2.992s] Level 1:colcon.colcon_core.environment:create_environment_scripts_only(waypoint_commander)
[2.994s] INFO:colcon.colcon_core.shell:Creating package script '/home/johnson/ros_ws/src/waypoint_commander/install/waypoint_commander/share/waypoint_commander/package.ps1'
[2.996s] INFO:colcon.colcon_core.shell:Creating package descriptor '/home/johnson/ros_ws/src/waypoint_commander/install/waypoint_commander/share/waypoint_commander/package.dsv'
[2.997s] INFO:colcon.colcon_core.shell:Creating package script '/home/johnson/ros_ws/src/waypoint_commander/install/waypoint_commander/share/waypoint_commander/package.sh'
[2.999s] INFO:colcon.colcon_core.shell:Creating package script '/home/johnson/ros_ws/src/waypoint_commander/install/waypoint_commander/share/waypoint_commander/package.bash'
[3.001s] INFO:colcon.colcon_core.shell:Creating package script '/home/johnson/ros_ws/src/waypoint_commander/install/waypoint_commander/share/waypoint_commander/package.zsh'
[3.002s] Level 1:colcon.colcon_core.environment:create_file_with_runtime_dependencies(/home/johnson/ros_ws/src/waypoint_commander/install/waypoint_commander/share/colcon-core/packages/waypoint_commander)
[3.003s] DEBUG:colcon.colcon_parallel_executor.executor.parallel:closing loop
[3.004s] DEBUG:colcon.colcon_parallel_executor.executor.parallel:loop closed
[3.005s] DEBUG:colcon.colcon_parallel_executor.executor.parallel:run_until_complete finished with '0'
[3.005s] DEBUG:colcon.colcon_core.event_reactor:joining thread
[3.067s] INFO:colcon.colcon_core.plugin_system:Skipping extension 'colcon_notification.desktop_notification.notify_send': Could not find 'notify-send'
[3.067s] INFO:colcon.colcon_core.plugin_system:Skipping extension 'colcon_notification.desktop_notification.terminal_notifier': Not used on non-Darwin systems
[3.067s] INFO:colcon.colcon_core.plugin_system:Skipping extension 'colcon_notification.desktop_notification.win32': Not used on non-Windows systems
[3.067s] INFO:colcon.colcon_notification.desktop_notification:Sending desktop notification using 'notify2'
[3.069s] DEBUG:colcon.colcon_notification.desktop_notification.notify2:Failed to initialize notify2: org.freedesktop.DBus.Error.ServiceUnknown: The name org.freedesktop.Notifications was not provided by any .service files
[3.069s] DEBUG:colcon.colcon_core.event_reactor:joined thread
[3.072s] INFO:colcon.colcon_core.shell:Creating prefix script '/home/johnson/ros_ws/src/waypoint_commander/install/local_setup.ps1'
[3.074s] INFO:colcon.colcon_core.shell:Creating prefix util module '/home/johnson/ros_ws/src/waypoint_commander/install/_local_setup_util_ps1.py'
[3.076s] INFO:colcon.colcon_core.shell:Creating prefix chain script '/home/johnson/ros_ws/src/waypoint_commander/install/setup.ps1'
[3.078s] INFO:colcon.colcon_core.shell:Creating prefix script '/home/johnson/ros_ws/src/waypoint_commander/install/local_setup.sh'
[3.079s] INFO:colcon.colcon_core.shell:Creating prefix util module '/home/johnson/ros_ws/src/waypoint_commander/install/_local_setup_util_sh.py'
[3.080s] INFO:colcon.colcon_core.shell:Creating prefix chain script '/home/johnson/ros_ws/src/waypoint_commander/install/setup.sh'
[3.083s] INFO:colcon.colcon_core.shell:Creating prefix script '/home/johnson/ros_ws/src/waypoint_commander/install/local_setup.bash'
[3.084s] INFO:colcon.colcon_core.shell:Creating prefix chain script '/home/johnson/ros_ws/src/waypoint_commander/install/setup.bash'
[3.086s] INFO:colcon.colcon_core.shell:Creating prefix script '/home/johnson/ros_ws/src/waypoint_commander/install/local_setup.zsh'
[3.088s] INFO:colcon.colcon_core.shell:Creating prefix chain script '/home/johnson/ros_ws/src/waypoint_commander/install/setup.zsh'
