[1.716s] DEBUG:colcon:Command line arguments: ['/usr/bin/colcon', 'build', '--packages-select', 'tb3_controller']
[1.717s] DEBUG:colcon:Parsed command line arguments: Namespace(log_base=None, log_level=None, verb_name='build', build_base='build', install_base='install', merge_install=False, symlink_install=False, test_result_base=None, continue_on_error=False, executor='parallel', parallel_workers=8, event_handlers=None, ignore_user_meta=False, metas=['./colcon.meta'], base_paths=['.'], packages_ignore=None, packages_ignore_regex=None, paths=None, packages_up_to=None, packages_up_to_regex=None, packages_above=None, packages_above_and_dependencies=None, packages_above_depth=None, packages_select_by_dep=None, packages_skip_by_dep=None, packages_skip_up_to=None, packages_select_build_failed=False, packages_skip_build_finished=False, packages_select_test_failures=False, packages_skip_test_passed=False, packages_select=['tb3_controller'], packages_skip=None, packages_select_regex=None, packages_skip_regex=None, packages_start=None, packages_end=None, allow_overriding=[], cmake_args=None, cmake_target=None, cmake_target_skip_unavailable=False, cmake_clean_cache=False, cmake_clean_first=False, cmake_force_configure=False, ament_cmake_args=None, catkin_cmake_args=None, catkin_skip_building_tests=False, verb_parser=<colcon_defaults.argument_parser.defaults.DefaultArgumentsDecorator object at 0x7feaaadda170>, verb_extension=<colcon_core.verb.build.BuildVerb object at 0x7feaab4bec80>, main=<bound method BuildVerb.main of <colcon_core.verb.build.BuildVerb object at 0x7feaab4bec80>>)
[1.922s] Level 1:colcon.colcon_core.package_discovery:discover_packages(colcon_meta) check parameters
[1.922s] Level 1:colcon.colcon_core.package_discovery:discover_packages(recursive) check parameters
[1.922s] Level 1:colcon.colcon_core.package_discovery:discover_packages(ignore) check parameters
[1.922s] Level 1:colcon.colcon_core.package_discovery:discover_packages(path) check parameters
[1.923s] Level 1:colcon.colcon_core.package_discovery:discover_packages(colcon_meta) discover
[1.923s] Level 1:colcon.colcon_core.package_discovery:discover_packages(recursive) discover
[1.923s] INFO:colcon.colcon_core.package_discovery:Crawling recursively for packages in '/home/johnson/METR4202'
[1.923s] Level 1:colcon.colcon_core.package_identification:_identify(.) by extensions ['ignore', 'ignore_ament_install']
[1.924s] Level 1:colcon.colcon_core.package_identification:_identify(.) by extension 'ignore'
[1.924s] Level 1:colcon.colcon_core.package_identification:_identify(.) by extension 'ignore_ament_install'
[1.924s] Level 1:colcon.colcon_core.package_identification:_identify(.) by extensions ['colcon_pkg']
[1.924s] Level 1:colcon.colcon_core.package_identification:_identify(.) by extension 'colcon_pkg'
[1.924s] Level 1:colcon.colcon_core.package_identification:_identify(.) by extensions ['colcon_meta']
[1.924s] Level 1:colcon.colcon_core.package_identification:_identify(.) by extension 'colcon_meta'
[1.925s] Level 1:colcon.colcon_core.package_identification:_identify(.) by extensions ['ros']
[1.925s] Level 1:colcon.colcon_core.package_identification:_identify(.) by extension 'ros'
[2.008s] Level 1:colcon.colcon_core.package_identification:_identify(.) by extensions ['cmake', 'python']
[2.008s] Level 1:colcon.colcon_core.package_identification:_identify(.) by extension 'cmake'
[2.009s] Level 1:colcon.colcon_core.package_identification:_identify(.) by extension 'python'
[2.009s] Level 1:colcon.colcon_core.package_identification:_identify(.) by extensions ['python_setup_py']
[2.009s] Level 1:colcon.colcon_core.package_identification:_identify(.) by extension 'python_setup_py'
[2.010s] Level 1:colcon.colcon_core.package_identification:_identify(Instructions) by extensions ['ignore', 'ignore_ament_install']
[2.010s] Level 1:colcon.colcon_core.package_identification:_identify(Instructions) by extension 'ignore'
[2.010s] Level 1:colcon.colcon_core.package_identification:_identify(Instructions) by extension 'ignore_ament_install'
[2.010s] Level 1:colcon.colcon_core.package_identification:_identify(Instructions) by extensions ['colcon_pkg']
[2.010s] Level 1:colcon.colcon_core.package_identification:_identify(Instructions) by extension 'colcon_pkg'
[2.011s] Level 1:colcon.colcon_core.package_identification:_identify(Instructions) by extensions ['colcon_meta']
[2.011s] Level 1:colcon.colcon_core.package_identification:_identify(Instructions) by extension 'colcon_meta'
[2.011s] Level 1:colcon.colcon_core.package_identification:_identify(Instructions) by extensions ['ros']
[2.011s] Level 1:colcon.colcon_core.package_identification:_identify(Instructions) by extension 'ros'
[2.011s] Level 1:colcon.colcon_core.package_identification:_identify(Instructions) by extensions ['cmake', 'python']
[2.011s] Level 1:colcon.colcon_core.package_identification:_identify(Instructions) by extension 'cmake'
[2.011s] Level 1:colcon.colcon_core.package_identification:_identify(Instructions) by extension 'python'
[2.011s] Level 1:colcon.colcon_core.package_identification:_identify(Instructions) by extensions ['python_setup_py']
[2.011s] Level 1:colcon.colcon_core.package_identification:_identify(Instructions) by extension 'python_setup_py'
[2.012s] Level 1:colcon.colcon_core.package_identification:_identify(build) by extensions ['ignore', 'ignore_ament_install']
[2.012s] Level 1:colcon.colcon_core.package_identification:_identify(build) by extension 'ignore'
[2.012s] Level 1:colcon.colcon_core.package_identification:_identify(build) ignored
[2.013s] Level 1:colcon.colcon_core.package_identification:_identify(install) by extensions ['ignore', 'ignore_ament_install']
[2.013s] Level 1:colcon.colcon_core.package_identification:_identify(install) by extension 'ignore'
[2.013s] Level 1:colcon.colcon_core.package_identification:_identify(install) ignored
[2.013s] Level 1:colcon.colcon_core.package_identification:_identify(log) by extensions ['ignore', 'ignore_ament_install']
[2.013s] Level 1:colcon.colcon_core.package_identification:_identify(log) by extension 'ignore'
[2.013s] Level 1:colcon.colcon_core.package_identification:_identify(log) ignored
[2.013s] Level 1:colcon.colcon_core.package_identification:_identify(maps) by extensions ['ignore', 'ignore_ament_install']
[2.013s] Level 1:colcon.colcon_core.package_identification:_identify(maps) by extension 'ignore'
[2.013s] Level 1:colcon.colcon_core.package_identification:_identify(maps) by extension 'ignore_ament_install'
[2.014s] Level 1:colcon.colcon_core.package_identification:_identify(maps) by extensions ['colcon_pkg']
[2.014s] Level 1:colcon.colcon_core.package_identification:_identify(maps) by extension 'colcon_pkg'
[2.014s] Level 1:colcon.colcon_core.package_identification:_identify(maps) by extensions ['colcon_meta']
[2.014s] Level 1:colcon.colcon_core.package_identification:_identify(maps) by extension 'colcon_meta'
[2.014s] Level 1:colcon.colcon_core.package_identification:_identify(maps) by extensions ['ros']
[2.014s] Level 1:colcon.colcon_core.package_identification:_identify(maps) by extension 'ros'
[2.014s] Level 1:colcon.colcon_core.package_identification:_identify(maps) by extensions ['cmake', 'python']
[2.014s] Level 1:colcon.colcon_core.package_identification:_identify(maps) by extension 'cmake'
[2.014s] Level 1:colcon.colcon_core.package_identification:_identify(maps) by extension 'python'
[2.014s] Level 1:colcon.colcon_core.package_identification:_identify(maps) by extensions ['python_setup_py']
[2.014s] Level 1:colcon.colcon_core.package_identification:_identify(maps) by extension 'python_setup_py'
[2.014s] Level 1:colcon.colcon_core.package_identification:_identify(src) by extensions ['ignore', 'ignore_ament_install']
[2.014s] Level 1:colcon.colcon_core.package_identification:_identify(src) by extension 'ignore'
[2.015s] Level 1:colcon.colcon_core.package_identification:_identify(src) by extension 'ignore_ament_install'
[2.015s] Level 1:colcon.colcon_core.package_identification:_identify(src) by extensions ['colcon_pkg']
[2.015s] Level 1:colcon.colcon_core.package_identification:_identify(src) by extension 'colcon_pkg'
[2.015s] Level 1:colcon.colcon_core.package_identification:_identify(src) by extensions ['colcon_meta']
[2.015s] Level 1:colcon.colcon_core.package_identification:_identify(src) by extension 'colcon_meta'
[2.015s] Level 1:colcon.colcon_core.package_identification:_identify(src) by extensions ['ros']
[2.015s] Level 1:colcon.colcon_core.package_identification:_identify(src) by extension 'ros'
[2.015s] Level 1:colcon.colcon_core.package_identification:_identify(src) by extensions ['cmake', 'python']
[2.015s] Level 1:colcon.colcon_core.package_identification:_identify(src) by extension 'cmake'
[2.015s] Level 1:colcon.colcon_core.package_identification:_identify(src) by extension 'python'
[2.015s] Level 1:colcon.colcon_core.package_identification:_identify(src) by extensions ['python_setup_py']
[2.015s] Level 1:colcon.colcon_core.package_identification:_identify(src) by extension 'python_setup_py'
[2.017s] Level 1:colcon.colcon_core.package_identification:_identify(src/build) by extensions ['ignore', 'ignore_ament_install']
[2.017s] Level 1:colcon.colcon_core.package_identification:_identify(src/build) by extension 'ignore'
[2.017s] Level 1:colcon.colcon_core.package_identification:_identify(src/build) ignored
[2.017s] Level 1:colcon.colcon_core.package_identification:_identify(src/install) by extensions ['ignore', 'ignore_ament_install']
[2.017s] Level 1:colcon.colcon_core.package_identification:_identify(src/install) by extension 'ignore'
[2.017s] Level 1:colcon.colcon_core.package_identification:_identify(src/install) ignored
[2.017s] Level 1:colcon.colcon_core.package_identification:_identify(src/log) by extensions ['ignore', 'ignore_ament_install']
[2.017s] Level 1:colcon.colcon_core.package_identification:_identify(src/log) by extension 'ignore'
[2.017s] Level 1:colcon.colcon_core.package_identification:_identify(src/log) ignored
[2.017s] Level 1:colcon.colcon_core.package_identification:_identify(src/my_package) by extensions ['ignore', 'ignore_ament_install']
[2.017s] Level 1:colcon.colcon_core.package_identification:_identify(src/my_package) by extension 'ignore'
[2.018s] Level 1:colcon.colcon_core.package_identification:_identify(src/my_package) by extension 'ignore_ament_install'
[2.018s] Level 1:colcon.colcon_core.package_identification:_identify(src/my_package) by extensions ['colcon_pkg']
[2.018s] Level 1:colcon.colcon_core.package_identification:_identify(src/my_package) by extension 'colcon_pkg'
[2.018s] Level 1:colcon.colcon_core.package_identification:_identify(src/my_package) by extensions ['colcon_meta']
[2.018s] Level 1:colcon.colcon_core.package_identification:_identify(src/my_package) by extension 'colcon_meta'
[2.018s] Level 1:colcon.colcon_core.package_identification:_identify(src/my_package) by extensions ['ros']
[2.018s] Level 1:colcon.colcon_core.package_identification:_identify(src/my_package) by extension 'ros'
[2.041s] DEBUG:colcon.colcon_core.package_identification:Package 'src/my_package' with type 'ros.ament_python' and name 'my_package'
[2.042s] Level 1:colcon.colcon_core.package_identification:_identify(src/py_pubsub) by extensions ['ignore', 'ignore_ament_install']
[2.042s] Level 1:colcon.colcon_core.package_identification:_identify(src/py_pubsub) by extension 'ignore'
[2.042s] Level 1:colcon.colcon_core.package_identification:_identify(src/py_pubsub) by extension 'ignore_ament_install'
[2.042s] Level 1:colcon.colcon_core.package_identification:_identify(src/py_pubsub) by extensions ['colcon_pkg']
[2.042s] Level 1:colcon.colcon_core.package_identification:_identify(src/py_pubsub) by extension 'colcon_pkg'
[2.042s] Level 1:colcon.colcon_core.package_identification:_identify(src/py_pubsub) by extensions ['colcon_meta']
[2.042s] Level 1:colcon.colcon_core.package_identification:_identify(src/py_pubsub) by extension 'colcon_meta'
[2.042s] Level 1:colcon.colcon_core.package_identification:_identify(src/py_pubsub) by extensions ['ros']
[2.042s] Level 1:colcon.colcon_core.package_identification:_identify(src/py_pubsub) by extension 'ros'
[2.044s] DEBUG:colcon.colcon_core.package_identification:Package 'src/py_pubsub' with type 'ros.ament_python' and name 'py_pubsub'
[2.044s] Level 1:colcon.colcon_core.package_identification:_identify(src/turtlebot3_simulations) by extensions ['ignore', 'ignore_ament_install']
[2.044s] Level 1:colcon.colcon_core.package_identification:_identify(src/turtlebot3_simulations) by extension 'ignore'
[2.044s] Level 1:colcon.colcon_core.package_identification:_identify(src/turtlebot3_simulations) by extension 'ignore_ament_install'
[2.044s] Level 1:colcon.colcon_core.package_identification:_identify(src/turtlebot3_simulations) by extensions ['colcon_pkg']
[2.044s] Level 1:colcon.colcon_core.package_identification:_identify(src/turtlebot3_simulations) by extension 'colcon_pkg'
[2.044s] Level 1:colcon.colcon_core.package_identification:_identify(src/turtlebot3_simulations) by extensions ['colcon_meta']
[2.044s] Level 1:colcon.colcon_core.package_identification:_identify(src/turtlebot3_simulations) by extension 'colcon_meta'
[2.045s] Level 1:colcon.colcon_core.package_identification:_identify(src/turtlebot3_simulations) by extensions ['ros']
[2.045s] Level 1:colcon.colcon_core.package_identification:_identify(src/turtlebot3_simulations) by extension 'ros'
[2.045s] Level 1:colcon.colcon_core.package_identification:_identify(src/turtlebot3_simulations) by extensions ['cmake', 'python']
[2.045s] Level 1:colcon.colcon_core.package_identification:_identify(src/turtlebot3_simulations) by extension 'cmake'
[2.045s] Level 1:colcon.colcon_core.package_identification:_identify(src/turtlebot3_simulations) by extension 'python'
[2.045s] Level 1:colcon.colcon_core.package_identification:_identify(src/turtlebot3_simulations) by extensions ['python_setup_py']
[2.045s] Level 1:colcon.colcon_core.package_identification:_identify(src/turtlebot3_simulations) by extension 'python_setup_py'
[2.045s] Level 1:colcon.colcon_core.package_identification:_identify(src/turtlebot3_simulations/turtlebot3_fake_node) by extensions ['ignore', 'ignore_ament_install']
[2.046s] Level 1:colcon.colcon_core.package_identification:_identify(src/turtlebot3_simulations/turtlebot3_fake_node) by extension 'ignore'
[2.046s] Level 1:colcon.colcon_core.package_identification:_identify(src/turtlebot3_simulations/turtlebot3_fake_node) by extension 'ignore_ament_install'
[2.046s] Level 1:colcon.colcon_core.package_identification:_identify(src/turtlebot3_simulations/turtlebot3_fake_node) by extensions ['colcon_pkg']
[2.046s] Level 1:colcon.colcon_core.package_identification:_identify(src/turtlebot3_simulations/turtlebot3_fake_node) by extension 'colcon_pkg'
[2.046s] Level 1:colcon.colcon_core.package_identification:_identify(src/turtlebot3_simulations/turtlebot3_fake_node) by extensions ['colcon_meta']
[2.046s] Level 1:colcon.colcon_core.package_identification:_identify(src/turtlebot3_simulations/turtlebot3_fake_node) by extension 'colcon_meta'
[2.046s] Level 1:colcon.colcon_core.package_identification:_identify(src/turtlebot3_simulations/turtlebot3_fake_node) by extensions ['ros']
[2.046s] Level 1:colcon.colcon_core.package_identification:_identify(src/turtlebot3_simulations/turtlebot3_fake_node) by extension 'ros'
[2.048s] DEBUG:colcon.colcon_core.package_identification:Package 'src/turtlebot3_simulations/turtlebot3_fake_node' with type 'ros.ament_cmake' and name 'turtlebot3_fake_node'
[2.049s] Level 1:colcon.colcon_core.package_identification:_identify(src/turtlebot3_simulations/turtlebot3_gazebo) by extensions ['ignore', 'ignore_ament_install']
[2.049s] Level 1:colcon.colcon_core.package_identification:_identify(src/turtlebot3_simulations/turtlebot3_gazebo) by extension 'ignore'
[2.049s] Level 1:colcon.colcon_core.package_identification:_identify(src/turtlebot3_simulations/turtlebot3_gazebo) by extension 'ignore_ament_install'
[2.049s] Level 1:colcon.colcon_core.package_identification:_identify(src/turtlebot3_simulations/turtlebot3_gazebo) by extensions ['colcon_pkg']
[2.049s] Level 1:colcon.colcon_core.package_identification:_identify(src/turtlebot3_simulations/turtlebot3_gazebo) by extension 'colcon_pkg'
[2.049s] Level 1:colcon.colcon_core.package_identification:_identify(src/turtlebot3_simulations/turtlebot3_gazebo) by extensions ['colcon_meta']
[2.049s] Level 1:colcon.colcon_core.package_identification:_identify(src/turtlebot3_simulations/turtlebot3_gazebo) by extension 'colcon_meta'
[2.049s] Level 1:colcon.colcon_core.package_identification:_identify(src/turtlebot3_simulations/turtlebot3_gazebo) by extensions ['ros']
[2.049s] Level 1:colcon.colcon_core.package_identification:_identify(src/turtlebot3_simulations/turtlebot3_gazebo) by extension 'ros'
[2.053s] DEBUG:colcon.colcon_core.package_identification:Package 'src/turtlebot3_simulations/turtlebot3_gazebo' with type 'ros.ament_cmake' and name 'turtlebot3_gazebo'
[2.053s] Level 1:colcon.colcon_core.package_identification:_identify(src/turtlebot3_simulations/turtlebot3_simulations) by extensions ['ignore', 'ignore_ament_install']
[2.054s] Level 1:colcon.colcon_core.package_identification:_identify(src/turtlebot3_simulations/turtlebot3_simulations) by extension 'ignore'
[2.054s] Level 1:colcon.colcon_core.package_identification:_identify(src/turtlebot3_simulations/turtlebot3_simulations) by extension 'ignore_ament_install'
[2.055s] Level 1:colcon.colcon_core.package_identification:_identify(src/turtlebot3_simulations/turtlebot3_simulations) by extensions ['colcon_pkg']
[2.055s] Level 1:colcon.colcon_core.package_identification:_identify(src/turtlebot3_simulations/turtlebot3_simulations) by extension 'colcon_pkg'
[2.055s] Level 1:colcon.colcon_core.package_identification:_identify(src/turtlebot3_simulations/turtlebot3_simulations) by extensions ['colcon_meta']
[2.055s] Level 1:colcon.colcon_core.package_identification:_identify(src/turtlebot3_simulations/turtlebot3_simulations) by extension 'colcon_meta'
[2.055s] Level 1:colcon.colcon_core.package_identification:_identify(src/turtlebot3_simulations/turtlebot3_simulations) by extensions ['ros']
[2.055s] Level 1:colcon.colcon_core.package_identification:_identify(src/turtlebot3_simulations/turtlebot3_simulations) by extension 'ros'
[2.056s] DEBUG:colcon.colcon_core.package_identification:Package 'src/turtlebot3_simulations/turtlebot3_simulations' with type 'ros.ament_cmake' and name 'turtlebot3_simulations'
[2.057s] Level 1:colcon.colcon_core.package_identification:_identify(src/waypoint_commander) by extensions ['ignore', 'ignore_ament_install']
[2.057s] Level 1:colcon.colcon_core.package_identification:_identify(src/waypoint_commander) by extension 'ignore'
[2.057s] Level 1:colcon.colcon_core.package_identification:_identify(src/waypoint_commander) by extension 'ignore_ament_install'
[2.057s] Level 1:colcon.colcon_core.package_identification:_identify(src/waypoint_commander) by extensions ['colcon_pkg']
[2.057s] Level 1:colcon.colcon_core.package_identification:_identify(src/waypoint_commander) by extension 'colcon_pkg'
[2.057s] Level 1:colcon.colcon_core.package_identification:_identify(src/waypoint_commander) by extensions ['colcon_meta']
[2.057s] Level 1:colcon.colcon_core.package_identification:_identify(src/waypoint_commander) by extension 'colcon_meta'
[2.058s] Level 1:colcon.colcon_core.package_identification:_identify(src/waypoint_commander) by extensions ['ros']
[2.058s] Level 1:colcon.colcon_core.package_identification:_identify(src/waypoint_commander) by extension 'ros'
[2.059s] DEBUG:colcon.colcon_core.package_identification:Package 'src/waypoint_commander' with type 'ros.ament_python' and name 'waypoint_commander'
[2.059s] Level 1:colcon.colcon_core.package_identification:_identify(tb3_controller) by extensions ['ignore', 'ignore_ament_install']
[2.060s] Level 1:colcon.colcon_core.package_identification:_identify(tb3_controller) by extension 'ignore'
[2.060s] Level 1:colcon.colcon_core.package_identification:_identify(tb3_controller) by extension 'ignore_ament_install'
[2.060s] Level 1:colcon.colcon_core.package_identification:_identify(tb3_controller) by extensions ['colcon_pkg']
[2.070s] Level 1:colcon.colcon_core.package_identification:_identify(tb3_controller) by extension 'colcon_pkg'
[2.070s] Level 1:colcon.colcon_core.package_identification:_identify(tb3_controller) by extensions ['colcon_meta']
[2.070s] Level 1:colcon.colcon_core.package_identification:_identify(tb3_controller) by extension 'colcon_meta'
[2.070s] Level 1:colcon.colcon_core.package_identification:_identify(tb3_controller) by extensions ['ros']
[2.070s] Level 1:colcon.colcon_core.package_identification:_identify(tb3_controller) by extension 'ros'
[2.071s] DEBUG:colcon.colcon_core.package_identification:Package 'tb3_controller' with type 'ros.ament_python' and name 'tb3_controller'
[2.072s] Level 1:colcon.colcon_core.package_identification:_identify(turtlebot3_simulations) by extensions ['ignore', 'ignore_ament_install']
[2.072s] Level 1:colcon.colcon_core.package_identification:_identify(turtlebot3_simulations) by extension 'ignore'
[2.072s] Level 1:colcon.colcon_core.package_identification:_identify(turtlebot3_simulations) by extension 'ignore_ament_install'
[2.073s] Level 1:colcon.colcon_core.package_identification:_identify(turtlebot3_simulations) by extensions ['colcon_pkg']
[2.073s] Level 1:colcon.colcon_core.package_identification:_identify(turtlebot3_simulations) by extension 'colcon_pkg'
[2.073s] Level 1:colcon.colcon_core.package_identification:_identify(turtlebot3_simulations) by extensions ['colcon_meta']
[2.073s] Level 1:colcon.colcon_core.package_identification:_identify(turtlebot3_simulations) by extension 'colcon_meta'
[2.073s] Level 1:colcon.colcon_core.package_identification:_identify(turtlebot3_simulations) by extensions ['ros']
[2.073s] Level 1:colcon.colcon_core.package_identification:_identify(turtlebot3_simulations) by extension 'ros'
[2.073s] Level 1:colcon.colcon_core.package_identification:_identify(turtlebot3_simulations) by extensions ['cmake', 'python']
[2.073s] Level 1:colcon.colcon_core.package_identification:_identify(turtlebot3_simulations) by extension 'cmake'
[2.073s] Level 1:colcon.colcon_core.package_identification:_identify(turtlebot3_simulations) by extension 'python'
[2.073s] Level 1:colcon.colcon_core.package_identification:_identify(turtlebot3_simulations) by extensions ['python_setup_py']
[2.074s] Level 1:colcon.colcon_core.package_identification:_identify(turtlebot3_simulations) by extension 'python_setup_py'
[2.074s] Level 1:colcon.colcon_core.package_identification:_identify(turtlebot_controller_pkg) by extensions ['ignore', 'ignore_ament_install']
[2.074s] Level 1:colcon.colcon_core.package_identification:_identify(turtlebot_controller_pkg) by extension 'ignore'
[2.074s] Level 1:colcon.colcon_core.package_identification:_identify(turtlebot_controller_pkg) by extension 'ignore_ament_install'
[2.074s] Level 1:colcon.colcon_core.package_identification:_identify(turtlebot_controller_pkg) by extensions ['colcon_pkg']
[2.074s] Level 1:colcon.colcon_core.package_identification:_identify(turtlebot_controller_pkg) by extension 'colcon_pkg'
[2.074s] Level 1:colcon.colcon_core.package_identification:_identify(turtlebot_controller_pkg) by extensions ['colcon_meta']
[2.074s] Level 1:colcon.colcon_core.package_identification:_identify(turtlebot_controller_pkg) by extension 'colcon_meta'
[2.074s] Level 1:colcon.colcon_core.package_identification:_identify(turtlebot_controller_pkg) by extensions ['ros']
[2.074s] Level 1:colcon.colcon_core.package_identification:_identify(turtlebot_controller_pkg) by extension 'ros'
[2.076s] DEBUG:colcon.colcon_core.package_identification:Package 'turtlebot_controller_pkg' with type 'ros.ament_python' and name 'turtlebot_controller_pkg'
[2.077s] Level 1:colcon.colcon_core.package_identification:_identify(tutorials) by extensions ['ignore', 'ignore_ament_install']
[2.077s] Level 1:colcon.colcon_core.package_identification:_identify(tutorials) by extension 'ignore'
[2.077s] Level 1:colcon.colcon_core.package_identification:_identify(tutorials) by extension 'ignore_ament_install'
[2.077s] Level 1:colcon.colcon_core.package_identification:_identify(tutorials) by extensions ['colcon_pkg']
[2.077s] Level 1:colcon.colcon_core.package_identification:_identify(tutorials) by extension 'colcon_pkg'
[2.077s] Level 1:colcon.colcon_core.package_identification:_identify(tutorials) by extensions ['colcon_meta']
[2.077s] Level 1:colcon.colcon_core.package_identification:_identify(tutorials) by extension 'colcon_meta'
[2.077s] Level 1:colcon.colcon_core.package_identification:_identify(tutorials) by extensions ['ros']
[2.077s] Level 1:colcon.colcon_core.package_identification:_identify(tutorials) by extension 'ros'
[2.077s] Level 1:colcon.colcon_core.package_identification:_identify(tutorials) by extensions ['cmake', 'python']
[2.078s] Level 1:colcon.colcon_core.package_identification:_identify(tutorials) by extension 'cmake'
[2.078s] Level 1:colcon.colcon_core.package_identification:_identify(tutorials) by extension 'python'
[2.078s] Level 1:colcon.colcon_core.package_identification:_identify(tutorials) by extensions ['python_setup_py']
[2.078s] Level 1:colcon.colcon_core.package_identification:_identify(tutorials) by extension 'python_setup_py'
[2.078s] Level 1:colcon.colcon_core.package_identification:_identify(tutorials/action_tutorials_interfaces) by extensions ['ignore', 'ignore_ament_install']
[2.078s] Level 1:colcon.colcon_core.package_identification:_identify(tutorials/action_tutorials_interfaces) by extension 'ignore'
[2.078s] Level 1:colcon.colcon_core.package_identification:_identify(tutorials/action_tutorials_interfaces) by extension 'ignore_ament_install'
[2.078s] Level 1:colcon.colcon_core.package_identification:_identify(tutorials/action_tutorials_interfaces) by extensions ['colcon_pkg']
[2.078s] Level 1:colcon.colcon_core.package_identification:_identify(tutorials/action_tutorials_interfaces) by extension 'colcon_pkg'
[2.078s] Level 1:colcon.colcon_core.package_identification:_identify(tutorials/action_tutorials_interfaces) by extensions ['colcon_meta']
[2.078s] Level 1:colcon.colcon_core.package_identification:_identify(tutorials/action_tutorials_interfaces) by extension 'colcon_meta'
[2.079s] Level 1:colcon.colcon_core.package_identification:_identify(tutorials/action_tutorials_interfaces) by extensions ['ros']
[2.079s] Level 1:colcon.colcon_core.package_identification:_identify(tutorials/action_tutorials_interfaces) by extension 'ros'
[2.083s] DEBUG:colcon.colcon_core.package_identification:Package 'tutorials/action_tutorials_interfaces' with type 'ros.ament_cmake' and name 'action_tutorials_interfaces'
[2.083s] Level 1:colcon.colcon_core.package_identification:_identify(tutorials/launch) by extensions ['ignore', 'ignore_ament_install']
[2.084s] Level 1:colcon.colcon_core.package_identification:_identify(tutorials/launch) by extension 'ignore'
[2.092s] Level 1:colcon.colcon_core.package_identification:_identify(tutorials/launch) by extension 'ignore_ament_install'
[2.093s] Level 1:colcon.colcon_core.package_identification:_identify(tutorials/launch) by extensions ['colcon_pkg']
[2.093s] Level 1:colcon.colcon_core.package_identification:_identify(tutorials/launch) by extension 'colcon_pkg'
[2.093s] Level 1:colcon.colcon_core.package_identification:_identify(tutorials/launch) by extensions ['colcon_meta']
[2.093s] Level 1:colcon.colcon_core.package_identification:_identify(tutorials/launch) by extension 'colcon_meta'
[2.093s] Level 1:colcon.colcon_core.package_identification:_identify(tutorials/launch) by extensions ['ros']
[2.093s] Level 1:colcon.colcon_core.package_identification:_identify(tutorials/launch) by extension 'ros'
[2.093s] Level 1:colcon.colcon_core.package_identification:_identify(tutorials/launch) by extensions ['cmake', 'python']
[2.093s] Level 1:colcon.colcon_core.package_identification:_identify(tutorials/launch) by extension 'cmake'
[2.093s] Level 1:colcon.colcon_core.package_identification:_identify(tutorials/launch) by extension 'python'
[2.093s] Level 1:colcon.colcon_core.package_identification:_identify(tutorials/launch) by extensions ['python_setup_py']
[2.093s] Level 1:colcon.colcon_core.package_identification:_identify(tutorials/launch) by extension 'python_setup_py'
[2.093s] Level 1:colcon.colcon_core.package_identification:_identify(tutorials/launch_tutorial) by extensions ['ignore', 'ignore_ament_install']
[2.094s] Level 1:colcon.colcon_core.package_identification:_identify(tutorials/launch_tutorial) by extension 'ignore'
[2.094s] Level 1:colcon.colcon_core.package_identification:_identify(tutorials/launch_tutorial) by extension 'ignore_ament_install'
[2.094s] Level 1:colcon.colcon_core.package_identification:_identify(tutorials/launch_tutorial) by extensions ['colcon_pkg']
[2.094s] Level 1:colcon.colcon_core.package_identification:_identify(tutorials/launch_tutorial) by extension 'colcon_pkg'
[2.094s] Level 1:colcon.colcon_core.package_identification:_identify(tutorials/launch_tutorial) by extensions ['colcon_meta']
[2.094s] Level 1:colcon.colcon_core.package_identification:_identify(tutorials/launch_tutorial) by extension 'colcon_meta'
[2.094s] Level 1:colcon.colcon_core.package_identification:_identify(tutorials/launch_tutorial) by extensions ['ros']
[2.094s] Level 1:colcon.colcon_core.package_identification:_identify(tutorials/launch_tutorial) by extension 'ros'
[2.095s] DEBUG:colcon.colcon_core.package_identification:Package 'tutorials/launch_tutorial' with type 'ros.ament_python' and name 'launch_tutorial'
[2.096s] Level 1:colcon.colcon_core.package_identification:_identify(tutorials/launch_ws) by extensions ['ignore', 'ignore_ament_install']
[2.096s] Level 1:colcon.colcon_core.package_identification:_identify(tutorials/launch_ws) by extension 'ignore'
[2.096s] Level 1:colcon.colcon_core.package_identification:_identify(tutorials/launch_ws) by extension 'ignore_ament_install'
[2.096s] Level 1:colcon.colcon_core.package_identification:_identify(tutorials/launch_ws) by extensions ['colcon_pkg']
[2.097s] Level 1:colcon.colcon_core.package_identification:_identify(tutorials/launch_ws) by extension 'colcon_pkg'
[2.097s] Level 1:colcon.colcon_core.package_identification:_identify(tutorials/launch_ws) by extensions ['colcon_meta']
[2.097s] Level 1:colcon.colcon_core.package_identification:_identify(tutorials/launch_ws) by extension 'colcon_meta'
[2.097s] Level 1:colcon.colcon_core.package_identification:_identify(tutorials/launch_ws) by extensions ['ros']
[2.097s] Level 1:colcon.colcon_core.package_identification:_identify(tutorials/launch_ws) by extension 'ros'
[2.097s] Level 1:colcon.colcon_core.package_identification:_identify(tutorials/launch_ws) by extensions ['cmake', 'python']
[2.097s] Level 1:colcon.colcon_core.package_identification:_identify(tutorials/launch_ws) by extension 'cmake'
[2.097s] Level 1:colcon.colcon_core.package_identification:_identify(tutorials/launch_ws) by extension 'python'
[2.097s] Level 1:colcon.colcon_core.package_identification:_identify(tutorials/launch_ws) by extensions ['python_setup_py']
[2.097s] Level 1:colcon.colcon_core.package_identification:_identify(tutorials/launch_ws) by extension 'python_setup_py'
[2.097s] Level 1:colcon.colcon_core.package_identification:_identify(tutorials/launch_ws/install) by extensions ['ignore', 'ignore_ament_install']
[2.097s] Level 1:colcon.colcon_core.package_identification:_identify(tutorials/launch_ws/install) by extension 'ignore'
[2.097s] Level 1:colcon.colcon_core.package_identification:_identify(tutorials/launch_ws/install) ignored
[2.098s] Level 1:colcon.colcon_core.package_identification:_identify(tutorials/launch_ws/log) by extensions ['ignore', 'ignore_ament_install']
[2.098s] Level 1:colcon.colcon_core.package_identification:_identify(tutorials/launch_ws/log) by extension 'ignore'
[2.098s] Level 1:colcon.colcon_core.package_identification:_identify(tutorials/launch_ws/log) ignored
[2.098s] Level 1:colcon.colcon_core.package_identification:_identify(tutorials/launch_ws/py_launch_example) by extensions ['ignore', 'ignore_ament_install']
[2.098s] Level 1:colcon.colcon_core.package_identification:_identify(tutorials/launch_ws/py_launch_example) by extension 'ignore'
[2.098s] Level 1:colcon.colcon_core.package_identification:_identify(tutorials/launch_ws/py_launch_example) by extension 'ignore_ament_install'
[2.098s] Level 1:colcon.colcon_core.package_identification:_identify(tutorials/launch_ws/py_launch_example) by extensions ['colcon_pkg']
[2.098s] Level 1:colcon.colcon_core.package_identification:_identify(tutorials/launch_ws/py_launch_example) by extension 'colcon_pkg'
[2.098s] Level 1:colcon.colcon_core.package_identification:_identify(tutorials/launch_ws/py_launch_example) by extensions ['colcon_meta']
[2.098s] Level 1:colcon.colcon_core.package_identification:_identify(tutorials/launch_ws/py_launch_example) by extension 'colcon_meta'
[2.098s] Level 1:colcon.colcon_core.package_identification:_identify(tutorials/launch_ws/py_launch_example) by extensions ['ros']
[2.098s] Level 1:colcon.colcon_core.package_identification:_identify(tutorials/launch_ws/py_launch_example) by extension 'ros'
[2.100s] DEBUG:colcon.colcon_core.package_identification:Package 'tutorials/launch_ws/py_launch_example' with type 'ros.ament_python' and name 'py_launch_example'
[2.101s] Level 1:colcon.colcon_core.package_identification:_identify(tutorials/my_first_package) by extensions ['ignore', 'ignore_ament_install']
[2.101s] Level 1:colcon.colcon_core.package_identification:_identify(tutorials/my_first_package) by extension 'ignore'
[2.101s] Level 1:colcon.colcon_core.package_identification:_identify(tutorials/my_first_package) by extension 'ignore_ament_install'
[2.101s] Level 1:colcon.colcon_core.package_identification:_identify(tutorials/my_first_package) by extensions ['colcon_pkg']
[2.101s] Level 1:colcon.colcon_core.package_identification:_identify(tutorials/my_first_package) by extension 'colcon_pkg'
[2.101s] Level 1:colcon.colcon_core.package_identification:_identify(tutorials/my_first_package) by extensions ['colcon_meta']
[2.101s] Level 1:colcon.colcon_core.package_identification:_identify(tutorials/my_first_package) by extension 'colcon_meta'
[2.101s] Level 1:colcon.colcon_core.package_identification:_identify(tutorials/my_first_package) by extensions ['ros']
[2.101s] Level 1:colcon.colcon_core.package_identification:_identify(tutorials/my_first_package) by extension 'ros'
[2.103s] DEBUG:colcon.colcon_core.package_identification:Package 'tutorials/my_first_package' with type 'ros.ament_python' and name 'my_first_package'
[2.104s] Level 1:colcon.colcon_core.package_identification:_identify(tutorials/py_pubsub) by extensions ['ignore', 'ignore_ament_install']
[2.105s] Level 1:colcon.colcon_core.package_identification:_identify(tutorials/py_pubsub) by extension 'ignore'
[2.105s] Level 1:colcon.colcon_core.package_identification:_identify(tutorials/py_pubsub) by extension 'ignore_ament_install'
[2.106s] Level 1:colcon.colcon_core.package_identification:_identify(tutorials/py_pubsub) by extensions ['colcon_pkg']
[2.106s] Level 1:colcon.colcon_core.package_identification:_identify(tutorials/py_pubsub) by extension 'colcon_pkg'
[2.106s] Level 1:colcon.colcon_core.package_identification:_identify(tutorials/py_pubsub) by extensions ['colcon_meta']
[2.106s] Level 1:colcon.colcon_core.package_identification:_identify(tutorials/py_pubsub) by extension 'colcon_meta'
[2.106s] Level 1:colcon.colcon_core.package_identification:_identify(tutorials/py_pubsub) by extensions ['ros']
[2.106s] Level 1:colcon.colcon_core.package_identification:_identify(tutorials/py_pubsub) by extension 'ros'
[2.108s] DEBUG:colcon.colcon_core.package_identification:Package 'tutorials/py_pubsub' with type 'ros.ament_python' and name 'py_pubsub'
[2.108s] Level 1:colcon.colcon_core.package_identification:_identify(tutorials/py_srvcli) by extensions ['ignore', 'ignore_ament_install']
[2.108s] Level 1:colcon.colcon_core.package_identification:_identify(tutorials/py_srvcli) by extension 'ignore'
[2.108s] Level 1:colcon.colcon_core.package_identification:_identify(tutorials/py_srvcli) by extension 'ignore_ament_install'
[2.108s] Level 1:colcon.colcon_core.package_identification:_identify(tutorials/py_srvcli) by extensions ['colcon_pkg']
[2.108s] Level 1:colcon.colcon_core.package_identification:_identify(tutorials/py_srvcli) by extension 'colcon_pkg'
[2.108s] Level 1:colcon.colcon_core.package_identification:_identify(tutorials/py_srvcli) by extensions ['colcon_meta']
[2.108s] Level 1:colcon.colcon_core.package_identification:_identify(tutorials/py_srvcli) by extension 'colcon_meta'
[2.108s] Level 1:colcon.colcon_core.package_identification:_identify(tutorials/py_srvcli) by extensions ['ros']
[2.108s] Level 1:colcon.colcon_core.package_identification:_identify(tutorials/py_srvcli) by extension 'ros'
[2.110s] DEBUG:colcon.colcon_core.package_identification:Package 'tutorials/py_srvcli' with type 'ros.ament_python' and name 'py_srvcli'
[2.110s] Level 1:colcon.colcon_core.package_identification:_identify(tutorials/python_parameters) by extensions ['ignore', 'ignore_ament_install']
[2.110s] Level 1:colcon.colcon_core.package_identification:_identify(tutorials/python_parameters) by extension 'ignore'
[2.110s] Level 1:colcon.colcon_core.package_identification:_identify(tutorials/python_parameters) by extension 'ignore_ament_install'
[2.110s] Level 1:colcon.colcon_core.package_identification:_identify(tutorials/python_parameters) by extensions ['colcon_pkg']
[2.110s] Level 1:colcon.colcon_core.package_identification:_identify(tutorials/python_parameters) by extension 'colcon_pkg'
[2.110s] Level 1:colcon.colcon_core.package_identification:_identify(tutorials/python_parameters) by extensions ['colcon_meta']
[2.110s] Level 1:colcon.colcon_core.package_identification:_identify(tutorials/python_parameters) by extension 'colcon_meta'
[2.110s] Level 1:colcon.colcon_core.package_identification:_identify(tutorials/python_parameters) by extensions ['ros']
[2.110s] Level 1:colcon.colcon_core.package_identification:_identify(tutorials/python_parameters) by extension 'ros'
[2.112s] DEBUG:colcon.colcon_core.package_identification:Package 'tutorials/python_parameters' with type 'ros.ament_python' and name 'python_parameters'
[2.112s] Level 1:colcon.colcon_core.package_identification:_identify(tutorials/tutorial_interfaces) by extensions ['ignore', 'ignore_ament_install']
[2.112s] Level 1:colcon.colcon_core.package_identification:_identify(tutorials/tutorial_interfaces) by extension 'ignore'
[2.112s] Level 1:colcon.colcon_core.package_identification:_identify(tutorials/tutorial_interfaces) by extension 'ignore_ament_install'
[2.113s] Level 1:colcon.colcon_core.package_identification:_identify(tutorials/tutorial_interfaces) by extensions ['colcon_pkg']
[2.113s] Level 1:colcon.colcon_core.package_identification:_identify(tutorials/tutorial_interfaces) by extension 'colcon_pkg'
[2.113s] Level 1:colcon.colcon_core.package_identification:_identify(tutorials/tutorial_interfaces) by extensions ['colcon_meta']
[2.113s] Level 1:colcon.colcon_core.package_identification:_identify(tutorials/tutorial_interfaces) by extension 'colcon_meta'
[2.113s] Level 1:colcon.colcon_core.package_identification:_identify(tutorials/tutorial_interfaces) by extensions ['ros']
[2.113s] Level 1:colcon.colcon_core.package_identification:_identify(tutorials/tutorial_interfaces) by extension 'ros'
[2.115s] DEBUG:colcon.colcon_core.package_identification:Package 'tutorials/tutorial_interfaces' with type 'ros.ament_cmake' and name 'tutorial_interfaces'
[2.115s] Level 1:colcon.colcon_core.package_discovery:discover_packages(recursive) using defaults
[2.115s] Level 1:colcon.colcon_core.package_discovery:discover_packages(ignore) discover
[2.116s] Level 1:colcon.colcon_core.package_discovery:discover_packages(ignore) using defaults
[2.116s] Level 1:colcon.colcon_core.package_discovery:discover_packages(path) discover
[2.116s] Level 1:colcon.colcon_core.package_discovery:discover_packages(path) using defaults
[2.263s] INFO:colcon.colcon_core.package_selection:Skipping not selected package 'action_tutorials_interfaces' in 'tutorials/action_tutorials_interfaces'
[2.263s] INFO:colcon.colcon_core.package_selection:Skipping not selected package 'launch_tutorial' in 'tutorials/launch_tutorial'
[2.263s] INFO:colcon.colcon_core.package_selection:Skipping not selected package 'my_first_package' in 'tutorials/my_first_package'
[2.263s] INFO:colcon.colcon_core.package_selection:Skipping not selected package 'my_package' in 'src/my_package'
[2.263s] INFO:colcon.colcon_core.package_selection:Skipping not selected package 'py_launch_example' in 'tutorials/launch_ws/py_launch_example'
[2.264s] INFO:colcon.colcon_core.package_selection:Skipping not selected package 'py_pubsub' in 'src/py_pubsub'
[2.264s] INFO:colcon.colcon_core.package_selection:Skipping not selected package 'python_parameters' in 'tutorials/python_parameters'
[2.264s] INFO:colcon.colcon_core.package_selection:Skipping not selected package 'turtlebot3_fake_node' in 'src/turtlebot3_simulations/turtlebot3_fake_node'
[2.264s] INFO:colcon.colcon_core.package_selection:Skipping not selected package 'turtlebot3_gazebo' in 'src/turtlebot3_simulations/turtlebot3_gazebo'
[2.264s] INFO:colcon.colcon_core.package_selection:Skipping not selected package 'turtlebot_controller_pkg' in 'turtlebot_controller_pkg'
[2.264s] INFO:colcon.colcon_core.package_selection:Skipping not selected package 'tutorial_interfaces' in 'tutorials/tutorial_interfaces'
[2.265s] INFO:colcon.colcon_core.package_selection:Skipping not selected package 'waypoint_commander' in 'src/waypoint_commander'
[2.265s] INFO:colcon.colcon_core.package_selection:Skipping not selected package 'py_pubsub' in 'tutorials/py_pubsub'
[2.265s] INFO:colcon.colcon_core.package_selection:Skipping not selected package 'py_srvcli' in 'tutorials/py_srvcli'
[2.265s] INFO:colcon.colcon_core.package_selection:Skipping not selected package 'turtlebot3_simulations' in 'src/turtlebot3_simulations/turtlebot3_simulations'
[2.267s] Level 1:colcon.colcon_core.package_discovery:discover_packages(prefix_path) check parameters
[2.267s] Level 1:colcon.colcon_core.package_discovery:discover_packages(prefix_path) discover
[2.292s] DEBUG:colcon.colcon_installed_package_information.package_discovery:Found 8 installed packages in /home/johnson/METR4202/install
[2.294s] DEBUG:colcon.colcon_installed_package_information.package_discovery:Found 3 installed packages in /home/johnson/turtlebot3_ws/install
[2.300s] DEBUG:colcon.colcon_installed_package_information.package_discovery:Found 386 installed packages in /opt/ros/humble
[2.311s] Level 1:colcon.colcon_core.package_discovery:discover_packages(prefix_path) using defaults
[3.023s] Level 5:colcon.colcon_core.verb:set package 'tb3_controller' build argument 'cmake_args' from command line to 'None'
[3.024s] Level 5:colcon.colcon_core.verb:set package 'tb3_controller' build argument 'cmake_target' from command line to 'None'
[3.024s] Level 5:colcon.colcon_core.verb:set package 'tb3_controller' build argument 'cmake_target_skip_unavailable' from command line to 'False'
[3.024s] Level 5:colcon.colcon_core.verb:set package 'tb3_controller' build argument 'cmake_clean_cache' from command line to 'False'
[3.024s] Level 5:colcon.colcon_core.verb:set package 'tb3_controller' build argument 'cmake_clean_first' from command line to 'False'
[3.024s] Level 5:colcon.colcon_core.verb:set package 'tb3_controller' build argument 'cmake_force_configure' from command line to 'False'
[3.024s] Level 5:colcon.colcon_core.verb:set package 'tb3_controller' build argument 'ament_cmake_args' from command line to 'None'
[3.024s] Level 5:colcon.colcon_core.verb:set package 'tb3_controller' build argument 'catkin_cmake_args' from command line to 'None'
[3.024s] Level 5:colcon.colcon_core.verb:set package 'tb3_controller' build argument 'catkin_skip_building_tests' from command line to 'False'
[3.024s] DEBUG:colcon.colcon_core.verb:Building package 'tb3_controller' with the following arguments: {'ament_cmake_args': None, 'build_base': '/home/johnson/METR4202/build/tb3_controller', 'catkin_cmake_args': None, 'catkin_skip_building_tests': False, 'cmake_args': None, 'cmake_clean_cache': False, 'cmake_clean_first': False, 'cmake_force_configure': False, 'cmake_target': None, 'cmake_target_skip_unavailable': False, 'install_base': '/home/johnson/METR4202/install/tb3_controller', 'merge_install': False, 'path': '/home/johnson/METR4202/tb3_controller', 'symlink_install': False, 'test_result_base': None}
[3.025s] INFO:colcon.colcon_core.executor:Executing jobs using 'parallel' executor
[3.031s] DEBUG:colcon.colcon_parallel_executor.executor.parallel:run_until_complete
[3.031s] INFO:colcon.colcon_ros.task.ament_python.build:Building ROS package in '/home/johnson/METR4202/tb3_controller' with build type 'ament_python'
[3.032s] Level 1:colcon.colcon_core.shell:create_environment_hook('tb3_controller', 'ament_prefix_path')
[3.096s] INFO:colcon.colcon_core.plugin_system:Skipping extension 'colcon_core.shell.bat': Not used on non-Windows systems
[3.096s] INFO:colcon.colcon_core.shell:Creating environment hook '/home/johnson/METR4202/install/tb3_controller/share/tb3_controller/hook/ament_prefix_path.ps1'
[3.100s] INFO:colcon.colcon_core.shell:Creating environment descriptor '/home/johnson/METR4202/install/tb3_controller/share/tb3_controller/hook/ament_prefix_path.dsv'
[3.101s] INFO:colcon.colcon_core.shell:Creating environment hook '/home/johnson/METR4202/install/tb3_controller/share/tb3_controller/hook/ament_prefix_path.sh'
[3.106s] INFO:colcon.colcon_core.shell:Skip shell extension 'powershell' for command environment: Not usable outside of PowerShell
[3.106s] DEBUG:colcon.colcon_core.shell:Skip shell extension 'dsv' for command environment
[3.925s] INFO:colcon.colcon_core.task.python.build:Building Python package in '/home/johnson/METR4202/tb3_controller'
[3.926s] INFO:colcon.colcon_core.shell:Skip shell extension 'powershell' for command environment: Not usable outside of PowerShell
[3.927s] DEBUG:colcon.colcon_core.shell:Skip shell extension 'dsv' for command environment
[5.550s] DEBUG:colcon.colcon_core.event_handler.log_command:Invoking command in '/home/johnson/METR4202/tb3_controller': PYTHONPATH=/home/johnson/METR4202/build/tb3_controller/prefix_override:/home/johnson/METR4202/install/tb3_controller/lib/python3.10/site-packages:${PYTHONPATH} /usr/bin/python3 setup.py egg_info --egg-base ../build/tb3_controller build --build-base /home/johnson/METR4202/build/tb3_controller/build install --record /home/johnson/METR4202/build/tb3_controller/install.log --single-version-externally-managed
[6.356s] DEBUG:colcon.colcon_core.event_handler.log_command:Invoked command in '/home/johnson/METR4202/tb3_controller' returned '0': PYTHONPATH=/home/johnson/METR4202/build/tb3_controller/prefix_override:/home/johnson/METR4202/install/tb3_controller/lib/python3.10/site-packages:${PYTHONPATH} /usr/bin/python3 setup.py egg_info --egg-base ../build/tb3_controller build --build-base /home/johnson/METR4202/build/tb3_controller/build install --record /home/johnson/METR4202/build/tb3_controller/install.log --single-version-externally-managed
[6.391s] Level 1:colcon.colcon_core.environment:checking '/home/johnson/METR4202/install/tb3_controller' for CMake module files
[6.396s] Level 1:colcon.colcon_core.environment:checking '/home/johnson/METR4202/install/tb3_controller' for CMake config files
[6.400s] Level 1:colcon.colcon_core.environment:checking '/home/johnson/METR4202/install/tb3_controller/lib'
[6.400s] Level 1:colcon.colcon_core.environment:checking '/home/johnson/METR4202/install/tb3_controller/bin'
[6.400s] Level 1:colcon.colcon_core.environment:checking '/home/johnson/METR4202/install/tb3_controller/lib/pkgconfig/tb3_controller.pc'
[6.401s] Level 1:colcon.colcon_core.environment:checking '/home/johnson/METR4202/install/tb3_controller/lib/python3.10/site-packages'
[6.401s] Level 1:colcon.colcon_core.shell:create_environment_hook('tb3_controller', 'pythonpath')
[6.403s] INFO:colcon.colcon_core.shell:Creating environment hook '/home/johnson/METR4202/install/tb3_controller/share/tb3_controller/hook/pythonpath.ps1'
[6.404s] INFO:colcon.colcon_core.shell:Creating environment descriptor '/home/johnson/METR4202/install/tb3_controller/share/tb3_controller/hook/pythonpath.dsv'
[6.404s] INFO:colcon.colcon_core.shell:Creating environment hook '/home/johnson/METR4202/install/tb3_controller/share/tb3_controller/hook/pythonpath.sh'
[6.405s] Level 1:colcon.colcon_core.environment:checking '/home/johnson/METR4202/install/tb3_controller/bin'
[6.405s] Level 1:colcon.colcon_core.environment:create_environment_scripts_only(tb3_controller)
[6.420s] INFO:colcon.colcon_core.shell:Creating package script '/home/johnson/METR4202/install/tb3_controller/share/tb3_controller/package.ps1'
[6.422s] INFO:colcon.colcon_core.shell:Creating package descriptor '/home/johnson/METR4202/install/tb3_controller/share/tb3_controller/package.dsv'
[6.424s] INFO:colcon.colcon_core.shell:Creating package script '/home/johnson/METR4202/install/tb3_controller/share/tb3_controller/package.sh'
[6.425s] INFO:colcon.colcon_core.shell:Creating package script '/home/johnson/METR4202/install/tb3_controller/share/tb3_controller/package.bash'
[6.426s] INFO:colcon.colcon_core.shell:Creating package script '/home/johnson/METR4202/install/tb3_controller/share/tb3_controller/package.zsh'
[6.436s] Level 1:colcon.colcon_core.environment:create_file_with_runtime_dependencies(/home/johnson/METR4202/install/tb3_controller/share/colcon-core/packages/tb3_controller)
[6.437s] DEBUG:colcon.colcon_parallel_executor.executor.parallel:closing loop
[6.437s] DEBUG:colcon.colcon_parallel_executor.executor.parallel:loop closed
[6.437s] DEBUG:colcon.colcon_parallel_executor.executor.parallel:run_until_complete finished with '0'
[6.437s] DEBUG:colcon.colcon_core.event_reactor:joining thread
[6.514s] INFO:colcon.colcon_core.plugin_system:Skipping extension 'colcon_notification.desktop_notification.notify_send': Could not find 'notify-send'
[6.515s] INFO:colcon.colcon_core.plugin_system:Skipping extension 'colcon_notification.desktop_notification.terminal_notifier': Not used on non-Darwin systems
[6.515s] INFO:colcon.colcon_core.plugin_system:Skipping extension 'colcon_notification.desktop_notification.win32': Not used on non-Windows systems
[6.515s] INFO:colcon.colcon_notification.desktop_notification:Sending desktop notification using 'notify2'
[6.518s] DEBUG:colcon.colcon_notification.desktop_notification.notify2:Failed to initialize notify2: org.freedesktop.DBus.Error.ServiceUnknown: The name org.freedesktop.Notifications was not provided by any .service files
[6.521s] DEBUG:colcon.colcon_core.event_reactor:joined thread
[6.524s] INFO:colcon.colcon_core.shell:Creating prefix script '/home/johnson/METR4202/install/local_setup.ps1'
[6.528s] INFO:colcon.colcon_core.shell:Creating prefix util module '/home/johnson/METR4202/install/_local_setup_util_ps1.py'
[6.532s] INFO:colcon.colcon_core.shell:Creating prefix chain script '/home/johnson/METR4202/install/setup.ps1'
[6.546s] INFO:colcon.colcon_core.shell:Creating prefix script '/home/johnson/METR4202/install/local_setup.sh'
[6.549s] INFO:colcon.colcon_core.shell:Creating prefix util module '/home/johnson/METR4202/install/_local_setup_util_sh.py'
[6.550s] INFO:colcon.colcon_core.shell:Creating prefix chain script '/home/johnson/METR4202/install/setup.sh'
[6.554s] INFO:colcon.colcon_core.shell:Creating prefix script '/home/johnson/METR4202/install/local_setup.bash'
[6.559s] INFO:colcon.colcon_core.shell:Creating prefix chain script '/home/johnson/METR4202/install/setup.bash'
[6.598s] INFO:colcon.colcon_core.shell:Creating prefix script '/home/johnson/METR4202/install/local_setup.zsh'
[6.604s] INFO:colcon.colcon_core.shell:Creating prefix chain script '/home/johnson/METR4202/install/setup.zsh'
