[2.484s] Invoking command in '/home/johnson/METR4202/src/build/waypoint_commander': PYTHONPATH=/home/johnson/METR4202/src/build/waypoint_commander/prefix_override:/home/johnson/METR4202/src/install/waypoint_commander/lib/python3.10/site-packages:${PYTHONPATH} /usr/bin/python3 setup.py develop --editable --build-directory /home/johnson/METR4202/src/build/waypoint_commander/build --no-deps install_data
[3.029s] running develop
[3.036s] /usr/lib/python3/dist-packages/setuptools/command/easy_install.py:158: EasyInstallDeprecationWarning: easy_install command is deprecated. Use build and pip and other standards-based tools.
[3.036s]   warnings.warn(
[3.039s] /usr/lib/python3/dist-packages/setuptools/command/install.py:34: SetuptoolsDeprecationWarning: setup.py install is deprecated. Use build and pip and other standards-based tools.
[3.039s]   warnings.warn(
[3.221s] /usr/lib/python3/dist-packages/pkg_resources/__init__.py:116: PkgResourcesDeprecationWarning: 1.16.0-unknown is an invalid version and will not be supported in a future release
[3.222s]   warnings.warn(
[3.222s] /usr/lib/python3/dist-packages/pkg_resources/__init__.py:116: PkgResourcesDeprecationWarning: 1.1build1 is an invalid version and will not be supported in a future release
[3.222s]   warnings.warn(
[3.468s] running egg_info
[3.468s] creating waypoint_commander.egg-info
[3.470s] writing waypoint_commander.egg-info/PKG-INFO
[3.472s] writing dependency_links to waypoint_commander.egg-info/dependency_links.txt
[3.473s] writing entry points to waypoint_commander.egg-info/entry_points.txt
[3.474s] writing requirements to waypoint_commander.egg-info/requires.txt
[3.476s] writing top-level names to waypoint_commander.egg-info/top_level.txt
[3.477s] writing manifest file 'waypoint_commander.egg-info/SOURCES.txt'
[3.489s] reading manifest file 'waypoint_commander.egg-info/SOURCES.txt'
[3.489s] writing manifest file 'waypoint_commander.egg-info/SOURCES.txt'
[3.489s] running build_ext
[3.489s] Creating /home/johnson/METR4202/src/install/waypoint_commander/lib/python3.10/site-packages/waypoint-commander.egg-link (link to .)
[3.493s] Installing waypoint_cycler script to /home/johnson/METR4202/src/install/waypoint_commander/lib/waypoint_commander
[3.495s] 
[3.495s] Installed /home/johnson/METR4202/src/build/waypoint_commander
[3.496s] running install_data
[3.498s] creating /home/johnson/METR4202/src/install/waypoint_commander/share/ament_index
[3.498s] creating /home/johnson/METR4202/src/install/waypoint_commander/share/ament_index/resource_index
[3.499s] creating /home/johnson/METR4202/src/install/waypoint_commander/share/ament_index/resource_index/packages
[3.499s] copying resource/waypoint_commander -> /home/johnson/METR4202/src/install/waypoint_commander/share/ament_index/resource_index/packages
[3.499s] copying package.xml -> /home/johnson/METR4202/src/install/waypoint_commander/share/waypoint_commander
[3.575s] Invoked command in '/home/johnson/METR4202/src/build/waypoint_commander' returned '0': PYTHONPATH=/home/johnson/METR4202/src/build/waypoint_commander/prefix_override:/home/johnson/METR4202/src/install/waypoint_commander/lib/python3.10/site-packages:${PYTHONPATH} /usr/bin/python3 setup.py develop --editable --build-directory /home/johnson/METR4202/src/build/waypoint_commander/build --no-deps install_data
