[1.697s] Invoking command in '/home/johnson/METR4202': PYTHONPATH=/home/johnson/METR4202/build/tb3_controller/prefix_override:/home/johnson/METR4202/install/tb3_controller/lib/python3.10/site-packages:${PYTHONPATH} /usr/bin/python3 setup.py egg_info --egg-base build/tb3_controller build --build-base /home/johnson/METR4202/build/tb3_controller/build install --record /home/johnson/METR4202/build/tb3_controller/install.log --single-version-externally-managed
[2.296s] running egg_info
[2.299s] writing build/tb3_controller/tb3_controller.egg-info/PKG-INFO
[2.305s] writing dependency_links to build/tb3_controller/tb3_controller.egg-info/dependency_links.txt
[2.306s] writing entry points to build/tb3_controller/tb3_controller.egg-info/entry_points.txt
[2.306s] writing requirements to build/tb3_controller/tb3_controller.egg-info/requires.txt
[2.306s] writing top-level names to build/tb3_controller/tb3_controller.egg-info/top_level.txt
[2.308s] reading manifest file 'build/tb3_controller/tb3_controller.egg-info/SOURCES.txt'
[2.309s] writing manifest file 'build/tb3_controller/tb3_controller.egg-info/SOURCES.txt'
[2.310s] running build
[2.310s] running build_py
[2.310s] copying tb3_controller/turtlebot_brain.py -> /home/johnson/METR4202/build/tb3_controller/build/lib/tb3_controller
[2.311s] running install
[2.311s] /usr/lib/python3/dist-packages/setuptools/command/install.py:34: SetuptoolsDeprecationWarning: setup.py install is deprecated. Use build and pip and other standards-based tools.
[2.311s]   warnings.warn(
[2.312s] running install_lib
[2.312s] copying /home/johnson/METR4202/build/tb3_controller/build/lib/tb3_controller/turtlebot_brain.py -> /home/johnson/METR4202/install/tb3_controller/lib/python3.10/site-packages/tb3_controller
[2.313s] byte-compiling /home/johnson/METR4202/install/tb3_controller/lib/python3.10/site-packages/tb3_controller/turtlebot_brain.py to turtlebot_brain.cpython-310.pyc
[2.322s] running install_data
[2.325s] running install_egg_info
[2.328s] removing '/home/johnson/METR4202/install/tb3_controller/lib/python3.10/site-packages/tb3_controller-0.0.0-py3.10.egg-info' (and everything under it)
[2.332s] Copying build/tb3_controller/tb3_controller.egg-info to /home/johnson/METR4202/install/tb3_controller/lib/python3.10/site-packages/tb3_controller-0.0.0-py3.10.egg-info
[2.335s] running install_scripts
[2.374s] Installing turtlebot_brain script to /home/johnson/METR4202/install/tb3_controller/lib/tb3_controller
[2.377s] writing list of installed files to '/home/johnson/METR4202/build/tb3_controller/install.log'
[2.451s] Invoked command in '/home/johnson/METR4202' returned '0': PYTHONPATH=/home/johnson/METR4202/build/tb3_controller/prefix_override:/home/johnson/METR4202/install/tb3_controller/lib/python3.10/site-packages:${PYTHONPATH} /usr/bin/python3 setup.py egg_info --egg-base build/tb3_controller build --build-base /home/johnson/METR4202/build/tb3_controller/build install --record /home/johnson/METR4202/build/tb3_controller/install.log --single-version-externally-managed
