[3.118s] Invoking command in '/home/johnson/METR4202': PYTHONPATH=/home/johnson/METR4202/build/tb3_controller/prefix_override:/home/johnson/METR4202/install/tb3_controller/lib/python3.10/site-packages:${PYTHONPATH} /usr/bin/python3 setup.py egg_info --egg-base build/tb3_controller build --build-base /home/johnson/METR4202/build/tb3_controller/build install --record /home/johnson/METR4202/build/tb3_controller/install.log --single-version-externally-managed
[4.075s] running egg_info
[4.098s] writing build/tb3_controller/tb3_controller.egg-info/PKG-INFO
[4.104s] writing dependency_links to build/tb3_controller/tb3_controller.egg-info/dependency_links.txt
[4.106s] writing entry points to build/tb3_controller/tb3_controller.egg-info/entry_points.txt
[4.107s] writing requirements to build/tb3_controller/tb3_controller.egg-info/requires.txt
[4.107s] writing top-level names to build/tb3_controller/tb3_controller.egg-info/top_level.txt
[4.109s] reading manifest file 'build/tb3_controller/tb3_controller.egg-info/SOURCES.txt'
[4.115s] writing manifest file 'build/tb3_controller/tb3_controller.egg-info/SOURCES.txt'
[4.117s] running build
[4.117s] running build_py
[4.120s] copying tb3_controller/turtlebot_brain.py -> /home/johnson/METR4202/build/tb3_controller/build/lib/tb3_controller
[4.121s] running install
[4.122s] running install_lib
[4.122s] /usr/lib/python3/dist-packages/setuptools/command/install.py:34: SetuptoolsDeprecationWarning: setup.py install is deprecated. Use build and pip and other standards-based tools.
[4.123s]   warnings.warn(
[4.135s] copying /home/johnson/METR4202/build/tb3_controller/build/lib/tb3_controller/turtlebot_brain.py -> /home/johnson/METR4202/install/tb3_controller/lib/python3.10/site-packages/tb3_controller
[4.142s] byte-compiling /home/johnson/METR4202/install/tb3_controller/lib/python3.10/site-packages/tb3_controller/turtlebot_brain.py to turtlebot_brain.cpython-310.pyc
[4.145s] running install_data
[4.159s] running install_egg_info
[4.181s] removing '/home/johnson/METR4202/install/tb3_controller/lib/python3.10/site-packages/tb3_controller-0.0.0-py3.10.egg-info' (and everything under it)
[4.181s] Copying build/tb3_controller/tb3_controller.egg-info to /home/johnson/METR4202/install/tb3_controller/lib/python3.10/site-packages/tb3_controller-0.0.0-py3.10.egg-info
[4.181s] running install_scripts
[4.422s] Installing turtlebot_brain script to /home/johnson/METR4202/install/tb3_controller/lib/tb3_controller
[4.423s] writing list of installed files to '/home/johnson/METR4202/build/tb3_controller/install.log'
[4.531s] Invoked command in '/home/johnson/METR4202' returned '0': PYTHONPATH=/home/johnson/METR4202/build/tb3_controller/prefix_override:/home/johnson/METR4202/install/tb3_controller/lib/python3.10/site-packages:${PYTHONPATH} /usr/bin/python3 setup.py egg_info --egg-base build/tb3_controller build --build-base /home/johnson/METR4202/build/tb3_controller/build install --record /home/johnson/METR4202/build/tb3_controller/install.log --single-version-externally-managed
