[1.143s] DEBUG:colcon:Command line arguments: ['/usr/bin/colcon', 'build', '--packages-select', 'tb3_controller']
[1.143s] DEBUG:colcon:Parsed command line arguments: Namespace(log_base=None, log_level=None, verb_name='build', build_base='build', install_base='install', merge_install=False, symlink_install=False, test_result_base=None, continue_on_error=False, executor='parallel', parallel_workers=8, event_handlers=None, ignore_user_meta=False, metas=['./colcon.meta'], base_paths=['.'], packages_ignore=None, packages_ignore_regex=None, paths=None, packages_up_to=None, packages_up_to_regex=None, packages_above=None, packages_above_and_dependencies=None, packages_above_depth=None, packages_select_by_dep=None, packages_skip_by_dep=None, packages_skip_up_to=None, packages_select_build_failed=False, packages_skip_build_finished=False, packages_select_test_failures=False, packages_skip_test_passed=False, packages_select=['tb3_controller'], packages_skip=None, packages_select_regex=None, packages_skip_regex=None, packages_start=None, packages_end=None, allow_overriding=[], cmake_args=None, cmake_target=None, cmake_target_skip_unavailable=False, cmake_clean_cache=False, cmake_clean_first=False, cmake_force_configure=False, ament_cmake_args=None, catkin_cmake_args=None, catkin_skip_building_tests=False, verb_parser=<colcon_defaults.argument_parser.defaults.DefaultArgumentsDecorator object at 0x7f7d805ae260>, verb_extension=<colcon_core.verb.build.BuildVerb object at 0x7f7d80d642b0>, main=<bound method BuildVerb.main of <colcon_core.verb.build.BuildVerb object at 0x7f7d80d642b0>>)
[1.235s] Level 1:colcon.colcon_core.package_discovery:discover_packages(colcon_meta) check parameters
[1.235s] Level 1:colcon.colcon_core.package_discovery:discover_packages(recursive) check parameters
[1.235s] Level 1:colcon.colcon_core.package_discovery:discover_packages(ignore) check parameters
[1.235s] Level 1:colcon.colcon_core.package_discovery:discover_packages(path) check parameters
[1.235s] Level 1:colcon.colcon_core.package_discovery:discover_packages(colcon_meta) discover
[1.236s] Level 1:colcon.colcon_core.package_discovery:discover_packages(recursive) discover
[1.236s] INFO:colcon.colcon_core.package_discovery:Crawling recursively for packages in '/home/johnson/METR4202'
[1.236s] Level 1:colcon.colcon_core.package_identification:_identify(.) by extensions ['ignore', 'ignore_ament_install']
[1.237s] Level 1:colcon.colcon_core.package_identification:_identify(.) by extension 'ignore'
[1.237s] Level 1:colcon.colcon_core.package_identification:_identify(.) by extension 'ignore_ament_install'
[1.237s] Level 1:colcon.colcon_core.package_identification:_identify(.) by extensions ['colcon_pkg']
[1.238s] Level 1:colcon.colcon_core.package_identification:_identify(.) by extension 'colcon_pkg'
[1.238s] Level 1:colcon.colcon_core.package_identification:_identify(.) by extensions ['colcon_meta']
[1.238s] Level 1:colcon.colcon_core.package_identification:_identify(.) by extension 'colcon_meta'
[1.238s] Level 1:colcon.colcon_core.package_identification:_identify(.) by extensions ['ros']
[1.239s] Level 1:colcon.colcon_core.package_identification:_identify(.) by extension 'ros'
[1.293s] Level 1:colcon.colcon_core.package_identification:_identify(.) by extensions ['cmake', 'python']
[1.293s] Level 1:colcon.colcon_core.package_identification:_identify(.) by extension 'cmake'
[1.293s] Level 1:colcon.colcon_core.package_identification:_identify(.) by extension 'python'
[1.293s] Level 1:colcon.colcon_core.package_identification:_identify(.) by extensions ['python_setup_py']
[1.293s] Level 1:colcon.colcon_core.package_identification:_identify(.) by extension 'python_setup_py'
[1.294s] Level 1:colcon.colcon_core.package_identification:_identify(Instructions) by extensions ['ignore', 'ignore_ament_install']
[1.294s] Level 1:colcon.colcon_core.package_identification:_identify(Instructions) by extension 'ignore'
[1.294s] Level 1:colcon.colcon_core.package_identification:_identify(Instructions) by extension 'ignore_ament_install'
[1.294s] Level 1:colcon.colcon_core.package_identification:_identify(Instructions) by extensions ['colcon_pkg']
[1.294s] Level 1:colcon.colcon_core.package_identification:_identify(Instructions) by extension 'colcon_pkg'
[1.294s] Level 1:colcon.colcon_core.package_identification:_identify(Instructions) by extensions ['colcon_meta']
[1.294s] Level 1:colcon.colcon_core.package_identification:_identify(Instructions) by extension 'colcon_meta'
[1.294s] Level 1:colcon.colcon_core.package_identification:_identify(Instructions) by extensions ['ros']
[1.295s] Level 1:colcon.colcon_core.package_identification:_identify(Instructions) by extension 'ros'
[1.295s] Level 1:colcon.colcon_core.package_identification:_identify(Instructions) by extensions ['cmake', 'python']
[1.295s] Level 1:colcon.colcon_core.package_identification:_identify(Instructions) by extension 'cmake'
[1.295s] Level 1:colcon.colcon_core.package_identification:_identify(Instructions) by extension 'python'
[1.295s] Level 1:colcon.colcon_core.package_identification:_identify(Instructions) by extensions ['python_setup_py']
[1.296s] Level 1:colcon.colcon_core.package_identification:_identify(Instructions) by extension 'python_setup_py'
[1.296s] Level 1:colcon.colcon_core.package_identification:_identify(build) by extensions ['ignore', 'ignore_ament_install']
[1.296s] Level 1:colcon.colcon_core.package_identification:_identify(build) by extension 'ignore'
[1.296s] Level 1:colcon.colcon_core.package_identification:_identify(build) ignored
[1.296s] Level 1:colcon.colcon_core.package_identification:_identify(install) by extensions ['ignore', 'ignore_ament_install']
[1.296s] Level 1:colcon.colcon_core.package_identification:_identify(install) by extension 'ignore'
[1.297s] Level 1:colcon.colcon_core.package_identification:_identify(install) ignored
[1.297s] Level 1:colcon.colcon_core.package_identification:_identify(log) by extensions ['ignore', 'ignore_ament_install']
[1.297s] Level 1:colcon.colcon_core.package_identification:_identify(log) by extension 'ignore'
[1.297s] Level 1:colcon.colcon_core.package_identification:_identify(log) ignored
[1.297s] Level 1:colcon.colcon_core.package_identification:_identify(maps) by extensions ['ignore', 'ignore_ament_install']
[1.297s] Level 1:colcon.colcon_core.package_identification:_identify(maps) by extension 'ignore'
[1.297s] Level 1:colcon.colcon_core.package_identification:_identify(maps) by extension 'ignore_ament_install'
[1.297s] Level 1:colcon.colcon_core.package_identification:_identify(maps) by extensions ['colcon_pkg']
[1.297s] Level 1:colcon.colcon_core.package_identification:_identify(maps) by extension 'colcon_pkg'
[1.297s] Level 1:colcon.colcon_core.package_identification:_identify(maps) by extensions ['colcon_meta']
[1.297s] Level 1:colcon.colcon_core.package_identification:_identify(maps) by extension 'colcon_meta'
[1.297s] Level 1:colcon.colcon_core.package_identification:_identify(maps) by extensions ['ros']
[1.297s] Level 1:colcon.colcon_core.package_identification:_identify(maps) by extension 'ros'
[1.298s] Level 1:colcon.colcon_core.package_identification:_identify(maps) by extensions ['cmake', 'python']
[1.298s] Level 1:colcon.colcon_core.package_identification:_identify(maps) by extension 'cmake'
[1.298s] Level 1:colcon.colcon_core.package_identification:_identify(maps) by extension 'python'
[1.298s] Level 1:colcon.colcon_core.package_identification:_identify(maps) by extensions ['python_setup_py']
[1.298s] Level 1:colcon.colcon_core.package_identification:_identify(maps) by extension 'python_setup_py'
[1.298s] Level 1:colcon.colcon_core.package_identification:_identify(src) by extensions ['ignore', 'ignore_ament_install']
[1.298s] Level 1:colcon.colcon_core.package_identification:_identify(src) by extension 'ignore'
[1.298s] Level 1:colcon.colcon_core.package_identification:_identify(src) by extension 'ignore_ament_install'
[1.298s] Level 1:colcon.colcon_core.package_identification:_identify(src) by extensions ['colcon_pkg']
[1.298s] Level 1:colcon.colcon_core.package_identification:_identify(src) by extension 'colcon_pkg'
[1.298s] Level 1:colcon.colcon_core.package_identification:_identify(src) by extensions ['colcon_meta']
[1.298s] Level 1:colcon.colcon_core.package_identification:_identify(src) by extension 'colcon_meta'
[1.298s] Level 1:colcon.colcon_core.package_identification:_identify(src) by extensions ['ros']
[1.298s] Level 1:colcon.colcon_core.package_identification:_identify(src) by extension 'ros'
[1.298s] Level 1:colcon.colcon_core.package_identification:_identify(src) by extensions ['cmake', 'python']
[1.298s] Level 1:colcon.colcon_core.package_identification:_identify(src) by extension 'cmake'
[1.298s] Level 1:colcon.colcon_core.package_identification:_identify(src) by extension 'python'
[1.299s] Level 1:colcon.colcon_core.package_identification:_identify(src) by extensions ['python_setup_py']
[1.299s] Level 1:colcon.colcon_core.package_identification:_identify(src) by extension 'python_setup_py'
[1.299s] Level 1:colcon.colcon_core.package_identification:_identify(src/build) by extensions ['ignore', 'ignore_ament_install']
[1.299s] Level 1:colcon.colcon_core.package_identification:_identify(src/build) by extension 'ignore'
[1.299s] Level 1:colcon.colcon_core.package_identification:_identify(src/build) ignored
[1.299s] Level 1:colcon.colcon_core.package_identification:_identify(src/install) by extensions ['ignore', 'ignore_ament_install']
[1.299s] Level 1:colcon.colcon_core.package_identification:_identify(src/install) by extension 'ignore'
[1.299s] Level 1:colcon.colcon_core.package_identification:_identify(src/install) by extension 'ignore_ament_install'
[1.299s] Level 1:colcon.colcon_core.package_identification:_identify(src/install) by extensions ['colcon_pkg']
[1.299s] Level 1:colcon.colcon_core.package_identification:_identify(src/install) by extension 'colcon_pkg'
[1.299s] Level 1:colcon.colcon_core.package_identification:_identify(src/install) by extensions ['colcon_meta']
[1.299s] Level 1:colcon.colcon_core.package_identification:_identify(src/install) by extension 'colcon_meta'
[1.299s] Level 1:colcon.colcon_core.package_identification:_identify(src/install) by extensions ['ros']
[1.299s] Level 1:colcon.colcon_core.package_identification:_identify(src/install) by extension 'ros'
[1.300s] Level 1:colcon.colcon_core.package_identification:_identify(src/install) by extensions ['cmake', 'python']
[1.300s] Level 1:colcon.colcon_core.package_identification:_identify(src/install) by extension 'cmake'
[1.300s] Level 1:colcon.colcon_core.package_identification:_identify(src/install) by extension 'python'
[1.300s] Level 1:colcon.colcon_core.package_identification:_identify(src/install) by extensions ['python_setup_py']
[1.300s] Level 1:colcon.colcon_core.package_identification:_identify(src/install) by extension 'python_setup_py'
[1.300s] Level 1:colcon.colcon_core.package_identification:_identify(src/install/waypoint_commander) by extensions ['ignore', 'ignore_ament_install']
[1.301s] Level 1:colcon.colcon_core.package_identification:_identify(src/install/waypoint_commander) by extension 'ignore'
[1.301s] Level 1:colcon.colcon_core.package_identification:_identify(src/install/waypoint_commander) by extension 'ignore_ament_install'
[1.301s] Level 1:colcon.colcon_core.package_identification:_identify(src/install/waypoint_commander) by extensions ['colcon_pkg']
[1.301s] Level 1:colcon.colcon_core.package_identification:_identify(src/install/waypoint_commander) by extension 'colcon_pkg'
[1.301s] Level 1:colcon.colcon_core.package_identification:_identify(src/install/waypoint_commander) by extensions ['colcon_meta']
[1.301s] Level 1:colcon.colcon_core.package_identification:_identify(src/install/waypoint_commander) by extension 'colcon_meta'
[1.301s] Level 1:colcon.colcon_core.package_identification:_identify(src/install/waypoint_commander) by extensions ['ros']
[1.301s] Level 1:colcon.colcon_core.package_identification:_identify(src/install/waypoint_commander) by extension 'ros'
[1.301s] Level 1:colcon.colcon_core.package_identification:_identify(src/install/waypoint_commander) by extensions ['cmake', 'python']
[1.301s] Level 1:colcon.colcon_core.package_identification:_identify(src/install/waypoint_commander) by extension 'cmake'
[1.301s] Level 1:colcon.colcon_core.package_identification:_identify(src/install/waypoint_commander) by extension 'python'
[1.301s] Level 1:colcon.colcon_core.package_identification:_identify(src/install/waypoint_commander) by extensions ['python_setup_py']
[1.301s] Level 1:colcon.colcon_core.package_identification:_identify(src/install/waypoint_commander) by extension 'python_setup_py'
[1.302s] Level 1:colcon.colcon_core.package_identification:_identify(src/install/waypoint_commander/lib) by extensions ['ignore', 'ignore_ament_install']
[1.302s] Level 1:colcon.colcon_core.package_identification:_identify(src/install/waypoint_commander/lib) by extension 'ignore'
[1.302s] Level 1:colcon.colcon_core.package_identification:_identify(src/install/waypoint_commander/lib) by extension 'ignore_ament_install'
[1.302s] Level 1:colcon.colcon_core.package_identification:_identify(src/install/waypoint_commander/lib) by extensions ['colcon_pkg']
[1.302s] Level 1:colcon.colcon_core.package_identification:_identify(src/install/waypoint_commander/lib) by extension 'colcon_pkg'
[1.302s] Level 1:colcon.colcon_core.package_identification:_identify(src/install/waypoint_commander/lib) by extensions ['colcon_meta']
[1.302s] Level 1:colcon.colcon_core.package_identification:_identify(src/install/waypoint_commander/lib) by extension 'colcon_meta'
[1.302s] Level 1:colcon.colcon_core.package_identification:_identify(src/install/waypoint_commander/lib) by extensions ['ros']
[1.302s] Level 1:colcon.colcon_core.package_identification:_identify(src/install/waypoint_commander/lib) by extension 'ros'
[1.302s] Level 1:colcon.colcon_core.package_identification:_identify(src/install/waypoint_commander/lib) by extensions ['cmake', 'python']
[1.302s] Level 1:colcon.colcon_core.package_identification:_identify(src/install/waypoint_commander/lib) by extension 'cmake'
[1.302s] Level 1:colcon.colcon_core.package_identification:_identify(src/install/waypoint_commander/lib) by extension 'python'
[1.302s] Level 1:colcon.colcon_core.package_identification:_identify(src/install/waypoint_commander/lib) by extensions ['python_setup_py']
[1.302s] Level 1:colcon.colcon_core.package_identification:_identify(src/install/waypoint_commander/lib) by extension 'python_setup_py'
[1.302s] Level 1:colcon.colcon_core.package_identification:_identify(src/install/waypoint_commander/lib/python3.10) by extensions ['ignore', 'ignore_ament_install']
[1.303s] Level 1:colcon.colcon_core.package_identification:_identify(src/install/waypoint_commander/lib/python3.10) by extension 'ignore'
[1.303s] Level 1:colcon.colcon_core.package_identification:_identify(src/install/waypoint_commander/lib/python3.10) by extension 'ignore_ament_install'
[1.303s] Level 1:colcon.colcon_core.package_identification:_identify(src/install/waypoint_commander/lib/python3.10) by extensions ['colcon_pkg']
[1.303s] Level 1:colcon.colcon_core.package_identification:_identify(src/install/waypoint_commander/lib/python3.10) by extension 'colcon_pkg'
[1.303s] Level 1:colcon.colcon_core.package_identification:_identify(src/install/waypoint_commander/lib/python3.10) by extensions ['colcon_meta']
[1.303s] Level 1:colcon.colcon_core.package_identification:_identify(src/install/waypoint_commander/lib/python3.10) by extension 'colcon_meta'
[1.303s] Level 1:colcon.colcon_core.package_identification:_identify(src/install/waypoint_commander/lib/python3.10) by extensions ['ros']
[1.303s] Level 1:colcon.colcon_core.package_identification:_identify(src/install/waypoint_commander/lib/python3.10) by extension 'ros'
[1.303s] Level 1:colcon.colcon_core.package_identification:_identify(src/install/waypoint_commander/lib/python3.10) by extensions ['cmake', 'python']
[1.303s] Level 1:colcon.colcon_core.package_identification:_identify(src/install/waypoint_commander/lib/python3.10) by extension 'cmake'
[1.303s] Level 1:colcon.colcon_core.package_identification:_identify(src/install/waypoint_commander/lib/python3.10) by extension 'python'
[1.303s] Level 1:colcon.colcon_core.package_identification:_identify(src/install/waypoint_commander/lib/python3.10) by extensions ['python_setup_py']
[1.303s] Level 1:colcon.colcon_core.package_identification:_identify(src/install/waypoint_commander/lib/python3.10) by extension 'python_setup_py'
[1.304s] Level 1:colcon.colcon_core.package_identification:_identify(src/install/waypoint_commander/lib/python3.10/site-packages) by extensions ['ignore', 'ignore_ament_install']
[1.304s] Level 1:colcon.colcon_core.package_identification:_identify(src/install/waypoint_commander/lib/python3.10/site-packages) by extension 'ignore'
[1.304s] Level 1:colcon.colcon_core.package_identification:_identify(src/install/waypoint_commander/lib/python3.10/site-packages) by extension 'ignore_ament_install'
[1.304s] Level 1:colcon.colcon_core.package_identification:_identify(src/install/waypoint_commander/lib/python3.10/site-packages) by extensions ['colcon_pkg']
[1.304s] Level 1:colcon.colcon_core.package_identification:_identify(src/install/waypoint_commander/lib/python3.10/site-packages) by extension 'colcon_pkg'
[1.304s] Level 1:colcon.colcon_core.package_identification:_identify(src/install/waypoint_commander/lib/python3.10/site-packages) by extensions ['colcon_meta']
[1.304s] Level 1:colcon.colcon_core.package_identification:_identify(src/install/waypoint_commander/lib/python3.10/site-packages) by extension 'colcon_meta'
[1.304s] Level 1:colcon.colcon_core.package_identification:_identify(src/install/waypoint_commander/lib/python3.10/site-packages) by extensions ['ros']
[1.304s] Level 1:colcon.colcon_core.package_identification:_identify(src/install/waypoint_commander/lib/python3.10/site-packages) by extension 'ros'
[1.304s] Level 1:colcon.colcon_core.package_identification:_identify(src/install/waypoint_commander/lib/python3.10/site-packages) by extensions ['cmake', 'python']
[1.304s] Level 1:colcon.colcon_core.package_identification:_identify(src/install/waypoint_commander/lib/python3.10/site-packages) by extension 'cmake'
[1.304s] Level 1:colcon.colcon_core.package_identification:_identify(src/install/waypoint_commander/lib/python3.10/site-packages) by extension 'python'
[1.304s] Level 1:colcon.colcon_core.package_identification:_identify(src/install/waypoint_commander/lib/python3.10/site-packages) by extensions ['python_setup_py']
[1.304s] Level 1:colcon.colcon_core.package_identification:_identify(src/install/waypoint_commander/lib/python3.10/site-packages) by extension 'python_setup_py'
[1.305s] Level 1:colcon.colcon_core.package_identification:_identify(src/install/waypoint_commander/lib/waypoint_commander) by extensions ['ignore', 'ignore_ament_install']
[1.305s] Level 1:colcon.colcon_core.package_identification:_identify(src/install/waypoint_commander/lib/waypoint_commander) by extension 'ignore'
[1.305s] Level 1:colcon.colcon_core.package_identification:_identify(src/install/waypoint_commander/lib/waypoint_commander) by extension 'ignore_ament_install'
[1.305s] Level 1:colcon.colcon_core.package_identification:_identify(src/install/waypoint_commander/lib/waypoint_commander) by extensions ['colcon_pkg']
[1.305s] Level 1:colcon.colcon_core.package_identification:_identify(src/install/waypoint_commander/lib/waypoint_commander) by extension 'colcon_pkg'
[1.305s] Level 1:colcon.colcon_core.package_identification:_identify(src/install/waypoint_commander/lib/waypoint_commander) by extensions ['colcon_meta']
[1.305s] Level 1:colcon.colcon_core.package_identification:_identify(src/install/waypoint_commander/lib/waypoint_commander) by extension 'colcon_meta'
[1.305s] Level 1:colcon.colcon_core.package_identification:_identify(src/install/waypoint_commander/lib/waypoint_commander) by extensions ['ros']
[1.305s] Level 1:colcon.colcon_core.package_identification:_identify(src/install/waypoint_commander/lib/waypoint_commander) by extension 'ros'
[1.305s] Level 1:colcon.colcon_core.package_identification:_identify(src/install/waypoint_commander/lib/waypoint_commander) by extensions ['cmake', 'python']
[1.305s] Level 1:colcon.colcon_core.package_identification:_identify(src/install/waypoint_commander/lib/waypoint_commander) by extension 'cmake'
[1.305s] Level 1:colcon.colcon_core.package_identification:_identify(src/install/waypoint_commander/lib/waypoint_commander) by extension 'python'
[1.305s] Level 1:colcon.colcon_core.package_identification:_identify(src/install/waypoint_commander/lib/waypoint_commander) by extensions ['python_setup_py']
[1.305s] Level 1:colcon.colcon_core.package_identification:_identify(src/install/waypoint_commander/lib/waypoint_commander) by extension 'python_setup_py'
[1.306s] Level 1:colcon.colcon_core.package_identification:_identify(src/turtlebot3_simulations) by extensions ['ignore', 'ignore_ament_install']
[1.306s] Level 1:colcon.colcon_core.package_identification:_identify(src/turtlebot3_simulations) by extension 'ignore'
[1.306s] Level 1:colcon.colcon_core.package_identification:_identify(src/turtlebot3_simulations) by extension 'ignore_ament_install'
[1.306s] Level 1:colcon.colcon_core.package_identification:_identify(src/turtlebot3_simulations) by extensions ['colcon_pkg']
[1.306s] Level 1:colcon.colcon_core.package_identification:_identify(src/turtlebot3_simulations) by extension 'colcon_pkg'
[1.306s] Level 1:colcon.colcon_core.package_identification:_identify(src/turtlebot3_simulations) by extensions ['colcon_meta']
[1.306s] Level 1:colcon.colcon_core.package_identification:_identify(src/turtlebot3_simulations) by extension 'colcon_meta'
[1.306s] Level 1:colcon.colcon_core.package_identification:_identify(src/turtlebot3_simulations) by extensions ['ros']
[1.306s] Level 1:colcon.colcon_core.package_identification:_identify(src/turtlebot3_simulations) by extension 'ros'
[1.306s] Level 1:colcon.colcon_core.package_identification:_identify(src/turtlebot3_simulations) by extensions ['cmake', 'python']
[1.306s] Level 1:colcon.colcon_core.package_identification:_identify(src/turtlebot3_simulations) by extension 'cmake'
[1.306s] Level 1:colcon.colcon_core.package_identification:_identify(src/turtlebot3_simulations) by extension 'python'
[1.306s] Level 1:colcon.colcon_core.package_identification:_identify(src/turtlebot3_simulations) by extensions ['python_setup_py']
[1.306s] Level 1:colcon.colcon_core.package_identification:_identify(src/turtlebot3_simulations) by extension 'python_setup_py'
[1.307s] Level 1:colcon.colcon_core.package_identification:_identify(src/turtlebot3_simulations/turtlebot3_fake_node) by extensions ['ignore', 'ignore_ament_install']
[1.307s] Level 1:colcon.colcon_core.package_identification:_identify(src/turtlebot3_simulations/turtlebot3_fake_node) by extension 'ignore'
[1.307s] Level 1:colcon.colcon_core.package_identification:_identify(src/turtlebot3_simulations/turtlebot3_fake_node) by extension 'ignore_ament_install'
[1.307s] Level 1:colcon.colcon_core.package_identification:_identify(src/turtlebot3_simulations/turtlebot3_fake_node) by extensions ['colcon_pkg']
[1.307s] Level 1:colcon.colcon_core.package_identification:_identify(src/turtlebot3_simulations/turtlebot3_fake_node) by extension 'colcon_pkg'
[1.307s] Level 1:colcon.colcon_core.package_identification:_identify(src/turtlebot3_simulations/turtlebot3_fake_node) by extensions ['colcon_meta']
[1.307s] Level 1:colcon.colcon_core.package_identification:_identify(src/turtlebot3_simulations/turtlebot3_fake_node) by extension 'colcon_meta'
[1.307s] Level 1:colcon.colcon_core.package_identification:_identify(src/turtlebot3_simulations/turtlebot3_fake_node) by extensions ['ros']
[1.308s] Level 1:colcon.colcon_core.package_identification:_identify(src/turtlebot3_simulations/turtlebot3_fake_node) by extension 'ros'
[1.316s] DEBUG:colcon.colcon_core.package_identification:Package 'src/turtlebot3_simulations/turtlebot3_fake_node' with type 'ros.ament_cmake' and name 'turtlebot3_fake_node'
[1.318s] Level 1:colcon.colcon_core.package_identification:_identify(src/turtlebot3_simulations/turtlebot3_gazebo) by extensions ['ignore', 'ignore_ament_install']
[1.318s] Level 1:colcon.colcon_core.package_identification:_identify(src/turtlebot3_simulations/turtlebot3_gazebo) by extension 'ignore'
[1.333s] Level 1:colcon.colcon_core.package_identification:_identify(src/turtlebot3_simulations/turtlebot3_gazebo) by extension 'ignore_ament_install'
[1.333s] Level 1:colcon.colcon_core.package_identification:_identify(src/turtlebot3_simulations/turtlebot3_gazebo) by extensions ['colcon_pkg']
[1.333s] Level 1:colcon.colcon_core.package_identification:_identify(src/turtlebot3_simulations/turtlebot3_gazebo) by extension 'colcon_pkg'
[1.333s] Level 1:colcon.colcon_core.package_identification:_identify(src/turtlebot3_simulations/turtlebot3_gazebo) by extensions ['colcon_meta']
[1.333s] Level 1:colcon.colcon_core.package_identification:_identify(src/turtlebot3_simulations/turtlebot3_gazebo) by extension 'colcon_meta'
[1.333s] Level 1:colcon.colcon_core.package_identification:_identify(src/turtlebot3_simulations/turtlebot3_gazebo) by extensions ['ros']
[1.333s] Level 1:colcon.colcon_core.package_identification:_identify(src/turtlebot3_simulations/turtlebot3_gazebo) by extension 'ros'
[1.335s] DEBUG:colcon.colcon_core.package_identification:Package 'src/turtlebot3_simulations/turtlebot3_gazebo' with type 'ros.ament_cmake' and name 'turtlebot3_gazebo'
[1.336s] Level 1:colcon.colcon_core.package_identification:_identify(src/turtlebot3_simulations/turtlebot3_simulations) by extensions ['ignore', 'ignore_ament_install']
[1.336s] Level 1:colcon.colcon_core.package_identification:_identify(src/turtlebot3_simulations/turtlebot3_simulations) by extension 'ignore'
[1.336s] Level 1:colcon.colcon_core.package_identification:_identify(src/turtlebot3_simulations/turtlebot3_simulations) by extension 'ignore_ament_install'
[1.336s] Level 1:colcon.colcon_core.package_identification:_identify(src/turtlebot3_simulations/turtlebot3_simulations) by extensions ['colcon_pkg']
[1.336s] Level 1:colcon.colcon_core.package_identification:_identify(src/turtlebot3_simulations/turtlebot3_simulations) by extension 'colcon_pkg'
[1.336s] Level 1:colcon.colcon_core.package_identification:_identify(src/turtlebot3_simulations/turtlebot3_simulations) by extensions ['colcon_meta']
[1.336s] Level 1:colcon.colcon_core.package_identification:_identify(src/turtlebot3_simulations/turtlebot3_simulations) by extension 'colcon_meta'
[1.336s] Level 1:colcon.colcon_core.package_identification:_identify(src/turtlebot3_simulations/turtlebot3_simulations) by extensions ['ros']
[1.336s] Level 1:colcon.colcon_core.package_identification:_identify(src/turtlebot3_simulations/turtlebot3_simulations) by extension 'ros'
[1.341s] DEBUG:colcon.colcon_core.package_identification:Package 'src/turtlebot3_simulations/turtlebot3_simulations' with type 'ros.ament_cmake' and name 'turtlebot3_simulations'
[1.343s] Level 1:colcon.colcon_core.package_identification:_identify(src/waypoint_commander) by extensions ['ignore', 'ignore_ament_install']
[1.344s] Level 1:colcon.colcon_core.package_identification:_identify(src/waypoint_commander) by extension 'ignore'
[1.344s] Level 1:colcon.colcon_core.package_identification:_identify(src/waypoint_commander) by extension 'ignore_ament_install'
[1.344s] Level 1:colcon.colcon_core.package_identification:_identify(src/waypoint_commander) by extensions ['colcon_pkg']
[1.344s] Level 1:colcon.colcon_core.package_identification:_identify(src/waypoint_commander) by extension 'colcon_pkg'
[1.344s] Level 1:colcon.colcon_core.package_identification:_identify(src/waypoint_commander) by extensions ['colcon_meta']
[1.344s] Level 1:colcon.colcon_core.package_identification:_identify(src/waypoint_commander) by extension 'colcon_meta'
[1.344s] Level 1:colcon.colcon_core.package_identification:_identify(src/waypoint_commander) by extensions ['ros']
[1.344s] Level 1:colcon.colcon_core.package_identification:_identify(src/waypoint_commander) by extension 'ros'
[1.345s] Level 1:colcon.colcon_core.package_identification:_identify(src/waypoint_commander) by extensions ['cmake', 'python']
[1.345s] Level 1:colcon.colcon_core.package_identification:_identify(src/waypoint_commander) by extension 'cmake'
[1.345s] Level 1:colcon.colcon_core.package_identification:_identify(src/waypoint_commander) by extension 'python'
[1.345s] Level 1:colcon.colcon_core.package_identification:_identify(src/waypoint_commander) by extensions ['python_setup_py']
[1.345s] Level 1:colcon.colcon_core.package_identification:_identify(src/waypoint_commander) by extension 'python_setup_py'
[1.346s] Level 1:colcon.colcon_core.package_identification:_identify(src/waypoint_commander/build) by extensions ['ignore', 'ignore_ament_install']
[1.346s] Level 1:colcon.colcon_core.package_identification:_identify(src/waypoint_commander/build) by extension 'ignore'
[1.346s] Level 1:colcon.colcon_core.package_identification:_identify(src/waypoint_commander/build) ignored
[1.346s] Level 1:colcon.colcon_core.package_identification:_identify(src/waypoint_commander/install) by extensions ['ignore', 'ignore_ament_install']
[1.348s] Level 1:colcon.colcon_core.package_identification:_identify(src/waypoint_commander/install) by extension 'ignore'
[1.348s] Level 1:colcon.colcon_core.package_identification:_identify(src/waypoint_commander/install) by extension 'ignore_ament_install'
[1.348s] Level 1:colcon.colcon_core.package_identification:_identify(src/waypoint_commander/install) by extensions ['colcon_pkg']
[1.348s] Level 1:colcon.colcon_core.package_identification:_identify(src/waypoint_commander/install) by extension 'colcon_pkg'
[1.348s] Level 1:colcon.colcon_core.package_identification:_identify(src/waypoint_commander/install) by extensions ['colcon_meta']
[1.348s] Level 1:colcon.colcon_core.package_identification:_identify(src/waypoint_commander/install) by extension 'colcon_meta'
[1.348s] Level 1:colcon.colcon_core.package_identification:_identify(src/waypoint_commander/install) by extensions ['ros']
[1.348s] Level 1:colcon.colcon_core.package_identification:_identify(src/waypoint_commander/install) by extension 'ros'
[1.349s] Level 1:colcon.colcon_core.package_identification:_identify(src/waypoint_commander/install) by extensions ['cmake', 'python']
[1.349s] Level 1:colcon.colcon_core.package_identification:_identify(src/waypoint_commander/install) by extension 'cmake'
[1.349s] Level 1:colcon.colcon_core.package_identification:_identify(src/waypoint_commander/install) by extension 'python'
[1.349s] Level 1:colcon.colcon_core.package_identification:_identify(src/waypoint_commander/install) by extensions ['python_setup_py']
[1.349s] Level 1:colcon.colcon_core.package_identification:_identify(src/waypoint_commander/install) by extension 'python_setup_py'
[1.349s] Level 1:colcon.colcon_core.package_identification:_identify(src/waypoint_commander/install/waypoint_commander) by extensions ['ignore', 'ignore_ament_install']
[1.349s] Level 1:colcon.colcon_core.package_identification:_identify(src/waypoint_commander/install/waypoint_commander) by extension 'ignore'
[1.349s] Level 1:colcon.colcon_core.package_identification:_identify(src/waypoint_commander/install/waypoint_commander) by extension 'ignore_ament_install'
[1.349s] Level 1:colcon.colcon_core.package_identification:_identify(src/waypoint_commander/install/waypoint_commander) by extensions ['colcon_pkg']
[1.349s] Level 1:colcon.colcon_core.package_identification:_identify(src/waypoint_commander/install/waypoint_commander) by extension 'colcon_pkg'
[1.349s] Level 1:colcon.colcon_core.package_identification:_identify(src/waypoint_commander/install/waypoint_commander) by extensions ['colcon_meta']
[1.350s] Level 1:colcon.colcon_core.package_identification:_identify(src/waypoint_commander/install/waypoint_commander) by extension 'colcon_meta'
[1.350s] Level 1:colcon.colcon_core.package_identification:_identify(src/waypoint_commander/install/waypoint_commander) by extensions ['ros']
[1.350s] Level 1:colcon.colcon_core.package_identification:_identify(src/waypoint_commander/install/waypoint_commander) by extension 'ros'
[1.350s] Level 1:colcon.colcon_core.package_identification:_identify(src/waypoint_commander/install/waypoint_commander) by extensions ['cmake', 'python']
[1.350s] Level 1:colcon.colcon_core.package_identification:_identify(src/waypoint_commander/install/waypoint_commander) by extension 'cmake'
[1.350s] Level 1:colcon.colcon_core.package_identification:_identify(src/waypoint_commander/install/waypoint_commander) by extension 'python'
[1.350s] Level 1:colcon.colcon_core.package_identification:_identify(src/waypoint_commander/install/waypoint_commander) by extensions ['python_setup_py']
[1.350s] Level 1:colcon.colcon_core.package_identification:_identify(src/waypoint_commander/install/waypoint_commander) by extension 'python_setup_py'
[1.350s] Level 1:colcon.colcon_core.package_identification:_identify(src/waypoint_commander/install/waypoint_commander/lib) by extensions ['ignore', 'ignore_ament_install']
[1.350s] Level 1:colcon.colcon_core.package_identification:_identify(src/waypoint_commander/install/waypoint_commander/lib) by extension 'ignore'
[1.351s] Level 1:colcon.colcon_core.package_identification:_identify(src/waypoint_commander/install/waypoint_commander/lib) by extension 'ignore_ament_install'
[1.351s] Level 1:colcon.colcon_core.package_identification:_identify(src/waypoint_commander/install/waypoint_commander/lib) by extensions ['colcon_pkg']
[1.351s] Level 1:colcon.colcon_core.package_identification:_identify(src/waypoint_commander/install/waypoint_commander/lib) by extension 'colcon_pkg'
[1.351s] Level 1:colcon.colcon_core.package_identification:_identify(src/waypoint_commander/install/waypoint_commander/lib) by extensions ['colcon_meta']
[1.351s] Level 1:colcon.colcon_core.package_identification:_identify(src/waypoint_commander/install/waypoint_commander/lib) by extension 'colcon_meta'
[1.351s] Level 1:colcon.colcon_core.package_identification:_identify(src/waypoint_commander/install/waypoint_commander/lib) by extensions ['ros']
[1.351s] Level 1:colcon.colcon_core.package_identification:_identify(src/waypoint_commander/install/waypoint_commander/lib) by extension 'ros'
[1.351s] Level 1:colcon.colcon_core.package_identification:_identify(src/waypoint_commander/install/waypoint_commander/lib) by extensions ['cmake', 'python']
[1.351s] Level 1:colcon.colcon_core.package_identification:_identify(src/waypoint_commander/install/waypoint_commander/lib) by extension 'cmake'
[1.351s] Level 1:colcon.colcon_core.package_identification:_identify(src/waypoint_commander/install/waypoint_commander/lib) by extension 'python'
[1.351s] Level 1:colcon.colcon_core.package_identification:_identify(src/waypoint_commander/install/waypoint_commander/lib) by extensions ['python_setup_py']
[1.351s] Level 1:colcon.colcon_core.package_identification:_identify(src/waypoint_commander/install/waypoint_commander/lib) by extension 'python_setup_py'
[1.351s] Level 1:colcon.colcon_core.package_identification:_identify(src/waypoint_commander/install/waypoint_commander/lib/python3.10) by extensions ['ignore', 'ignore_ament_install']
[1.351s] Level 1:colcon.colcon_core.package_identification:_identify(src/waypoint_commander/install/waypoint_commander/lib/python3.10) by extension 'ignore'
[1.352s] Level 1:colcon.colcon_core.package_identification:_identify(src/waypoint_commander/install/waypoint_commander/lib/python3.10) by extension 'ignore_ament_install'
[1.352s] Level 1:colcon.colcon_core.package_identification:_identify(src/waypoint_commander/install/waypoint_commander/lib/python3.10) by extensions ['colcon_pkg']
[1.352s] Level 1:colcon.colcon_core.package_identification:_identify(src/waypoint_commander/install/waypoint_commander/lib/python3.10) by extension 'colcon_pkg'
[1.352s] Level 1:colcon.colcon_core.package_identification:_identify(src/waypoint_commander/install/waypoint_commander/lib/python3.10) by extensions ['colcon_meta']
[1.352s] Level 1:colcon.colcon_core.package_identification:_identify(src/waypoint_commander/install/waypoint_commander/lib/python3.10) by extension 'colcon_meta'
[1.352s] Level 1:colcon.colcon_core.package_identification:_identify(src/waypoint_commander/install/waypoint_commander/lib/python3.10) by extensions ['ros']
[1.352s] Level 1:colcon.colcon_core.package_identification:_identify(src/waypoint_commander/install/waypoint_commander/lib/python3.10) by extension 'ros'
[1.352s] Level 1:colcon.colcon_core.package_identification:_identify(src/waypoint_commander/install/waypoint_commander/lib/python3.10) by extensions ['cmake', 'python']
[1.352s] Level 1:colcon.colcon_core.package_identification:_identify(src/waypoint_commander/install/waypoint_commander/lib/python3.10) by extension 'cmake'
[1.352s] Level 1:colcon.colcon_core.package_identification:_identify(src/waypoint_commander/install/waypoint_commander/lib/python3.10) by extension 'python'
[1.352s] Level 1:colcon.colcon_core.package_identification:_identify(src/waypoint_commander/install/waypoint_commander/lib/python3.10) by extensions ['python_setup_py']
[1.352s] Level 1:colcon.colcon_core.package_identification:_identify(src/waypoint_commander/install/waypoint_commander/lib/python3.10) by extension 'python_setup_py'
[1.352s] Level 1:colcon.colcon_core.package_identification:_identify(src/waypoint_commander/install/waypoint_commander/lib/python3.10/site-packages) by extensions ['ignore', 'ignore_ament_install']
[1.353s] Level 1:colcon.colcon_core.package_identification:_identify(src/waypoint_commander/install/waypoint_commander/lib/python3.10/site-packages) by extension 'ignore'
[1.353s] Level 1:colcon.colcon_core.package_identification:_identify(src/waypoint_commander/install/waypoint_commander/lib/python3.10/site-packages) by extension 'ignore_ament_install'
[1.353s] Level 1:colcon.colcon_core.package_identification:_identify(src/waypoint_commander/install/waypoint_commander/lib/python3.10/site-packages) by extensions ['colcon_pkg']
[1.353s] Level 1:colcon.colcon_core.package_identification:_identify(src/waypoint_commander/install/waypoint_commander/lib/python3.10/site-packages) by extension 'colcon_pkg'
[1.353s] Level 1:colcon.colcon_core.package_identification:_identify(src/waypoint_commander/install/waypoint_commander/lib/python3.10/site-packages) by extensions ['colcon_meta']
[1.353s] Level 1:colcon.colcon_core.package_identification:_identify(src/waypoint_commander/install/waypoint_commander/lib/python3.10/site-packages) by extension 'colcon_meta'
[1.353s] Level 1:colcon.colcon_core.package_identification:_identify(src/waypoint_commander/install/waypoint_commander/lib/python3.10/site-packages) by extensions ['ros']
[1.353s] Level 1:colcon.colcon_core.package_identification:_identify(src/waypoint_commander/install/waypoint_commander/lib/python3.10/site-packages) by extension 'ros'
[1.353s] Level 1:colcon.colcon_core.package_identification:_identify(src/waypoint_commander/install/waypoint_commander/lib/python3.10/site-packages) by extensions ['cmake', 'python']
[1.353s] Level 1:colcon.colcon_core.package_identification:_identify(src/waypoint_commander/install/waypoint_commander/lib/python3.10/site-packages) by extension 'cmake'
[1.353s] Level 1:colcon.colcon_core.package_identification:_identify(src/waypoint_commander/install/waypoint_commander/lib/python3.10/site-packages) by extension 'python'
[1.353s] Level 1:colcon.colcon_core.package_identification:_identify(src/waypoint_commander/install/waypoint_commander/lib/python3.10/site-packages) by extensions ['python_setup_py']
[1.353s] Level 1:colcon.colcon_core.package_identification:_identify(src/waypoint_commander/install/waypoint_commander/lib/python3.10/site-packages) by extension 'python_setup_py'
[1.354s] Level 1:colcon.colcon_core.package_identification:_identify(src/waypoint_commander/install/waypoint_commander/lib/waypoint_commander) by extensions ['ignore', 'ignore_ament_install']
[1.354s] Level 1:colcon.colcon_core.package_identification:_identify(src/waypoint_commander/install/waypoint_commander/lib/waypoint_commander) by extension 'ignore'
[1.354s] Level 1:colcon.colcon_core.package_identification:_identify(src/waypoint_commander/install/waypoint_commander/lib/waypoint_commander) by extension 'ignore_ament_install'
[1.354s] Level 1:colcon.colcon_core.package_identification:_identify(src/waypoint_commander/install/waypoint_commander/lib/waypoint_commander) by extensions ['colcon_pkg']
[1.354s] Level 1:colcon.colcon_core.package_identification:_identify(src/waypoint_commander/install/waypoint_commander/lib/waypoint_commander) by extension 'colcon_pkg'
[1.355s] Level 1:colcon.colcon_core.package_identification:_identify(src/waypoint_commander/install/waypoint_commander/lib/waypoint_commander) by extensions ['colcon_meta']
[1.355s] Level 1:colcon.colcon_core.package_identification:_identify(src/waypoint_commander/install/waypoint_commander/lib/waypoint_commander) by extension 'colcon_meta'
[1.356s] Level 1:colcon.colcon_core.package_identification:_identify(src/waypoint_commander/install/waypoint_commander/lib/waypoint_commander) by extensions ['ros']
[1.356s] Level 1:colcon.colcon_core.package_identification:_identify(src/waypoint_commander/install/waypoint_commander/lib/waypoint_commander) by extension 'ros'
[1.356s] Level 1:colcon.colcon_core.package_identification:_identify(src/waypoint_commander/install/waypoint_commander/lib/waypoint_commander) by extensions ['cmake', 'python']
[1.356s] Level 1:colcon.colcon_core.package_identification:_identify(src/waypoint_commander/install/waypoint_commander/lib/waypoint_commander) by extension 'cmake'
[1.356s] Level 1:colcon.colcon_core.package_identification:_identify(src/waypoint_commander/install/waypoint_commander/lib/waypoint_commander) by extension 'python'
[1.357s] Level 1:colcon.colcon_core.package_identification:_identify(src/waypoint_commander/install/waypoint_commander/lib/waypoint_commander) by extensions ['python_setup_py']
[1.357s] Level 1:colcon.colcon_core.package_identification:_identify(src/waypoint_commander/install/waypoint_commander/lib/waypoint_commander) by extension 'python_setup_py'
[1.360s] Level 1:colcon.colcon_core.package_identification:_identify(src/waypoint_commander/waypoint_commander) by extensions ['ignore', 'ignore_ament_install']
[1.362s] Level 1:colcon.colcon_core.package_identification:_identify(src/waypoint_commander/waypoint_commander) by extension 'ignore'
[1.363s] Level 1:colcon.colcon_core.package_identification:_identify(src/waypoint_commander/waypoint_commander) by extension 'ignore_ament_install'
[1.363s] Level 1:colcon.colcon_core.package_identification:_identify(src/waypoint_commander/waypoint_commander) by extensions ['colcon_pkg']
[1.364s] Level 1:colcon.colcon_core.package_identification:_identify(src/waypoint_commander/waypoint_commander) by extension 'colcon_pkg'
[1.364s] Level 1:colcon.colcon_core.package_identification:_identify(src/waypoint_commander/waypoint_commander) by extensions ['colcon_meta']
[1.364s] Level 1:colcon.colcon_core.package_identification:_identify(src/waypoint_commander/waypoint_commander) by extension 'colcon_meta'
[1.364s] Level 1:colcon.colcon_core.package_identification:_identify(src/waypoint_commander/waypoint_commander) by extensions ['ros']
[1.364s] Level 1:colcon.colcon_core.package_identification:_identify(src/waypoint_commander/waypoint_commander) by extension 'ros'
[1.365s] Level 1:colcon.colcon_core.package_identification:_identify(src/waypoint_commander/waypoint_commander) by extensions ['cmake', 'python']
[1.365s] Level 1:colcon.colcon_core.package_identification:_identify(src/waypoint_commander/waypoint_commander) by extension 'cmake'
[1.365s] Level 1:colcon.colcon_core.package_identification:_identify(src/waypoint_commander/waypoint_commander) by extension 'python'
[1.365s] Level 1:colcon.colcon_core.package_identification:_identify(src/waypoint_commander/waypoint_commander) by extensions ['python_setup_py']
[1.365s] Level 1:colcon.colcon_core.package_identification:_identify(src/waypoint_commander/waypoint_commander) by extension 'python_setup_py'
[1.366s] Level 1:colcon.colcon_core.package_identification:_identify(src/waypoint_commander/waypoint_commander/__pycache__) by extensions ['ignore', 'ignore_ament_install']
[1.366s] Level 1:colcon.colcon_core.package_identification:_identify(src/waypoint_commander/waypoint_commander/__pycache__) by extension 'ignore'
[1.366s] Level 1:colcon.colcon_core.package_identification:_identify(src/waypoint_commander/waypoint_commander/__pycache__) by extension 'ignore_ament_install'
[1.366s] Level 1:colcon.colcon_core.package_identification:_identify(src/waypoint_commander/waypoint_commander/__pycache__) by extensions ['colcon_pkg']
[1.366s] Level 1:colcon.colcon_core.package_identification:_identify(src/waypoint_commander/waypoint_commander/__pycache__) by extension 'colcon_pkg'
[1.366s] Level 1:colcon.colcon_core.package_identification:_identify(src/waypoint_commander/waypoint_commander/__pycache__) by extensions ['colcon_meta']
[1.366s] Level 1:colcon.colcon_core.package_identification:_identify(src/waypoint_commander/waypoint_commander/__pycache__) by extension 'colcon_meta'
[1.366s] Level 1:colcon.colcon_core.package_identification:_identify(src/waypoint_commander/waypoint_commander/__pycache__) by extensions ['ros']
[1.366s] Level 1:colcon.colcon_core.package_identification:_identify(src/waypoint_commander/waypoint_commander/__pycache__) by extension 'ros'
[1.366s] Level 1:colcon.colcon_core.package_identification:_identify(src/waypoint_commander/waypoint_commander/__pycache__) by extensions ['cmake', 'python']
[1.366s] Level 1:colcon.colcon_core.package_identification:_identify(src/waypoint_commander/waypoint_commander/__pycache__) by extension 'cmake'
[1.367s] Level 1:colcon.colcon_core.package_identification:_identify(src/waypoint_commander/waypoint_commander/__pycache__) by extension 'python'
[1.367s] Level 1:colcon.colcon_core.package_identification:_identify(src/waypoint_commander/waypoint_commander/__pycache__) by extensions ['python_setup_py']
[1.367s] Level 1:colcon.colcon_core.package_identification:_identify(src/waypoint_commander/waypoint_commander/__pycache__) by extension 'python_setup_py'
[1.367s] Level 1:colcon.colcon_core.package_identification:_identify(tb3_controller) by extensions ['ignore', 'ignore_ament_install']
[1.367s] Level 1:colcon.colcon_core.package_identification:_identify(tb3_controller) by extension 'ignore'
[1.367s] Level 1:colcon.colcon_core.package_identification:_identify(tb3_controller) by extension 'ignore_ament_install'
[1.367s] Level 1:colcon.colcon_core.package_identification:_identify(tb3_controller) by extensions ['colcon_pkg']
[1.367s] Level 1:colcon.colcon_core.package_identification:_identify(tb3_controller) by extension 'colcon_pkg'
[1.367s] Level 1:colcon.colcon_core.package_identification:_identify(tb3_controller) by extensions ['colcon_meta']
[1.367s] Level 1:colcon.colcon_core.package_identification:_identify(tb3_controller) by extension 'colcon_meta'
[1.367s] Level 1:colcon.colcon_core.package_identification:_identify(tb3_controller) by extensions ['ros']
[1.367s] Level 1:colcon.colcon_core.package_identification:_identify(tb3_controller) by extension 'ros'
[1.369s] DEBUG:colcon.colcon_core.package_identification:Package 'tb3_controller' with type 'ros.ament_python' and name 'tb3_controller'
[1.370s] Level 1:colcon.colcon_core.package_identification:_identify(turtlebot_controller_pkg) by extensions ['ignore', 'ignore_ament_install']
[1.370s] Level 1:colcon.colcon_core.package_identification:_identify(turtlebot_controller_pkg) by extension 'ignore'
[1.370s] Level 1:colcon.colcon_core.package_identification:_identify(turtlebot_controller_pkg) by extension 'ignore_ament_install'
[1.370s] Level 1:colcon.colcon_core.package_identification:_identify(turtlebot_controller_pkg) by extensions ['colcon_pkg']
[1.371s] Level 1:colcon.colcon_core.package_identification:_identify(turtlebot_controller_pkg) by extension 'colcon_pkg'
[1.371s] Level 1:colcon.colcon_core.package_identification:_identify(turtlebot_controller_pkg) by extensions ['colcon_meta']
[1.371s] Level 1:colcon.colcon_core.package_identification:_identify(turtlebot_controller_pkg) by extension 'colcon_meta'
[1.371s] Level 1:colcon.colcon_core.package_identification:_identify(turtlebot_controller_pkg) by extensions ['ros']
[1.371s] Level 1:colcon.colcon_core.package_identification:_identify(turtlebot_controller_pkg) by extension 'ros'
[1.371s] Level 1:colcon.colcon_core.package_identification:_identify(turtlebot_controller_pkg) by extensions ['cmake', 'python']
[1.371s] Level 1:colcon.colcon_core.package_identification:_identify(turtlebot_controller_pkg) by extension 'cmake'
[1.371s] Level 1:colcon.colcon_core.package_identification:_identify(turtlebot_controller_pkg) by extension 'python'
[1.372s] Level 1:colcon.colcon_core.package_identification:_identify(turtlebot_controller_pkg) by extensions ['python_setup_py']
[1.372s] Level 1:colcon.colcon_core.package_identification:_identify(turtlebot_controller_pkg) by extension 'python_setup_py'
[1.372s] Level 1:colcon.colcon_core.package_identification:_identify(turtlebot_controller_pkg/turtlebot_controller_pkg) by extensions ['ignore', 'ignore_ament_install']
[1.372s] Level 1:colcon.colcon_core.package_identification:_identify(turtlebot_controller_pkg/turtlebot_controller_pkg) by extension 'ignore'
[1.372s] Level 1:colcon.colcon_core.package_identification:_identify(turtlebot_controller_pkg/turtlebot_controller_pkg) by extension 'ignore_ament_install'
[1.372s] Level 1:colcon.colcon_core.package_identification:_identify(turtlebot_controller_pkg/turtlebot_controller_pkg) by extensions ['colcon_pkg']
[1.372s] Level 1:colcon.colcon_core.package_identification:_identify(turtlebot_controller_pkg/turtlebot_controller_pkg) by extension 'colcon_pkg'
[1.372s] Level 1:colcon.colcon_core.package_identification:_identify(turtlebot_controller_pkg/turtlebot_controller_pkg) by extensions ['colcon_meta']
[1.372s] Level 1:colcon.colcon_core.package_identification:_identify(turtlebot_controller_pkg/turtlebot_controller_pkg) by extension 'colcon_meta'
[1.372s] Level 1:colcon.colcon_core.package_identification:_identify(turtlebot_controller_pkg/turtlebot_controller_pkg) by extensions ['ros']
[1.372s] Level 1:colcon.colcon_core.package_identification:_identify(turtlebot_controller_pkg/turtlebot_controller_pkg) by extension 'ros'
[1.372s] Level 1:colcon.colcon_core.package_identification:_identify(turtlebot_controller_pkg/turtlebot_controller_pkg) by extensions ['cmake', 'python']
[1.372s] Level 1:colcon.colcon_core.package_identification:_identify(turtlebot_controller_pkg/turtlebot_controller_pkg) by extension 'cmake'
[1.372s] Level 1:colcon.colcon_core.package_identification:_identify(turtlebot_controller_pkg/turtlebot_controller_pkg) by extension 'python'
[1.373s] Level 1:colcon.colcon_core.package_identification:_identify(turtlebot_controller_pkg/turtlebot_controller_pkg) by extensions ['python_setup_py']
[1.373s] Level 1:colcon.colcon_core.package_identification:_identify(turtlebot_controller_pkg/turtlebot_controller_pkg) by extension 'python_setup_py'
[1.373s] Level 1:colcon.colcon_core.package_identification:_identify(turtlebot_controller_pkg/turtlebot_controller_pkg/__pycache__) by extensions ['ignore', 'ignore_ament_install']
[1.373s] Level 1:colcon.colcon_core.package_identification:_identify(turtlebot_controller_pkg/turtlebot_controller_pkg/__pycache__) by extension 'ignore'
[1.373s] Level 1:colcon.colcon_core.package_identification:_identify(turtlebot_controller_pkg/turtlebot_controller_pkg/__pycache__) by extension 'ignore_ament_install'
[1.373s] Level 1:colcon.colcon_core.package_identification:_identify(turtlebot_controller_pkg/turtlebot_controller_pkg/__pycache__) by extensions ['colcon_pkg']
[1.373s] Level 1:colcon.colcon_core.package_identification:_identify(turtlebot_controller_pkg/turtlebot_controller_pkg/__pycache__) by extension 'colcon_pkg'
[1.373s] Level 1:colcon.colcon_core.package_identification:_identify(turtlebot_controller_pkg/turtlebot_controller_pkg/__pycache__) by extensions ['colcon_meta']
[1.373s] Level 1:colcon.colcon_core.package_identification:_identify(turtlebot_controller_pkg/turtlebot_controller_pkg/__pycache__) by extension 'colcon_meta'
[1.373s] Level 1:colcon.colcon_core.package_identification:_identify(turtlebot_controller_pkg/turtlebot_controller_pkg/__pycache__) by extensions ['ros']
[1.373s] Level 1:colcon.colcon_core.package_identification:_identify(turtlebot_controller_pkg/turtlebot_controller_pkg/__pycache__) by extension 'ros'
[1.373s] Level 1:colcon.colcon_core.package_identification:_identify(turtlebot_controller_pkg/turtlebot_controller_pkg/__pycache__) by extensions ['cmake', 'python']
[1.373s] Level 1:colcon.colcon_core.package_identification:_identify(turtlebot_controller_pkg/turtlebot_controller_pkg/__pycache__) by extension 'cmake'
[1.374s] Level 1:colcon.colcon_core.package_identification:_identify(turtlebot_controller_pkg/turtlebot_controller_pkg/__pycache__) by extension 'python'
[1.374s] Level 1:colcon.colcon_core.package_identification:_identify(turtlebot_controller_pkg/turtlebot_controller_pkg/__pycache__) by extensions ['python_setup_py']
[1.374s] Level 1:colcon.colcon_core.package_identification:_identify(turtlebot_controller_pkg/turtlebot_controller_pkg/__pycache__) by extension 'python_setup_py'
[1.374s] Level 1:colcon.colcon_core.package_discovery:discover_packages(recursive) using defaults
[1.374s] Level 1:colcon.colcon_core.package_discovery:discover_packages(ignore) discover
[1.374s] Level 1:colcon.colcon_core.package_discovery:discover_packages(ignore) using defaults
[1.374s] Level 1:colcon.colcon_core.package_discovery:discover_packages(path) discover
[1.374s] Level 1:colcon.colcon_core.package_discovery:discover_packages(path) using defaults
[1.504s] INFO:colcon.colcon_core.package_selection:Skipping not selected package 'turtlebot3_fake_node' in 'src/turtlebot3_simulations/turtlebot3_fake_node'
[1.505s] INFO:colcon.colcon_core.package_selection:Skipping not selected package 'turtlebot3_gazebo' in 'src/turtlebot3_simulations/turtlebot3_gazebo'
[1.505s] INFO:colcon.colcon_core.package_selection:Skipping not selected package 'turtlebot3_simulations' in 'src/turtlebot3_simulations/turtlebot3_simulations'
[1.506s] Level 1:colcon.colcon_core.package_discovery:discover_packages(prefix_path) check parameters
[1.506s] Level 1:colcon.colcon_core.package_discovery:discover_packages(prefix_path) discover
[1.511s] WARNING:colcon.colcon_ros.prefix_path.ament:The path '/home/johnson/METR4202/install/python_parameters' in the environment variable AMENT_PREFIX_PATH doesn't exist
[1.512s] WARNING:colcon.colcon_ros.prefix_path.ament:The path '/home/johnson/METR4202/install/py_launch_example' in the environment variable AMENT_PREFIX_PATH doesn't exist
[1.513s] WARNING:colcon.colcon_ros.prefix_path.ament:The path '/home/johnson/METR4202/install/launch_tutorial' in the environment variable AMENT_PREFIX_PATH doesn't exist
[1.514s] WARNING:colcon.colcon_ros.prefix_path.ament:The path '/home/johnson/METR4202/install/action_tutorials_interfaces' in the environment variable AMENT_PREFIX_PATH doesn't exist
[1.518s] WARNING:colcon.colcon_ros.prefix_path.catkin:The path '/home/johnson/METR4202/install/action_tutorials_interfaces' in the environment variable CMAKE_PREFIX_PATH doesn't exist
[1.522s] DEBUG:colcon.colcon_installed_package_information.package_discovery:Found 1 installed packages in /home/johnson/METR4202/install
[1.524s] DEBUG:colcon.colcon_installed_package_information.package_discovery:Found 3 installed packages in /home/johnson/turtlebot3_ws/install
[1.537s] DEBUG:colcon.colcon_installed_package_information.package_discovery:Found 386 installed packages in /opt/ros/humble
[1.541s] Level 1:colcon.colcon_core.package_discovery:discover_packages(prefix_path) using defaults
[1.899s] Level 5:colcon.colcon_core.verb:set package 'tb3_controller' build argument 'cmake_args' from command line to 'None'
[1.899s] Level 5:colcon.colcon_core.verb:set package 'tb3_controller' build argument 'cmake_target' from command line to 'None'
[1.899s] Level 5:colcon.colcon_core.verb:set package 'tb3_controller' build argument 'cmake_target_skip_unavailable' from command line to 'False'
[1.899s] Level 5:colcon.colcon_core.verb:set package 'tb3_controller' build argument 'cmake_clean_cache' from command line to 'False'
[1.899s] Level 5:colcon.colcon_core.verb:set package 'tb3_controller' build argument 'cmake_clean_first' from command line to 'False'
[1.899s] Level 5:colcon.colcon_core.verb:set package 'tb3_controller' build argument 'cmake_force_configure' from command line to 'False'
[1.899s] Level 5:colcon.colcon_core.verb:set package 'tb3_controller' build argument 'ament_cmake_args' from command line to 'None'
[1.900s] Level 5:colcon.colcon_core.verb:set package 'tb3_controller' build argument 'catkin_cmake_args' from command line to 'None'
[1.900s] Level 5:colcon.colcon_core.verb:set package 'tb3_controller' build argument 'catkin_skip_building_tests' from command line to 'False'
[1.900s] DEBUG:colcon.colcon_core.verb:Building package 'tb3_controller' with the following arguments: {'ament_cmake_args': None, 'build_base': '/home/johnson/METR4202/build/tb3_controller', 'catkin_cmake_args': None, 'catkin_skip_building_tests': False, 'cmake_args': None, 'cmake_clean_cache': False, 'cmake_clean_first': False, 'cmake_force_configure': False, 'cmake_target': None, 'cmake_target_skip_unavailable': False, 'install_base': '/home/johnson/METR4202/install/tb3_controller', 'merge_install': False, 'path': '/home/johnson/METR4202/tb3_controller', 'symlink_install': False, 'test_result_base': None}
[1.902s] INFO:colcon.colcon_core.executor:Executing jobs using 'parallel' executor
[1.909s] DEBUG:colcon.colcon_parallel_executor.executor.parallel:run_until_complete
[1.917s] INFO:colcon.colcon_ros.task.ament_python.build:Building ROS package in '/home/johnson/METR4202/tb3_controller' with build type 'ament_python'
[1.917s] Level 1:colcon.colcon_core.shell:create_environment_hook('tb3_controller', 'ament_prefix_path')
[1.931s] INFO:colcon.colcon_core.plugin_system:Skipping extension 'colcon_core.shell.bat': Not used on non-Windows systems
[1.931s] INFO:colcon.colcon_core.shell:Creating environment hook '/home/johnson/METR4202/install/tb3_controller/share/tb3_controller/hook/ament_prefix_path.ps1'
[1.941s] INFO:colcon.colcon_core.shell:Creating environment descriptor '/home/johnson/METR4202/install/tb3_controller/share/tb3_controller/hook/ament_prefix_path.dsv'
[1.943s] INFO:colcon.colcon_core.shell:Creating environment hook '/home/johnson/METR4202/install/tb3_controller/share/tb3_controller/hook/ament_prefix_path.sh'
[1.946s] INFO:colcon.colcon_core.shell:Skip shell extension 'powershell' for command environment: Not usable outside of PowerShell
[1.947s] DEBUG:colcon.colcon_core.shell:Skip shell extension 'dsv' for command environment
[2.718s] INFO:colcon.colcon_core.task.python.build:Building Python package in '/home/johnson/METR4202/tb3_controller'
[2.721s] INFO:colcon.colcon_core.shell:Skip shell extension 'powershell' for command environment: Not usable outside of PowerShell
[2.721s] DEBUG:colcon.colcon_core.shell:Skip shell extension 'dsv' for command environment
[3.728s] DEBUG:colcon.colcon_core.event_handler.log_command:Invoking command in '/home/johnson/METR4202/tb3_controller': PYTHONPATH=/home/johnson/METR4202/build/tb3_controller/prefix_override:/home/johnson/METR4202/install/tb3_controller/lib/python3.10/site-packages:${PYTHONPATH} /usr/bin/python3 setup.py egg_info --egg-base ../build/tb3_controller build --build-base /home/johnson/METR4202/build/tb3_controller/build install --record /home/johnson/METR4202/build/tb3_controller/install.log --single-version-externally-managed
[5.066s] Level 1:colcon.colcon_core.environment:checking '/home/johnson/METR4202/install/tb3_controller' for CMake module files
[5.067s] Level 1:colcon.colcon_core.environment:checking '/home/johnson/METR4202/install/tb3_controller' for CMake config files
[5.068s] Level 1:colcon.colcon_core.environment:checking '/home/johnson/METR4202/install/tb3_controller/lib'
[5.068s] DEBUG:colcon.colcon_core.event_handler.log_command:Invoked command in '/home/johnson/METR4202/tb3_controller' returned '0': PYTHONPATH=/home/johnson/METR4202/build/tb3_controller/prefix_override:/home/johnson/METR4202/install/tb3_controller/lib/python3.10/site-packages:${PYTHONPATH} /usr/bin/python3 setup.py egg_info --egg-base ../build/tb3_controller build --build-base /home/johnson/METR4202/build/tb3_controller/build install --record /home/johnson/METR4202/build/tb3_controller/install.log --single-version-externally-managed
[5.081s] Level 1:colcon.colcon_core.environment:checking '/home/johnson/METR4202/install/tb3_controller/bin'
[5.081s] Level 1:colcon.colcon_core.environment:checking '/home/johnson/METR4202/install/tb3_controller/lib/pkgconfig/tb3_controller.pc'
[5.082s] Level 1:colcon.colcon_core.environment:checking '/home/johnson/METR4202/install/tb3_controller/lib/python3.10/site-packages'
[5.082s] Level 1:colcon.colcon_core.shell:create_environment_hook('tb3_controller', 'pythonpath')
[5.084s] INFO:colcon.colcon_core.shell:Creating environment hook '/home/johnson/METR4202/install/tb3_controller/share/tb3_controller/hook/pythonpath.ps1'
[5.085s] INFO:colcon.colcon_core.shell:Creating environment descriptor '/home/johnson/METR4202/install/tb3_controller/share/tb3_controller/hook/pythonpath.dsv'
[5.086s] INFO:colcon.colcon_core.shell:Creating environment hook '/home/johnson/METR4202/install/tb3_controller/share/tb3_controller/hook/pythonpath.sh'
[5.088s] Level 1:colcon.colcon_core.environment:checking '/home/johnson/METR4202/install/tb3_controller/bin'
[5.088s] Level 1:colcon.colcon_core.environment:create_environment_scripts_only(tb3_controller)
[5.092s] INFO:colcon.colcon_core.shell:Creating package script '/home/johnson/METR4202/install/tb3_controller/share/tb3_controller/package.ps1'
[5.094s] INFO:colcon.colcon_core.shell:Creating package descriptor '/home/johnson/METR4202/install/tb3_controller/share/tb3_controller/package.dsv'
[5.095s] INFO:colcon.colcon_core.shell:Creating package script '/home/johnson/METR4202/install/tb3_controller/share/tb3_controller/package.sh'
[5.097s] INFO:colcon.colcon_core.shell:Creating package script '/home/johnson/METR4202/install/tb3_controller/share/tb3_controller/package.bash'
[5.098s] INFO:colcon.colcon_core.shell:Creating package script '/home/johnson/METR4202/install/tb3_controller/share/tb3_controller/package.zsh'
[5.100s] Level 1:colcon.colcon_core.environment:create_file_with_runtime_dependencies(/home/johnson/METR4202/install/tb3_controller/share/colcon-core/packages/tb3_controller)
[5.101s] DEBUG:colcon.colcon_parallel_executor.executor.parallel:closing loop
[5.102s] DEBUG:colcon.colcon_parallel_executor.executor.parallel:loop closed
[5.102s] DEBUG:colcon.colcon_parallel_executor.executor.parallel:run_until_complete finished with '0'
[5.102s] DEBUG:colcon.colcon_core.event_reactor:joining thread
[5.205s] INFO:colcon.colcon_core.plugin_system:Skipping extension 'colcon_notification.desktop_notification.notify_send': Could not find 'notify-send'
[5.205s] INFO:colcon.colcon_core.plugin_system:Skipping extension 'colcon_notification.desktop_notification.terminal_notifier': Not used on non-Darwin systems
[5.206s] INFO:colcon.colcon_core.plugin_system:Skipping extension 'colcon_notification.desktop_notification.win32': Not used on non-Windows systems
[5.206s] INFO:colcon.colcon_notification.desktop_notification:Sending desktop notification using 'notify2'
[5.208s] DEBUG:colcon.colcon_notification.desktop_notification.notify2:Failed to initialize notify2: org.freedesktop.DBus.Error.ServiceUnknown: The name org.freedesktop.Notifications was not provided by any .service files
[5.208s] DEBUG:colcon.colcon_core.event_reactor:joined thread
[5.210s] INFO:colcon.colcon_core.shell:Creating prefix script '/home/johnson/METR4202/install/local_setup.ps1'
[5.213s] INFO:colcon.colcon_core.shell:Creating prefix util module '/home/johnson/METR4202/install/_local_setup_util_ps1.py'
[5.219s] INFO:colcon.colcon_core.shell:Creating prefix chain script '/home/johnson/METR4202/install/setup.ps1'
[5.223s] INFO:colcon.colcon_core.shell:Creating prefix script '/home/johnson/METR4202/install/local_setup.sh'
[5.224s] INFO:colcon.colcon_core.shell:Creating prefix util module '/home/johnson/METR4202/install/_local_setup_util_sh.py'
[5.225s] INFO:colcon.colcon_core.shell:Creating prefix chain script '/home/johnson/METR4202/install/setup.sh'
[5.228s] INFO:colcon.colcon_core.shell:Creating prefix script '/home/johnson/METR4202/install/local_setup.bash'
[5.230s] INFO:colcon.colcon_core.shell:Creating prefix chain script '/home/johnson/METR4202/install/setup.bash'
[5.234s] INFO:colcon.colcon_core.shell:Creating prefix script '/home/johnson/METR4202/install/local_setup.zsh'
[5.235s] INFO:colcon.colcon_core.shell:Creating prefix chain script '/home/johnson/METR4202/install/setup.zsh'
