[4.942s] Invoking command in '/home/johnson/METR4202/tb3_controller': PYTHONPATH=/home/johnson/METR4202/build/tb3_controller/prefix_override:/home/johnson/METR4202/install/tb3_controller/lib/python3.10/site-packages:${PYTHONPATH} /usr/bin/python3 setup.py egg_info --egg-base ../build/tb3_controller build --build-base /home/johnson/METR4202/build/tb3_controller/build install --record /home/johnson/METR4202/build/tb3_controller/install.log --single-version-externally-managed
[5.777s] running egg_info
[5.782s] writing ../build/tb3_controller/tb3_controller.egg-info/PKG-INFO
[5.797s] writing dependency_links to ../build/tb3_controller/tb3_controller.egg-info/dependency_links.txt
[5.801s] writing entry points to ../build/tb3_controller/tb3_controller.egg-info/entry_points.txt
[5.805s] writing requirements to ../build/tb3_controller/tb3_controller.egg-info/requires.txt
[5.806s] writing top-level names to ../build/tb3_controller/tb3_controller.egg-info/top_level.txt
[5.820s] reading manifest file '../build/tb3_controller/tb3_controller.egg-info/SOURCES.txt'
[5.825s] writing manifest file '../build/tb3_controller/tb3_controller.egg-info/SOURCES.txt'
[5.827s] running build
[5.827s] running build_py
[5.833s] copying tb3_controller/turtlebot_brain.py -> /home/johnson/METR4202/build/tb3_controller/build/lib/tb3_controller
[5.841s] running install
[5.845s] /usr/lib/python3/dist-packages/setuptools/command/install.py:34: SetuptoolsDeprecationWarning: setup.py install is deprecated. Use build and pip and other standards-based tools.
[5.845s]   warnings.warn(
[5.850s] running install_lib
[5.853s] copying /home/johnson/METR4202/build/tb3_controller/build/lib/tb3_controller/turtlebot_brain.py -> /home/johnson/METR4202/install/tb3_controller/lib/python3.10/site-packages/tb3_controller
[5.862s] byte-compiling /home/johnson/METR4202/install/tb3_controller/lib/python3.10/site-packages/tb3_controller/turtlebot_brain.py to turtlebot_brain.cpython-310.pyc
[5.867s] running install_data
[5.877s] running install_egg_info
[5.886s] removing '/home/johnson/METR4202/install/tb3_controller/lib/python3.10/site-packages/tb3_controller-0.0.0-py3.10.egg-info' (and everything under it)
[5.889s] Copying ../build/tb3_controller/tb3_controller.egg-info to /home/johnson/METR4202/install/tb3_controller/lib/python3.10/site-packages/tb3_controller-0.0.0-py3.10.egg-info
[5.912s] running install_scripts
[5.980s] Installing turtlebot_brain script to /home/johnson/METR4202/install/tb3_controller/lib/tb3_controller
[5.987s] writing list of installed files to '/home/johnson/METR4202/build/tb3_controller/install.log'
[6.119s] Invoked command in '/home/johnson/METR4202/tb3_controller' returned '0': PYTHONPATH=/home/johnson/METR4202/build/tb3_controller/prefix_override:/home/johnson/METR4202/install/tb3_controller/lib/python3.10/site-packages:${PYTHONPATH} /usr/bin/python3 setup.py egg_info --egg-base ../build/tb3_controller build --build-base /home/johnson/METR4202/build/tb3_controller/build install --record /home/johnson/METR4202/build/tb3_controller/install.log --single-version-externally-managed
