[3.090s] DEBUG:colcon:Command line arguments: ['/usr/bin/colcon', 'build', '--packages-select', 'tb3_controller']
[3.091s] DEBUG:colcon:Parsed command line arguments: Namespace(log_base=None, log_level=None, verb_name='build', build_base='build', install_base='install', merge_install=False, symlink_install=False, test_result_base=None, continue_on_error=False, executor='parallel', parallel_workers=8, event_handlers=None, ignore_user_meta=False, metas=['./colcon.meta'], base_paths=['.'], packages_ignore=None, packages_ignore_regex=None, paths=None, packages_up_to=None, packages_up_to_regex=None, packages_above=None, packages_above_and_dependencies=None, packages_above_depth=None, packages_select_by_dep=None, packages_skip_by_dep=None, packages_skip_up_to=None, packages_select_build_failed=False, packages_skip_build_finished=False, packages_select_test_failures=False, packages_skip_test_passed=False, packages_select=['tb3_controller'], packages_skip=None, packages_select_regex=None, packages_skip_regex=None, packages_start=None, packages_end=None, allow_overriding=[], cmake_args=None, cmake_target=None, cmake_target_skip_unavailable=False, cmake_clean_cache=False, cmake_clean_first=False, cmake_force_configure=False, ament_cmake_args=None, catkin_cmake_args=None, catkin_skip_building_tests=False, verb_parser=<colcon_defaults.argument_parser.defaults.DefaultArgumentsDecorator object at 0x7f4cb52d69b0>, verb_extension=<colcon_core.verb.build.BuildVerb object at 0x7f4cb52d6440>, main=<bound method BuildVerb.main of <colcon_core.verb.build.BuildVerb object at 0x7f4cb52d6440>>)
[3.265s] Level 1:colcon.colcon_core.package_discovery:discover_packages(colcon_meta) check parameters
[3.265s] Level 1:colcon.colcon_core.package_discovery:discover_packages(recursive) check parameters
[3.266s] Level 1:colcon.colcon_core.package_discovery:discover_packages(ignore) check parameters
[3.266s] Level 1:colcon.colcon_core.package_discovery:discover_packages(path) check parameters
[3.266s] Level 1:colcon.colcon_core.package_discovery:discover_packages(colcon_meta) discover
[3.267s] Level 1:colcon.colcon_core.package_discovery:discover_packages(recursive) discover
[3.267s] INFO:colcon.colcon_core.package_discovery:Crawling recursively for packages in '/home/isaiah/metr4202_ws/src/tb3_controller'
[3.268s] Level 1:colcon.colcon_core.package_identification:_identify(.) by extensions ['ignore', 'ignore_ament_install']
[3.269s] Level 1:colcon.colcon_core.package_identification:_identify(.) by extension 'ignore'
[3.269s] Level 1:colcon.colcon_core.package_identification:_identify(.) by extension 'ignore_ament_install'
[3.269s] Level 1:colcon.colcon_core.package_identification:_identify(.) by extensions ['colcon_pkg']
[3.274s] Level 1:colcon.colcon_core.package_identification:_identify(.) by extension 'colcon_pkg'
[3.274s] Level 1:colcon.colcon_core.package_identification:_identify(.) by extensions ['colcon_meta']
[3.274s] Level 1:colcon.colcon_core.package_identification:_identify(.) by extension 'colcon_meta'
[3.275s] Level 1:colcon.colcon_core.package_identification:_identify(.) by extensions ['ros']
[3.275s] Level 1:colcon.colcon_core.package_identification:_identify(.) by extension 'ros'
[3.372s] DEBUG:colcon.colcon_core.package_identification:Package '.' with type 'ros.ament_python' and name 'tb3_controller'
[3.372s] Level 1:colcon.colcon_core.package_discovery:discover_packages(recursive) using defaults
[3.372s] Level 1:colcon.colcon_core.package_discovery:discover_packages(ignore) discover
[3.372s] Level 1:colcon.colcon_core.package_discovery:discover_packages(ignore) using defaults
[3.373s] Level 1:colcon.colcon_core.package_discovery:discover_packages(path) discover
[3.373s] Level 1:colcon.colcon_core.package_discovery:discover_packages(path) using defaults
[3.573s] Level 1:colcon.colcon_core.package_discovery:discover_packages(prefix_path) check parameters
[3.573s] Level 1:colcon.colcon_core.package_discovery:discover_packages(prefix_path) discover
[3.598s] DEBUG:colcon.colcon_installed_package_information.package_discovery:Found 1 installed packages in /home/isaiah/metr4202_ws/src/tb3_controller/install
[3.605s] DEBUG:colcon.colcon_installed_package_information.package_discovery:Found 1 installed packages in /home/isaiah/metr4202_ws/src/install
[3.616s] DEBUG:colcon.colcon_installed_package_information.package_discovery:Found 11 installed packages in /home/isaiah/metr4202_ws/install
[3.636s] DEBUG:colcon.colcon_installed_package_information.package_discovery:Found 389 installed packages in /opt/ros/humble
[3.668s] Level 1:colcon.colcon_core.package_discovery:discover_packages(prefix_path) using defaults
[4.373s] Level 5:colcon.colcon_core.verb:set package 'tb3_controller' build argument 'cmake_args' from command line to 'None'
[4.373s] Level 5:colcon.colcon_core.verb:set package 'tb3_controller' build argument 'cmake_target' from command line to 'None'
[4.373s] Level 5:colcon.colcon_core.verb:set package 'tb3_controller' build argument 'cmake_target_skip_unavailable' from command line to 'False'
[4.374s] Level 5:colcon.colcon_core.verb:set package 'tb3_controller' build argument 'cmake_clean_cache' from command line to 'False'
[4.374s] Level 5:colcon.colcon_core.verb:set package 'tb3_controller' build argument 'cmake_clean_first' from command line to 'False'
[4.374s] Level 5:colcon.colcon_core.verb:set package 'tb3_controller' build argument 'cmake_force_configure' from command line to 'False'
[4.374s] Level 5:colcon.colcon_core.verb:set package 'tb3_controller' build argument 'ament_cmake_args' from command line to 'None'
[4.374s] Level 5:colcon.colcon_core.verb:set package 'tb3_controller' build argument 'catkin_cmake_args' from command line to 'None'
[4.375s] Level 5:colcon.colcon_core.verb:set package 'tb3_controller' build argument 'catkin_skip_building_tests' from command line to 'False'
[4.375s] DEBUG:colcon.colcon_core.verb:Building package 'tb3_controller' with the following arguments: {'ament_cmake_args': None, 'build_base': '/home/isaiah/metr4202_ws/src/tb3_controller/build/tb3_controller', 'catkin_cmake_args': None, 'catkin_skip_building_tests': False, 'cmake_args': None, 'cmake_clean_cache': False, 'cmake_clean_first': False, 'cmake_force_configure': False, 'cmake_target': None, 'cmake_target_skip_unavailable': False, 'install_base': '/home/isaiah/metr4202_ws/src/tb3_controller/install/tb3_controller', 'merge_install': False, 'path': '/home/isaiah/metr4202_ws/src/tb3_controller', 'symlink_install': False, 'test_result_base': None}
[4.381s] INFO:colcon.colcon_core.executor:Executing jobs using 'parallel' executor
[4.423s] DEBUG:colcon.colcon_parallel_executor.executor.parallel:run_until_complete
[4.424s] INFO:colcon.colcon_ros.task.ament_python.build:Building ROS package in '/home/isaiah/metr4202_ws/src/tb3_controller' with build type 'ament_python'
[4.425s] Level 1:colcon.colcon_core.shell:create_environment_hook('tb3_controller', 'ament_prefix_path')
[4.471s] INFO:colcon.colcon_core.plugin_system:Skipping extension 'colcon_core.shell.bat': Not used on non-Windows systems
[4.473s] INFO:colcon.colcon_core.shell:Creating environment hook '/home/isaiah/metr4202_ws/src/tb3_controller/install/tb3_controller/share/tb3_controller/hook/ament_prefix_path.ps1'
[4.485s] INFO:colcon.colcon_core.shell:Creating environment descriptor '/home/isaiah/metr4202_ws/src/tb3_controller/install/tb3_controller/share/tb3_controller/hook/ament_prefix_path.dsv'
[4.489s] INFO:colcon.colcon_core.shell:Creating environment hook '/home/isaiah/metr4202_ws/src/tb3_controller/install/tb3_controller/share/tb3_controller/hook/ament_prefix_path.sh'
[4.506s] INFO:colcon.colcon_core.shell:Skip shell extension 'powershell' for command environment: Not usable outside of PowerShell
[4.506s] DEBUG:colcon.colcon_core.shell:Skip shell extension 'dsv' for command environment
[6.737s] INFO:colcon.colcon_core.task.python.build:Building Python package in '/home/isaiah/metr4202_ws/src/tb3_controller'
[6.749s] INFO:colcon.colcon_core.shell:Skip shell extension 'powershell' for command environment: Not usable outside of PowerShell
[6.750s] DEBUG:colcon.colcon_core.shell:Skip shell extension 'dsv' for command environment
[9.720s] DEBUG:colcon.colcon_core.event_handler.log_command:Invoking command in '/home/isaiah/metr4202_ws/src/tb3_controller': PYTHONPATH=/home/isaiah/metr4202_ws/src/tb3_controller/build/tb3_controller/prefix_override:/home/isaiah/metr4202_ws/src/tb3_controller/install/tb3_controller/lib/python3.10/site-packages:${PYTHONPATH} /usr/bin/python3 setup.py egg_info --egg-base build/tb3_controller build --build-base /home/isaiah/metr4202_ws/src/tb3_controller/build/tb3_controller/build install --record /home/isaiah/metr4202_ws/src/tb3_controller/build/tb3_controller/install.log --single-version-externally-managed
[12.259s] DEBUG:colcon.colcon_core.event_handler.log_command:Invoked command in '/home/isaiah/metr4202_ws/src/tb3_controller' returned '0': PYTHONPATH=/home/isaiah/metr4202_ws/src/tb3_controller/build/tb3_controller/prefix_override:/home/isaiah/metr4202_ws/src/tb3_controller/install/tb3_controller/lib/python3.10/site-packages:${PYTHONPATH} /usr/bin/python3 setup.py egg_info --egg-base build/tb3_controller build --build-base /home/isaiah/metr4202_ws/src/tb3_controller/build/tb3_controller/build install --record /home/isaiah/metr4202_ws/src/tb3_controller/build/tb3_controller/install.log --single-version-externally-managed
[12.287s] Level 1:colcon.colcon_core.environment:checking '/home/isaiah/metr4202_ws/src/tb3_controller/install/tb3_controller' for CMake module files
[12.290s] Level 1:colcon.colcon_core.environment:checking '/home/isaiah/metr4202_ws/src/tb3_controller/install/tb3_controller' for CMake config files
[12.294s] Level 1:colcon.colcon_core.environment:checking '/home/isaiah/metr4202_ws/src/tb3_controller/install/tb3_controller/lib'
[12.295s] Level 1:colcon.colcon_core.environment:checking '/home/isaiah/metr4202_ws/src/tb3_controller/install/tb3_controller/bin'
[12.295s] Level 1:colcon.colcon_core.environment:checking '/home/isaiah/metr4202_ws/src/tb3_controller/install/tb3_controller/lib/pkgconfig/tb3_controller.pc'
[12.296s] Level 1:colcon.colcon_core.environment:checking '/home/isaiah/metr4202_ws/src/tb3_controller/install/tb3_controller/lib/python3.10/site-packages'
[12.297s] Level 1:colcon.colcon_core.shell:create_environment_hook('tb3_controller', 'pythonpath')
[12.307s] INFO:colcon.colcon_core.shell:Creating environment hook '/home/isaiah/metr4202_ws/src/tb3_controller/install/tb3_controller/share/tb3_controller/hook/pythonpath.ps1'
[12.309s] INFO:colcon.colcon_core.shell:Creating environment descriptor '/home/isaiah/metr4202_ws/src/tb3_controller/install/tb3_controller/share/tb3_controller/hook/pythonpath.dsv'
[12.311s] INFO:colcon.colcon_core.shell:Creating environment hook '/home/isaiah/metr4202_ws/src/tb3_controller/install/tb3_controller/share/tb3_controller/hook/pythonpath.sh'
[12.316s] Level 1:colcon.colcon_core.environment:checking '/home/isaiah/metr4202_ws/src/tb3_controller/install/tb3_controller/bin'
[12.316s] Level 1:colcon.colcon_core.environment:create_environment_scripts_only(tb3_controller)
[12.329s] INFO:colcon.colcon_core.shell:Creating package script '/home/isaiah/metr4202_ws/src/tb3_controller/install/tb3_controller/share/tb3_controller/package.ps1'
[12.336s] INFO:colcon.colcon_core.shell:Creating package descriptor '/home/isaiah/metr4202_ws/src/tb3_controller/install/tb3_controller/share/tb3_controller/package.dsv'
[12.339s] INFO:colcon.colcon_core.shell:Creating package script '/home/isaiah/metr4202_ws/src/tb3_controller/install/tb3_controller/share/tb3_controller/package.sh'
[12.347s] INFO:colcon.colcon_core.shell:Creating package script '/home/isaiah/metr4202_ws/src/tb3_controller/install/tb3_controller/share/tb3_controller/package.bash'
[12.355s] INFO:colcon.colcon_core.shell:Creating package script '/home/isaiah/metr4202_ws/src/tb3_controller/install/tb3_controller/share/tb3_controller/package.zsh'
[12.359s] Level 1:colcon.colcon_core.environment:create_file_with_runtime_dependencies(/home/isaiah/metr4202_ws/src/tb3_controller/install/tb3_controller/share/colcon-core/packages/tb3_controller)
[12.361s] DEBUG:colcon.colcon_parallel_executor.executor.parallel:closing loop
[12.372s] DEBUG:colcon.colcon_parallel_executor.executor.parallel:loop closed
[12.372s] DEBUG:colcon.colcon_parallel_executor.executor.parallel:run_until_complete finished with '0'
[12.373s] DEBUG:colcon.colcon_core.event_reactor:joining thread
[12.411s] INFO:colcon.colcon_core.plugin_system:Skipping extension 'colcon_notification.desktop_notification.terminal_notifier': Not used on non-Darwin systems
[12.411s] INFO:colcon.colcon_core.plugin_system:Skipping extension 'colcon_notification.desktop_notification.win32': Not used on non-Windows systems
[12.411s] INFO:colcon.colcon_notification.desktop_notification:Sending desktop notification using 'notify2'
[12.540s] DEBUG:colcon.colcon_core.event_reactor:joined thread
[12.556s] INFO:colcon.colcon_core.shell:Creating prefix script '/home/isaiah/metr4202_ws/src/tb3_controller/install/local_setup.ps1'
[12.569s] INFO:colcon.colcon_core.shell:Creating prefix util module '/home/isaiah/metr4202_ws/src/tb3_controller/install/_local_setup_util_ps1.py'
[12.580s] INFO:colcon.colcon_core.shell:Creating prefix chain script '/home/isaiah/metr4202_ws/src/tb3_controller/install/setup.ps1'
[12.593s] INFO:colcon.colcon_core.shell:Creating prefix script '/home/isaiah/metr4202_ws/src/tb3_controller/install/local_setup.sh'
[12.597s] INFO:colcon.colcon_core.shell:Creating prefix util module '/home/isaiah/metr4202_ws/src/tb3_controller/install/_local_setup_util_sh.py'
[12.604s] INFO:colcon.colcon_core.shell:Creating prefix chain script '/home/isaiah/metr4202_ws/src/tb3_controller/install/setup.sh'
[12.617s] INFO:colcon.colcon_core.shell:Creating prefix script '/home/isaiah/metr4202_ws/src/tb3_controller/install/local_setup.bash'
[12.620s] INFO:colcon.colcon_core.shell:Creating prefix chain script '/home/isaiah/metr4202_ws/src/tb3_controller/install/setup.bash'
[12.634s] INFO:colcon.colcon_core.shell:Creating prefix script '/home/isaiah/metr4202_ws/src/tb3_controller/install/local_setup.zsh'
[12.637s] INFO:colcon.colcon_core.shell:Creating prefix chain script '/home/isaiah/metr4202_ws/src/tb3_controller/install/setup.zsh'
