[2.124s] Invoking command in '/home/johnson/METR4202': PYTHONPATH=/home/johnson/METR4202/build/tb3_controller/prefix_override:/home/johnson/METR4202/install/tb3_controller/lib/python3.10/site-packages:${PYTHONPATH} /usr/bin/python3 setup.py egg_info --egg-base build/tb3_controller build --build-base /home/johnson/METR4202/build/tb3_controller/build install --record /home/johnson/METR4202/build/tb3_controller/install.log --single-version-externally-managed
[3.030s] running egg_info
[3.032s] writing build/tb3_controller/tb3_controller.egg-info/PKG-INFO
[3.033s] writing dependency_links to build/tb3_controller/tb3_controller.egg-info/dependency_links.txt
[3.033s] writing entry points to build/tb3_controller/tb3_controller.egg-info/entry_points.txt
[3.034s] writing requirements to build/tb3_controller/tb3_controller.egg-info/requires.txt
[3.034s] writing top-level names to build/tb3_controller/tb3_controller.egg-info/top_level.txt
[3.037s] reading manifest file 'build/tb3_controller/tb3_controller.egg-info/SOURCES.txt'
[3.074s] writing manifest file 'build/tb3_controller/tb3_controller.egg-info/SOURCES.txt'
[3.076s] running build
[3.077s] running build_py
[3.079s] copying tb3_controller/turtlebot_brain.py -> /home/johnson/METR4202/build/tb3_controller/build/lib/tb3_controller
[3.082s] running install
[3.086s] /usr/lib/python3/dist-packages/setuptools/command/install.py:34: SetuptoolsDeprecationWarning: setup.py install is deprecated. Use build and pip and other standards-based tools.
[3.086s]   warnings.warn(
[3.087s] running install_lib
[3.088s] copying /home/johnson/METR4202/build/tb3_controller/build/lib/tb3_controller/turtlebot_brain.py -> /home/johnson/METR4202/install/tb3_controller/lib/python3.10/site-packages/tb3_controller
[3.089s] byte-compiling /home/johnson/METR4202/install/tb3_controller/lib/python3.10/site-packages/tb3_controller/turtlebot_brain.py to turtlebot_brain.cpython-310.pyc
[3.121s] /home/johnson/METR4202/install/tb3_controller/lib/python3.10/site-packages/tb3_controller/turtlebot_brain.py:542: SyntaxWarning: "is not" with a literal. Did you mean "!="?
[3.122s]   if self.mapArray2d[min(xPxl + x, self.mapMsg.info.width - 1)][min(yPxl + y, self.mapMsg.info.height - 1)] is not -1:
[3.122s] running install_data
[3.124s] running install_egg_info
[3.130s] removing '/home/johnson/METR4202/install/tb3_controller/lib/python3.10/site-packages/tb3_controller-0.0.0-py3.10.egg-info' (and everything under it)
[3.130s] Copying build/tb3_controller/tb3_controller.egg-info to /home/johnson/METR4202/install/tb3_controller/lib/python3.10/site-packages/tb3_controller-0.0.0-py3.10.egg-info
[3.132s] running install_scripts
[3.213s] Installing turtlebot_brain script to /home/johnson/METR4202/install/tb3_controller/lib/tb3_controller
[3.214s] writing list of installed files to '/home/johnson/METR4202/build/tb3_controller/install.log'
[3.327s] Invoked command in '/home/johnson/METR4202' returned '0': PYTHONPATH=/home/johnson/METR4202/build/tb3_controller/prefix_override:/home/johnson/METR4202/install/tb3_controller/lib/python3.10/site-packages:${PYTHONPATH} /usr/bin/python3 setup.py egg_info --egg-base build/tb3_controller build --build-base /home/johnson/METR4202/build/tb3_controller/build install --record /home/johnson/METR4202/build/tb3_controller/install.log --single-version-externally-managed
