[3.978s] Invoking command in '/home/isaiah/metr4202_ws/src/tb3_controller/tb3_controller': PYTHONPATH=/home/isaiah/metr4202_ws/src/tb3_controller/build/tb3_controller/prefix_override:/home/isaiah/metr4202_ws/src/tb3_controller/install/tb3_controller/lib/python3.10/site-packages:${PYTHONPATH} /usr/bin/python3 setup.py egg_info --egg-base ../build/tb3_controller build --build-base /home/isaiah/metr4202_ws/src/tb3_controller/build/tb3_controller/build install --record /home/isaiah/metr4202_ws/src/tb3_controller/build/tb3_controller/install.log --single-version-externally-managed
[5.702s] running egg_info
[5.707s] writing ../build/tb3_controller/tb3_controller.egg-info/PKG-INFO
[5.711s] writing dependency_links to ../build/tb3_controller/tb3_controller.egg-info/dependency_links.txt
[5.712s] writing entry points to ../build/tb3_controller/tb3_controller.egg-info/entry_points.txt
[5.712s] writing requirements to ../build/tb3_controller/tb3_controller.egg-info/requires.txt
[5.713s] writing top-level names to ../build/tb3_controller/tb3_controller.egg-info/top_level.txt
[5.718s] reading manifest file '../build/tb3_controller/tb3_controller.egg-info/SOURCES.txt'
[5.731s] writing manifest file '../build/tb3_controller/tb3_controller.egg-info/SOURCES.txt'
[5.732s] running build
[5.732s] running build_py
[5.732s] copying tb3_controller/turtlebot_brain.py -> /home/isaiah/metr4202_ws/src/tb3_controller/build/tb3_controller/build/lib/tb3_controller
[5.732s] running install
[5.733s] running install_lib
[5.733s] copying /home/isaiah/metr4202_ws/src/tb3_controller/build/tb3_controller/build/lib/tb3_controller/turtlebot_brain.py -> /home/isaiah/metr4202_ws/src/tb3_controller/install/tb3_controller/lib/python3.10/site-packages/tb3_controller
[5.734s] byte-compiling /home/isaiah/metr4202_ws/src/tb3_controller/install/tb3_controller/lib/python3.10/site-packages/tb3_controller/turtlebot_brain.py to turtlebot_brain.cpython-310.pyc
[5.745s] running install_data
[5.747s] running install_egg_info
[5.756s] removing '/home/isaiah/metr4202_ws/src/tb3_controller/install/tb3_controller/lib/python3.10/site-packages/tb3_controller-0.0.0-py3.10.egg-info' (and everything under it)
[5.758s] Copying ../build/tb3_controller/tb3_controller.egg-info to /home/isaiah/metr4202_ws/src/tb3_controller/install/tb3_controller/lib/python3.10/site-packages/tb3_controller-0.0.0-py3.10.egg-info
[5.761s] running install_scripts
[5.868s] Installing turtlebot_brain script to /home/isaiah/metr4202_ws/src/tb3_controller/install/tb3_controller/lib/tb3_controller
[5.870s] writing list of installed files to '/home/isaiah/metr4202_ws/src/tb3_controller/build/tb3_controller/install.log'
[5.978s] Invoked command in '/home/isaiah/metr4202_ws/src/tb3_controller/tb3_controller' returned '0': PYTHONPATH=/home/isaiah/metr4202_ws/src/tb3_controller/build/tb3_controller/prefix_override:/home/isaiah/metr4202_ws/src/tb3_controller/install/tb3_controller/lib/python3.10/site-packages:${PYTHONPATH} /usr/bin/python3 setup.py egg_info --egg-base ../build/tb3_controller build --build-base /home/isaiah/metr4202_ws/src/tb3_controller/build/tb3_controller/build install --record /home/isaiah/metr4202_ws/src/tb3_controller/build/tb3_controller/install.log --single-version-externally-managed
