[1.360s] DEBUG:colcon:Command line arguments: ['/usr/bin/colcon', 'build', '--packages-select', 'tb3_controller']
[1.360s] DEBUG:colcon:Parsed command line arguments: Namespace(log_base=None, log_level=None, verb_name='build', build_base='build', install_base='install', merge_install=False, symlink_install=False, test_result_base=None, continue_on_error=False, executor='parallel', parallel_workers=8, event_handlers=None, ignore_user_meta=False, metas=['./colcon.meta'], base_paths=['.'], packages_ignore=None, packages_ignore_regex=None, paths=None, packages_up_to=None, packages_up_to_regex=None, packages_above=None, packages_above_and_dependencies=None, packages_above_depth=None, packages_select_by_dep=None, packages_skip_by_dep=None, packages_skip_up_to=None, packages_select_build_failed=False, packages_skip_build_finished=False, packages_select_test_failures=False, packages_skip_test_passed=False, packages_select=['tb3_controller'], packages_skip=None, packages_select_regex=None, packages_skip_regex=None, packages_start=None, packages_end=None, allow_overriding=[], cmake_args=None, cmake_target=None, cmake_target_skip_unavailable=False, cmake_clean_cache=False, cmake_clean_first=False, cmake_force_configure=False, ament_cmake_args=None, catkin_cmake_args=None, catkin_skip_building_tests=False, verb_parser=<colcon_defaults.argument_parser.defaults.DefaultArgumentsDecorator object at 0x7f77bffb5210>, verb_extension=<colcon_core.verb.build.BuildVerb object at 0x7f77c0785900>, main=<bound method BuildVerb.main of <colcon_core.verb.build.BuildVerb object at 0x7f77c0785900>>)
[1.490s] Level 1:colcon.colcon_core.package_discovery:discover_packages(colcon_meta) check parameters
[1.491s] Level 1:colcon.colcon_core.package_discovery:discover_packages(recursive) check parameters
[1.491s] Level 1:colcon.colcon_core.package_discovery:discover_packages(ignore) check parameters
[1.491s] Level 1:colcon.colcon_core.package_discovery:discover_packages(path) check parameters
[1.491s] Level 1:colcon.colcon_core.package_discovery:discover_packages(colcon_meta) discover
[1.492s] Level 1:colcon.colcon_core.package_discovery:discover_packages(recursive) discover
[1.492s] INFO:colcon.colcon_core.package_discovery:Crawling recursively for packages in '/home/johnson/METR4202'
[1.492s] Level 1:colcon.colcon_core.package_identification:_identify(.) by extensions ['ignore', 'ignore_ament_install']
[1.492s] Level 1:colcon.colcon_core.package_identification:_identify(.) by extension 'ignore'
[1.493s] Level 1:colcon.colcon_core.package_identification:_identify(.) by extension 'ignore_ament_install'
[1.493s] Level 1:colcon.colcon_core.package_identification:_identify(.) by extensions ['colcon_pkg']
[1.493s] Level 1:colcon.colcon_core.package_identification:_identify(.) by extension 'colcon_pkg'
[1.493s] Level 1:colcon.colcon_core.package_identification:_identify(.) by extensions ['colcon_meta']
[1.493s] Level 1:colcon.colcon_core.package_identification:_identify(.) by extension 'colcon_meta'
[1.493s] Level 1:colcon.colcon_core.package_identification:_identify(.) by extensions ['ros']
[1.493s] Level 1:colcon.colcon_core.package_identification:_identify(.) by extension 'ros'
[1.525s] DEBUG:colcon.colcon_core.package_identification:Package '.' with type 'ros.ament_python' and name 'tb3_controller'
[1.526s] Level 1:colcon.colcon_core.package_discovery:discover_packages(recursive) using defaults
[1.526s] Level 1:colcon.colcon_core.package_discovery:discover_packages(ignore) discover
[1.526s] Level 1:colcon.colcon_core.package_discovery:discover_packages(ignore) using defaults
[1.526s] Level 1:colcon.colcon_core.package_discovery:discover_packages(path) discover
[1.526s] Level 1:colcon.colcon_core.package_discovery:discover_packages(path) using defaults
[1.612s] Level 1:colcon.colcon_core.package_discovery:discover_packages(prefix_path) check parameters
[1.613s] Level 1:colcon.colcon_core.package_discovery:discover_packages(prefix_path) discover
[1.619s] DEBUG:colcon.colcon_installed_package_information.package_discovery:Found 1 installed packages in /home/johnson/METR4202/install
[1.621s] DEBUG:colcon.colcon_installed_package_information.package_discovery:Found 3 installed packages in /home/johnson/turtlebot3_ws/install
[1.642s] DEBUG:colcon.colcon_installed_package_information.package_discovery:Found 386 installed packages in /opt/ros/humble
[1.646s] Level 1:colcon.colcon_core.package_discovery:discover_packages(prefix_path) using defaults
[1.919s] Level 5:colcon.colcon_core.verb:set package 'tb3_controller' build argument 'cmake_args' from command line to 'None'
[1.920s] Level 5:colcon.colcon_core.verb:set package 'tb3_controller' build argument 'cmake_target' from command line to 'None'
[1.920s] Level 5:colcon.colcon_core.verb:set package 'tb3_controller' build argument 'cmake_target_skip_unavailable' from command line to 'False'
[1.920s] Level 5:colcon.colcon_core.verb:set package 'tb3_controller' build argument 'cmake_clean_cache' from command line to 'False'
[1.920s] Level 5:colcon.colcon_core.verb:set package 'tb3_controller' build argument 'cmake_clean_first' from command line to 'False'
[1.920s] Level 5:colcon.colcon_core.verb:set package 'tb3_controller' build argument 'cmake_force_configure' from command line to 'False'
[1.920s] Level 5:colcon.colcon_core.verb:set package 'tb3_controller' build argument 'ament_cmake_args' from command line to 'None'
[1.920s] Level 5:colcon.colcon_core.verb:set package 'tb3_controller' build argument 'catkin_cmake_args' from command line to 'None'
[1.921s] Level 5:colcon.colcon_core.verb:set package 'tb3_controller' build argument 'catkin_skip_building_tests' from command line to 'False'
[1.921s] DEBUG:colcon.colcon_core.verb:Building package 'tb3_controller' with the following arguments: {'ament_cmake_args': None, 'build_base': '/home/johnson/METR4202/build/tb3_controller', 'catkin_cmake_args': None, 'catkin_skip_building_tests': False, 'cmake_args': None, 'cmake_clean_cache': False, 'cmake_clean_first': False, 'cmake_force_configure': False, 'cmake_target': None, 'cmake_target_skip_unavailable': False, 'install_base': '/home/johnson/METR4202/install/tb3_controller', 'merge_install': False, 'path': '/home/johnson/METR4202', 'symlink_install': False, 'test_result_base': None}
[1.923s] INFO:colcon.colcon_core.executor:Executing jobs using 'parallel' executor
[1.935s] DEBUG:colcon.colcon_parallel_executor.executor.parallel:run_until_complete
[1.936s] INFO:colcon.colcon_ros.task.ament_python.build:Building ROS package in '/home/johnson/METR4202' with build type 'ament_python'
[1.936s] Level 1:colcon.colcon_core.shell:create_environment_hook('tb3_controller', 'ament_prefix_path')
[1.943s] INFO:colcon.colcon_core.plugin_system:Skipping extension 'colcon_core.shell.bat': Not used on non-Windows systems
[1.945s] INFO:colcon.colcon_core.shell:Creating environment hook '/home/johnson/METR4202/install/tb3_controller/share/tb3_controller/hook/ament_prefix_path.ps1'
[1.947s] INFO:colcon.colcon_core.shell:Creating environment descriptor '/home/johnson/METR4202/install/tb3_controller/share/tb3_controller/hook/ament_prefix_path.dsv'
[1.948s] INFO:colcon.colcon_core.shell:Creating environment hook '/home/johnson/METR4202/install/tb3_controller/share/tb3_controller/hook/ament_prefix_path.sh'
[1.952s] INFO:colcon.colcon_core.shell:Skip shell extension 'powershell' for command environment: Not usable outside of PowerShell
[1.952s] DEBUG:colcon.colcon_core.shell:Skip shell extension 'dsv' for command environment
[2.786s] INFO:colcon.colcon_core.task.python.build:Building Python package in '/home/johnson/METR4202'
[2.788s] INFO:colcon.colcon_core.shell:Skip shell extension 'powershell' for command environment: Not usable outside of PowerShell
[2.788s] DEBUG:colcon.colcon_core.shell:Skip shell extension 'dsv' for command environment
[4.106s] DEBUG:colcon.colcon_core.event_handler.log_command:Invoking command in '/home/johnson/METR4202': PYTHONPATH=/home/johnson/METR4202/build/tb3_controller/prefix_override:/home/johnson/METR4202/install/tb3_controller/lib/python3.10/site-packages:${PYTHONPATH} /usr/bin/python3 setup.py egg_info --egg-base build/tb3_controller build --build-base /home/johnson/METR4202/build/tb3_controller/build install --record /home/johnson/METR4202/build/tb3_controller/install.log --single-version-externally-managed
[5.130s] DEBUG:colcon.colcon_core.event_handler.log_command:Invoked command in '/home/johnson/METR4202' returned '0': PYTHONPATH=/home/johnson/METR4202/build/tb3_controller/prefix_override:/home/johnson/METR4202/install/tb3_controller/lib/python3.10/site-packages:${PYTHONPATH} /usr/bin/python3 setup.py egg_info --egg-base build/tb3_controller build --build-base /home/johnson/METR4202/build/tb3_controller/build install --record /home/johnson/METR4202/build/tb3_controller/install.log --single-version-externally-managed
[5.139s] Level 1:colcon.colcon_core.environment:checking '/home/johnson/METR4202/install/tb3_controller' for CMake module files
[5.140s] Level 1:colcon.colcon_core.environment:checking '/home/johnson/METR4202/install/tb3_controller' for CMake config files
[5.143s] Level 1:colcon.colcon_core.environment:checking '/home/johnson/METR4202/install/tb3_controller/lib'
[5.146s] Level 1:colcon.colcon_core.environment:checking '/home/johnson/METR4202/install/tb3_controller/bin'
[5.147s] Level 1:colcon.colcon_core.environment:checking '/home/johnson/METR4202/install/tb3_controller/lib/pkgconfig/tb3_controller.pc'
[5.147s] Level 1:colcon.colcon_core.environment:checking '/home/johnson/METR4202/install/tb3_controller/lib/python3.10/site-packages'
[5.147s] Level 1:colcon.colcon_core.shell:create_environment_hook('tb3_controller', 'pythonpath')
[5.163s] INFO:colcon.colcon_core.shell:Creating environment hook '/home/johnson/METR4202/install/tb3_controller/share/tb3_controller/hook/pythonpath.ps1'
[5.165s] INFO:colcon.colcon_core.shell:Creating environment descriptor '/home/johnson/METR4202/install/tb3_controller/share/tb3_controller/hook/pythonpath.dsv'
[5.167s] INFO:colcon.colcon_core.shell:Creating environment hook '/home/johnson/METR4202/install/tb3_controller/share/tb3_controller/hook/pythonpath.sh'
[5.168s] Level 1:colcon.colcon_core.environment:checking '/home/johnson/METR4202/install/tb3_controller/bin'
[5.168s] Level 1:colcon.colcon_core.environment:create_environment_scripts_only(tb3_controller)
[5.171s] INFO:colcon.colcon_core.shell:Creating package script '/home/johnson/METR4202/install/tb3_controller/share/tb3_controller/package.ps1'
[5.183s] INFO:colcon.colcon_core.shell:Creating package descriptor '/home/johnson/METR4202/install/tb3_controller/share/tb3_controller/package.dsv'
[5.186s] INFO:colcon.colcon_core.shell:Creating package script '/home/johnson/METR4202/install/tb3_controller/share/tb3_controller/package.sh'
[5.190s] INFO:colcon.colcon_core.shell:Creating package script '/home/johnson/METR4202/install/tb3_controller/share/tb3_controller/package.bash'
[5.192s] INFO:colcon.colcon_core.shell:Creating package script '/home/johnson/METR4202/install/tb3_controller/share/tb3_controller/package.zsh'
[5.193s] Level 1:colcon.colcon_core.environment:create_file_with_runtime_dependencies(/home/johnson/METR4202/install/tb3_controller/share/colcon-core/packages/tb3_controller)
[5.194s] DEBUG:colcon.colcon_parallel_executor.executor.parallel:closing loop
[5.195s] DEBUG:colcon.colcon_parallel_executor.executor.parallel:loop closed
[5.195s] DEBUG:colcon.colcon_parallel_executor.executor.parallel:run_until_complete finished with '0'
[5.196s] DEBUG:colcon.colcon_core.event_reactor:joining thread
[5.261s] INFO:colcon.colcon_core.plugin_system:Skipping extension 'colcon_notification.desktop_notification.notify_send': Could not find 'notify-send'
[5.261s] INFO:colcon.colcon_core.plugin_system:Skipping extension 'colcon_notification.desktop_notification.terminal_notifier': Not used on non-Darwin systems
[5.261s] INFO:colcon.colcon_core.plugin_system:Skipping extension 'colcon_notification.desktop_notification.win32': Not used on non-Windows systems
[5.261s] INFO:colcon.colcon_notification.desktop_notification:Sending desktop notification using 'notify2'
[5.262s] DEBUG:colcon.colcon_notification.desktop_notification.notify2:Failed to initialize notify2: org.freedesktop.DBus.Error.ServiceUnknown: The name org.freedesktop.Notifications was not provided by any .service files
[5.263s] DEBUG:colcon.colcon_core.event_reactor:joined thread
[5.265s] INFO:colcon.colcon_core.shell:Creating prefix script '/home/johnson/METR4202/install/local_setup.ps1'
[5.267s] INFO:colcon.colcon_core.shell:Creating prefix util module '/home/johnson/METR4202/install/_local_setup_util_ps1.py'
[5.270s] INFO:colcon.colcon_core.shell:Creating prefix chain script '/home/johnson/METR4202/install/setup.ps1'
[5.275s] INFO:colcon.colcon_core.shell:Creating prefix script '/home/johnson/METR4202/install/local_setup.sh'
[5.276s] INFO:colcon.colcon_core.shell:Creating prefix util module '/home/johnson/METR4202/install/_local_setup_util_sh.py'
[5.276s] INFO:colcon.colcon_core.shell:Creating prefix chain script '/home/johnson/METR4202/install/setup.sh'
[5.278s] INFO:colcon.colcon_core.shell:Creating prefix script '/home/johnson/METR4202/install/local_setup.bash'
[5.279s] INFO:colcon.colcon_core.shell:Creating prefix chain script '/home/johnson/METR4202/install/setup.bash'
[5.282s] INFO:colcon.colcon_core.shell:Creating prefix script '/home/johnson/METR4202/install/local_setup.zsh'
[5.357s] INFO:colcon.colcon_core.shell:Creating prefix chain script '/home/johnson/METR4202/install/setup.zsh'
