[1.345s] Invoking command in '/home/johnson/METR4202/src/my_package': PYTHONPATH=/home/johnson/METR4202/build/my_package/prefix_override:/home/johnson/METR4202/install/my_package/lib/python3.10/site-packages:${PYTHONPATH} /usr/bin/python3 setup.py egg_info --egg-base ../../build/my_package build --build-base /home/johnson/METR4202/build/my_package/build install --record /home/johnson/METR4202/build/my_package/install.log --single-version-externally-managed
[1.683s] running egg_info
[1.685s] writing ../../build/my_package/my_package.egg-info/PKG-INFO
[1.685s] writing dependency_links to ../../build/my_package/my_package.egg-info/dependency_links.txt
[1.685s] writing entry points to ../../build/my_package/my_package.egg-info/entry_points.txt
[1.685s] writing requirements to ../../build/my_package/my_package.egg-info/requires.txt
[1.686s] writing top-level names to ../../build/my_package/my_package.egg-info/top_level.txt
[1.686s] reading manifest file '../../build/my_package/my_package.egg-info/SOURCES.txt'
[1.686s] writing manifest file '../../build/my_package/my_package.egg-info/SOURCES.txt'
[1.686s] running build
[1.687s] running build_py
[1.687s] running install
[1.687s] running install_lib
[1.687s] running install_data
[1.687s] copying package.xml -> /home/johnson/METR4202/install/my_package/share/my_package
[1.687s] running install_egg_info
[1.688s] removing '/home/johnson/METR4202/install/my_package/lib/python3.10/site-packages/my_package-0.0.0-py3.10.egg-info' (and everything under it)
[1.688s] Copying ../../build/my_package/my_package.egg-info to /home/johnson/METR4202/install/my_package/lib/python3.10/site-packages/my_package-0.0.0-py3.10.egg-info
[1.689s] running install_scripts
[1.689s] Installing my_node script to /home/johnson/METR4202/install/my_package/lib/my_package
[1.691s] writing list of installed files to '/home/johnson/METR4202/build/my_package/install.log'
[1.692s] /usr/lib/python3/dist-packages/setuptools/command/install.py:34: SetuptoolsDeprecationWarning: setup.py install is deprecated. Use build and pip and other standards-based tools.
[1.693s]   warnings.warn(
[1.702s] Invoked command in '/home/johnson/METR4202/src/my_package' returned '0': PYTHONPATH=/home/johnson/METR4202/build/my_package/prefix_override:/home/johnson/METR4202/install/my_package/lib/python3.10/site-packages:${PYTHONPATH} /usr/bin/python3 setup.py egg_info --egg-base ../../build/my_package build --build-base /home/johnson/METR4202/build/my_package/build install --record /home/johnson/METR4202/build/my_package/install.log --single-version-externally-managed
