[3.196s] Invoking command in '/home/johnson/METR4202/tb3_controller': PYTHONPATH=/home/johnson/METR4202/build/tb3_controller/prefix_override:/home/johnson/METR4202/install/tb3_controller/lib/python3.10/site-packages:${PYTHONPATH} /usr/bin/python3 setup.py egg_info --egg-base ../build/tb3_controller build --build-base /home/johnson/METR4202/build/tb3_controller/build install --record /home/johnson/METR4202/build/tb3_controller/install.log --single-version-externally-managed
[3.996s] running egg_info
[4.000s] writing ../build/tb3_controller/tb3_controller.egg-info/PKG-INFO
[4.001s] writing dependency_links to ../build/tb3_controller/tb3_controller.egg-info/dependency_links.txt
[4.002s] writing entry points to ../build/tb3_controller/tb3_controller.egg-info/entry_points.txt
[4.002s] writing requirements to ../build/tb3_controller/tb3_controller.egg-info/requires.txt
[4.002s] writing top-level names to ../build/tb3_controller/tb3_controller.egg-info/top_level.txt
[4.005s] reading manifest file '../build/tb3_controller/tb3_controller.egg-info/SOURCES.txt'
[4.009s] writing manifest file '../build/tb3_controller/tb3_controller.egg-info/SOURCES.txt'
[4.009s] running build
[4.009s] running build_py
[4.009s] copying tb3_controller/turtlebot_brain.py -> /home/johnson/METR4202/build/tb3_controller/build/lib/tb3_controller
[4.019s] running install
[4.020s] /usr/lib/python3/dist-packages/setuptools/command/install.py:34: SetuptoolsDeprecationWarning: setup.py install is deprecated. Use build and pip and other standards-based tools.
[4.020s]   warnings.warn(
[4.020s] running install_lib
[4.025s] copying /home/johnson/METR4202/build/tb3_controller/build/lib/tb3_controller/turtlebot_brain.py -> /home/johnson/METR4202/install/tb3_controller/lib/python3.10/site-packages/tb3_controller
[4.028s] byte-compiling /home/johnson/METR4202/install/tb3_controller/lib/python3.10/site-packages/tb3_controller/turtlebot_brain.py to turtlebot_brain.cpython-310.pyc
[4.035s] running install_data
[4.036s] running install_egg_info
[4.040s] removing '/home/johnson/METR4202/install/tb3_controller/lib/python3.10/site-packages/tb3_controller-0.0.0-py3.10.egg-info' (and everything under it)
[4.044s] Copying ../build/tb3_controller/tb3_controller.egg-info to /home/johnson/METR4202/install/tb3_controller/lib/python3.10/site-packages/tb3_controller-0.0.0-py3.10.egg-info
[4.055s] running install_scripts
[4.105s] Installing turtlebot_brain script to /home/johnson/METR4202/install/tb3_controller/lib/tb3_controller
[4.106s] writing list of installed files to '/home/johnson/METR4202/build/tb3_controller/install.log'
[4.172s] Invoked command in '/home/johnson/METR4202/tb3_controller' returned '0': PYTHONPATH=/home/johnson/METR4202/build/tb3_controller/prefix_override:/home/johnson/METR4202/install/tb3_controller/lib/python3.10/site-packages:${PYTHONPATH} /usr/bin/python3 setup.py egg_info --egg-base ../build/tb3_controller build --build-base /home/johnson/METR4202/build/tb3_controller/build install --record /home/johnson/METR4202/build/tb3_controller/install.log --single-version-externally-managed
