[0.000000] (-) TimerEvent: {}
[0.000479] (-) JobUnselected: {'identifier': 'action_tutorials_interfaces'}
[0.001025] (-) JobUnselected: {'identifier': 'launch_tutorial'}
[0.001165] (-) JobUnselected: {'identifier': 'my_first_package'}
[0.001232] (-) JobUnselected: {'identifier': 'my_package'}
[0.001822] (-) JobUnselected: {'identifier': 'py_launch_example'}
[0.003256] (-) JobUnselected: {'identifier': 'py_pubsub'}
[0.006855] (-) JobUnselected: {'identifier': 'py_pubsub'}
[0.009569] (-) JobUnselected: {'identifier': 'py_srvcli'}
[0.009746] (-) JobUnselected: {'identifier': 'python_parameters'}
[0.009800] (-) JobUnselected: {'identifier': 'turtlebot3_fake_node'}
[0.009851] (-) JobUnselected: {'identifier': 'turtlebot3_gazebo'}
[0.009902] (-) JobUnselected: {'identifier': 'turtlebot3_simulations'}
[0.009927] (-) JobUnselected: {'identifier': 'tutorial_interfaces'}
[0.009952] (-) JobUnselected: {'identifier': 'waypoint_commander'}
[0.009981] (turtlebot_controller_pkg) JobQueued: {'identifier': 'turtlebot_controller_pkg', 'dependencies': OrderedDict()}
[0.010037] (turtlebot_controller_pkg) JobStarted: {'identifier': 'turtlebot_controller_pkg'}
[0.099647] (-) TimerEvent: {}
[0.202070] (-) TimerEvent: {}
[0.233170] (turtlebot_controller_pkg) JobEnded: {'identifier': 'turtlebot_controller_pkg', 'rc': 0}
[0.235699] (-) EventReactorShutdown: {}
