[3.440s] Invoking command in '/home/isaiah/metr4202_ws/src/tb3_controller': PYTHONPATH=/home/isaiah/metr4202_ws/src/tb3_controller/build/tb3_controller/prefix_override:/home/isaiah/metr4202_ws/src/tb3_controller/install/tb3_controller/lib/python3.10/site-packages:${PYTHONPATH} /usr/bin/python3 setup.py egg_info --egg-base build/tb3_controller build --build-base /home/isaiah/metr4202_ws/src/tb3_controller/build/tb3_controller/build install --record /home/isaiah/metr4202_ws/src/tb3_controller/build/tb3_controller/install.log --single-version-externally-managed
[4.878s] running egg_info
[4.878s] writing build/tb3_controller/tb3_controller.egg-info/PKG-INFO
[4.883s] writing dependency_links to build/tb3_controller/tb3_controller.egg-info/dependency_links.txt
[4.883s] writing entry points to build/tb3_controller/tb3_controller.egg-info/entry_points.txt
[4.883s] writing requirements to build/tb3_controller/tb3_controller.egg-info/requires.txt
[4.884s] writing top-level names to build/tb3_controller/tb3_controller.egg-info/top_level.txt
[4.899s] reading manifest file 'build/tb3_controller/tb3_controller.egg-info/SOURCES.txt'
[4.899s] writing manifest file 'build/tb3_controller/tb3_controller.egg-info/SOURCES.txt'
[4.902s] running build
[4.903s] running build_py
[4.904s] running install
[4.905s] running install_lib
[4.910s] running install_data
[4.913s] running install_egg_info
[4.920s] removing '/home/isaiah/metr4202_ws/src/tb3_controller/install/tb3_controller/lib/python3.10/site-packages/tb3_controller-0.0.0-py3.10.egg-info' (and everything under it)
[4.922s] Copying build/tb3_controller/tb3_controller.egg-info to /home/isaiah/metr4202_ws/src/tb3_controller/install/tb3_controller/lib/python3.10/site-packages/tb3_controller-0.0.0-py3.10.egg-info
[4.924s] running install_scripts
[5.014s] Installing turtlebot_brain script to /home/isaiah/metr4202_ws/src/tb3_controller/install/tb3_controller/lib/tb3_controller
[5.015s] writing list of installed files to '/home/isaiah/metr4202_ws/src/tb3_controller/build/tb3_controller/install.log'
[5.129s] Invoked command in '/home/isaiah/metr4202_ws/src/tb3_controller' returned '0': PYTHONPATH=/home/isaiah/metr4202_ws/src/tb3_controller/build/tb3_controller/prefix_override:/home/isaiah/metr4202_ws/src/tb3_controller/install/tb3_controller/lib/python3.10/site-packages:${PYTHONPATH} /usr/bin/python3 setup.py egg_info --egg-base build/tb3_controller build --build-base /home/isaiah/metr4202_ws/src/tb3_controller/build/tb3_controller/build install --record /home/isaiah/metr4202_ws/src/tb3_controller/build/tb3_controller/install.log --single-version-externally-managed
