[3.049s] Invoking command in '/home/johnson/METR4202/tb3_controller': PYTHONPATH=/home/johnson/METR4202/build/tb3_controller/prefix_override:/home/johnson/METR4202/install/tb3_controller/lib/python3.10/site-packages:${PYTHONPATH} /usr/bin/python3 setup.py egg_info --egg-base ../build/tb3_controller build --build-base /home/johnson/METR4202/build/tb3_controller/build install --record /home/johnson/METR4202/build/tb3_controller/install.log --single-version-externally-managed
[3.814s] running egg_info
[3.814s] writing ../build/tb3_controller/tb3_controller.egg-info/PKG-INFO
[3.815s] writing dependency_links to ../build/tb3_controller/tb3_controller.egg-info/dependency_links.txt
[3.817s] writing entry points to ../build/tb3_controller/tb3_controller.egg-info/entry_points.txt
[3.818s] writing requirements to ../build/tb3_controller/tb3_controller.egg-info/requires.txt
[3.818s] writing top-level names to ../build/tb3_controller/tb3_controller.egg-info/top_level.txt
[3.826s] reading manifest file '../build/tb3_controller/tb3_controller.egg-info/SOURCES.txt'
[3.830s] writing manifest file '../build/tb3_controller/tb3_controller.egg-info/SOURCES.txt'
[3.832s] running build
[3.834s] running build_py
[3.835s] copying tb3_controller/turtlebot_brain.py -> /home/johnson/METR4202/build/tb3_controller/build/lib/tb3_controller
[3.839s] running install
[3.840s] /usr/lib/python3/dist-packages/setuptools/command/install.py:34: SetuptoolsDeprecationWarning: setup.py install is deprecated. Use build and pip and other standards-based tools.
[3.840s]   warnings.warn(
[3.844s] running install_lib
[3.852s] copying /home/johnson/METR4202/build/tb3_controller/build/lib/tb3_controller/turtlebot_brain.py -> /home/johnson/METR4202/install/tb3_controller/lib/python3.10/site-packages/tb3_controller
[3.859s] byte-compiling /home/johnson/METR4202/install/tb3_controller/lib/python3.10/site-packages/tb3_controller/turtlebot_brain.py to turtlebot_brain.cpython-310.pyc
[3.921s] running install_data
[3.924s] running install_egg_info
[3.942s] removing '/home/johnson/METR4202/install/tb3_controller/lib/python3.10/site-packages/tb3_controller-0.0.0-py3.10.egg-info' (and everything under it)
[3.956s] Copying ../build/tb3_controller/tb3_controller.egg-info to /home/johnson/METR4202/install/tb3_controller/lib/python3.10/site-packages/tb3_controller-0.0.0-py3.10.egg-info
[3.957s] running install_scripts
[4.078s] Installing turtlebot_brain script to /home/johnson/METR4202/install/tb3_controller/lib/tb3_controller
[4.083s] writing list of installed files to '/home/johnson/METR4202/build/tb3_controller/install.log'
[4.176s] Invoked command in '/home/johnson/METR4202/tb3_controller' returned '0': PYTHONPATH=/home/johnson/METR4202/build/tb3_controller/prefix_override:/home/johnson/METR4202/install/tb3_controller/lib/python3.10/site-packages:${PYTHONPATH} /usr/bin/python3 setup.py egg_info --egg-base ../build/tb3_controller build --build-base /home/johnson/METR4202/build/tb3_controller/build install --record /home/johnson/METR4202/build/tb3_controller/install.log --single-version-externally-managed
