[2.003s] Invoking command in '/home/johnson/METR4202': PYTHONPATH=/home/johnson/METR4202/build/tb3_controller/prefix_override:/home/johnson/METR4202/install/tb3_controller/lib/python3.10/site-packages:${PYTHONPATH} /usr/bin/python3 setup.py egg_info --egg-base build/tb3_controller build --build-base /home/johnson/METR4202/build/tb3_controller/build install --record /home/johnson/METR4202/build/tb3_controller/install.log --single-version-externally-managed
[2.479s] running egg_info
[2.482s] writing build/tb3_controller/tb3_controller.egg-info/PKG-INFO
[2.485s] writing dependency_links to build/tb3_controller/tb3_controller.egg-info/dependency_links.txt
[2.486s] writing entry points to build/tb3_controller/tb3_controller.egg-info/entry_points.txt
[2.487s] writing requirements to build/tb3_controller/tb3_controller.egg-info/requires.txt
[2.488s] writing top-level names to build/tb3_controller/tb3_controller.egg-info/top_level.txt
[2.492s] reading manifest file 'build/tb3_controller/tb3_controller.egg-info/SOURCES.txt'
[2.494s] writing manifest file 'build/tb3_controller/tb3_controller.egg-info/SOURCES.txt'
[2.495s] running build
[2.496s] running build_py
[2.496s] copying tb3_controller/turtlebot_brain.py -> /home/johnson/METR4202/build/tb3_controller/build/lib/tb3_controller
[2.499s] running install
[2.500s] /usr/lib/python3/dist-packages/setuptools/command/install.py:34: SetuptoolsDeprecationWarning: setup.py install is deprecated. Use build and pip and other standards-based tools.
[2.501s]   warnings.warn(
[2.502s] running install_lib
[2.503s] copying /home/johnson/METR4202/build/tb3_controller/build/lib/tb3_controller/turtlebot_brain.py -> /home/johnson/METR4202/install/tb3_controller/lib/python3.10/site-packages/tb3_controller
[2.506s] byte-compiling /home/johnson/METR4202/install/tb3_controller/lib/python3.10/site-packages/tb3_controller/turtlebot_brain.py to turtlebot_brain.cpython-310.pyc
[2.511s] running install_data
[2.513s] running install_egg_info
[2.518s] removing '/home/johnson/METR4202/install/tb3_controller/lib/python3.10/site-packages/tb3_controller-0.0.0-py3.10.egg-info' (and everything under it)
[2.518s] Copying build/tb3_controller/tb3_controller.egg-info to /home/johnson/METR4202/install/tb3_controller/lib/python3.10/site-packages/tb3_controller-0.0.0-py3.10.egg-info
[2.519s] running install_scripts
[2.557s] Installing turtlebot_brain script to /home/johnson/METR4202/install/tb3_controller/lib/tb3_controller
[2.558s] writing list of installed files to '/home/johnson/METR4202/build/tb3_controller/install.log'
[2.644s] Invoked command in '/home/johnson/METR4202' returned '0': PYTHONPATH=/home/johnson/METR4202/build/tb3_controller/prefix_override:/home/johnson/METR4202/install/tb3_controller/lib/python3.10/site-packages:${PYTHONPATH} /usr/bin/python3 setup.py egg_info --egg-base build/tb3_controller build --build-base /home/johnson/METR4202/build/tb3_controller/build install --record /home/johnson/METR4202/build/tb3_controller/install.log --single-version-externally-managed
