[2.991s] Invoking command in '/home/johnson/METR4202': PYTHONPATH=/home/johnson/METR4202/build/tb3_controller/prefix_override:/home/johnson/METR4202/install/tb3_controller/lib/python3.10/site-packages:${PYTHONPATH} /usr/bin/python3 setup.py egg_info --egg-base build/tb3_controller build --build-base /home/johnson/METR4202/build/tb3_controller/build install --record /home/johnson/METR4202/build/tb3_controller/install.log --single-version-externally-managed
[3.866s] running egg_info
[3.884s] writing build/tb3_controller/tb3_controller.egg-info/PKG-INFO
[3.886s] writing dependency_links to build/tb3_controller/tb3_controller.egg-info/dependency_links.txt
[3.887s] writing entry points to build/tb3_controller/tb3_controller.egg-info/entry_points.txt
[3.894s] writing requirements to build/tb3_controller/tb3_controller.egg-info/requires.txt
[3.894s] writing top-level names to build/tb3_controller/tb3_controller.egg-info/top_level.txt
[3.928s] reading manifest file 'build/tb3_controller/tb3_controller.egg-info/SOURCES.txt'
[3.933s] writing manifest file 'build/tb3_controller/tb3_controller.egg-info/SOURCES.txt'
[3.933s] running build
[3.933s] running build_py
[3.933s] copying tb3_controller/turtlebot_brain.py -> /home/johnson/METR4202/build/tb3_controller/build/lib/tb3_controller
[3.935s] running install
[3.935s] running install_lib
[3.936s] /usr/lib/python3/dist-packages/setuptools/command/install.py:34: SetuptoolsDeprecationWarning: setup.py install is deprecated. Use build and pip and other standards-based tools.
[3.936s]   warnings.warn(
[3.937s] copying /home/johnson/METR4202/build/tb3_controller/build/lib/tb3_controller/turtlebot_brain.py -> /home/johnson/METR4202/install/tb3_controller/lib/python3.10/site-packages/tb3_controller
[3.940s] byte-compiling /home/johnson/METR4202/install/tb3_controller/lib/python3.10/site-packages/tb3_controller/turtlebot_brain.py to turtlebot_brain.cpython-310.pyc
[3.948s] running install_data
[3.949s] running install_egg_info
[3.952s] removing '/home/johnson/METR4202/install/tb3_controller/lib/python3.10/site-packages/tb3_controller-0.0.0-py3.10.egg-info' (and everything under it)
[3.955s] Copying build/tb3_controller/tb3_controller.egg-info to /home/johnson/METR4202/install/tb3_controller/lib/python3.10/site-packages/tb3_controller-0.0.0-py3.10.egg-info
[3.960s] running install_scripts
[4.022s] Installing turtlebot_brain script to /home/johnson/METR4202/install/tb3_controller/lib/tb3_controller
[4.023s] writing list of installed files to '/home/johnson/METR4202/build/tb3_controller/install.log'
[4.117s] Invoked command in '/home/johnson/METR4202' returned '0': PYTHONPATH=/home/johnson/METR4202/build/tb3_controller/prefix_override:/home/johnson/METR4202/install/tb3_controller/lib/python3.10/site-packages:${PYTHONPATH} /usr/bin/python3 setup.py egg_info --egg-base build/tb3_controller build --build-base /home/johnson/METR4202/build/tb3_controller/build install --record /home/johnson/METR4202/build/tb3_controller/install.log --single-version-externally-managed
