[1.708s] Invoking command in '/home/tahhhhm/METR4202/tutorials/my_first_package': PYTHONPATH=/home/tahhhhm/METR4202/build/my_first_package/prefix_override:/home/tahhhhm/METR4202/install/my_first_package/lib/python3.10/site-packages:${PYTHONPATH} /usr/bin/python3 setup.py egg_info --egg-base ../../build/my_first_package build --build-base /home/tahhhhm/METR4202/build/my_first_package/build install --record /home/tahhhhm/METR4202/build/my_first_package/install.log --single-version-externally-managed
[1.892s] running egg_info
[1.892s] creating ../../build/my_first_package/my_first_package.egg-info
[1.893s] writing ../../build/my_first_package/my_first_package.egg-info/PKG-INFO
[1.893s] writing dependency_links to ../../build/my_first_package/my_first_package.egg-info/dependency_links.txt
[1.893s] writing entry points to ../../build/my_first_package/my_first_package.egg-info/entry_points.txt
[1.893s] writing requirements to ../../build/my_first_package/my_first_package.egg-info/requires.txt
[1.893s] writing top-level names to ../../build/my_first_package/my_first_package.egg-info/top_level.txt
[1.894s] writing manifest file '../../build/my_first_package/my_first_package.egg-info/SOURCES.txt'
[1.894s] reading manifest file '../../build/my_first_package/my_first_package.egg-info/SOURCES.txt'
[1.895s] writing manifest file '../../build/my_first_package/my_first_package.egg-info/SOURCES.txt'
[1.895s] running build
[1.895s] running build_py
[1.896s] creating /home/tahhhhm/METR4202/build/my_first_package/build
[1.896s] creating /home/tahhhhm/METR4202/build/my_first_package/build/lib
[1.896s] creating /home/tahhhhm/METR4202/build/my_first_package/build/lib/my_first_package
[1.896s] /usr/lib/python3/dist-packages/setuptools/command/install.py:34: SetuptoolsDeprecationWarning: setup.py install is deprecated. Use build and pip and other standards-based tools.
[1.896s]   warnings.warn(
[1.897s] copying my_first_package/my_first_node.py -> /home/tahhhhm/METR4202/build/my_first_package/build/lib/my_first_package
[1.897s] copying my_first_package/__init__.py -> /home/tahhhhm/METR4202/build/my_first_package/build/lib/my_first_package
[1.897s] running install
[1.897s] running install_lib
[1.897s] creating /home/tahhhhm/METR4202/install/my_first_package/lib/python3.10/site-packages/my_first_package
[1.897s] copying /home/tahhhhm/METR4202/build/my_first_package/build/lib/my_first_package/my_first_node.py -> /home/tahhhhm/METR4202/install/my_first_package/lib/python3.10/site-packages/my_first_package
[1.898s] copying /home/tahhhhm/METR4202/build/my_first_package/build/lib/my_first_package/__init__.py -> /home/tahhhhm/METR4202/install/my_first_package/lib/python3.10/site-packages/my_first_package
[1.898s] byte-compiling /home/tahhhhm/METR4202/install/my_first_package/lib/python3.10/site-packages/my_first_package/my_first_node.py to my_first_node.cpython-310.pyc
[1.898s] byte-compiling /home/tahhhhm/METR4202/install/my_first_package/lib/python3.10/site-packages/my_first_package/__init__.py to __init__.cpython-310.pyc
[1.898s] running install_data
[1.898s] creating /home/tahhhhm/METR4202/install/my_first_package/share/ament_index
[1.898s] creating /home/tahhhhm/METR4202/install/my_first_package/share/ament_index/resource_index
[1.898s] creating /home/tahhhhm/METR4202/install/my_first_package/share/ament_index/resource_index/packages
[1.898s] copying resource/my_first_package -> /home/tahhhhm/METR4202/install/my_first_package/share/ament_index/resource_index/packages
[1.899s] copying package.xml -> /home/tahhhhm/METR4202/install/my_first_package/share/my_first_package
[1.899s] running install_egg_info
[1.899s] Copying ../../build/my_first_package/my_first_package.egg-info to /home/tahhhhm/METR4202/install/my_first_package/lib/python3.10/site-packages/my_first_package-0.0.0-py3.10.egg-info
[1.899s] running install_scripts
[1.917s] Installing my_first_node script to /home/tahhhhm/METR4202/install/my_first_package/lib/my_first_package
[1.917s] writing list of installed files to '/home/tahhhhm/METR4202/build/my_first_package/install.log'
[2.074s] Invoked command in '/home/tahhhhm/METR4202/tutorials/my_first_package' returned '0': PYTHONPATH=/home/tahhhhm/METR4202/build/my_first_package/prefix_override:/home/tahhhhm/METR4202/install/my_first_package/lib/python3.10/site-packages:${PYTHONPATH} /usr/bin/python3 setup.py egg_info --egg-base ../../build/my_first_package build --build-base /home/tahhhhm/METR4202/build/my_first_package/build install --record /home/tahhhhm/METR4202/build/my_first_package/install.log --single-version-externally-managed
