[2.350s] Invoking command in '/home/isaiah/metr4202_ws/src/tb3_controller': PYTHONPATH=/home/isaiah/metr4202_ws/src/tb3_controller/build/tb3_controller/prefix_override:/home/isaiah/metr4202_ws/src/tb3_controller/install/tb3_controller/lib/python3.10/site-packages:${PYTHONPATH} /usr/bin/python3 setup.py egg_info --egg-base build/tb3_controller build --build-base /home/isaiah/metr4202_ws/src/tb3_controller/build/tb3_controller/build install --record /home/isaiah/metr4202_ws/src/tb3_controller/build/tb3_controller/install.log --single-version-externally-managed
[3.135s] running egg_info
[3.137s] writing build/tb3_controller/tb3_controller.egg-info/PKG-INFO
[3.137s] writing dependency_links to build/tb3_controller/tb3_controller.egg-info/dependency_links.txt
[3.138s] writing entry points to build/tb3_controller/tb3_controller.egg-info/entry_points.txt
[3.138s] writing requirements to build/tb3_controller/tb3_controller.egg-info/requires.txt
[3.138s] writing top-level names to build/tb3_controller/tb3_controller.egg-info/top_level.txt
[3.142s] reading manifest file 'build/tb3_controller/tb3_controller.egg-info/SOURCES.txt'
[3.144s] writing manifest file 'build/tb3_controller/tb3_controller.egg-info/SOURCES.txt'
[3.144s] running build
[3.145s] running build_py
[3.145s] copying tb3_controller/turtlebot_brain.py -> /home/isaiah/metr4202_ws/src/tb3_controller/build/tb3_controller/build/lib/tb3_controller
[3.145s] running install
[3.146s] running install_lib
[3.148s] copying /home/isaiah/metr4202_ws/src/tb3_controller/build/tb3_controller/build/lib/tb3_controller/turtlebot_brain.py -> /home/isaiah/metr4202_ws/src/tb3_controller/install/tb3_controller/lib/python3.10/site-packages/tb3_controller
[3.149s] byte-compiling /home/isaiah/metr4202_ws/src/tb3_controller/install/tb3_controller/lib/python3.10/site-packages/tb3_controller/turtlebot_brain.py to turtlebot_brain.cpython-310.pyc
[3.156s] running install_data
[3.157s] running install_egg_info
[3.161s] removing '/home/isaiah/metr4202_ws/src/tb3_controller/install/tb3_controller/lib/python3.10/site-packages/tb3_controller-0.0.0-py3.10.egg-info' (and everything under it)
[3.161s] Copying build/tb3_controller/tb3_controller.egg-info to /home/isaiah/metr4202_ws/src/tb3_controller/install/tb3_controller/lib/python3.10/site-packages/tb3_controller-0.0.0-py3.10.egg-info
[3.163s] running install_scripts
[3.213s] Installing turtlebot_brain script to /home/isaiah/metr4202_ws/src/tb3_controller/install/tb3_controller/lib/tb3_controller
[3.214s] writing list of installed files to '/home/isaiah/metr4202_ws/src/tb3_controller/build/tb3_controller/install.log'
[3.273s] Invoked command in '/home/isaiah/metr4202_ws/src/tb3_controller' returned '0': PYTHONPATH=/home/isaiah/metr4202_ws/src/tb3_controller/build/tb3_controller/prefix_override:/home/isaiah/metr4202_ws/src/tb3_controller/install/tb3_controller/lib/python3.10/site-packages:${PYTHONPATH} /usr/bin/python3 setup.py egg_info --egg-base build/tb3_controller build --build-base /home/isaiah/metr4202_ws/src/tb3_controller/build/tb3_controller/build install --record /home/isaiah/metr4202_ws/src/tb3_controller/build/tb3_controller/install.log --single-version-externally-managed
