[3.449s] Invoking command in '/home/isaiah/metr4202_ws/src/tb3_controller': PYTHONPATH=/home/isaiah/metr4202_ws/src/tb3_controller/build/tb3_controller/prefix_override:/home/isaiah/metr4202_ws/src/tb3_controller/install/tb3_controller/lib/python3.10/site-packages:${PYTHONPATH} /usr/bin/python3 setup.py egg_info --egg-base build/tb3_controller build --build-base /home/isaiah/metr4202_ws/src/tb3_controller/build/tb3_controller/build install --record /home/isaiah/metr4202_ws/src/tb3_controller/build/tb3_controller/install.log --single-version-externally-managed
[4.845s] running egg_info
[4.848s] writing build/tb3_controller/tb3_controller.egg-info/PKG-INFO
[4.849s] writing dependency_links to build/tb3_controller/tb3_controller.egg-info/dependency_links.txt
[4.849s] writing entry points to build/tb3_controller/tb3_controller.egg-info/entry_points.txt
[4.850s] writing requirements to build/tb3_controller/tb3_controller.egg-info/requires.txt
[4.851s] writing top-level names to build/tb3_controller/tb3_controller.egg-info/top_level.txt
[4.859s] reading manifest file 'build/tb3_controller/tb3_controller.egg-info/SOURCES.txt'
[4.863s] writing manifest file 'build/tb3_controller/tb3_controller.egg-info/SOURCES.txt'
[4.864s] running build
[4.864s] running build_py
[4.865s] copying tb3_controller/turtlebot_brain.py -> /home/isaiah/metr4202_ws/src/tb3_controller/build/tb3_controller/build/lib/tb3_controller
[4.866s] running install
[4.868s] running install_lib
[4.871s] copying /home/isaiah/metr4202_ws/src/tb3_controller/build/tb3_controller/build/lib/tb3_controller/turtlebot_brain.py -> /home/isaiah/metr4202_ws/src/tb3_controller/install/tb3_controller/lib/python3.10/site-packages/tb3_controller
[4.874s] byte-compiling /home/isaiah/metr4202_ws/src/tb3_controller/install/tb3_controller/lib/python3.10/site-packages/tb3_controller/turtlebot_brain.py to turtlebot_brain.cpython-310.pyc
[4.887s] running install_data
[4.890s] running install_egg_info
[4.897s] removing '/home/isaiah/metr4202_ws/src/tb3_controller/install/tb3_controller/lib/python3.10/site-packages/tb3_controller-0.0.0-py3.10.egg-info' (and everything under it)
[4.898s] Copying build/tb3_controller/tb3_controller.egg-info to /home/isaiah/metr4202_ws/src/tb3_controller/install/tb3_controller/lib/python3.10/site-packages/tb3_controller-0.0.0-py3.10.egg-info
[4.901s] running install_scripts
[4.987s] Installing turtlebot_brain script to /home/isaiah/metr4202_ws/src/tb3_controller/install/tb3_controller/lib/tb3_controller
[4.989s] writing list of installed files to '/home/isaiah/metr4202_ws/src/tb3_controller/build/tb3_controller/install.log'
[5.082s] Invoked command in '/home/isaiah/metr4202_ws/src/tb3_controller' returned '0': PYTHONPATH=/home/isaiah/metr4202_ws/src/tb3_controller/build/tb3_controller/prefix_override:/home/isaiah/metr4202_ws/src/tb3_controller/install/tb3_controller/lib/python3.10/site-packages:${PYTHONPATH} /usr/bin/python3 setup.py egg_info --egg-base build/tb3_controller build --build-base /home/isaiah/metr4202_ws/src/tb3_controller/build/tb3_controller/build install --record /home/isaiah/metr4202_ws/src/tb3_controller/build/tb3_controller/install.log --single-version-externally-managed
