[0.941s] Invoking command in '/home/johnson/METR4202/py_pubsub': AMENT_PREFIX_PATH=/home/johnson/METR4202/install/tutorial_interfaces:${AMENT_PREFIX_PATH} CMAKE_PREFIX_PATH=/home/johnson/METR4202/install/tutorial_interfaces:${CMAKE_PREFIX_PATH} LD_LIBRARY_PATH=/home/johnson/METR4202/install/tutorial_interfaces/lib:${LD_LIBRARY_PATH} PYTHONPATH=/home/johnson/METR4202/build/py_pubsub/prefix_override:/home/johnson/METR4202/install/py_pubsub/lib/python3.10/site-packages:/home/johnson/METR4202/install/tutorial_interfaces/local/lib/python3.10/dist-packages:${PYTHONPATH} /usr/bin/python3 setup.py egg_info --egg-base ../build/py_pubsub build --build-base /home/johnson/METR4202/build/py_pubsub/build install --record /home/johnson/METR4202/build/py_pubsub/install.log --single-version-externally-managed
[1.193s] running egg_info
[1.194s] creating ../build/py_pubsub/py_pubsub.egg-info
[1.195s] writing ../build/py_pubsub/py_pubsub.egg-info/PKG-INFO
[1.195s] writing dependency_links to ../build/py_pubsub/py_pubsub.egg-info/dependency_links.txt
[1.195s] writing entry points to ../build/py_pubsub/py_pubsub.egg-info/entry_points.txt
[1.196s] writing requirements to ../build/py_pubsub/py_pubsub.egg-info/requires.txt
[1.196s] writing top-level names to ../build/py_pubsub/py_pubsub.egg-info/top_level.txt
[1.196s] writing manifest file '../build/py_pubsub/py_pubsub.egg-info/SOURCES.txt'
[1.199s] reading manifest file '../build/py_pubsub/py_pubsub.egg-info/SOURCES.txt'
[1.200s] writing manifest file '../build/py_pubsub/py_pubsub.egg-info/SOURCES.txt'
[1.200s] running build
[1.200s] running build_py
[1.200s] creating /home/johnson/METR4202/build/py_pubsub/build
[1.201s] creating /home/johnson/METR4202/build/py_pubsub/build/lib
[1.201s] creating /home/johnson/METR4202/build/py_pubsub/build/lib/py_pubsub
[1.201s] copying py_pubsub/publisher_member_function_custom_interface.py -> /home/johnson/METR4202/build/py_pubsub/build/lib/py_pubsub
[1.202s] copying py_pubsub/subscriber_member_function_custom_interface.py -> /home/johnson/METR4202/build/py_pubsub/build/lib/py_pubsub
[1.202s] copying py_pubsub/publisher_member_function.py -> /home/johnson/METR4202/build/py_pubsub/build/lib/py_pubsub
[1.202s] copying py_pubsub/subscriber_member_function.py -> /home/johnson/METR4202/build/py_pubsub/build/lib/py_pubsub
[1.202s] copying py_pubsub/__init__.py -> /home/johnson/METR4202/build/py_pubsub/build/lib/py_pubsub
[1.202s] running install
[1.202s] /usr/lib/python3/dist-packages/setuptools/command/install.py:34: SetuptoolsDeprecationWarning: setup.py install is deprecated. Use build and pip and other standards-based tools.
[1.202s]   warnings.warn(
[1.202s] running install_lib
[1.203s] creating /home/johnson/METR4202/install/py_pubsub/lib/python3.10/site-packages/py_pubsub
[1.203s] copying /home/johnson/METR4202/build/py_pubsub/build/lib/py_pubsub/publisher_member_function_custom_interface.py -> /home/johnson/METR4202/install/py_pubsub/lib/python3.10/site-packages/py_pubsub
[1.204s] copying /home/johnson/METR4202/build/py_pubsub/build/lib/py_pubsub/subscriber_member_function_custom_interface.py -> /home/johnson/METR4202/install/py_pubsub/lib/python3.10/site-packages/py_pubsub
[1.204s] copying /home/johnson/METR4202/build/py_pubsub/build/lib/py_pubsub/publisher_member_function.py -> /home/johnson/METR4202/install/py_pubsub/lib/python3.10/site-packages/py_pubsub
[1.204s] copying /home/johnson/METR4202/build/py_pubsub/build/lib/py_pubsub/subscriber_member_function.py -> /home/johnson/METR4202/install/py_pubsub/lib/python3.10/site-packages/py_pubsub
[1.204s] copying /home/johnson/METR4202/build/py_pubsub/build/lib/py_pubsub/__init__.py -> /home/johnson/METR4202/install/py_pubsub/lib/python3.10/site-packages/py_pubsub
[1.204s] byte-compiling /home/johnson/METR4202/install/py_pubsub/lib/python3.10/site-packages/py_pubsub/publisher_member_function_custom_interface.py to publisher_member_function_custom_interface.cpython-310.pyc
[1.205s] byte-compiling /home/johnson/METR4202/install/py_pubsub/lib/python3.10/site-packages/py_pubsub/subscriber_member_function_custom_interface.py to subscriber_member_function_custom_interface.cpython-310.pyc
[1.205s] byte-compiling /home/johnson/METR4202/install/py_pubsub/lib/python3.10/site-packages/py_pubsub/publisher_member_function.py to publisher_member_function.cpython-310.pyc
[1.205s] byte-compiling /home/johnson/METR4202/install/py_pubsub/lib/python3.10/site-packages/py_pubsub/subscriber_member_function.py to subscriber_member_function.cpython-310.pyc
[1.205s] byte-compiling /home/johnson/METR4202/install/py_pubsub/lib/python3.10/site-packages/py_pubsub/__init__.py to __init__.cpython-310.pyc
[1.206s] running install_data
[1.206s] creating /home/johnson/METR4202/install/py_pubsub/share/ament_index
[1.206s] creating /home/johnson/METR4202/install/py_pubsub/share/ament_index/resource_index
[1.206s] creating /home/johnson/METR4202/install/py_pubsub/share/ament_index/resource_index/packages
[1.206s] copying resource/py_pubsub -> /home/johnson/METR4202/install/py_pubsub/share/ament_index/resource_index/packages
[1.207s] copying package.xml -> /home/johnson/METR4202/install/py_pubsub/share/py_pubsub
[1.207s] running install_egg_info
[1.209s] Copying ../build/py_pubsub/py_pubsub.egg-info to /home/johnson/METR4202/install/py_pubsub/lib/python3.10/site-packages/py_pubsub-0.0.0-py3.10.egg-info
[1.209s] running install_scripts
[1.231s] Installing listener script to /home/johnson/METR4202/install/py_pubsub/lib/py_pubsub
[1.231s] Installing listener_cint script to /home/johnson/METR4202/install/py_pubsub/lib/py_pubsub
[1.232s] Installing talker script to /home/johnson/METR4202/install/py_pubsub/lib/py_pubsub
[1.232s] Installing talker_cint script to /home/johnson/METR4202/install/py_pubsub/lib/py_pubsub
[1.232s] writing list of installed files to '/home/johnson/METR4202/build/py_pubsub/install.log'
[1.258s] Invoked command in '/home/johnson/METR4202/py_pubsub' returned '0': AMENT_PREFIX_PATH=/home/johnson/METR4202/install/tutorial_interfaces:${AMENT_PREFIX_PATH} CMAKE_PREFIX_PATH=/home/johnson/METR4202/install/tutorial_interfaces:${CMAKE_PREFIX_PATH} LD_LIBRARY_PATH=/home/johnson/METR4202/install/tutorial_interfaces/lib:${LD_LIBRARY_PATH} PYTHONPATH=/home/johnson/METR4202/build/py_pubsub/prefix_override:/home/johnson/METR4202/install/py_pubsub/lib/python3.10/site-packages:/home/johnson/METR4202/install/tutorial_interfaces/local/lib/python3.10/dist-packages:${PYTHONPATH} /usr/bin/python3 setup.py egg_info --egg-base ../build/py_pubsub build --build-base /home/johnson/METR4202/build/py_pubsub/build install --record /home/johnson/METR4202/build/py_pubsub/install.log --single-version-externally-managed
