[0.963s] Invoking command in '/home/jonno/metr4202_ws/src/tb3_controller': PYTHONPATH=/home/jonno/metr4202_ws/src/tb3_controller/build/tb3_controller/prefix_override:/home/jonno/metr4202_ws/src/tb3_controller/install/tb3_controller/lib/python3.10/site-packages:${PYTHONPATH} /usr/bin/python3 setup.py egg_info --egg-base build/tb3_controller build --build-base /home/jonno/metr4202_ws/src/tb3_controller/build/tb3_controller/build install --record /home/jonno/metr4202_ws/src/tb3_controller/build/tb3_controller/install.log --single-version-externally-managed
[1.250s] running egg_info
[1.251s] writing build/tb3_controller/tb3_controller.egg-info/PKG-INFO
[1.251s] writing dependency_links to build/tb3_controller/tb3_controller.egg-info/dependency_links.txt
[1.251s] writing entry points to build/tb3_controller/tb3_controller.egg-info/entry_points.txt
[1.251s] writing requirements to build/tb3_controller/tb3_controller.egg-info/requires.txt
[1.252s] writing top-level names to build/tb3_controller/tb3_controller.egg-info/top_level.txt
[1.253s] reading manifest file 'build/tb3_controller/tb3_controller.egg-info/SOURCES.txt'
[1.254s] writing manifest file 'build/tb3_controller/tb3_controller.egg-info/SOURCES.txt'
[1.255s] running build
[1.255s] running build_py
[1.255s] copying tb3_controller/turtlebot_brain.py -> /home/jonno/metr4202_ws/src/tb3_controller/build/tb3_controller/build/lib/tb3_controller
[1.255s] running install
[1.256s] running install_lib
[1.257s] copying /home/jonno/metr4202_ws/src/tb3_controller/build/tb3_controller/build/lib/tb3_controller/turtlebot_brain.py -> /home/jonno/metr4202_ws/src/tb3_controller/install/tb3_controller/lib/python3.10/site-packages/tb3_controller
[1.257s] byte-compiling /home/jonno/metr4202_ws/src/tb3_controller/install/tb3_controller/lib/python3.10/site-packages/tb3_controller/turtlebot_brain.py to turtlebot_brain.cpython-310.pyc
[1.260s] running install_data
[1.262s] running install_egg_info
[1.264s] removing '/home/jonno/metr4202_ws/src/tb3_controller/install/tb3_controller/lib/python3.10/site-packages/tb3_controller-0.0.0-py3.10.egg-info' (and everything under it)
[1.265s] Copying build/tb3_controller/tb3_controller.egg-info to /home/jonno/metr4202_ws/src/tb3_controller/install/tb3_controller/lib/python3.10/site-packages/tb3_controller-0.0.0-py3.10.egg-info
[1.266s] running install_scripts
[1.292s] Installing turtlebot_brain script to /home/jonno/metr4202_ws/src/tb3_controller/install/tb3_controller/lib/tb3_controller
[1.293s] writing list of installed files to '/home/jonno/metr4202_ws/src/tb3_controller/build/tb3_controller/install.log'
[1.347s] Invoked command in '/home/jonno/metr4202_ws/src/tb3_controller' returned '0': PYTHONPATH=/home/jonno/metr4202_ws/src/tb3_controller/build/tb3_controller/prefix_override:/home/jonno/metr4202_ws/src/tb3_controller/install/tb3_controller/lib/python3.10/site-packages:${PYTHONPATH} /usr/bin/python3 setup.py egg_info --egg-base build/tb3_controller build --build-base /home/jonno/metr4202_ws/src/tb3_controller/build/tb3_controller/build install --record /home/jonno/metr4202_ws/src/tb3_controller/build/tb3_controller/install.log --single-version-externally-managed
