[3.442s] Invoking command in '/home/johnson/METR4202': PYTHONPATH=/home/johnson/METR4202/build/tb3_controller/prefix_override:/home/johnson/METR4202/install/tb3_controller/lib/python3.10/site-packages:${PYTHONPATH} /usr/bin/python3 setup.py egg_info --egg-base build/tb3_controller build --build-base /home/johnson/METR4202/build/tb3_controller/build install --record /home/johnson/METR4202/build/tb3_controller/install.log --single-version-externally-managed
[4.223s] running egg_info
[4.225s] writing build/tb3_controller/tb3_controller.egg-info/PKG-INFO
[4.238s] writing dependency_links to build/tb3_controller/tb3_controller.egg-info/dependency_links.txt
[4.243s] writing entry points to build/tb3_controller/tb3_controller.egg-info/entry_points.txt
[4.244s] writing requirements to build/tb3_controller/tb3_controller.egg-info/requires.txt
[4.244s] writing top-level names to build/tb3_controller/tb3_controller.egg-info/top_level.txt
[4.251s] reading manifest file 'build/tb3_controller/tb3_controller.egg-info/SOURCES.txt'
[4.258s] writing manifest file 'build/tb3_controller/tb3_controller.egg-info/SOURCES.txt'
[4.258s] running build
[4.259s] running build_py
[4.259s] running install
[4.279s] /usr/lib/python3/dist-packages/setuptools/command/install.py:34: SetuptoolsDeprecationWarning: setup.py install is deprecated. Use build and pip and other standards-based tools.
[4.279s]   warnings.warn(
[4.280s] running install_lib
[4.281s] running install_data
[4.282s] running install_egg_info
[4.293s] removing '/home/johnson/METR4202/install/tb3_controller/lib/python3.10/site-packages/tb3_controller-0.0.0-py3.10.egg-info' (and everything under it)
[4.294s] Copying build/tb3_controller/tb3_controller.egg-info to /home/johnson/METR4202/install/tb3_controller/lib/python3.10/site-packages/tb3_controller-0.0.0-py3.10.egg-info
[4.296s] running install_scripts
[4.373s] Installing turtlebot_brain script to /home/johnson/METR4202/install/tb3_controller/lib/tb3_controller
[4.374s] writing list of installed files to '/home/johnson/METR4202/build/tb3_controller/install.log'
[4.443s] Invoked command in '/home/johnson/METR4202' returned '0': PYTHONPATH=/home/johnson/METR4202/build/tb3_controller/prefix_override:/home/johnson/METR4202/install/tb3_controller/lib/python3.10/site-packages:${PYTHONPATH} /usr/bin/python3 setup.py egg_info --egg-base build/tb3_controller build --build-base /home/johnson/METR4202/build/tb3_controller/build install --record /home/johnson/METR4202/build/tb3_controller/install.log --single-version-externally-managed
