[2.667s] DEBUG:colcon:Command line arguments: ['/usr/bin/colcon', 'build', '--packages-select', 'tb3_controller']
[2.667s] DEBUG:colcon:Parsed command line arguments: Namespace(log_base=None, log_level=None, verb_name='build', build_base='build', install_base='install', merge_install=False, symlink_install=False, test_result_base=None, continue_on_error=False, executor='parallel', parallel_workers=8, event_handlers=None, ignore_user_meta=False, metas=['./colcon.meta'], base_paths=['.'], packages_ignore=None, packages_ignore_regex=None, paths=None, packages_up_to=None, packages_up_to_regex=None, packages_above=None, packages_above_and_dependencies=None, packages_above_depth=None, packages_select_by_dep=None, packages_skip_by_dep=None, packages_skip_up_to=None, packages_select_build_failed=False, packages_skip_build_finished=False, packages_select_test_failures=False, packages_skip_test_passed=False, packages_select=['tb3_controller'], packages_skip=None, packages_select_regex=None, packages_skip_regex=None, packages_start=None, packages_end=None, allow_overriding=[], cmake_args=None, cmake_target=None, cmake_target_skip_unavailable=False, cmake_clean_cache=False, cmake_clean_first=False, cmake_force_configure=False, ament_cmake_args=None, catkin_cmake_args=None, catkin_skip_building_tests=False, verb_parser=<colcon_defaults.argument_parser.defaults.DefaultArgumentsDecorator object at 0x7f231c16a6b0>, verb_extension=<colcon_core.verb.build.BuildVerb object at 0x7f231c16a140>, main=<bound method BuildVerb.main of <colcon_core.verb.build.BuildVerb object at 0x7f231c16a140>>)
[2.824s] Level 1:colcon.colcon_core.package_discovery:discover_packages(colcon_meta) check parameters
[2.824s] Level 1:colcon.colcon_core.package_discovery:discover_packages(recursive) check parameters
[2.824s] Level 1:colcon.colcon_core.package_discovery:discover_packages(ignore) check parameters
[2.825s] Level 1:colcon.colcon_core.package_discovery:discover_packages(path) check parameters
[2.825s] Level 1:colcon.colcon_core.package_discovery:discover_packages(colcon_meta) discover
[2.825s] Level 1:colcon.colcon_core.package_discovery:discover_packages(recursive) discover
[2.825s] INFO:colcon.colcon_core.package_discovery:Crawling recursively for packages in '/home/isaiah/metr4202_ws/src/tb3_controller'
[2.826s] Level 1:colcon.colcon_core.package_identification:_identify(.) by extensions ['ignore', 'ignore_ament_install']
[2.826s] Level 1:colcon.colcon_core.package_identification:_identify(.) by extension 'ignore'
[2.827s] Level 1:colcon.colcon_core.package_identification:_identify(.) by extension 'ignore_ament_install'
[2.827s] Level 1:colcon.colcon_core.package_identification:_identify(.) by extensions ['colcon_pkg']
[2.827s] Level 1:colcon.colcon_core.package_identification:_identify(.) by extension 'colcon_pkg'
[2.828s] Level 1:colcon.colcon_core.package_identification:_identify(.) by extensions ['colcon_meta']
[2.829s] Level 1:colcon.colcon_core.package_identification:_identify(.) by extension 'colcon_meta'
[2.829s] Level 1:colcon.colcon_core.package_identification:_identify(.) by extensions ['ros']
[2.829s] Level 1:colcon.colcon_core.package_identification:_identify(.) by extension 'ros'
[2.920s] DEBUG:colcon.colcon_core.package_identification:Package '.' with type 'ros.ament_python' and name 'tb3_controller'
[2.920s] Level 1:colcon.colcon_core.package_discovery:discover_packages(recursive) using defaults
[2.921s] Level 1:colcon.colcon_core.package_discovery:discover_packages(ignore) discover
[2.921s] Level 1:colcon.colcon_core.package_discovery:discover_packages(ignore) using defaults
[2.921s] Level 1:colcon.colcon_core.package_discovery:discover_packages(path) discover
[2.921s] Level 1:colcon.colcon_core.package_discovery:discover_packages(path) using defaults
[3.079s] Level 1:colcon.colcon_core.package_discovery:discover_packages(prefix_path) check parameters
[3.079s] Level 1:colcon.colcon_core.package_discovery:discover_packages(prefix_path) discover
[3.114s] DEBUG:colcon.colcon_installed_package_information.package_discovery:Found 1 installed packages in /home/isaiah/metr4202_ws/src/tb3_controller/install
[3.121s] DEBUG:colcon.colcon_installed_package_information.package_discovery:Found 1 installed packages in /home/isaiah/metr4202_ws/src/install
[3.131s] DEBUG:colcon.colcon_installed_package_information.package_discovery:Found 11 installed packages in /home/isaiah/metr4202_ws/install
[3.153s] DEBUG:colcon.colcon_installed_package_information.package_discovery:Found 389 installed packages in /opt/ros/humble
[3.173s] Level 1:colcon.colcon_core.package_discovery:discover_packages(prefix_path) using defaults
[3.778s] Level 5:colcon.colcon_core.verb:set package 'tb3_controller' build argument 'cmake_args' from command line to 'None'
[3.778s] Level 5:colcon.colcon_core.verb:set package 'tb3_controller' build argument 'cmake_target' from command line to 'None'
[3.778s] Level 5:colcon.colcon_core.verb:set package 'tb3_controller' build argument 'cmake_target_skip_unavailable' from command line to 'False'
[3.778s] Level 5:colcon.colcon_core.verb:set package 'tb3_controller' build argument 'cmake_clean_cache' from command line to 'False'
[3.778s] Level 5:colcon.colcon_core.verb:set package 'tb3_controller' build argument 'cmake_clean_first' from command line to 'False'
[3.779s] Level 5:colcon.colcon_core.verb:set package 'tb3_controller' build argument 'cmake_force_configure' from command line to 'False'
[3.779s] Level 5:colcon.colcon_core.verb:set package 'tb3_controller' build argument 'ament_cmake_args' from command line to 'None'
[3.779s] Level 5:colcon.colcon_core.verb:set package 'tb3_controller' build argument 'catkin_cmake_args' from command line to 'None'
[3.779s] Level 5:colcon.colcon_core.verb:set package 'tb3_controller' build argument 'catkin_skip_building_tests' from command line to 'False'
[3.779s] DEBUG:colcon.colcon_core.verb:Building package 'tb3_controller' with the following arguments: {'ament_cmake_args': None, 'build_base': '/home/isaiah/metr4202_ws/src/tb3_controller/build/tb3_controller', 'catkin_cmake_args': None, 'catkin_skip_building_tests': False, 'cmake_args': None, 'cmake_clean_cache': False, 'cmake_clean_first': False, 'cmake_force_configure': False, 'cmake_target': None, 'cmake_target_skip_unavailable': False, 'install_base': '/home/isaiah/metr4202_ws/src/tb3_controller/install/tb3_controller', 'merge_install': False, 'path': '/home/isaiah/metr4202_ws/src/tb3_controller', 'symlink_install': False, 'test_result_base': None}
[3.784s] INFO:colcon.colcon_core.executor:Executing jobs using 'parallel' executor
[3.810s] DEBUG:colcon.colcon_parallel_executor.executor.parallel:run_until_complete
[3.810s] INFO:colcon.colcon_ros.task.ament_python.build:Building ROS package in '/home/isaiah/metr4202_ws/src/tb3_controller' with build type 'ament_python'
[3.811s] Level 1:colcon.colcon_core.shell:create_environment_hook('tb3_controller', 'ament_prefix_path')
[3.839s] INFO:colcon.colcon_core.plugin_system:Skipping extension 'colcon_core.shell.bat': Not used on non-Windows systems
[3.841s] INFO:colcon.colcon_core.shell:Creating environment hook '/home/isaiah/metr4202_ws/src/tb3_controller/install/tb3_controller/share/tb3_controller/hook/ament_prefix_path.ps1'
[3.845s] INFO:colcon.colcon_core.shell:Creating environment descriptor '/home/isaiah/metr4202_ws/src/tb3_controller/install/tb3_controller/share/tb3_controller/hook/ament_prefix_path.dsv'
[3.848s] INFO:colcon.colcon_core.shell:Creating environment hook '/home/isaiah/metr4202_ws/src/tb3_controller/install/tb3_controller/share/tb3_controller/hook/ament_prefix_path.sh'
[3.859s] INFO:colcon.colcon_core.shell:Skip shell extension 'powershell' for command environment: Not usable outside of PowerShell
[3.859s] DEBUG:colcon.colcon_core.shell:Skip shell extension 'dsv' for command environment
[5.799s] INFO:colcon.colcon_core.task.python.build:Building Python package in '/home/isaiah/metr4202_ws/src/tb3_controller'
[5.809s] INFO:colcon.colcon_core.shell:Skip shell extension 'powershell' for command environment: Not usable outside of PowerShell
[5.809s] DEBUG:colcon.colcon_core.shell:Skip shell extension 'dsv' for command environment
[8.506s] DEBUG:colcon.colcon_core.event_handler.log_command:Invoking command in '/home/isaiah/metr4202_ws/src/tb3_controller': PYTHONPATH=/home/isaiah/metr4202_ws/src/tb3_controller/build/tb3_controller/prefix_override:/home/isaiah/metr4202_ws/src/tb3_controller/install/tb3_controller/lib/python3.10/site-packages:${PYTHONPATH} /usr/bin/python3 setup.py egg_info --egg-base build/tb3_controller build --build-base /home/isaiah/metr4202_ws/src/tb3_controller/build/tb3_controller/build install --record /home/isaiah/metr4202_ws/src/tb3_controller/build/tb3_controller/install.log --single-version-externally-managed
[10.721s] DEBUG:colcon.colcon_core.event_handler.log_command:Invoked command in '/home/isaiah/metr4202_ws/src/tb3_controller' returned '0': PYTHONPATH=/home/isaiah/metr4202_ws/src/tb3_controller/build/tb3_controller/prefix_override:/home/isaiah/metr4202_ws/src/tb3_controller/install/tb3_controller/lib/python3.10/site-packages:${PYTHONPATH} /usr/bin/python3 setup.py egg_info --egg-base build/tb3_controller build --build-base /home/isaiah/metr4202_ws/src/tb3_controller/build/tb3_controller/build install --record /home/isaiah/metr4202_ws/src/tb3_controller/build/tb3_controller/install.log --single-version-externally-managed
[10.746s] Level 1:colcon.colcon_core.environment:checking '/home/isaiah/metr4202_ws/src/tb3_controller/install/tb3_controller' for CMake module files
[10.749s] Level 1:colcon.colcon_core.environment:checking '/home/isaiah/metr4202_ws/src/tb3_controller/install/tb3_controller' for CMake config files
[10.752s] Level 1:colcon.colcon_core.environment:checking '/home/isaiah/metr4202_ws/src/tb3_controller/install/tb3_controller/lib'
[10.753s] Level 1:colcon.colcon_core.environment:checking '/home/isaiah/metr4202_ws/src/tb3_controller/install/tb3_controller/bin'
[10.753s] Level 1:colcon.colcon_core.environment:checking '/home/isaiah/metr4202_ws/src/tb3_controller/install/tb3_controller/lib/pkgconfig/tb3_controller.pc'
[10.754s] Level 1:colcon.colcon_core.environment:checking '/home/isaiah/metr4202_ws/src/tb3_controller/install/tb3_controller/lib/python3.10/site-packages'
[10.755s] Level 1:colcon.colcon_core.shell:create_environment_hook('tb3_controller', 'pythonpath')
[10.765s] INFO:colcon.colcon_core.shell:Creating environment hook '/home/isaiah/metr4202_ws/src/tb3_controller/install/tb3_controller/share/tb3_controller/hook/pythonpath.ps1'
[10.766s] INFO:colcon.colcon_core.shell:Creating environment descriptor '/home/isaiah/metr4202_ws/src/tb3_controller/install/tb3_controller/share/tb3_controller/hook/pythonpath.dsv'
[10.768s] INFO:colcon.colcon_core.shell:Creating environment hook '/home/isaiah/metr4202_ws/src/tb3_controller/install/tb3_controller/share/tb3_controller/hook/pythonpath.sh'
[10.771s] Level 1:colcon.colcon_core.environment:checking '/home/isaiah/metr4202_ws/src/tb3_controller/install/tb3_controller/bin'
[10.771s] Level 1:colcon.colcon_core.environment:create_environment_scripts_only(tb3_controller)
[10.780s] INFO:colcon.colcon_core.shell:Creating package script '/home/isaiah/metr4202_ws/src/tb3_controller/install/tb3_controller/share/tb3_controller/package.ps1'
[10.784s] INFO:colcon.colcon_core.shell:Creating package descriptor '/home/isaiah/metr4202_ws/src/tb3_controller/install/tb3_controller/share/tb3_controller/package.dsv'
[10.787s] INFO:colcon.colcon_core.shell:Creating package script '/home/isaiah/metr4202_ws/src/tb3_controller/install/tb3_controller/share/tb3_controller/package.sh'
[10.794s] INFO:colcon.colcon_core.shell:Creating package script '/home/isaiah/metr4202_ws/src/tb3_controller/install/tb3_controller/share/tb3_controller/package.bash'
[10.798s] INFO:colcon.colcon_core.shell:Creating package script '/home/isaiah/metr4202_ws/src/tb3_controller/install/tb3_controller/share/tb3_controller/package.zsh'
[10.802s] Level 1:colcon.colcon_core.environment:create_file_with_runtime_dependencies(/home/isaiah/metr4202_ws/src/tb3_controller/install/tb3_controller/share/colcon-core/packages/tb3_controller)
[10.804s] DEBUG:colcon.colcon_parallel_executor.executor.parallel:closing loop
[10.806s] DEBUG:colcon.colcon_parallel_executor.executor.parallel:loop closed
[10.806s] DEBUG:colcon.colcon_parallel_executor.executor.parallel:run_until_complete finished with '0'
[10.806s] DEBUG:colcon.colcon_core.event_reactor:joining thread
[10.840s] INFO:colcon.colcon_core.plugin_system:Skipping extension 'colcon_notification.desktop_notification.terminal_notifier': Not used on non-Darwin systems
[10.840s] INFO:colcon.colcon_core.plugin_system:Skipping extension 'colcon_notification.desktop_notification.win32': Not used on non-Windows systems
[10.841s] INFO:colcon.colcon_notification.desktop_notification:Sending desktop notification using 'notify2'
[10.968s] DEBUG:colcon.colcon_core.event_reactor:joined thread
[10.987s] INFO:colcon.colcon_core.shell:Creating prefix script '/home/isaiah/metr4202_ws/src/tb3_controller/install/local_setup.ps1'
[10.994s] INFO:colcon.colcon_core.shell:Creating prefix util module '/home/isaiah/metr4202_ws/src/tb3_controller/install/_local_setup_util_ps1.py'
[11.011s] INFO:colcon.colcon_core.shell:Creating prefix chain script '/home/isaiah/metr4202_ws/src/tb3_controller/install/setup.ps1'
[11.030s] INFO:colcon.colcon_core.shell:Creating prefix script '/home/isaiah/metr4202_ws/src/tb3_controller/install/local_setup.sh'
[11.033s] INFO:colcon.colcon_core.shell:Creating prefix util module '/home/isaiah/metr4202_ws/src/tb3_controller/install/_local_setup_util_sh.py'
[11.034s] INFO:colcon.colcon_core.shell:Creating prefix chain script '/home/isaiah/metr4202_ws/src/tb3_controller/install/setup.sh'
[11.045s] INFO:colcon.colcon_core.shell:Creating prefix script '/home/isaiah/metr4202_ws/src/tb3_controller/install/local_setup.bash'
[11.047s] INFO:colcon.colcon_core.shell:Creating prefix chain script '/home/isaiah/metr4202_ws/src/tb3_controller/install/setup.bash'
[11.057s] INFO:colcon.colcon_core.shell:Creating prefix script '/home/isaiah/metr4202_ws/src/tb3_controller/install/local_setup.zsh'
[11.060s] INFO:colcon.colcon_core.shell:Creating prefix chain script '/home/isaiah/metr4202_ws/src/tb3_controller/install/setup.zsh'
