[4.967s] Invoking command in '/home/isaiah/metr4202_ws/src/tb3_controller': PYTHONPATH=/home/isaiah/metr4202_ws/src/tb3_controller/build/tb3_controller/prefix_override:/home/isaiah/metr4202_ws/src/tb3_controller/install/tb3_controller/lib/python3.10/site-packages:${PYTHONPATH} /usr/bin/python3 setup.py egg_info --egg-base build/tb3_controller build --build-base /home/isaiah/metr4202_ws/src/tb3_controller/build/tb3_controller/build install --record /home/isaiah/metr4202_ws/src/tb3_controller/build/tb3_controller/install.log --single-version-externally-managed
[6.935s] running egg_info
[6.938s] writing build/tb3_controller/tb3_controller.egg-info/PKG-INFO
[6.939s] writing dependency_links to build/tb3_controller/tb3_controller.egg-info/dependency_links.txt
[6.943s] writing entry points to build/tb3_controller/tb3_controller.egg-info/entry_points.txt
[6.947s] writing requirements to build/tb3_controller/tb3_controller.egg-info/requires.txt
[6.948s] writing top-level names to build/tb3_controller/tb3_controller.egg-info/top_level.txt
[6.956s] reading manifest file 'build/tb3_controller/tb3_controller.egg-info/SOURCES.txt'
[6.964s] writing manifest file 'build/tb3_controller/tb3_controller.egg-info/SOURCES.txt'
[6.964s] running build
[6.965s] running build_py
[6.968s] copying tb3_controller/turtlebot_brain.py -> /home/isaiah/metr4202_ws/src/tb3_controller/build/tb3_controller/build/lib/tb3_controller
[6.970s] running install
[6.971s] running install_lib
[6.973s] copying /home/isaiah/metr4202_ws/src/tb3_controller/build/tb3_controller/build/lib/tb3_controller/turtlebot_brain.py -> /home/isaiah/metr4202_ws/src/tb3_controller/install/tb3_controller/lib/python3.10/site-packages/tb3_controller
[6.983s] byte-compiling /home/isaiah/metr4202_ws/src/tb3_controller/install/tb3_controller/lib/python3.10/site-packages/tb3_controller/turtlebot_brain.py to turtlebot_brain.cpython-310.pyc
[6.993s] running install_data
[6.996s] running install_egg_info
[7.012s] removing '/home/isaiah/metr4202_ws/src/tb3_controller/install/tb3_controller/lib/python3.10/site-packages/tb3_controller-0.0.0-py3.10.egg-info' (and everything under it)
[7.012s] Copying build/tb3_controller/tb3_controller.egg-info to /home/isaiah/metr4202_ws/src/tb3_controller/install/tb3_controller/lib/python3.10/site-packages/tb3_controller-0.0.0-py3.10.egg-info
[7.012s] running install_scripts
[7.143s] Installing turtlebot_brain script to /home/isaiah/metr4202_ws/src/tb3_controller/install/tb3_controller/lib/tb3_controller
[7.144s] writing list of installed files to '/home/isaiah/metr4202_ws/src/tb3_controller/build/tb3_controller/install.log'
[7.278s] Invoked command in '/home/isaiah/metr4202_ws/src/tb3_controller' returned '0': PYTHONPATH=/home/isaiah/metr4202_ws/src/tb3_controller/build/tb3_controller/prefix_override:/home/isaiah/metr4202_ws/src/tb3_controller/install/tb3_controller/lib/python3.10/site-packages:${PYTHONPATH} /usr/bin/python3 setup.py egg_info --egg-base build/tb3_controller build --build-base /home/isaiah/metr4202_ws/src/tb3_controller/build/tb3_controller/build install --record /home/isaiah/metr4202_ws/src/tb3_controller/build/tb3_controller/install.log --single-version-externally-managed
