[0.932s] Invoking command in '/home/jonno/metr4202_ws/src/tb3_controller': PYTHONPATH=/home/jonno/metr4202_ws/src/tb3_controller/build/tb3_controller/prefix_override:/home/jonno/metr4202_ws/src/tb3_controller/install/tb3_controller/lib/python3.10/site-packages:${PYTHONPATH} /usr/bin/python3 setup.py egg_info --egg-base build/tb3_controller build --build-base /home/jonno/metr4202_ws/src/tb3_controller/build/tb3_controller/build install --record /home/jonno/metr4202_ws/src/tb3_controller/build/tb3_controller/install.log --single-version-externally-managed
[1.226s] running egg_info
[1.226s] writing build/tb3_controller/tb3_controller.egg-info/PKG-INFO
[1.226s] writing dependency_links to build/tb3_controller/tb3_controller.egg-info/dependency_links.txt
[1.226s] writing entry points to build/tb3_controller/tb3_controller.egg-info/entry_points.txt
[1.227s] writing requirements to build/tb3_controller/tb3_controller.egg-info/requires.txt
[1.227s] writing top-level names to build/tb3_controller/tb3_controller.egg-info/top_level.txt
[1.229s] reading manifest file 'build/tb3_controller/tb3_controller.egg-info/SOURCES.txt'
[1.230s] writing manifest file 'build/tb3_controller/tb3_controller.egg-info/SOURCES.txt'
[1.230s] running build
[1.230s] running build_py
[1.230s] copying tb3_controller/turtlebot_brain.py -> /home/jonno/metr4202_ws/src/tb3_controller/build/tb3_controller/build/lib/tb3_controller
[1.231s] running install
[1.231s] running install_lib
[1.232s] copying /home/jonno/metr4202_ws/src/tb3_controller/build/tb3_controller/build/lib/tb3_controller/turtlebot_brain.py -> /home/jonno/metr4202_ws/src/tb3_controller/install/tb3_controller/lib/python3.10/site-packages/tb3_controller
[1.233s] byte-compiling /home/jonno/metr4202_ws/src/tb3_controller/install/tb3_controller/lib/python3.10/site-packages/tb3_controller/turtlebot_brain.py to turtlebot_brain.cpython-310.pyc
[1.237s] running install_data
[1.237s] running install_egg_info
[1.240s] removing '/home/jonno/metr4202_ws/src/tb3_controller/install/tb3_controller/lib/python3.10/site-packages/tb3_controller-0.0.0-py3.10.egg-info' (and everything under it)
[1.240s] Copying build/tb3_controller/tb3_controller.egg-info to /home/jonno/metr4202_ws/src/tb3_controller/install/tb3_controller/lib/python3.10/site-packages/tb3_controller-0.0.0-py3.10.egg-info
[1.243s] running install_scripts
[1.264s] Installing turtlebot_brain script to /home/jonno/metr4202_ws/src/tb3_controller/install/tb3_controller/lib/tb3_controller
[1.267s] writing list of installed files to '/home/jonno/metr4202_ws/src/tb3_controller/build/tb3_controller/install.log'
[1.304s] Invoked command in '/home/jonno/metr4202_ws/src/tb3_controller' returned '0': PYTHONPATH=/home/jonno/metr4202_ws/src/tb3_controller/build/tb3_controller/prefix_override:/home/jonno/metr4202_ws/src/tb3_controller/install/tb3_controller/lib/python3.10/site-packages:${PYTHONPATH} /usr/bin/python3 setup.py egg_info --egg-base build/tb3_controller build --build-base /home/jonno/metr4202_ws/src/tb3_controller/build/tb3_controller/build install --record /home/jonno/metr4202_ws/src/tb3_controller/build/tb3_controller/install.log --single-version-externally-managed
