[0.098s] Invoking command in '/home/jonno/turtlebot3_ws/build/turtlebot3_simulations': CMAKE_PREFIX_PATH=/home/jonno/turtlebot3_ws/install/turtlebot3_gazebo:/home/jonno/turtlebot3_ws/install/turtlebot3_fake_node:/home/jonno/turtlebot3_ws/install/turtlebot3_simulations:/home/jonno/ros2_ws/install/m4202_py_pkg:/opt/ros/humble /usr/bin/cmake /home/jonno/turtlebot3_ws/src/turtlebot3_simulations/turtlebot3_simulations -DAMENT_CMAKE_SYMLINK_INSTALL=1 -DCMAKE_INSTALL_PREFIX=/home/jonno/turtlebot3_ws/install/turtlebot3_simulations
[0.218s] -- The C compiler identification is GNU 11.4.0
[0.704s] -- The CXX compiler identification is GNU 11.4.0
[1.068s] -- Detecting C compiler ABI info
[1.197s] -- Detecting C compiler ABI info - done
[1.202s] -- Check for working C compiler: /usr/bin/cc - skipped
[1.202s] -- Detecting C compile features
[1.203s] -- Detecting C compile features - done
[1.205s] -- Detecting CXX compiler ABI info
[1.337s] -- Detecting CXX compiler ABI info - done
[1.343s] -- Check for working CXX compiler: /usr/bin/c++ - skipped
[1.343s] -- Detecting CXX compile features
[1.343s] -- Detecting CXX compile features - done
[1.345s] -- Found ament_cmake: 1.3.5 (/opt/ros/humble/share/ament_cmake/cmake)
[1.448s] -- Found Python3: /usr/bin/python3.10 (found version "3.10.12") found components: Interpreter 
[1.487s] -- Override CMake install command with custom implementation using symlinks instead of copying resources
[1.545s] -- Configuring done
[1.546s] -- Generating done
[1.547s] -- Build files have been written to: /home/jonno/turtlebot3_ws/build/turtlebot3_simulations
[1.550s] Invoked command in '/home/jonno/turtlebot3_ws/build/turtlebot3_simulations' returned '0': CMAKE_PREFIX_PATH=/home/jonno/turtlebot3_ws/install/turtlebot3_gazebo:/home/jonno/turtlebot3_ws/install/turtlebot3_fake_node:/home/jonno/turtlebot3_ws/install/turtlebot3_simulations:/home/jonno/ros2_ws/install/m4202_py_pkg:/opt/ros/humble /usr/bin/cmake /home/jonno/turtlebot3_ws/src/turtlebot3_simulations/turtlebot3_simulations -DAMENT_CMAKE_SYMLINK_INSTALL=1 -DCMAKE_INSTALL_PREFIX=/home/jonno/turtlebot3_ws/install/turtlebot3_simulations
[1.551s] Invoking command in '/home/jonno/turtlebot3_ws/build/turtlebot3_simulations': CMAKE_PREFIX_PATH=/home/jonno/turtlebot3_ws/install/turtlebot3_gazebo:/home/jonno/turtlebot3_ws/install/turtlebot3_fake_node:/home/jonno/turtlebot3_ws/install/turtlebot3_simulations:/home/jonno/ros2_ws/install/m4202_py_pkg:/opt/ros/humble /usr/bin/cmake --build /home/jonno/turtlebot3_ws/build/turtlebot3_simulations -- -j12 -l12
[1.568s] Invoked command in '/home/jonno/turtlebot3_ws/build/turtlebot3_simulations' returned '0': CMAKE_PREFIX_PATH=/home/jonno/turtlebot3_ws/install/turtlebot3_gazebo:/home/jonno/turtlebot3_ws/install/turtlebot3_fake_node:/home/jonno/turtlebot3_ws/install/turtlebot3_simulations:/home/jonno/ros2_ws/install/m4202_py_pkg:/opt/ros/humble /usr/bin/cmake --build /home/jonno/turtlebot3_ws/build/turtlebot3_simulations -- -j12 -l12
[1.578s] Invoking command in '/home/jonno/turtlebot3_ws/build/turtlebot3_simulations': CMAKE_PREFIX_PATH=/home/jonno/turtlebot3_ws/install/turtlebot3_gazebo:/home/jonno/turtlebot3_ws/install/turtlebot3_fake_node:/home/jonno/turtlebot3_ws/install/turtlebot3_simulations:/home/jonno/ros2_ws/install/m4202_py_pkg:/opt/ros/humble /usr/bin/cmake --install /home/jonno/turtlebot3_ws/build/turtlebot3_simulations
[1.580s] -- Install configuration: ""
[1.581s] -- Execute custom install script
[1.581s] -- Symlinking: /home/jonno/turtlebot3_ws/install/turtlebot3_simulations/share/ament_index/resource_index/package_run_dependencies/turtlebot3_simulations
[1.585s] -- Symlinking: /home/jonno/turtlebot3_ws/install/turtlebot3_simulations/share/ament_index/resource_index/parent_prefix_path/turtlebot3_simulations
[1.588s] -- Symlinking: /home/jonno/turtlebot3_ws/install/turtlebot3_simulations/share/turtlebot3_simulations/environment/ament_prefix_path.sh
[1.591s] -- Symlinking: /home/jonno/turtlebot3_ws/install/turtlebot3_simulations/share/turtlebot3_simulations/environment/ament_prefix_path.dsv
[1.595s] -- Symlinking: /home/jonno/turtlebot3_ws/install/turtlebot3_simulations/share/turtlebot3_simulations/environment/path.sh
[1.598s] -- Symlinking: /home/jonno/turtlebot3_ws/install/turtlebot3_simulations/share/turtlebot3_simulations/environment/path.dsv
[1.602s] -- Symlinking: /home/jonno/turtlebot3_ws/install/turtlebot3_simulations/share/turtlebot3_simulations/local_setup.bash
[1.605s] -- Symlinking: /home/jonno/turtlebot3_ws/install/turtlebot3_simulations/share/turtlebot3_simulations/local_setup.sh
[1.608s] -- Symlinking: /home/jonno/turtlebot3_ws/install/turtlebot3_simulations/share/turtlebot3_simulations/local_setup.zsh
[1.612s] -- Symlinking: /home/jonno/turtlebot3_ws/install/turtlebot3_simulations/share/turtlebot3_simulations/local_setup.dsv
[1.615s] -- Symlinking: /home/jonno/turtlebot3_ws/install/turtlebot3_simulations/share/turtlebot3_simulations/package.dsv
[1.618s] -- Symlinking: /home/jonno/turtlebot3_ws/install/turtlebot3_simulations/share/ament_index/resource_index/packages/turtlebot3_simulations
[1.621s] -- Symlinking: /home/jonno/turtlebot3_ws/install/turtlebot3_simulations/share/turtlebot3_simulations/cmake/turtlebot3_simulationsConfig.cmake
[1.624s] -- Symlinking: /home/jonno/turtlebot3_ws/install/turtlebot3_simulations/share/turtlebot3_simulations/cmake/turtlebot3_simulationsConfig-version.cmake
[1.628s] -- Symlinking: /home/jonno/turtlebot3_ws/install/turtlebot3_simulations/share/turtlebot3_simulations/package.xml
[1.634s] Invoked command in '/home/jonno/turtlebot3_ws/build/turtlebot3_simulations' returned '0': CMAKE_PREFIX_PATH=/home/jonno/turtlebot3_ws/install/turtlebot3_gazebo:/home/jonno/turtlebot3_ws/install/turtlebot3_fake_node:/home/jonno/turtlebot3_ws/install/turtlebot3_simulations:/home/jonno/ros2_ws/install/m4202_py_pkg:/opt/ros/humble /usr/bin/cmake --install /home/jonno/turtlebot3_ws/build/turtlebot3_simulations
