[0.401s] DEBUG:colcon:Command line arguments: ['/usr/bin/colcon', 'build']
[0.401s] DEBUG:colcon:Parsed command line arguments: Namespace(log_base=None, log_level=None, verb_name='build', build_base='build', install_base='install', merge_install=False, symlink_install=False, test_result_base=None, continue_on_error=False, executor='parallel', parallel_workers=8, event_handlers=None, ignore_user_meta=False, metas=['./colcon.meta'], base_paths=['.'], packages_ignore=None, packages_ignore_regex=None, paths=None, packages_up_to=None, packages_up_to_regex=None, packages_above=None, packages_above_and_dependencies=None, packages_above_depth=None, packages_select_by_dep=None, packages_skip_by_dep=None, packages_skip_up_to=None, packages_select_build_failed=False, packages_skip_build_finished=False, packages_select_test_failures=False, packages_skip_test_passed=False, packages_select=None, packages_skip=None, packages_select_regex=None, packages_skip_regex=None, packages_start=None, packages_end=None, allow_overriding=[], cmake_args=None, cmake_target=None, cmake_target_skip_unavailable=False, cmake_clean_cache=False, cmake_clean_first=False, cmake_force_configure=False, ament_cmake_args=None, catkin_cmake_args=None, catkin_skip_building_tests=False, verb_parser=<colcon_defaults.argument_parser.defaults.DefaultArgumentsDecorator object at 0x7efe860d9930>, verb_extension=<colcon_core.verb.build.BuildVerb object at 0x7efe868c5510>, main=<bound method BuildVerb.main of <colcon_core.verb.build.BuildVerb object at 0x7efe868c5510>>)
[0.431s] Level 1:colcon.colcon_core.package_discovery:discover_packages(colcon_meta) check parameters
[0.431s] Level 1:colcon.colcon_core.package_discovery:discover_packages(recursive) check parameters
[0.431s] Level 1:colcon.colcon_core.package_discovery:discover_packages(ignore) check parameters
[0.431s] Level 1:colcon.colcon_core.package_discovery:discover_packages(path) check parameters
[0.431s] Level 1:colcon.colcon_core.package_discovery:discover_packages(colcon_meta) discover
[0.432s] Level 1:colcon.colcon_core.package_discovery:discover_packages(recursive) discover
[0.432s] INFO:colcon.colcon_core.package_discovery:Crawling recursively for packages in '/home/johnson/METR4202'
[0.432s] Level 1:colcon.colcon_core.package_identification:_identify(.) by extensions ['ignore', 'ignore_ament_install']
[0.432s] Level 1:colcon.colcon_core.package_identification:_identify(.) by extension 'ignore'
[0.432s] Level 1:colcon.colcon_core.package_identification:_identify(.) by extension 'ignore_ament_install'
[0.432s] Level 1:colcon.colcon_core.package_identification:_identify(.) by extensions ['colcon_pkg']
[0.432s] Level 1:colcon.colcon_core.package_identification:_identify(.) by extension 'colcon_pkg'
[0.432s] Level 1:colcon.colcon_core.package_identification:_identify(.) by extensions ['colcon_meta']
[0.432s] Level 1:colcon.colcon_core.package_identification:_identify(.) by extension 'colcon_meta'
[0.432s] Level 1:colcon.colcon_core.package_identification:_identify(.) by extensions ['ros']
[0.432s] Level 1:colcon.colcon_core.package_identification:_identify(.) by extension 'ros'
[0.444s] Level 1:colcon.colcon_core.package_identification:_identify(.) by extensions ['cmake', 'python']
[0.444s] Level 1:colcon.colcon_core.package_identification:_identify(.) by extension 'cmake'
[0.444s] Level 1:colcon.colcon_core.package_identification:_identify(.) by extension 'python'
[0.444s] Level 1:colcon.colcon_core.package_identification:_identify(.) by extensions ['python_setup_py']
[0.444s] Level 1:colcon.colcon_core.package_identification:_identify(.) by extension 'python_setup_py'
[0.444s] Level 1:colcon.colcon_core.package_identification:_identify(build) by extensions ['ignore', 'ignore_ament_install']
[0.445s] Level 1:colcon.colcon_core.package_identification:_identify(build) by extension 'ignore'
[0.445s] Level 1:colcon.colcon_core.package_identification:_identify(build) ignored
[0.445s] Level 1:colcon.colcon_core.package_identification:_identify(install) by extensions ['ignore', 'ignore_ament_install']
[0.445s] Level 1:colcon.colcon_core.package_identification:_identify(install) by extension 'ignore'
[0.445s] Level 1:colcon.colcon_core.package_identification:_identify(install) ignored
[0.445s] Level 1:colcon.colcon_core.package_identification:_identify(launch) by extensions ['ignore', 'ignore_ament_install']
[0.445s] Level 1:colcon.colcon_core.package_identification:_identify(launch) by extension 'ignore'
[0.445s] Level 1:colcon.colcon_core.package_identification:_identify(launch) by extension 'ignore_ament_install'
[0.445s] Level 1:colcon.colcon_core.package_identification:_identify(launch) by extensions ['colcon_pkg']
[0.445s] Level 1:colcon.colcon_core.package_identification:_identify(launch) by extension 'colcon_pkg'
[0.445s] Level 1:colcon.colcon_core.package_identification:_identify(launch) by extensions ['colcon_meta']
[0.445s] Level 1:colcon.colcon_core.package_identification:_identify(launch) by extension 'colcon_meta'
[0.445s] Level 1:colcon.colcon_core.package_identification:_identify(launch) by extensions ['ros']
[0.445s] Level 1:colcon.colcon_core.package_identification:_identify(launch) by extension 'ros'
[0.445s] Level 1:colcon.colcon_core.package_identification:_identify(launch) by extensions ['cmake', 'python']
[0.445s] Level 1:colcon.colcon_core.package_identification:_identify(launch) by extension 'cmake'
[0.445s] Level 1:colcon.colcon_core.package_identification:_identify(launch) by extension 'python'
[0.445s] Level 1:colcon.colcon_core.package_identification:_identify(launch) by extensions ['python_setup_py']
[0.445s] Level 1:colcon.colcon_core.package_identification:_identify(launch) by extension 'python_setup_py'
[0.446s] Level 1:colcon.colcon_core.package_identification:_identify(log) by extensions ['ignore', 'ignore_ament_install']
[0.446s] Level 1:colcon.colcon_core.package_identification:_identify(log) by extension 'ignore'
[0.446s] Level 1:colcon.colcon_core.package_identification:_identify(log) ignored
[0.446s] Level 1:colcon.colcon_core.package_identification:_identify(my_first_package) by extensions ['ignore', 'ignore_ament_install']
[0.446s] Level 1:colcon.colcon_core.package_identification:_identify(my_first_package) by extension 'ignore'
[0.446s] Level 1:colcon.colcon_core.package_identification:_identify(my_first_package) by extension 'ignore_ament_install'
[0.446s] Level 1:colcon.colcon_core.package_identification:_identify(my_first_package) by extensions ['colcon_pkg']
[0.446s] Level 1:colcon.colcon_core.package_identification:_identify(my_first_package) by extension 'colcon_pkg'
[0.446s] Level 1:colcon.colcon_core.package_identification:_identify(my_first_package) by extensions ['colcon_meta']
[0.446s] Level 1:colcon.colcon_core.package_identification:_identify(my_first_package) by extension 'colcon_meta'
[0.446s] Level 1:colcon.colcon_core.package_identification:_identify(my_first_package) by extensions ['ros']
[0.446s] Level 1:colcon.colcon_core.package_identification:_identify(my_first_package) by extension 'ros'
[0.448s] DEBUG:colcon.colcon_core.package_identification:Package 'my_first_package' with type 'ros.ament_python' and name 'my_first_package'
[0.449s] Level 1:colcon.colcon_core.package_identification:_identify(py_pubsub) by extensions ['ignore', 'ignore_ament_install']
[0.449s] Level 1:colcon.colcon_core.package_identification:_identify(py_pubsub) by extension 'ignore'
[0.449s] Level 1:colcon.colcon_core.package_identification:_identify(py_pubsub) by extension 'ignore_ament_install'
[0.449s] Level 1:colcon.colcon_core.package_identification:_identify(py_pubsub) by extensions ['colcon_pkg']
[0.449s] Level 1:colcon.colcon_core.package_identification:_identify(py_pubsub) by extension 'colcon_pkg'
[0.449s] Level 1:colcon.colcon_core.package_identification:_identify(py_pubsub) by extensions ['colcon_meta']
[0.449s] Level 1:colcon.colcon_core.package_identification:_identify(py_pubsub) by extension 'colcon_meta'
[0.449s] Level 1:colcon.colcon_core.package_identification:_identify(py_pubsub) by extensions ['ros']
[0.449s] Level 1:colcon.colcon_core.package_identification:_identify(py_pubsub) by extension 'ros'
[0.449s] DEBUG:colcon.colcon_core.package_identification:Package 'py_pubsub' with type 'ros.ament_python' and name 'py_pubsub'
[0.450s] Level 1:colcon.colcon_core.package_identification:_identify(py_srvcli) by extensions ['ignore', 'ignore_ament_install']
[0.450s] Level 1:colcon.colcon_core.package_identification:_identify(py_srvcli) by extension 'ignore'
[0.450s] Level 1:colcon.colcon_core.package_identification:_identify(py_srvcli) by extension 'ignore_ament_install'
[0.450s] Level 1:colcon.colcon_core.package_identification:_identify(py_srvcli) by extensions ['colcon_pkg']
[0.450s] Level 1:colcon.colcon_core.package_identification:_identify(py_srvcli) by extension 'colcon_pkg'
[0.450s] Level 1:colcon.colcon_core.package_identification:_identify(py_srvcli) by extensions ['colcon_meta']
[0.450s] Level 1:colcon.colcon_core.package_identification:_identify(py_srvcli) by extension 'colcon_meta'
[0.450s] Level 1:colcon.colcon_core.package_identification:_identify(py_srvcli) by extensions ['ros']
[0.450s] Level 1:colcon.colcon_core.package_identification:_identify(py_srvcli) by extension 'ros'
[0.451s] DEBUG:colcon.colcon_core.package_identification:Package 'py_srvcli' with type 'ros.ament_python' and name 'py_srvcli'
[0.451s] Level 1:colcon.colcon_core.package_identification:_identify(src) by extensions ['ignore', 'ignore_ament_install']
[0.451s] Level 1:colcon.colcon_core.package_identification:_identify(src) by extension 'ignore'
[0.451s] Level 1:colcon.colcon_core.package_identification:_identify(src) by extension 'ignore_ament_install'
[0.451s] Level 1:colcon.colcon_core.package_identification:_identify(src) by extensions ['colcon_pkg']
[0.451s] Level 1:colcon.colcon_core.package_identification:_identify(src) by extension 'colcon_pkg'
[0.451s] Level 1:colcon.colcon_core.package_identification:_identify(src) by extensions ['colcon_meta']
[0.451s] Level 1:colcon.colcon_core.package_identification:_identify(src) by extension 'colcon_meta'
[0.451s] Level 1:colcon.colcon_core.package_identification:_identify(src) by extensions ['ros']
[0.451s] Level 1:colcon.colcon_core.package_identification:_identify(src) by extension 'ros'
[0.452s] Level 1:colcon.colcon_core.package_identification:_identify(src) by extensions ['cmake', 'python']
[0.452s] Level 1:colcon.colcon_core.package_identification:_identify(src) by extension 'cmake'
[0.452s] Level 1:colcon.colcon_core.package_identification:_identify(src) by extension 'python'
[0.452s] Level 1:colcon.colcon_core.package_identification:_identify(src) by extensions ['python_setup_py']
[0.452s] Level 1:colcon.colcon_core.package_identification:_identify(src) by extension 'python_setup_py'
[0.452s] Level 1:colcon.colcon_core.package_identification:_identify(src/my_package) by extensions ['ignore', 'ignore_ament_install']
[0.452s] Level 1:colcon.colcon_core.package_identification:_identify(src/my_package) by extension 'ignore'
[0.452s] Level 1:colcon.colcon_core.package_identification:_identify(src/my_package) by extension 'ignore_ament_install'
[0.452s] Level 1:colcon.colcon_core.package_identification:_identify(src/my_package) by extensions ['colcon_pkg']
[0.452s] Level 1:colcon.colcon_core.package_identification:_identify(src/my_package) by extension 'colcon_pkg'
[0.452s] Level 1:colcon.colcon_core.package_identification:_identify(src/my_package) by extensions ['colcon_meta']
[0.452s] Level 1:colcon.colcon_core.package_identification:_identify(src/my_package) by extension 'colcon_meta'
[0.452s] Level 1:colcon.colcon_core.package_identification:_identify(src/my_package) by extensions ['ros']
[0.452s] Level 1:colcon.colcon_core.package_identification:_identify(src/my_package) by extension 'ros'
[0.453s] DEBUG:colcon.colcon_core.package_identification:Package 'src/my_package' with type 'ros.ament_python' and name 'my_package'
[0.453s] Level 1:colcon.colcon_core.package_identification:_identify(turtlebot3_simulations) by extensions ['ignore', 'ignore_ament_install']
[0.453s] Level 1:colcon.colcon_core.package_identification:_identify(turtlebot3_simulations) by extension 'ignore'
[0.453s] Level 1:colcon.colcon_core.package_identification:_identify(turtlebot3_simulations) by extension 'ignore_ament_install'
[0.453s] Level 1:colcon.colcon_core.package_identification:_identify(turtlebot3_simulations) by extensions ['colcon_pkg']
[0.453s] Level 1:colcon.colcon_core.package_identification:_identify(turtlebot3_simulations) by extension 'colcon_pkg'
[0.453s] Level 1:colcon.colcon_core.package_identification:_identify(turtlebot3_simulations) by extensions ['colcon_meta']
[0.453s] Level 1:colcon.colcon_core.package_identification:_identify(turtlebot3_simulations) by extension 'colcon_meta'
[0.454s] Level 1:colcon.colcon_core.package_identification:_identify(turtlebot3_simulations) by extensions ['ros']
[0.454s] Level 1:colcon.colcon_core.package_identification:_identify(turtlebot3_simulations) by extension 'ros'
[0.454s] Level 1:colcon.colcon_core.package_identification:_identify(turtlebot3_simulations) by extensions ['cmake', 'python']
[0.454s] Level 1:colcon.colcon_core.package_identification:_identify(turtlebot3_simulations) by extension 'cmake'
[0.454s] Level 1:colcon.colcon_core.package_identification:_identify(turtlebot3_simulations) by extension 'python'
[0.454s] Level 1:colcon.colcon_core.package_identification:_identify(turtlebot3_simulations) by extensions ['python_setup_py']
[0.454s] Level 1:colcon.colcon_core.package_identification:_identify(turtlebot3_simulations) by extension 'python_setup_py'
[0.454s] Level 1:colcon.colcon_core.package_identification:_identify(tutorial_interfaces) by extensions ['ignore', 'ignore_ament_install']
[0.455s] Level 1:colcon.colcon_core.package_identification:_identify(tutorial_interfaces) by extension 'ignore'
[0.455s] Level 1:colcon.colcon_core.package_identification:_identify(tutorial_interfaces) by extension 'ignore_ament_install'
[0.455s] Level 1:colcon.colcon_core.package_identification:_identify(tutorial_interfaces) by extensions ['colcon_pkg']
[0.455s] Level 1:colcon.colcon_core.package_identification:_identify(tutorial_interfaces) by extension 'colcon_pkg'
[0.455s] Level 1:colcon.colcon_core.package_identification:_identify(tutorial_interfaces) by extensions ['colcon_meta']
[0.455s] Level 1:colcon.colcon_core.package_identification:_identify(tutorial_interfaces) by extension 'colcon_meta'
[0.455s] Level 1:colcon.colcon_core.package_identification:_identify(tutorial_interfaces) by extensions ['ros']
[0.455s] Level 1:colcon.colcon_core.package_identification:_identify(tutorial_interfaces) by extension 'ros'
[0.455s] DEBUG:colcon.colcon_core.package_identification:Package 'tutorial_interfaces' with type 'ros.ament_cmake' and name 'tutorial_interfaces'
[0.456s] Level 1:colcon.colcon_core.package_discovery:discover_packages(recursive) using defaults
[0.456s] Level 1:colcon.colcon_core.package_discovery:discover_packages(ignore) discover
[0.456s] Level 1:colcon.colcon_core.package_discovery:discover_packages(ignore) using defaults
[0.456s] Level 1:colcon.colcon_core.package_discovery:discover_packages(path) discover
[0.456s] Level 1:colcon.colcon_core.package_discovery:discover_packages(path) using defaults
[0.478s] Level 1:colcon.colcon_core.package_discovery:discover_packages(prefix_path) check parameters
[0.478s] Level 1:colcon.colcon_core.package_discovery:discover_packages(prefix_path) discover
[0.481s] DEBUG:colcon.colcon_installed_package_information.package_discovery:Found 5 installed packages in /home/johnson/METR4202/install
[0.481s] DEBUG:colcon.colcon_installed_package_information.package_discovery:Found 3 installed packages in /home/johnson/turtlebot3_ws/install
[0.483s] DEBUG:colcon.colcon_installed_package_information.package_discovery:Found 386 installed packages in /opt/ros/humble
[0.487s] Level 1:colcon.colcon_core.package_discovery:discover_packages(prefix_path) using defaults
[0.554s] Level 5:colcon.colcon_core.verb:set package 'my_first_package' build argument 'cmake_args' from command line to 'None'
[0.554s] Level 5:colcon.colcon_core.verb:set package 'my_first_package' build argument 'cmake_target' from command line to 'None'
[0.554s] Level 5:colcon.colcon_core.verb:set package 'my_first_package' build argument 'cmake_target_skip_unavailable' from command line to 'False'
[0.554s] Level 5:colcon.colcon_core.verb:set package 'my_first_package' build argument 'cmake_clean_cache' from command line to 'False'
[0.554s] Level 5:colcon.colcon_core.verb:set package 'my_first_package' build argument 'cmake_clean_first' from command line to 'False'
[0.554s] Level 5:colcon.colcon_core.verb:set package 'my_first_package' build argument 'cmake_force_configure' from command line to 'False'
[0.554s] Level 5:colcon.colcon_core.verb:set package 'my_first_package' build argument 'ament_cmake_args' from command line to 'None'
[0.554s] Level 5:colcon.colcon_core.verb:set package 'my_first_package' build argument 'catkin_cmake_args' from command line to 'None'
[0.554s] Level 5:colcon.colcon_core.verb:set package 'my_first_package' build argument 'catkin_skip_building_tests' from command line to 'False'
[0.555s] DEBUG:colcon.colcon_core.verb:Building package 'my_first_package' with the following arguments: {'ament_cmake_args': None, 'build_base': '/home/johnson/METR4202/build/my_first_package', 'catkin_cmake_args': None, 'catkin_skip_building_tests': False, 'cmake_args': None, 'cmake_clean_cache': False, 'cmake_clean_first': False, 'cmake_force_configure': False, 'cmake_target': None, 'cmake_target_skip_unavailable': False, 'install_base': '/home/johnson/METR4202/install/my_first_package', 'merge_install': False, 'path': '/home/johnson/METR4202/my_first_package', 'symlink_install': False, 'test_result_base': None}
[0.556s] Level 5:colcon.colcon_core.verb:set package 'my_package' build argument 'cmake_args' from command line to 'None'
[0.556s] Level 5:colcon.colcon_core.verb:set package 'my_package' build argument 'cmake_target' from command line to 'None'
[0.556s] Level 5:colcon.colcon_core.verb:set package 'my_package' build argument 'cmake_target_skip_unavailable' from command line to 'False'
[0.556s] Level 5:colcon.colcon_core.verb:set package 'my_package' build argument 'cmake_clean_cache' from command line to 'False'
[0.556s] Level 5:colcon.colcon_core.verb:set package 'my_package' build argument 'cmake_clean_first' from command line to 'False'
[0.556s] Level 5:colcon.colcon_core.verb:set package 'my_package' build argument 'cmake_force_configure' from command line to 'False'
[0.556s] Level 5:colcon.colcon_core.verb:set package 'my_package' build argument 'ament_cmake_args' from command line to 'None'
[0.556s] Level 5:colcon.colcon_core.verb:set package 'my_package' build argument 'catkin_cmake_args' from command line to 'None'
[0.556s] Level 5:colcon.colcon_core.verb:set package 'my_package' build argument 'catkin_skip_building_tests' from command line to 'False'
[0.556s] DEBUG:colcon.colcon_core.verb:Building package 'my_package' with the following arguments: {'ament_cmake_args': None, 'build_base': '/home/johnson/METR4202/build/my_package', 'catkin_cmake_args': None, 'catkin_skip_building_tests': False, 'cmake_args': None, 'cmake_clean_cache': False, 'cmake_clean_first': False, 'cmake_force_configure': False, 'cmake_target': None, 'cmake_target_skip_unavailable': False, 'install_base': '/home/johnson/METR4202/install/my_package', 'merge_install': False, 'path': '/home/johnson/METR4202/src/my_package', 'symlink_install': False, 'test_result_base': None}
[0.557s] Level 5:colcon.colcon_core.verb:set package 'tutorial_interfaces' build argument 'cmake_args' from command line to 'None'
[0.557s] Level 5:colcon.colcon_core.verb:set package 'tutorial_interfaces' build argument 'cmake_target' from command line to 'None'
[0.557s] Level 5:colcon.colcon_core.verb:set package 'tutorial_interfaces' build argument 'cmake_target_skip_unavailable' from command line to 'False'
[0.557s] Level 5:colcon.colcon_core.verb:set package 'tutorial_interfaces' build argument 'cmake_clean_cache' from command line to 'False'
[0.557s] Level 5:colcon.colcon_core.verb:set package 'tutorial_interfaces' build argument 'cmake_clean_first' from command line to 'False'
[0.557s] Level 5:colcon.colcon_core.verb:set package 'tutorial_interfaces' build argument 'cmake_force_configure' from command line to 'False'
[0.557s] Level 5:colcon.colcon_core.verb:set package 'tutorial_interfaces' build argument 'ament_cmake_args' from command line to 'None'
[0.557s] Level 5:colcon.colcon_core.verb:set package 'tutorial_interfaces' build argument 'catkin_cmake_args' from command line to 'None'
[0.557s] Level 5:colcon.colcon_core.verb:set package 'tutorial_interfaces' build argument 'catkin_skip_building_tests' from command line to 'False'
[0.557s] DEBUG:colcon.colcon_core.verb:Building package 'tutorial_interfaces' with the following arguments: {'ament_cmake_args': None, 'build_base': '/home/johnson/METR4202/build/tutorial_interfaces', 'catkin_cmake_args': None, 'catkin_skip_building_tests': False, 'cmake_args': None, 'cmake_clean_cache': False, 'cmake_clean_first': False, 'cmake_force_configure': False, 'cmake_target': None, 'cmake_target_skip_unavailable': False, 'install_base': '/home/johnson/METR4202/install/tutorial_interfaces', 'merge_install': False, 'path': '/home/johnson/METR4202/tutorial_interfaces', 'symlink_install': False, 'test_result_base': None}
[0.557s] Level 5:colcon.colcon_core.verb:set package 'py_pubsub' build argument 'cmake_args' from command line to 'None'
[0.558s] Level 5:colcon.colcon_core.verb:set package 'py_pubsub' build argument 'cmake_target' from command line to 'None'
[0.558s] Level 5:colcon.colcon_core.verb:set package 'py_pubsub' build argument 'cmake_target_skip_unavailable' from command line to 'False'
[0.558s] Level 5:colcon.colcon_core.verb:set package 'py_pubsub' build argument 'cmake_clean_cache' from command line to 'False'
[0.558s] Level 5:colcon.colcon_core.verb:set package 'py_pubsub' build argument 'cmake_clean_first' from command line to 'False'
[0.558s] Level 5:colcon.colcon_core.verb:set package 'py_pubsub' build argument 'cmake_force_configure' from command line to 'False'
[0.558s] Level 5:colcon.colcon_core.verb:set package 'py_pubsub' build argument 'ament_cmake_args' from command line to 'None'
[0.558s] Level 5:colcon.colcon_core.verb:set package 'py_pubsub' build argument 'catkin_cmake_args' from command line to 'None'
[0.558s] Level 5:colcon.colcon_core.verb:set package 'py_pubsub' build argument 'catkin_skip_building_tests' from command line to 'False'
[0.558s] DEBUG:colcon.colcon_core.verb:Building package 'py_pubsub' with the following arguments: {'ament_cmake_args': None, 'build_base': '/home/johnson/METR4202/build/py_pubsub', 'catkin_cmake_args': None, 'catkin_skip_building_tests': False, 'cmake_args': None, 'cmake_clean_cache': False, 'cmake_clean_first': False, 'cmake_force_configure': False, 'cmake_target': None, 'cmake_target_skip_unavailable': False, 'install_base': '/home/johnson/METR4202/install/py_pubsub', 'merge_install': False, 'path': '/home/johnson/METR4202/py_pubsub', 'symlink_install': False, 'test_result_base': None}
[0.558s] Level 5:colcon.colcon_core.verb:set package 'py_srvcli' build argument 'cmake_args' from command line to 'None'
[0.558s] Level 5:colcon.colcon_core.verb:set package 'py_srvcli' build argument 'cmake_target' from command line to 'None'
[0.559s] Level 5:colcon.colcon_core.verb:set package 'py_srvcli' build argument 'cmake_target_skip_unavailable' from command line to 'False'
[0.559s] Level 5:colcon.colcon_core.verb:set package 'py_srvcli' build argument 'cmake_clean_cache' from command line to 'False'
[0.559s] Level 5:colcon.colcon_core.verb:set package 'py_srvcli' build argument 'cmake_clean_first' from command line to 'False'
[0.559s] Level 5:colcon.colcon_core.verb:set package 'py_srvcli' build argument 'cmake_force_configure' from command line to 'False'
[0.559s] Level 5:colcon.colcon_core.verb:set package 'py_srvcli' build argument 'ament_cmake_args' from command line to 'None'
[0.559s] Level 5:colcon.colcon_core.verb:set package 'py_srvcli' build argument 'catkin_cmake_args' from command line to 'None'
[0.559s] Level 5:colcon.colcon_core.verb:set package 'py_srvcli' build argument 'catkin_skip_building_tests' from command line to 'False'
[0.559s] DEBUG:colcon.colcon_core.verb:Building package 'py_srvcli' with the following arguments: {'ament_cmake_args': None, 'build_base': '/home/johnson/METR4202/build/py_srvcli', 'catkin_cmake_args': None, 'catkin_skip_building_tests': False, 'cmake_args': None, 'cmake_clean_cache': False, 'cmake_clean_first': False, 'cmake_force_configure': False, 'cmake_target': None, 'cmake_target_skip_unavailable': False, 'install_base': '/home/johnson/METR4202/install/py_srvcli', 'merge_install': False, 'path': '/home/johnson/METR4202/py_srvcli', 'symlink_install': False, 'test_result_base': None}
[0.559s] INFO:colcon.colcon_core.executor:Executing jobs using 'parallel' executor
[0.562s] DEBUG:colcon.colcon_parallel_executor.executor.parallel:run_until_complete
[0.562s] INFO:colcon.colcon_ros.task.ament_cmake.build:Building ROS package in '/home/johnson/METR4202/tutorial_interfaces' with build type 'ament_cmake'
[0.563s] INFO:colcon.colcon_cmake.task.cmake.build:Building CMake package in '/home/johnson/METR4202/tutorial_interfaces'
[0.568s] INFO:colcon.colcon_core.plugin_system:Skipping extension 'colcon_core.shell.bat': Not used on non-Windows systems
[0.568s] INFO:colcon.colcon_core.shell:Skip shell extension 'powershell' for command environment: Not usable outside of PowerShell
[0.568s] DEBUG:colcon.colcon_core.shell:Skip shell extension 'dsv' for command environment
[0.585s] INFO:colcon.colcon_ros.task.ament_python.build:Building ROS package in '/home/johnson/METR4202/my_first_package' with build type 'ament_python'
[0.585s] Level 1:colcon.colcon_core.shell:create_environment_hook('my_first_package', 'ament_prefix_path')
[0.587s] INFO:colcon.colcon_core.shell:Creating environment hook '/home/johnson/METR4202/install/my_first_package/share/my_first_package/hook/ament_prefix_path.ps1'
[0.588s] INFO:colcon.colcon_core.shell:Creating environment descriptor '/home/johnson/METR4202/install/my_first_package/share/my_first_package/hook/ament_prefix_path.dsv'
[0.589s] INFO:colcon.colcon_core.shell:Creating environment hook '/home/johnson/METR4202/install/my_first_package/share/my_first_package/hook/ament_prefix_path.sh'
[0.590s] INFO:colcon.colcon_core.shell:Skip shell extension 'powershell' for command environment: Not usable outside of PowerShell
[0.590s] DEBUG:colcon.colcon_core.shell:Skip shell extension 'dsv' for command environment
[0.594s] INFO:colcon.colcon_ros.task.ament_python.build:Building ROS package in '/home/johnson/METR4202/src/my_package' with build type 'ament_python'
[0.595s] Level 1:colcon.colcon_core.shell:create_environment_hook('my_package', 'ament_prefix_path')
[0.597s] INFO:colcon.colcon_core.shell:Creating environment hook '/home/johnson/METR4202/install/my_package/share/my_package/hook/ament_prefix_path.ps1'
[0.598s] INFO:colcon.colcon_core.shell:Creating environment descriptor '/home/johnson/METR4202/install/my_package/share/my_package/hook/ament_prefix_path.dsv'
[0.598s] INFO:colcon.colcon_core.shell:Creating environment hook '/home/johnson/METR4202/install/my_package/share/my_package/hook/ament_prefix_path.sh'
[0.600s] INFO:colcon.colcon_core.shell:Skip shell extension 'powershell' for command environment: Not usable outside of PowerShell
[0.600s] DEBUG:colcon.colcon_core.shell:Skip shell extension 'dsv' for command environment
[0.611s] DEBUG:colcon.colcon_core.event_handler.log_command:Invoking command in '/home/johnson/METR4202/build/tutorial_interfaces': CMAKE_PREFIX_PATH=${CMAKE_PREFIX_PATH}:/home/johnson/METR4202/install/py_srvcli:/home/johnson/METR4202/install/py_pubsub:/home/johnson/METR4202/install/my_package:/home/johnson/METR4202/install/my_first_package:/opt/ros/humble /usr/bin/cmake --build /home/johnson/METR4202/build/tutorial_interfaces -- -j8 -l8
[0.921s] INFO:colcon.colcon_core.task.python.build:Building Python package in '/home/johnson/METR4202/my_first_package'
[0.922s] INFO:colcon.colcon_core.shell:Skip shell extension 'powershell' for command environment: Not usable outside of PowerShell
[0.922s] DEBUG:colcon.colcon_core.shell:Skip shell extension 'dsv' for command environment
[1.199s] INFO:colcon.colcon_core.task.python.build:Building Python package in '/home/johnson/METR4202/src/my_package'
[1.200s] INFO:colcon.colcon_core.shell:Skip shell extension 'powershell' for command environment: Not usable outside of PowerShell
[1.200s] DEBUG:colcon.colcon_core.shell:Skip shell extension 'dsv' for command environment
[1.209s] DEBUG:colcon.colcon_core.event_handler.log_command:Invoked command in '/home/johnson/METR4202/build/tutorial_interfaces' returned '0': CMAKE_PREFIX_PATH=${CMAKE_PREFIX_PATH}:/home/johnson/METR4202/install/py_srvcli:/home/johnson/METR4202/install/py_pubsub:/home/johnson/METR4202/install/my_package:/home/johnson/METR4202/install/my_first_package:/opt/ros/humble /usr/bin/cmake --build /home/johnson/METR4202/build/tutorial_interfaces -- -j8 -l8
[1.314s] DEBUG:colcon.colcon_core.event_handler.log_command:Invoking command in '/home/johnson/METR4202/build/tutorial_interfaces': CMAKE_PREFIX_PATH=${CMAKE_PREFIX_PATH}:/home/johnson/METR4202/install/py_srvcli:/home/johnson/METR4202/install/py_pubsub:/home/johnson/METR4202/install/my_package:/home/johnson/METR4202/install/my_first_package:/opt/ros/humble /usr/bin/cmake --install /home/johnson/METR4202/build/tutorial_interfaces
[1.379s] Level 1:colcon.colcon_core.environment:create_environment_scripts_only(tutorial_interfaces)
[1.380s] DEBUG:colcon.colcon_core.event_handler.log_command:Invoked command in '/home/johnson/METR4202/build/tutorial_interfaces' returned '0': CMAKE_PREFIX_PATH=${CMAKE_PREFIX_PATH}:/home/johnson/METR4202/install/py_srvcli:/home/johnson/METR4202/install/py_pubsub:/home/johnson/METR4202/install/my_package:/home/johnson/METR4202/install/my_first_package:/opt/ros/humble /usr/bin/cmake --install /home/johnson/METR4202/build/tutorial_interfaces
[1.387s] Level 1:colcon.colcon_core.environment:checking '/home/johnson/METR4202/install/tutorial_interfaces' for CMake module files
[1.388s] Level 1:colcon.colcon_core.environment:checking '/home/johnson/METR4202/install/tutorial_interfaces' for CMake config files
[1.389s] Level 1:colcon.colcon_core.shell:create_environment_hook('tutorial_interfaces', 'cmake_prefix_path')
[1.391s] INFO:colcon.colcon_core.shell:Creating environment hook '/home/johnson/METR4202/install/tutorial_interfaces/share/tutorial_interfaces/hook/cmake_prefix_path.ps1'
[1.391s] INFO:colcon.colcon_core.shell:Creating environment descriptor '/home/johnson/METR4202/install/tutorial_interfaces/share/tutorial_interfaces/hook/cmake_prefix_path.dsv'
[1.392s] INFO:colcon.colcon_core.shell:Creating environment hook '/home/johnson/METR4202/install/tutorial_interfaces/share/tutorial_interfaces/hook/cmake_prefix_path.sh'
[1.392s] Level 1:colcon.colcon_core.environment:checking '/home/johnson/METR4202/install/tutorial_interfaces/lib'
[1.393s] Level 1:colcon.colcon_core.shell:create_environment_hook('tutorial_interfaces', 'ld_library_path_lib')
[1.395s] INFO:colcon.colcon_core.shell:Creating environment hook '/home/johnson/METR4202/install/tutorial_interfaces/share/tutorial_interfaces/hook/ld_library_path_lib.ps1'
[1.395s] INFO:colcon.colcon_core.shell:Creating environment descriptor '/home/johnson/METR4202/install/tutorial_interfaces/share/tutorial_interfaces/hook/ld_library_path_lib.dsv'
[1.395s] INFO:colcon.colcon_core.shell:Creating environment hook '/home/johnson/METR4202/install/tutorial_interfaces/share/tutorial_interfaces/hook/ld_library_path_lib.sh'
[1.396s] Level 1:colcon.colcon_core.environment:checking '/home/johnson/METR4202/install/tutorial_interfaces/bin'
[1.396s] Level 1:colcon.colcon_core.environment:checking '/home/johnson/METR4202/install/tutorial_interfaces/lib/pkgconfig/tutorial_interfaces.pc'
[1.396s] Level 1:colcon.colcon_core.environment:checking '/home/johnson/METR4202/install/tutorial_interfaces/lib/python3.10/site-packages'
[1.396s] Level 1:colcon.colcon_core.environment:checking '/home/johnson/METR4202/install/tutorial_interfaces/bin'
[1.398s] INFO:colcon.colcon_core.shell:Creating package script '/home/johnson/METR4202/install/tutorial_interfaces/share/tutorial_interfaces/package.ps1'
[1.400s] INFO:colcon.colcon_core.shell:Creating package descriptor '/home/johnson/METR4202/install/tutorial_interfaces/share/tutorial_interfaces/package.dsv'
[1.401s] INFO:colcon.colcon_core.shell:Creating package script '/home/johnson/METR4202/install/tutorial_interfaces/share/tutorial_interfaces/package.sh'
[1.401s] INFO:colcon.colcon_core.shell:Creating package script '/home/johnson/METR4202/install/tutorial_interfaces/share/tutorial_interfaces/package.bash'
[1.402s] INFO:colcon.colcon_core.shell:Creating package script '/home/johnson/METR4202/install/tutorial_interfaces/share/tutorial_interfaces/package.zsh'
[1.403s] Level 1:colcon.colcon_core.environment:create_file_with_runtime_dependencies(/home/johnson/METR4202/install/tutorial_interfaces/share/colcon-core/packages/tutorial_interfaces)
[1.496s] Level 1:colcon.colcon_core.environment:create_environment_scripts_only(tutorial_interfaces)
[1.498s] Level 1:colcon.colcon_core.environment:checking '/home/johnson/METR4202/install/tutorial_interfaces' for CMake module files
[1.499s] Level 1:colcon.colcon_core.environment:checking '/home/johnson/METR4202/install/tutorial_interfaces' for CMake config files
[1.499s] Level 1:colcon.colcon_core.shell:create_environment_hook('tutorial_interfaces', 'cmake_prefix_path')
[1.500s] INFO:colcon.colcon_core.shell:Creating environment hook '/home/johnson/METR4202/install/tutorial_interfaces/share/tutorial_interfaces/hook/cmake_prefix_path.ps1'
[1.501s] INFO:colcon.colcon_core.shell:Creating environment descriptor '/home/johnson/METR4202/install/tutorial_interfaces/share/tutorial_interfaces/hook/cmake_prefix_path.dsv'
[1.501s] INFO:colcon.colcon_core.shell:Creating environment hook '/home/johnson/METR4202/install/tutorial_interfaces/share/tutorial_interfaces/hook/cmake_prefix_path.sh'
[1.502s] Level 1:colcon.colcon_core.environment:checking '/home/johnson/METR4202/install/tutorial_interfaces/lib'
[1.502s] Level 1:colcon.colcon_core.shell:create_environment_hook('tutorial_interfaces', 'ld_library_path_lib')
[1.504s] INFO:colcon.colcon_core.shell:Creating environment hook '/home/johnson/METR4202/install/tutorial_interfaces/share/tutorial_interfaces/hook/ld_library_path_lib.ps1'
[1.504s] INFO:colcon.colcon_core.shell:Creating environment descriptor '/home/johnson/METR4202/install/tutorial_interfaces/share/tutorial_interfaces/hook/ld_library_path_lib.dsv'
[1.504s] INFO:colcon.colcon_core.shell:Creating environment hook '/home/johnson/METR4202/install/tutorial_interfaces/share/tutorial_interfaces/hook/ld_library_path_lib.sh'
[1.505s] Level 1:colcon.colcon_core.environment:checking '/home/johnson/METR4202/install/tutorial_interfaces/bin'
[1.505s] Level 1:colcon.colcon_core.environment:checking '/home/johnson/METR4202/install/tutorial_interfaces/lib/pkgconfig/tutorial_interfaces.pc'
[1.505s] Level 1:colcon.colcon_core.environment:checking '/home/johnson/METR4202/install/tutorial_interfaces/lib/python3.10/site-packages'
[1.506s] Level 1:colcon.colcon_core.environment:checking '/home/johnson/METR4202/install/tutorial_interfaces/bin'
[1.507s] INFO:colcon.colcon_core.shell:Creating package script '/home/johnson/METR4202/install/tutorial_interfaces/share/tutorial_interfaces/package.ps1'
[1.507s] INFO:colcon.colcon_core.shell:Creating package descriptor '/home/johnson/METR4202/install/tutorial_interfaces/share/tutorial_interfaces/package.dsv'
[1.508s] INFO:colcon.colcon_core.shell:Creating package script '/home/johnson/METR4202/install/tutorial_interfaces/share/tutorial_interfaces/package.sh'
[1.508s] INFO:colcon.colcon_core.shell:Creating package script '/home/johnson/METR4202/install/tutorial_interfaces/share/tutorial_interfaces/package.bash'
[1.509s] INFO:colcon.colcon_core.shell:Creating package script '/home/johnson/METR4202/install/tutorial_interfaces/share/tutorial_interfaces/package.zsh'
[1.509s] Level 1:colcon.colcon_core.environment:create_file_with_runtime_dependencies(/home/johnson/METR4202/install/tutorial_interfaces/share/colcon-core/packages/tutorial_interfaces)
[1.509s] INFO:colcon.colcon_ros.task.ament_python.build:Building ROS package in '/home/johnson/METR4202/py_pubsub' with build type 'ament_python'
[1.510s] Level 1:colcon.colcon_core.shell:create_environment_hook('py_pubsub', 'ament_prefix_path')
[1.512s] INFO:colcon.colcon_core.shell:Creating environment hook '/home/johnson/METR4202/install/py_pubsub/share/py_pubsub/hook/ament_prefix_path.ps1'
[1.513s] INFO:colcon.colcon_core.shell:Creating environment descriptor '/home/johnson/METR4202/install/py_pubsub/share/py_pubsub/hook/ament_prefix_path.dsv'
[1.513s] INFO:colcon.colcon_core.shell:Creating environment hook '/home/johnson/METR4202/install/py_pubsub/share/py_pubsub/hook/ament_prefix_path.sh'
[1.516s] INFO:colcon.colcon_core.shell:Skip shell extension 'powershell' for command environment: Not usable outside of PowerShell
[1.516s] DEBUG:colcon.colcon_core.shell:Skip shell extension 'dsv' for command environment
[1.524s] INFO:colcon.colcon_ros.task.ament_python.build:Building ROS package in '/home/johnson/METR4202/py_srvcli' with build type 'ament_python'
[1.524s] Level 1:colcon.colcon_core.shell:create_environment_hook('py_srvcli', 'ament_prefix_path')
[1.527s] INFO:colcon.colcon_core.shell:Creating environment hook '/home/johnson/METR4202/install/py_srvcli/share/py_srvcli/hook/ament_prefix_path.ps1'
[1.528s] INFO:colcon.colcon_core.shell:Creating environment descriptor '/home/johnson/METR4202/install/py_srvcli/share/py_srvcli/hook/ament_prefix_path.dsv'
[1.528s] INFO:colcon.colcon_core.shell:Creating environment hook '/home/johnson/METR4202/install/py_srvcli/share/py_srvcli/hook/ament_prefix_path.sh'
[1.530s] INFO:colcon.colcon_core.shell:Skip shell extension 'powershell' for command environment: Not usable outside of PowerShell
[1.531s] DEBUG:colcon.colcon_core.shell:Skip shell extension 'dsv' for command environment
[1.925s] INFO:colcon.colcon_core.task.python.build:Building Python package in '/home/johnson/METR4202/py_pubsub'
[1.927s] INFO:colcon.colcon_core.shell:Skip shell extension 'powershell' for command environment: Not usable outside of PowerShell
[1.927s] DEBUG:colcon.colcon_core.shell:Skip shell extension 'dsv' for command environment
[1.939s] DEBUG:colcon.colcon_core.event_handler.log_command:Invoking command in '/home/johnson/METR4202/src/my_package': PYTHONPATH=/home/johnson/METR4202/build/my_package/prefix_override:/home/johnson/METR4202/install/my_package/lib/python3.10/site-packages:${PYTHONPATH} /usr/bin/python3 setup.py egg_info --egg-base ../../build/my_package build --build-base /home/johnson/METR4202/build/my_package/build install --record /home/johnson/METR4202/build/my_package/install.log --single-version-externally-managed
[1.943s] DEBUG:colcon.colcon_core.event_handler.log_command:Invoking command in '/home/johnson/METR4202/my_first_package': PYTHONPATH=/home/johnson/METR4202/build/my_first_package/prefix_override:/home/johnson/METR4202/install/my_first_package/lib/python3.10/site-packages:${PYTHONPATH} /usr/bin/python3 setup.py egg_info --egg-base ../build/my_first_package build --build-base /home/johnson/METR4202/build/my_first_package/build install --record /home/johnson/METR4202/build/my_first_package/install.log --single-version-externally-managed
[2.266s] INFO:colcon.colcon_core.task.python.build:Building Python package in '/home/johnson/METR4202/py_srvcli'
[2.267s] INFO:colcon.colcon_core.shell:Skip shell extension 'powershell' for command environment: Not usable outside of PowerShell
[2.267s] DEBUG:colcon.colcon_core.shell:Skip shell extension 'dsv' for command environment
[2.295s] Level 1:colcon.colcon_core.environment:checking '/home/johnson/METR4202/install/my_package' for CMake module files
[2.296s] DEBUG:colcon.colcon_core.event_handler.log_command:Invoked command in '/home/johnson/METR4202/src/my_package' returned '0': PYTHONPATH=/home/johnson/METR4202/build/my_package/prefix_override:/home/johnson/METR4202/install/my_package/lib/python3.10/site-packages:${PYTHONPATH} /usr/bin/python3 setup.py egg_info --egg-base ../../build/my_package build --build-base /home/johnson/METR4202/build/my_package/build install --record /home/johnson/METR4202/build/my_package/install.log --single-version-externally-managed
[2.297s] Level 1:colcon.colcon_core.environment:checking '/home/johnson/METR4202/install/my_package' for CMake config files
[2.298s] Level 1:colcon.colcon_core.environment:checking '/home/johnson/METR4202/install/my_package/lib'
[2.298s] Level 1:colcon.colcon_core.environment:checking '/home/johnson/METR4202/install/my_package/bin'
[2.298s] Level 1:colcon.colcon_core.environment:checking '/home/johnson/METR4202/install/my_package/lib/pkgconfig/my_package.pc'
[2.298s] Level 1:colcon.colcon_core.environment:checking '/home/johnson/METR4202/install/my_package/lib/python3.10/site-packages'
[2.298s] Level 1:colcon.colcon_core.shell:create_environment_hook('my_package', 'pythonpath')
[2.300s] INFO:colcon.colcon_core.shell:Creating environment hook '/home/johnson/METR4202/install/my_package/share/my_package/hook/pythonpath.ps1'
[2.301s] INFO:colcon.colcon_core.shell:Creating environment descriptor '/home/johnson/METR4202/install/my_package/share/my_package/hook/pythonpath.dsv'
[2.302s] INFO:colcon.colcon_core.shell:Creating environment hook '/home/johnson/METR4202/install/my_package/share/my_package/hook/pythonpath.sh'
[2.303s] Level 1:colcon.colcon_core.environment:checking '/home/johnson/METR4202/install/my_package/bin'
[2.303s] Level 1:colcon.colcon_core.environment:create_environment_scripts_only(my_package)
[2.305s] INFO:colcon.colcon_core.shell:Creating package script '/home/johnson/METR4202/install/my_package/share/my_package/package.ps1'
[2.306s] INFO:colcon.colcon_core.shell:Creating package descriptor '/home/johnson/METR4202/install/my_package/share/my_package/package.dsv'
[2.307s] INFO:colcon.colcon_core.shell:Creating package script '/home/johnson/METR4202/install/my_package/share/my_package/package.sh'
[2.307s] INFO:colcon.colcon_core.shell:Creating package script '/home/johnson/METR4202/install/my_package/share/my_package/package.bash'
[2.308s] INFO:colcon.colcon_core.shell:Creating package script '/home/johnson/METR4202/install/my_package/share/my_package/package.zsh'
[2.308s] Level 1:colcon.colcon_core.environment:create_file_with_runtime_dependencies(/home/johnson/METR4202/install/my_package/share/colcon-core/packages/my_package)
[2.314s] Level 1:colcon.colcon_core.environment:checking '/home/johnson/METR4202/install/my_first_package' for CMake module files
[2.315s] DEBUG:colcon.colcon_core.event_handler.log_command:Invoked command in '/home/johnson/METR4202/my_first_package' returned '0': PYTHONPATH=/home/johnson/METR4202/build/my_first_package/prefix_override:/home/johnson/METR4202/install/my_first_package/lib/python3.10/site-packages:${PYTHONPATH} /usr/bin/python3 setup.py egg_info --egg-base ../build/my_first_package build --build-base /home/johnson/METR4202/build/my_first_package/build install --record /home/johnson/METR4202/build/my_first_package/install.log --single-version-externally-managed
[2.315s] Level 1:colcon.colcon_core.environment:checking '/home/johnson/METR4202/install/my_first_package' for CMake config files
[2.316s] Level 1:colcon.colcon_core.environment:checking '/home/johnson/METR4202/install/my_first_package/lib'
[2.316s] Level 1:colcon.colcon_core.environment:checking '/home/johnson/METR4202/install/my_first_package/bin'
[2.316s] Level 1:colcon.colcon_core.environment:checking '/home/johnson/METR4202/install/my_first_package/lib/pkgconfig/my_first_package.pc'
[2.316s] Level 1:colcon.colcon_core.environment:checking '/home/johnson/METR4202/install/my_first_package/lib/python3.10/site-packages'
[2.316s] Level 1:colcon.colcon_core.shell:create_environment_hook('my_first_package', 'pythonpath')
[2.318s] INFO:colcon.colcon_core.shell:Creating environment hook '/home/johnson/METR4202/install/my_first_package/share/my_first_package/hook/pythonpath.ps1'
[2.318s] INFO:colcon.colcon_core.shell:Creating environment descriptor '/home/johnson/METR4202/install/my_first_package/share/my_first_package/hook/pythonpath.dsv'
[2.319s] INFO:colcon.colcon_core.shell:Creating environment hook '/home/johnson/METR4202/install/my_first_package/share/my_first_package/hook/pythonpath.sh'
[2.319s] Level 1:colcon.colcon_core.environment:checking '/home/johnson/METR4202/install/my_first_package/bin'
[2.319s] Level 1:colcon.colcon_core.environment:create_environment_scripts_only(my_first_package)
[2.321s] INFO:colcon.colcon_core.shell:Creating package script '/home/johnson/METR4202/install/my_first_package/share/my_first_package/package.ps1'
[2.322s] INFO:colcon.colcon_core.shell:Creating package descriptor '/home/johnson/METR4202/install/my_first_package/share/my_first_package/package.dsv'
[2.322s] INFO:colcon.colcon_core.shell:Creating package script '/home/johnson/METR4202/install/my_first_package/share/my_first_package/package.sh'
[2.322s] INFO:colcon.colcon_core.shell:Creating package script '/home/johnson/METR4202/install/my_first_package/share/my_first_package/package.bash'
[2.323s] INFO:colcon.colcon_core.shell:Creating package script '/home/johnson/METR4202/install/my_first_package/share/my_first_package/package.zsh'
[2.323s] Level 1:colcon.colcon_core.environment:create_file_with_runtime_dependencies(/home/johnson/METR4202/install/my_first_package/share/colcon-core/packages/my_first_package)
[2.724s] DEBUG:colcon.colcon_core.event_handler.log_command:Invoking command in '/home/johnson/METR4202/py_pubsub': PYTHONPATH=/home/johnson/METR4202/build/py_pubsub/prefix_override:/home/johnson/METR4202/install/py_pubsub/lib/python3.10/site-packages:${PYTHONPATH} /usr/bin/python3 setup.py egg_info --egg-base ../build/py_pubsub build --build-base /home/johnson/METR4202/build/py_pubsub/build install --record /home/johnson/METR4202/build/py_pubsub/install.log --single-version-externally-managed
[2.777s] DEBUG:colcon.colcon_core.event_handler.log_command:Invoking command in '/home/johnson/METR4202/py_srvcli': PYTHONPATH=/home/johnson/METR4202/build/py_srvcli/prefix_override:/home/johnson/METR4202/install/py_srvcli/lib/python3.10/site-packages:${PYTHONPATH} /usr/bin/python3 setup.py egg_info --egg-base ../build/py_srvcli build --build-base /home/johnson/METR4202/build/py_srvcli/build install --record /home/johnson/METR4202/build/py_srvcli/install.log --single-version-externally-managed
[3.028s] Level 1:colcon.colcon_core.environment:checking '/home/johnson/METR4202/install/py_pubsub' for CMake module files
[3.029s] DEBUG:colcon.colcon_core.event_handler.log_command:Invoked command in '/home/johnson/METR4202/py_pubsub' returned '0': PYTHONPATH=/home/johnson/METR4202/build/py_pubsub/prefix_override:/home/johnson/METR4202/install/py_pubsub/lib/python3.10/site-packages:${PYTHONPATH} /usr/bin/python3 setup.py egg_info --egg-base ../build/py_pubsub build --build-base /home/johnson/METR4202/build/py_pubsub/build install --record /home/johnson/METR4202/build/py_pubsub/install.log --single-version-externally-managed
[3.029s] Level 1:colcon.colcon_core.environment:checking '/home/johnson/METR4202/install/py_pubsub' for CMake config files
[3.030s] Level 1:colcon.colcon_core.environment:checking '/home/johnson/METR4202/install/py_pubsub/lib'
[3.030s] Level 1:colcon.colcon_core.environment:checking '/home/johnson/METR4202/install/py_pubsub/bin'
[3.030s] Level 1:colcon.colcon_core.environment:checking '/home/johnson/METR4202/install/py_pubsub/lib/pkgconfig/py_pubsub.pc'
[3.031s] Level 1:colcon.colcon_core.environment:checking '/home/johnson/METR4202/install/py_pubsub/lib/python3.10/site-packages'
[3.031s] Level 1:colcon.colcon_core.shell:create_environment_hook('py_pubsub', 'pythonpath')
[3.032s] INFO:colcon.colcon_core.shell:Creating environment hook '/home/johnson/METR4202/install/py_pubsub/share/py_pubsub/hook/pythonpath.ps1'
[3.033s] INFO:colcon.colcon_core.shell:Creating environment descriptor '/home/johnson/METR4202/install/py_pubsub/share/py_pubsub/hook/pythonpath.dsv'
[3.033s] INFO:colcon.colcon_core.shell:Creating environment hook '/home/johnson/METR4202/install/py_pubsub/share/py_pubsub/hook/pythonpath.sh'
[3.034s] Level 1:colcon.colcon_core.environment:checking '/home/johnson/METR4202/install/py_pubsub/bin'
[3.034s] Level 1:colcon.colcon_core.environment:create_environment_scripts_only(py_pubsub)
[3.037s] INFO:colcon.colcon_core.shell:Creating package script '/home/johnson/METR4202/install/py_pubsub/share/py_pubsub/package.ps1'
[3.038s] INFO:colcon.colcon_core.shell:Creating package descriptor '/home/johnson/METR4202/install/py_pubsub/share/py_pubsub/package.dsv'
[3.038s] INFO:colcon.colcon_core.shell:Creating package script '/home/johnson/METR4202/install/py_pubsub/share/py_pubsub/package.sh'
[3.039s] INFO:colcon.colcon_core.shell:Creating package script '/home/johnson/METR4202/install/py_pubsub/share/py_pubsub/package.bash'
[3.039s] INFO:colcon.colcon_core.shell:Creating package script '/home/johnson/METR4202/install/py_pubsub/share/py_pubsub/package.zsh'
[3.039s] Level 1:colcon.colcon_core.environment:create_file_with_runtime_dependencies(/home/johnson/METR4202/install/py_pubsub/share/colcon-core/packages/py_pubsub)
[3.117s] Level 1:colcon.colcon_core.environment:checking '/home/johnson/METR4202/install/py_srvcli' for CMake module files
[3.118s] DEBUG:colcon.colcon_core.event_handler.log_command:Invoked command in '/home/johnson/METR4202/py_srvcli' returned '0': PYTHONPATH=/home/johnson/METR4202/build/py_srvcli/prefix_override:/home/johnson/METR4202/install/py_srvcli/lib/python3.10/site-packages:${PYTHONPATH} /usr/bin/python3 setup.py egg_info --egg-base ../build/py_srvcli build --build-base /home/johnson/METR4202/build/py_srvcli/build install --record /home/johnson/METR4202/build/py_srvcli/install.log --single-version-externally-managed
[3.119s] Level 1:colcon.colcon_core.environment:checking '/home/johnson/METR4202/install/py_srvcli' for CMake config files
[3.120s] Level 1:colcon.colcon_core.environment:checking '/home/johnson/METR4202/install/py_srvcli/lib'
[3.120s] Level 1:colcon.colcon_core.environment:checking '/home/johnson/METR4202/install/py_srvcli/bin'
[3.120s] Level 1:colcon.colcon_core.environment:checking '/home/johnson/METR4202/install/py_srvcli/lib/pkgconfig/py_srvcli.pc'
[3.120s] Level 1:colcon.colcon_core.environment:checking '/home/johnson/METR4202/install/py_srvcli/lib/python3.10/site-packages'
[3.120s] Level 1:colcon.colcon_core.shell:create_environment_hook('py_srvcli', 'pythonpath')
[3.122s] INFO:colcon.colcon_core.shell:Creating environment hook '/home/johnson/METR4202/install/py_srvcli/share/py_srvcli/hook/pythonpath.ps1'
[3.123s] INFO:colcon.colcon_core.shell:Creating environment descriptor '/home/johnson/METR4202/install/py_srvcli/share/py_srvcli/hook/pythonpath.dsv'
[3.123s] INFO:colcon.colcon_core.shell:Creating environment hook '/home/johnson/METR4202/install/py_srvcli/share/py_srvcli/hook/pythonpath.sh'
[3.124s] Level 1:colcon.colcon_core.environment:checking '/home/johnson/METR4202/install/py_srvcli/bin'
[3.124s] Level 1:colcon.colcon_core.environment:create_environment_scripts_only(py_srvcli)
[3.127s] INFO:colcon.colcon_core.shell:Creating package script '/home/johnson/METR4202/install/py_srvcli/share/py_srvcli/package.ps1'
[3.128s] INFO:colcon.colcon_core.shell:Creating package descriptor '/home/johnson/METR4202/install/py_srvcli/share/py_srvcli/package.dsv'
[3.128s] INFO:colcon.colcon_core.shell:Creating package script '/home/johnson/METR4202/install/py_srvcli/share/py_srvcli/package.sh'
[3.129s] INFO:colcon.colcon_core.shell:Creating package script '/home/johnson/METR4202/install/py_srvcli/share/py_srvcli/package.bash'
[3.130s] INFO:colcon.colcon_core.shell:Creating package script '/home/johnson/METR4202/install/py_srvcli/share/py_srvcli/package.zsh'
[3.131s] Level 1:colcon.colcon_core.environment:create_file_with_runtime_dependencies(/home/johnson/METR4202/install/py_srvcli/share/colcon-core/packages/py_srvcli)
[3.132s] DEBUG:colcon.colcon_parallel_executor.executor.parallel:closing loop
[3.132s] DEBUG:colcon.colcon_parallel_executor.executor.parallel:loop closed
[3.132s] DEBUG:colcon.colcon_parallel_executor.executor.parallel:run_until_complete finished with '0'
[3.132s] DEBUG:colcon.colcon_core.event_reactor:joining thread
[3.214s] INFO:colcon.colcon_core.plugin_system:Skipping extension 'colcon_notification.desktop_notification.notify_send': Could not find 'notify-send'
[3.214s] INFO:colcon.colcon_core.plugin_system:Skipping extension 'colcon_notification.desktop_notification.terminal_notifier': Not used on non-Darwin systems
[3.214s] INFO:colcon.colcon_core.plugin_system:Skipping extension 'colcon_notification.desktop_notification.win32': Not used on non-Windows systems
[3.215s] INFO:colcon.colcon_notification.desktop_notification:Sending desktop notification using 'notify2'
[3.218s] DEBUG:colcon.colcon_notification.desktop_notification.notify2:Failed to initialize notify2: org.freedesktop.DBus.Error.ServiceUnknown: The name org.freedesktop.Notifications was not provided by any .service files
[3.218s] DEBUG:colcon.colcon_core.event_reactor:joined thread
[3.220s] INFO:colcon.colcon_core.shell:Creating prefix script '/home/johnson/METR4202/install/local_setup.ps1'
[3.221s] INFO:colcon.colcon_core.shell:Creating prefix util module '/home/johnson/METR4202/install/_local_setup_util_ps1.py'
[3.223s] INFO:colcon.colcon_core.shell:Creating prefix chain script '/home/johnson/METR4202/install/setup.ps1'
[3.224s] INFO:colcon.colcon_core.shell:Creating prefix script '/home/johnson/METR4202/install/local_setup.sh'
[3.225s] INFO:colcon.colcon_core.shell:Creating prefix util module '/home/johnson/METR4202/install/_local_setup_util_sh.py'
[3.226s] INFO:colcon.colcon_core.shell:Creating prefix chain script '/home/johnson/METR4202/install/setup.sh'
[3.227s] INFO:colcon.colcon_core.shell:Creating prefix script '/home/johnson/METR4202/install/local_setup.bash'
[3.228s] INFO:colcon.colcon_core.shell:Creating prefix chain script '/home/johnson/METR4202/install/setup.bash'
[3.229s] INFO:colcon.colcon_core.shell:Creating prefix script '/home/johnson/METR4202/install/local_setup.zsh'
[3.230s] INFO:colcon.colcon_core.shell:Creating prefix chain script '/home/johnson/METR4202/install/setup.zsh'
