[2.913s] Invoking command in '/home/johnson/METR4202/tb3_controller': PYTHONPATH=/home/johnson/METR4202/build/tb3_controller/prefix_override:/home/johnson/METR4202/install/tb3_controller/lib/python3.10/site-packages:${PYTHONPATH} /usr/bin/python3 setup.py egg_info --egg-base ../build/tb3_controller build --build-base /home/johnson/METR4202/build/tb3_controller/build install --record /home/johnson/METR4202/build/tb3_controller/install.log --single-version-externally-managed
[3.652s] running egg_info
[3.653s] writing ../build/tb3_controller/tb3_controller.egg-info/PKG-INFO
[3.653s] writing dependency_links to ../build/tb3_controller/tb3_controller.egg-info/dependency_links.txt
[3.654s] writing entry points to ../build/tb3_controller/tb3_controller.egg-info/entry_points.txt
[3.654s] writing requirements to ../build/tb3_controller/tb3_controller.egg-info/requires.txt
[3.654s] writing top-level names to ../build/tb3_controller/tb3_controller.egg-info/top_level.txt
[3.658s] reading manifest file '../build/tb3_controller/tb3_controller.egg-info/SOURCES.txt'
[3.662s] writing manifest file '../build/tb3_controller/tb3_controller.egg-info/SOURCES.txt'
[3.662s] running build
[3.662s] running build_py
[3.662s] copying tb3_controller/turtlebot_brain.py -> /home/johnson/METR4202/build/tb3_controller/build/lib/tb3_controller
[3.666s] running install
[3.666s] /usr/lib/python3/dist-packages/setuptools/command/install.py:34: SetuptoolsDeprecationWarning: setup.py install is deprecated. Use build and pip and other standards-based tools.
[3.666s]   warnings.warn(
[3.674s] running install_lib
[3.676s] copying /home/johnson/METR4202/build/tb3_controller/build/lib/tb3_controller/turtlebot_brain.py -> /home/johnson/METR4202/install/tb3_controller/lib/python3.10/site-packages/tb3_controller
[3.679s] byte-compiling /home/johnson/METR4202/install/tb3_controller/lib/python3.10/site-packages/tb3_controller/turtlebot_brain.py to turtlebot_brain.cpython-310.pyc
[3.686s] running install_data
[3.689s] running install_egg_info
[3.694s] removing '/home/johnson/METR4202/install/tb3_controller/lib/python3.10/site-packages/tb3_controller-0.0.0-py3.10.egg-info' (and everything under it)
[3.707s] Copying ../build/tb3_controller/tb3_controller.egg-info to /home/johnson/METR4202/install/tb3_controller/lib/python3.10/site-packages/tb3_controller-0.0.0-py3.10.egg-info
[3.710s] running install_scripts
[3.793s] Installing turtlebot_brain script to /home/johnson/METR4202/install/tb3_controller/lib/tb3_controller
[3.795s] writing list of installed files to '/home/johnson/METR4202/build/tb3_controller/install.log'
[3.892s] Invoked command in '/home/johnson/METR4202/tb3_controller' returned '0': PYTHONPATH=/home/johnson/METR4202/build/tb3_controller/prefix_override:/home/johnson/METR4202/install/tb3_controller/lib/python3.10/site-packages:${PYTHONPATH} /usr/bin/python3 setup.py egg_info --egg-base ../build/tb3_controller build --build-base /home/johnson/METR4202/build/tb3_controller/build install --record /home/johnson/METR4202/build/tb3_controller/install.log --single-version-externally-managed
