[3.260s] Invoking command in '/home/johnson/METR4202': PYTHONPATH=/home/johnson/METR4202/build/tb3_controller/prefix_override:/home/johnson/METR4202/install/tb3_controller/lib/python3.10/site-packages:${PYTHONPATH} /usr/bin/python3 setup.py egg_info --egg-base build/tb3_controller build --build-base /home/johnson/METR4202/build/tb3_controller/build install --record /home/johnson/METR4202/build/tb3_controller/install.log --single-version-externally-managed
[3.965s] running egg_info
[3.969s] writing build/tb3_controller/tb3_controller.egg-info/PKG-INFO
[3.971s] writing dependency_links to build/tb3_controller/tb3_controller.egg-info/dependency_links.txt
[3.972s] writing entry points to build/tb3_controller/tb3_controller.egg-info/entry_points.txt
[3.973s] writing requirements to build/tb3_controller/tb3_controller.egg-info/requires.txt
[3.974s] writing top-level names to build/tb3_controller/tb3_controller.egg-info/top_level.txt
[3.978s] reading manifest file 'build/tb3_controller/tb3_controller.egg-info/SOURCES.txt'
[4.000s] writing manifest file 'build/tb3_controller/tb3_controller.egg-info/SOURCES.txt'
[4.001s] running build
[4.003s] running build_py
[4.005s] copying tb3_controller/turtlebot_brain.py -> /home/johnson/METR4202/build/tb3_controller/build/lib/tb3_controller
[4.010s] running install
[4.013s] /usr/lib/python3/dist-packages/setuptools/command/install.py:34: SetuptoolsDeprecationWarning: setup.py install is deprecated. Use build and pip and other standards-based tools.
[4.013s]   warnings.warn(
[4.014s] running install_lib
[4.018s] copying /home/johnson/METR4202/build/tb3_controller/build/lib/tb3_controller/turtlebot_brain.py -> /home/johnson/METR4202/install/tb3_controller/lib/python3.10/site-packages/tb3_controller
[4.033s] byte-compiling /home/johnson/METR4202/install/tb3_controller/lib/python3.10/site-packages/tb3_controller/turtlebot_brain.py to turtlebot_brain.cpython-310.pyc
[4.051s] running install_data
[4.054s] running install_egg_info
[4.060s] removing '/home/johnson/METR4202/install/tb3_controller/lib/python3.10/site-packages/tb3_controller-0.0.0-py3.10.egg-info' (and everything under it)
[4.066s] Copying build/tb3_controller/tb3_controller.egg-info to /home/johnson/METR4202/install/tb3_controller/lib/python3.10/site-packages/tb3_controller-0.0.0-py3.10.egg-info
[4.074s] running install_scripts
[4.130s] Installing turtlebot_brain script to /home/johnson/METR4202/install/tb3_controller/lib/tb3_controller
[4.133s] writing list of installed files to '/home/johnson/METR4202/build/tb3_controller/install.log'
[4.221s] Invoked command in '/home/johnson/METR4202' returned '0': PYTHONPATH=/home/johnson/METR4202/build/tb3_controller/prefix_override:/home/johnson/METR4202/install/tb3_controller/lib/python3.10/site-packages:${PYTHONPATH} /usr/bin/python3 setup.py egg_info --egg-base build/tb3_controller build --build-base /home/johnson/METR4202/build/tb3_controller/build install --record /home/johnson/METR4202/build/tb3_controller/install.log --single-version-externally-managed
