[2.363s] Invoking command in '/home/johnson/METR4202': PYTHONPATH=/home/johnson/METR4202/build/tb3_controller/prefix_override:/home/johnson/METR4202/install/tb3_controller/lib/python3.10/site-packages:${PYTHONPATH} /usr/bin/python3 setup.py egg_info --egg-base build/tb3_controller build --build-base /home/johnson/METR4202/build/tb3_controller/build install --record /home/johnson/METR4202/build/tb3_controller/install.log --single-version-externally-managed
[2.990s] running egg_info
[2.992s] writing build/tb3_controller/tb3_controller.egg-info/PKG-INFO
[2.993s] writing dependency_links to build/tb3_controller/tb3_controller.egg-info/dependency_links.txt
[2.996s] writing entry points to build/tb3_controller/tb3_controller.egg-info/entry_points.txt
[2.996s] writing requirements to build/tb3_controller/tb3_controller.egg-info/requires.txt
[2.997s] writing top-level names to build/tb3_controller/tb3_controller.egg-info/top_level.txt
[3.000s] reading manifest file 'build/tb3_controller/tb3_controller.egg-info/SOURCES.txt'
[3.003s] writing manifest file 'build/tb3_controller/tb3_controller.egg-info/SOURCES.txt'
[3.005s] running build
[3.007s] running build_py
[3.008s] running install
[3.009s] /usr/lib/python3/dist-packages/setuptools/command/install.py:34: SetuptoolsDeprecationWarning: setup.py install is deprecated. Use build and pip and other standards-based tools.
[3.010s]   warnings.warn(
[3.012s] running install_lib
[3.015s] running install_data
[3.017s] running install_egg_info
[3.021s] removing '/home/johnson/METR4202/install/tb3_controller/lib/python3.10/site-packages/tb3_controller-0.0.0-py3.10.egg-info' (and everything under it)
[3.024s] Copying build/tb3_controller/tb3_controller.egg-info to /home/johnson/METR4202/install/tb3_controller/lib/python3.10/site-packages/tb3_controller-0.0.0-py3.10.egg-info
[3.035s] running install_scripts
[3.080s] Installing turtlebot_brain script to /home/johnson/METR4202/install/tb3_controller/lib/tb3_controller
[3.082s] writing list of installed files to '/home/johnson/METR4202/build/tb3_controller/install.log'
[3.175s] Invoked command in '/home/johnson/METR4202' returned '0': PYTHONPATH=/home/johnson/METR4202/build/tb3_controller/prefix_override:/home/johnson/METR4202/install/tb3_controller/lib/python3.10/site-packages:${PYTHONPATH} /usr/bin/python3 setup.py egg_info --egg-base build/tb3_controller build --build-base /home/johnson/METR4202/build/tb3_controller/build install --record /home/johnson/METR4202/build/tb3_controller/install.log --single-version-externally-managed
