[1.225s] DEBUG:colcon:Command line arguments: ['/usr/bin/colcon', 'build', '--packages-select', 'tb3_controller']
[1.225s] DEBUG:colcon:Parsed command line arguments: Namespace(log_base=None, log_level=None, verb_name='build', build_base='build', install_base='install', merge_install=False, symlink_install=False, test_result_base=None, continue_on_error=False, executor='parallel', parallel_workers=8, event_handlers=None, ignore_user_meta=False, metas=['./colcon.meta'], base_paths=['.'], packages_ignore=None, packages_ignore_regex=None, paths=None, packages_up_to=None, packages_up_to_regex=None, packages_above=None, packages_above_and_dependencies=None, packages_above_depth=None, packages_select_by_dep=None, packages_skip_by_dep=None, packages_skip_up_to=None, packages_select_build_failed=False, packages_skip_build_finished=False, packages_select_test_failures=False, packages_skip_test_passed=False, packages_select=['tb3_controller'], packages_skip=None, packages_select_regex=None, packages_skip_regex=None, packages_start=None, packages_end=None, allow_overriding=[], cmake_args=None, cmake_target=None, cmake_target_skip_unavailable=False, cmake_clean_cache=False, cmake_clean_first=False, cmake_force_configure=False, ament_cmake_args=None, catkin_cmake_args=None, catkin_skip_building_tests=False, verb_parser=<colcon_defaults.argument_parser.defaults.DefaultArgumentsDecorator object at 0x7f33362de170>, verb_extension=<colcon_core.verb.build.BuildVerb object at 0x7f33364da680>, main=<bound method BuildVerb.main of <colcon_core.verb.build.BuildVerb object at 0x7f33364da680>>)
[1.382s] Level 1:colcon.colcon_core.package_discovery:discover_packages(colcon_meta) check parameters
[1.383s] Level 1:colcon.colcon_core.package_discovery:discover_packages(recursive) check parameters
[1.383s] Level 1:colcon.colcon_core.package_discovery:discover_packages(ignore) check parameters
[1.384s] Level 1:colcon.colcon_core.package_discovery:discover_packages(path) check parameters
[1.384s] Level 1:colcon.colcon_core.package_discovery:discover_packages(colcon_meta) discover
[1.384s] Level 1:colcon.colcon_core.package_discovery:discover_packages(recursive) discover
[1.384s] INFO:colcon.colcon_core.package_discovery:Crawling recursively for packages in '/home/johnson/METR4202'
[1.384s] Level 1:colcon.colcon_core.package_identification:_identify(.) by extensions ['ignore', 'ignore_ament_install']
[1.385s] Level 1:colcon.colcon_core.package_identification:_identify(.) by extension 'ignore'
[1.385s] Level 1:colcon.colcon_core.package_identification:_identify(.) by extension 'ignore_ament_install'
[1.385s] Level 1:colcon.colcon_core.package_identification:_identify(.) by extensions ['colcon_pkg']
[1.385s] Level 1:colcon.colcon_core.package_identification:_identify(.) by extension 'colcon_pkg'
[1.386s] Level 1:colcon.colcon_core.package_identification:_identify(.) by extensions ['colcon_meta']
[1.386s] Level 1:colcon.colcon_core.package_identification:_identify(.) by extension 'colcon_meta'
[1.386s] Level 1:colcon.colcon_core.package_identification:_identify(.) by extensions ['ros']
[1.386s] Level 1:colcon.colcon_core.package_identification:_identify(.) by extension 'ros'
[1.448s] Level 1:colcon.colcon_core.package_identification:_identify(.) by extensions ['cmake', 'python']
[1.448s] Level 1:colcon.colcon_core.package_identification:_identify(.) by extension 'cmake'
[1.448s] Level 1:colcon.colcon_core.package_identification:_identify(.) by extension 'python'
[1.448s] Level 1:colcon.colcon_core.package_identification:_identify(.) by extensions ['python_setup_py']
[1.448s] Level 1:colcon.colcon_core.package_identification:_identify(.) by extension 'python_setup_py'
[1.448s] Level 1:colcon.colcon_core.package_identification:_identify(Instructions) by extensions ['ignore', 'ignore_ament_install']
[1.448s] Level 1:colcon.colcon_core.package_identification:_identify(Instructions) by extension 'ignore'
[1.449s] Level 1:colcon.colcon_core.package_identification:_identify(Instructions) by extension 'ignore_ament_install'
[1.449s] Level 1:colcon.colcon_core.package_identification:_identify(Instructions) by extensions ['colcon_pkg']
[1.449s] Level 1:colcon.colcon_core.package_identification:_identify(Instructions) by extension 'colcon_pkg'
[1.449s] Level 1:colcon.colcon_core.package_identification:_identify(Instructions) by extensions ['colcon_meta']
[1.449s] Level 1:colcon.colcon_core.package_identification:_identify(Instructions) by extension 'colcon_meta'
[1.449s] Level 1:colcon.colcon_core.package_identification:_identify(Instructions) by extensions ['ros']
[1.449s] Level 1:colcon.colcon_core.package_identification:_identify(Instructions) by extension 'ros'
[1.449s] Level 1:colcon.colcon_core.package_identification:_identify(Instructions) by extensions ['cmake', 'python']
[1.449s] Level 1:colcon.colcon_core.package_identification:_identify(Instructions) by extension 'cmake'
[1.449s] Level 1:colcon.colcon_core.package_identification:_identify(Instructions) by extension 'python'
[1.449s] Level 1:colcon.colcon_core.package_identification:_identify(Instructions) by extensions ['python_setup_py']
[1.449s] Level 1:colcon.colcon_core.package_identification:_identify(Instructions) by extension 'python_setup_py'
[1.449s] Level 1:colcon.colcon_core.package_identification:_identify(build) by extensions ['ignore', 'ignore_ament_install']
[1.450s] Level 1:colcon.colcon_core.package_identification:_identify(build) by extension 'ignore'
[1.450s] Level 1:colcon.colcon_core.package_identification:_identify(build) ignored
[1.450s] Level 1:colcon.colcon_core.package_identification:_identify(install) by extensions ['ignore', 'ignore_ament_install']
[1.450s] Level 1:colcon.colcon_core.package_identification:_identify(install) by extension 'ignore'
[1.450s] Level 1:colcon.colcon_core.package_identification:_identify(install) ignored
[1.450s] Level 1:colcon.colcon_core.package_identification:_identify(log) by extensions ['ignore', 'ignore_ament_install']
[1.451s] Level 1:colcon.colcon_core.package_identification:_identify(log) by extension 'ignore'
[1.451s] Level 1:colcon.colcon_core.package_identification:_identify(log) ignored
[1.451s] Level 1:colcon.colcon_core.package_identification:_identify(maps) by extensions ['ignore', 'ignore_ament_install']
[1.451s] Level 1:colcon.colcon_core.package_identification:_identify(maps) by extension 'ignore'
[1.451s] Level 1:colcon.colcon_core.package_identification:_identify(maps) by extension 'ignore_ament_install'
[1.451s] Level 1:colcon.colcon_core.package_identification:_identify(maps) by extensions ['colcon_pkg']
[1.451s] Level 1:colcon.colcon_core.package_identification:_identify(maps) by extension 'colcon_pkg'
[1.451s] Level 1:colcon.colcon_core.package_identification:_identify(maps) by extensions ['colcon_meta']
[1.451s] Level 1:colcon.colcon_core.package_identification:_identify(maps) by extension 'colcon_meta'
[1.451s] Level 1:colcon.colcon_core.package_identification:_identify(maps) by extensions ['ros']
[1.451s] Level 1:colcon.colcon_core.package_identification:_identify(maps) by extension 'ros'
[1.452s] Level 1:colcon.colcon_core.package_identification:_identify(maps) by extensions ['cmake', 'python']
[1.452s] Level 1:colcon.colcon_core.package_identification:_identify(maps) by extension 'cmake'
[1.452s] Level 1:colcon.colcon_core.package_identification:_identify(maps) by extension 'python'
[1.452s] Level 1:colcon.colcon_core.package_identification:_identify(maps) by extensions ['python_setup_py']
[1.452s] Level 1:colcon.colcon_core.package_identification:_identify(maps) by extension 'python_setup_py'
[1.453s] Level 1:colcon.colcon_core.package_identification:_identify(src) by extensions ['ignore', 'ignore_ament_install']
[1.453s] Level 1:colcon.colcon_core.package_identification:_identify(src) by extension 'ignore'
[1.453s] Level 1:colcon.colcon_core.package_identification:_identify(src) by extension 'ignore_ament_install'
[1.453s] Level 1:colcon.colcon_core.package_identification:_identify(src) by extensions ['colcon_pkg']
[1.453s] Level 1:colcon.colcon_core.package_identification:_identify(src) by extension 'colcon_pkg'
[1.453s] Level 1:colcon.colcon_core.package_identification:_identify(src) by extensions ['colcon_meta']
[1.453s] Level 1:colcon.colcon_core.package_identification:_identify(src) by extension 'colcon_meta'
[1.453s] Level 1:colcon.colcon_core.package_identification:_identify(src) by extensions ['ros']
[1.453s] Level 1:colcon.colcon_core.package_identification:_identify(src) by extension 'ros'
[1.453s] Level 1:colcon.colcon_core.package_identification:_identify(src) by extensions ['cmake', 'python']
[1.453s] Level 1:colcon.colcon_core.package_identification:_identify(src) by extension 'cmake'
[1.453s] Level 1:colcon.colcon_core.package_identification:_identify(src) by extension 'python'
[1.454s] Level 1:colcon.colcon_core.package_identification:_identify(src) by extensions ['python_setup_py']
[1.454s] Level 1:colcon.colcon_core.package_identification:_identify(src) by extension 'python_setup_py'
[1.454s] Level 1:colcon.colcon_core.package_identification:_identify(src/build) by extensions ['ignore', 'ignore_ament_install']
[1.454s] Level 1:colcon.colcon_core.package_identification:_identify(src/build) by extension 'ignore'
[1.454s] Level 1:colcon.colcon_core.package_identification:_identify(src/build) ignored
[1.456s] Level 1:colcon.colcon_core.package_identification:_identify(src/install) by extensions ['ignore', 'ignore_ament_install']
[1.456s] Level 1:colcon.colcon_core.package_identification:_identify(src/install) by extension 'ignore'
[1.456s] Level 1:colcon.colcon_core.package_identification:_identify(src/install) ignored
[1.457s] Level 1:colcon.colcon_core.package_identification:_identify(src/log) by extensions ['ignore', 'ignore_ament_install']
[1.457s] Level 1:colcon.colcon_core.package_identification:_identify(src/log) by extension 'ignore'
[1.457s] Level 1:colcon.colcon_core.package_identification:_identify(src/log) ignored
[1.457s] Level 1:colcon.colcon_core.package_identification:_identify(src/my_package) by extensions ['ignore', 'ignore_ament_install']
[1.457s] Level 1:colcon.colcon_core.package_identification:_identify(src/my_package) by extension 'ignore'
[1.458s] Level 1:colcon.colcon_core.package_identification:_identify(src/my_package) by extension 'ignore_ament_install'
[1.458s] Level 1:colcon.colcon_core.package_identification:_identify(src/my_package) by extensions ['colcon_pkg']
[1.458s] Level 1:colcon.colcon_core.package_identification:_identify(src/my_package) by extension 'colcon_pkg'
[1.458s] Level 1:colcon.colcon_core.package_identification:_identify(src/my_package) by extensions ['colcon_meta']
[1.458s] Level 1:colcon.colcon_core.package_identification:_identify(src/my_package) by extension 'colcon_meta'
[1.458s] Level 1:colcon.colcon_core.package_identification:_identify(src/my_package) by extensions ['ros']
[1.458s] Level 1:colcon.colcon_core.package_identification:_identify(src/my_package) by extension 'ros'
[1.462s] DEBUG:colcon.colcon_core.package_identification:Package 'src/my_package' with type 'ros.ament_python' and name 'my_package'
[1.462s] Level 1:colcon.colcon_core.package_identification:_identify(src/py_pubsub) by extensions ['ignore', 'ignore_ament_install']
[1.462s] Level 1:colcon.colcon_core.package_identification:_identify(src/py_pubsub) by extension 'ignore'
[1.462s] Level 1:colcon.colcon_core.package_identification:_identify(src/py_pubsub) by extension 'ignore_ament_install'
[1.463s] Level 1:colcon.colcon_core.package_identification:_identify(src/py_pubsub) by extensions ['colcon_pkg']
[1.463s] Level 1:colcon.colcon_core.package_identification:_identify(src/py_pubsub) by extension 'colcon_pkg'
[1.463s] Level 1:colcon.colcon_core.package_identification:_identify(src/py_pubsub) by extensions ['colcon_meta']
[1.463s] Level 1:colcon.colcon_core.package_identification:_identify(src/py_pubsub) by extension 'colcon_meta'
[1.463s] Level 1:colcon.colcon_core.package_identification:_identify(src/py_pubsub) by extensions ['ros']
[1.463s] Level 1:colcon.colcon_core.package_identification:_identify(src/py_pubsub) by extension 'ros'
[1.464s] DEBUG:colcon.colcon_core.package_identification:Package 'src/py_pubsub' with type 'ros.ament_python' and name 'py_pubsub'
[1.464s] Level 1:colcon.colcon_core.package_identification:_identify(src/turtlebot3_simulations) by extensions ['ignore', 'ignore_ament_install']
[1.464s] Level 1:colcon.colcon_core.package_identification:_identify(src/turtlebot3_simulations) by extension 'ignore'
[1.464s] Level 1:colcon.colcon_core.package_identification:_identify(src/turtlebot3_simulations) by extension 'ignore_ament_install'
[1.465s] Level 1:colcon.colcon_core.package_identification:_identify(src/turtlebot3_simulations) by extensions ['colcon_pkg']
[1.465s] Level 1:colcon.colcon_core.package_identification:_identify(src/turtlebot3_simulations) by extension 'colcon_pkg'
[1.465s] Level 1:colcon.colcon_core.package_identification:_identify(src/turtlebot3_simulations) by extensions ['colcon_meta']
[1.465s] Level 1:colcon.colcon_core.package_identification:_identify(src/turtlebot3_simulations) by extension 'colcon_meta'
[1.465s] Level 1:colcon.colcon_core.package_identification:_identify(src/turtlebot3_simulations) by extensions ['ros']
[1.465s] Level 1:colcon.colcon_core.package_identification:_identify(src/turtlebot3_simulations) by extension 'ros'
[1.465s] Level 1:colcon.colcon_core.package_identification:_identify(src/turtlebot3_simulations) by extensions ['cmake', 'python']
[1.465s] Level 1:colcon.colcon_core.package_identification:_identify(src/turtlebot3_simulations) by extension 'cmake'
[1.465s] Level 1:colcon.colcon_core.package_identification:_identify(src/turtlebot3_simulations) by extension 'python'
[1.465s] Level 1:colcon.colcon_core.package_identification:_identify(src/turtlebot3_simulations) by extensions ['python_setup_py']
[1.465s] Level 1:colcon.colcon_core.package_identification:_identify(src/turtlebot3_simulations) by extension 'python_setup_py'
[1.466s] Level 1:colcon.colcon_core.package_identification:_identify(src/turtlebot3_simulations/turtlebot3_fake_node) by extensions ['ignore', 'ignore_ament_install']
[1.468s] Level 1:colcon.colcon_core.package_identification:_identify(src/turtlebot3_simulations/turtlebot3_fake_node) by extension 'ignore'
[1.468s] Level 1:colcon.colcon_core.package_identification:_identify(src/turtlebot3_simulations/turtlebot3_fake_node) by extension 'ignore_ament_install'
[1.468s] Level 1:colcon.colcon_core.package_identification:_identify(src/turtlebot3_simulations/turtlebot3_fake_node) by extensions ['colcon_pkg']
[1.468s] Level 1:colcon.colcon_core.package_identification:_identify(src/turtlebot3_simulations/turtlebot3_fake_node) by extension 'colcon_pkg'
[1.469s] Level 1:colcon.colcon_core.package_identification:_identify(src/turtlebot3_simulations/turtlebot3_fake_node) by extensions ['colcon_meta']
[1.469s] Level 1:colcon.colcon_core.package_identification:_identify(src/turtlebot3_simulations/turtlebot3_fake_node) by extension 'colcon_meta'
[1.469s] Level 1:colcon.colcon_core.package_identification:_identify(src/turtlebot3_simulations/turtlebot3_fake_node) by extensions ['ros']
[1.469s] Level 1:colcon.colcon_core.package_identification:_identify(src/turtlebot3_simulations/turtlebot3_fake_node) by extension 'ros'
[1.473s] DEBUG:colcon.colcon_core.package_identification:Package 'src/turtlebot3_simulations/turtlebot3_fake_node' with type 'ros.ament_cmake' and name 'turtlebot3_fake_node'
[1.473s] Level 1:colcon.colcon_core.package_identification:_identify(src/turtlebot3_simulations/turtlebot3_gazebo) by extensions ['ignore', 'ignore_ament_install']
[1.474s] Level 1:colcon.colcon_core.package_identification:_identify(src/turtlebot3_simulations/turtlebot3_gazebo) by extension 'ignore'
[1.474s] Level 1:colcon.colcon_core.package_identification:_identify(src/turtlebot3_simulations/turtlebot3_gazebo) by extension 'ignore_ament_install'
[1.474s] Level 1:colcon.colcon_core.package_identification:_identify(src/turtlebot3_simulations/turtlebot3_gazebo) by extensions ['colcon_pkg']
[1.474s] Level 1:colcon.colcon_core.package_identification:_identify(src/turtlebot3_simulations/turtlebot3_gazebo) by extension 'colcon_pkg'
[1.485s] Level 1:colcon.colcon_core.package_identification:_identify(src/turtlebot3_simulations/turtlebot3_gazebo) by extensions ['colcon_meta']
[1.486s] Level 1:colcon.colcon_core.package_identification:_identify(src/turtlebot3_simulations/turtlebot3_gazebo) by extension 'colcon_meta'
[1.486s] Level 1:colcon.colcon_core.package_identification:_identify(src/turtlebot3_simulations/turtlebot3_gazebo) by extensions ['ros']
[1.486s] Level 1:colcon.colcon_core.package_identification:_identify(src/turtlebot3_simulations/turtlebot3_gazebo) by extension 'ros'
[1.488s] DEBUG:colcon.colcon_core.package_identification:Package 'src/turtlebot3_simulations/turtlebot3_gazebo' with type 'ros.ament_cmake' and name 'turtlebot3_gazebo'
[1.490s] Level 1:colcon.colcon_core.package_identification:_identify(src/turtlebot3_simulations/turtlebot3_simulations) by extensions ['ignore', 'ignore_ament_install']
[1.490s] Level 1:colcon.colcon_core.package_identification:_identify(src/turtlebot3_simulations/turtlebot3_simulations) by extension 'ignore'
[1.491s] Level 1:colcon.colcon_core.package_identification:_identify(src/turtlebot3_simulations/turtlebot3_simulations) by extension 'ignore_ament_install'
[1.491s] Level 1:colcon.colcon_core.package_identification:_identify(src/turtlebot3_simulations/turtlebot3_simulations) by extensions ['colcon_pkg']
[1.491s] Level 1:colcon.colcon_core.package_identification:_identify(src/turtlebot3_simulations/turtlebot3_simulations) by extension 'colcon_pkg'
[1.491s] Level 1:colcon.colcon_core.package_identification:_identify(src/turtlebot3_simulations/turtlebot3_simulations) by extensions ['colcon_meta']
[1.492s] Level 1:colcon.colcon_core.package_identification:_identify(src/turtlebot3_simulations/turtlebot3_simulations) by extension 'colcon_meta'
[1.492s] Level 1:colcon.colcon_core.package_identification:_identify(src/turtlebot3_simulations/turtlebot3_simulations) by extensions ['ros']
[1.492s] Level 1:colcon.colcon_core.package_identification:_identify(src/turtlebot3_simulations/turtlebot3_simulations) by extension 'ros'
[1.493s] DEBUG:colcon.colcon_core.package_identification:Package 'src/turtlebot3_simulations/turtlebot3_simulations' with type 'ros.ament_cmake' and name 'turtlebot3_simulations'
[1.496s] Level 1:colcon.colcon_core.package_identification:_identify(src/waypoint_commander) by extensions ['ignore', 'ignore_ament_install']
[1.497s] Level 1:colcon.colcon_core.package_identification:_identify(src/waypoint_commander) by extension 'ignore'
[1.497s] Level 1:colcon.colcon_core.package_identification:_identify(src/waypoint_commander) by extension 'ignore_ament_install'
[1.497s] Level 1:colcon.colcon_core.package_identification:_identify(src/waypoint_commander) by extensions ['colcon_pkg']
[1.497s] Level 1:colcon.colcon_core.package_identification:_identify(src/waypoint_commander) by extension 'colcon_pkg'
[1.497s] Level 1:colcon.colcon_core.package_identification:_identify(src/waypoint_commander) by extensions ['colcon_meta']
[1.497s] Level 1:colcon.colcon_core.package_identification:_identify(src/waypoint_commander) by extension 'colcon_meta'
[1.497s] Level 1:colcon.colcon_core.package_identification:_identify(src/waypoint_commander) by extensions ['ros']
[1.497s] Level 1:colcon.colcon_core.package_identification:_identify(src/waypoint_commander) by extension 'ros'
[1.499s] DEBUG:colcon.colcon_core.package_identification:Package 'src/waypoint_commander' with type 'ros.ament_python' and name 'waypoint_commander'
[1.499s] Level 1:colcon.colcon_core.package_identification:_identify(tb3_controller) by extensions ['ignore', 'ignore_ament_install']
[1.499s] Level 1:colcon.colcon_core.package_identification:_identify(tb3_controller) by extension 'ignore'
[1.500s] Level 1:colcon.colcon_core.package_identification:_identify(tb3_controller) by extension 'ignore_ament_install'
[1.500s] Level 1:colcon.colcon_core.package_identification:_identify(tb3_controller) by extensions ['colcon_pkg']
[1.500s] Level 1:colcon.colcon_core.package_identification:_identify(tb3_controller) by extension 'colcon_pkg'
[1.500s] Level 1:colcon.colcon_core.package_identification:_identify(tb3_controller) by extensions ['colcon_meta']
[1.500s] Level 1:colcon.colcon_core.package_identification:_identify(tb3_controller) by extension 'colcon_meta'
[1.500s] Level 1:colcon.colcon_core.package_identification:_identify(tb3_controller) by extensions ['ros']
[1.500s] Level 1:colcon.colcon_core.package_identification:_identify(tb3_controller) by extension 'ros'
[1.501s] DEBUG:colcon.colcon_core.package_identification:Package 'tb3_controller' with type 'ros.ament_python' and name 'tb3_controller'
[1.501s] Level 1:colcon.colcon_core.package_identification:_identify(turtlebot3_simulations) by extensions ['ignore', 'ignore_ament_install']
[1.501s] Level 1:colcon.colcon_core.package_identification:_identify(turtlebot3_simulations) by extension 'ignore'
[1.502s] Level 1:colcon.colcon_core.package_identification:_identify(turtlebot3_simulations) by extension 'ignore_ament_install'
[1.502s] Level 1:colcon.colcon_core.package_identification:_identify(turtlebot3_simulations) by extensions ['colcon_pkg']
[1.502s] Level 1:colcon.colcon_core.package_identification:_identify(turtlebot3_simulations) by extension 'colcon_pkg'
[1.502s] Level 1:colcon.colcon_core.package_identification:_identify(turtlebot3_simulations) by extensions ['colcon_meta']
[1.502s] Level 1:colcon.colcon_core.package_identification:_identify(turtlebot3_simulations) by extension 'colcon_meta'
[1.502s] Level 1:colcon.colcon_core.package_identification:_identify(turtlebot3_simulations) by extensions ['ros']
[1.502s] Level 1:colcon.colcon_core.package_identification:_identify(turtlebot3_simulations) by extension 'ros'
[1.502s] Level 1:colcon.colcon_core.package_identification:_identify(turtlebot3_simulations) by extensions ['cmake', 'python']
[1.502s] Level 1:colcon.colcon_core.package_identification:_identify(turtlebot3_simulations) by extension 'cmake'
[1.502s] Level 1:colcon.colcon_core.package_identification:_identify(turtlebot3_simulations) by extension 'python'
[1.502s] Level 1:colcon.colcon_core.package_identification:_identify(turtlebot3_simulations) by extensions ['python_setup_py']
[1.502s] Level 1:colcon.colcon_core.package_identification:_identify(turtlebot3_simulations) by extension 'python_setup_py'
[1.502s] Level 1:colcon.colcon_core.package_identification:_identify(turtlebot_controller_pkg) by extensions ['ignore', 'ignore_ament_install']
[1.503s] Level 1:colcon.colcon_core.package_identification:_identify(turtlebot_controller_pkg) by extension 'ignore'
[1.503s] Level 1:colcon.colcon_core.package_identification:_identify(turtlebot_controller_pkg) by extension 'ignore_ament_install'
[1.503s] Level 1:colcon.colcon_core.package_identification:_identify(turtlebot_controller_pkg) by extensions ['colcon_pkg']
[1.503s] Level 1:colcon.colcon_core.package_identification:_identify(turtlebot_controller_pkg) by extension 'colcon_pkg'
[1.503s] Level 1:colcon.colcon_core.package_identification:_identify(turtlebot_controller_pkg) by extensions ['colcon_meta']
[1.503s] Level 1:colcon.colcon_core.package_identification:_identify(turtlebot_controller_pkg) by extension 'colcon_meta'
[1.503s] Level 1:colcon.colcon_core.package_identification:_identify(turtlebot_controller_pkg) by extensions ['ros']
[1.503s] Level 1:colcon.colcon_core.package_identification:_identify(turtlebot_controller_pkg) by extension 'ros'
[1.504s] DEBUG:colcon.colcon_core.package_identification:Package 'turtlebot_controller_pkg' with type 'ros.ament_python' and name 'turtlebot_controller_pkg'
[1.505s] Level 1:colcon.colcon_core.package_identification:_identify(tutorials) by extensions ['ignore', 'ignore_ament_install']
[1.506s] Level 1:colcon.colcon_core.package_identification:_identify(tutorials) by extension 'ignore'
[1.506s] Level 1:colcon.colcon_core.package_identification:_identify(tutorials) by extension 'ignore_ament_install'
[1.506s] Level 1:colcon.colcon_core.package_identification:_identify(tutorials) by extensions ['colcon_pkg']
[1.506s] Level 1:colcon.colcon_core.package_identification:_identify(tutorials) by extension 'colcon_pkg'
[1.506s] Level 1:colcon.colcon_core.package_identification:_identify(tutorials) by extensions ['colcon_meta']
[1.506s] Level 1:colcon.colcon_core.package_identification:_identify(tutorials) by extension 'colcon_meta'
[1.506s] Level 1:colcon.colcon_core.package_identification:_identify(tutorials) by extensions ['ros']
[1.506s] Level 1:colcon.colcon_core.package_identification:_identify(tutorials) by extension 'ros'
[1.506s] Level 1:colcon.colcon_core.package_identification:_identify(tutorials) by extensions ['cmake', 'python']
[1.506s] Level 1:colcon.colcon_core.package_identification:_identify(tutorials) by extension 'cmake'
[1.506s] Level 1:colcon.colcon_core.package_identification:_identify(tutorials) by extension 'python'
[1.507s] Level 1:colcon.colcon_core.package_identification:_identify(tutorials) by extensions ['python_setup_py']
[1.507s] Level 1:colcon.colcon_core.package_identification:_identify(tutorials) by extension 'python_setup_py'
[1.513s] Level 1:colcon.colcon_core.package_identification:_identify(tutorials/action_tutorials_interfaces) by extensions ['ignore', 'ignore_ament_install']
[1.514s] Level 1:colcon.colcon_core.package_identification:_identify(tutorials/action_tutorials_interfaces) by extension 'ignore'
[1.514s] Level 1:colcon.colcon_core.package_identification:_identify(tutorials/action_tutorials_interfaces) by extension 'ignore_ament_install'
[1.514s] Level 1:colcon.colcon_core.package_identification:_identify(tutorials/action_tutorials_interfaces) by extensions ['colcon_pkg']
[1.514s] Level 1:colcon.colcon_core.package_identification:_identify(tutorials/action_tutorials_interfaces) by extension 'colcon_pkg'
[1.514s] Level 1:colcon.colcon_core.package_identification:_identify(tutorials/action_tutorials_interfaces) by extensions ['colcon_meta']
[1.514s] Level 1:colcon.colcon_core.package_identification:_identify(tutorials/action_tutorials_interfaces) by extension 'colcon_meta'
[1.514s] Level 1:colcon.colcon_core.package_identification:_identify(tutorials/action_tutorials_interfaces) by extensions ['ros']
[1.514s] Level 1:colcon.colcon_core.package_identification:_identify(tutorials/action_tutorials_interfaces) by extension 'ros'
[1.516s] DEBUG:colcon.colcon_core.package_identification:Package 'tutorials/action_tutorials_interfaces' with type 'ros.ament_cmake' and name 'action_tutorials_interfaces'
[1.516s] Level 1:colcon.colcon_core.package_identification:_identify(tutorials/launch) by extensions ['ignore', 'ignore_ament_install']
[1.516s] Level 1:colcon.colcon_core.package_identification:_identify(tutorials/launch) by extension 'ignore'
[1.516s] Level 1:colcon.colcon_core.package_identification:_identify(tutorials/launch) by extension 'ignore_ament_install'
[1.516s] Level 1:colcon.colcon_core.package_identification:_identify(tutorials/launch) by extensions ['colcon_pkg']
[1.516s] Level 1:colcon.colcon_core.package_identification:_identify(tutorials/launch) by extension 'colcon_pkg'
[1.516s] Level 1:colcon.colcon_core.package_identification:_identify(tutorials/launch) by extensions ['colcon_meta']
[1.516s] Level 1:colcon.colcon_core.package_identification:_identify(tutorials/launch) by extension 'colcon_meta'
[1.517s] Level 1:colcon.colcon_core.package_identification:_identify(tutorials/launch) by extensions ['ros']
[1.517s] Level 1:colcon.colcon_core.package_identification:_identify(tutorials/launch) by extension 'ros'
[1.517s] Level 1:colcon.colcon_core.package_identification:_identify(tutorials/launch) by extensions ['cmake', 'python']
[1.517s] Level 1:colcon.colcon_core.package_identification:_identify(tutorials/launch) by extension 'cmake'
[1.517s] Level 1:colcon.colcon_core.package_identification:_identify(tutorials/launch) by extension 'python'
[1.517s] Level 1:colcon.colcon_core.package_identification:_identify(tutorials/launch) by extensions ['python_setup_py']
[1.517s] Level 1:colcon.colcon_core.package_identification:_identify(tutorials/launch) by extension 'python_setup_py'
[1.518s] Level 1:colcon.colcon_core.package_identification:_identify(tutorials/launch_tutorial) by extensions ['ignore', 'ignore_ament_install']
[1.518s] Level 1:colcon.colcon_core.package_identification:_identify(tutorials/launch_tutorial) by extension 'ignore'
[1.518s] Level 1:colcon.colcon_core.package_identification:_identify(tutorials/launch_tutorial) by extension 'ignore_ament_install'
[1.518s] Level 1:colcon.colcon_core.package_identification:_identify(tutorials/launch_tutorial) by extensions ['colcon_pkg']
[1.518s] Level 1:colcon.colcon_core.package_identification:_identify(tutorials/launch_tutorial) by extension 'colcon_pkg'
[1.518s] Level 1:colcon.colcon_core.package_identification:_identify(tutorials/launch_tutorial) by extensions ['colcon_meta']
[1.518s] Level 1:colcon.colcon_core.package_identification:_identify(tutorials/launch_tutorial) by extension 'colcon_meta'
[1.518s] Level 1:colcon.colcon_core.package_identification:_identify(tutorials/launch_tutorial) by extensions ['ros']
[1.518s] Level 1:colcon.colcon_core.package_identification:_identify(tutorials/launch_tutorial) by extension 'ros'
[1.520s] DEBUG:colcon.colcon_core.package_identification:Package 'tutorials/launch_tutorial' with type 'ros.ament_python' and name 'launch_tutorial'
[1.520s] Level 1:colcon.colcon_core.package_identification:_identify(tutorials/launch_ws) by extensions ['ignore', 'ignore_ament_install']
[1.520s] Level 1:colcon.colcon_core.package_identification:_identify(tutorials/launch_ws) by extension 'ignore'
[1.520s] Level 1:colcon.colcon_core.package_identification:_identify(tutorials/launch_ws) by extension 'ignore_ament_install'
[1.520s] Level 1:colcon.colcon_core.package_identification:_identify(tutorials/launch_ws) by extensions ['colcon_pkg']
[1.520s] Level 1:colcon.colcon_core.package_identification:_identify(tutorials/launch_ws) by extension 'colcon_pkg'
[1.520s] Level 1:colcon.colcon_core.package_identification:_identify(tutorials/launch_ws) by extensions ['colcon_meta']
[1.520s] Level 1:colcon.colcon_core.package_identification:_identify(tutorials/launch_ws) by extension 'colcon_meta'
[1.520s] Level 1:colcon.colcon_core.package_identification:_identify(tutorials/launch_ws) by extensions ['ros']
[1.520s] Level 1:colcon.colcon_core.package_identification:_identify(tutorials/launch_ws) by extension 'ros'
[1.521s] Level 1:colcon.colcon_core.package_identification:_identify(tutorials/launch_ws) by extensions ['cmake', 'python']
[1.521s] Level 1:colcon.colcon_core.package_identification:_identify(tutorials/launch_ws) by extension 'cmake'
[1.521s] Level 1:colcon.colcon_core.package_identification:_identify(tutorials/launch_ws) by extension 'python'
[1.521s] Level 1:colcon.colcon_core.package_identification:_identify(tutorials/launch_ws) by extensions ['python_setup_py']
[1.521s] Level 1:colcon.colcon_core.package_identification:_identify(tutorials/launch_ws) by extension 'python_setup_py'
[1.521s] Level 1:colcon.colcon_core.package_identification:_identify(tutorials/launch_ws/install) by extensions ['ignore', 'ignore_ament_install']
[1.521s] Level 1:colcon.colcon_core.package_identification:_identify(tutorials/launch_ws/install) by extension 'ignore'
[1.521s] Level 1:colcon.colcon_core.package_identification:_identify(tutorials/launch_ws/install) ignored
[1.522s] Level 1:colcon.colcon_core.package_identification:_identify(tutorials/launch_ws/log) by extensions ['ignore', 'ignore_ament_install']
[1.522s] Level 1:colcon.colcon_core.package_identification:_identify(tutorials/launch_ws/log) by extension 'ignore'
[1.522s] Level 1:colcon.colcon_core.package_identification:_identify(tutorials/launch_ws/log) ignored
[1.522s] Level 1:colcon.colcon_core.package_identification:_identify(tutorials/launch_ws/py_launch_example) by extensions ['ignore', 'ignore_ament_install']
[1.522s] Level 1:colcon.colcon_core.package_identification:_identify(tutorials/launch_ws/py_launch_example) by extension 'ignore'
[1.523s] Level 1:colcon.colcon_core.package_identification:_identify(tutorials/launch_ws/py_launch_example) by extension 'ignore_ament_install'
[1.523s] Level 1:colcon.colcon_core.package_identification:_identify(tutorials/launch_ws/py_launch_example) by extensions ['colcon_pkg']
[1.523s] Level 1:colcon.colcon_core.package_identification:_identify(tutorials/launch_ws/py_launch_example) by extension 'colcon_pkg'
[1.523s] Level 1:colcon.colcon_core.package_identification:_identify(tutorials/launch_ws/py_launch_example) by extensions ['colcon_meta']
[1.523s] Level 1:colcon.colcon_core.package_identification:_identify(tutorials/launch_ws/py_launch_example) by extension 'colcon_meta'
[1.523s] Level 1:colcon.colcon_core.package_identification:_identify(tutorials/launch_ws/py_launch_example) by extensions ['ros']
[1.523s] Level 1:colcon.colcon_core.package_identification:_identify(tutorials/launch_ws/py_launch_example) by extension 'ros'
[1.525s] DEBUG:colcon.colcon_core.package_identification:Package 'tutorials/launch_ws/py_launch_example' with type 'ros.ament_python' and name 'py_launch_example'
[1.525s] Level 1:colcon.colcon_core.package_identification:_identify(tutorials/my_first_package) by extensions ['ignore', 'ignore_ament_install']
[1.526s] Level 1:colcon.colcon_core.package_identification:_identify(tutorials/my_first_package) by extension 'ignore'
[1.527s] Level 1:colcon.colcon_core.package_identification:_identify(tutorials/my_first_package) by extension 'ignore_ament_install'
[1.527s] Level 1:colcon.colcon_core.package_identification:_identify(tutorials/my_first_package) by extensions ['colcon_pkg']
[1.527s] Level 1:colcon.colcon_core.package_identification:_identify(tutorials/my_first_package) by extension 'colcon_pkg'
[1.527s] Level 1:colcon.colcon_core.package_identification:_identify(tutorials/my_first_package) by extensions ['colcon_meta']
[1.527s] Level 1:colcon.colcon_core.package_identification:_identify(tutorials/my_first_package) by extension 'colcon_meta'
[1.527s] Level 1:colcon.colcon_core.package_identification:_identify(tutorials/my_first_package) by extensions ['ros']
[1.527s] Level 1:colcon.colcon_core.package_identification:_identify(tutorials/my_first_package) by extension 'ros'
[1.528s] DEBUG:colcon.colcon_core.package_identification:Package 'tutorials/my_first_package' with type 'ros.ament_python' and name 'my_first_package'
[1.528s] Level 1:colcon.colcon_core.package_identification:_identify(tutorials/py_pubsub) by extensions ['ignore', 'ignore_ament_install']
[1.529s] Level 1:colcon.colcon_core.package_identification:_identify(tutorials/py_pubsub) by extension 'ignore'
[1.529s] Level 1:colcon.colcon_core.package_identification:_identify(tutorials/py_pubsub) by extension 'ignore_ament_install'
[1.529s] Level 1:colcon.colcon_core.package_identification:_identify(tutorials/py_pubsub) by extensions ['colcon_pkg']
[1.529s] Level 1:colcon.colcon_core.package_identification:_identify(tutorials/py_pubsub) by extension 'colcon_pkg'
[1.529s] Level 1:colcon.colcon_core.package_identification:_identify(tutorials/py_pubsub) by extensions ['colcon_meta']
[1.530s] Level 1:colcon.colcon_core.package_identification:_identify(tutorials/py_pubsub) by extension 'colcon_meta'
[1.530s] Level 1:colcon.colcon_core.package_identification:_identify(tutorials/py_pubsub) by extensions ['ros']
[1.530s] Level 1:colcon.colcon_core.package_identification:_identify(tutorials/py_pubsub) by extension 'ros'
[1.531s] DEBUG:colcon.colcon_core.package_identification:Package 'tutorials/py_pubsub' with type 'ros.ament_python' and name 'py_pubsub'
[1.532s] Level 1:colcon.colcon_core.package_identification:_identify(tutorials/py_srvcli) by extensions ['ignore', 'ignore_ament_install']
[1.533s] Level 1:colcon.colcon_core.package_identification:_identify(tutorials/py_srvcli) by extension 'ignore'
[1.533s] Level 1:colcon.colcon_core.package_identification:_identify(tutorials/py_srvcli) by extension 'ignore_ament_install'
[1.533s] Level 1:colcon.colcon_core.package_identification:_identify(tutorials/py_srvcli) by extensions ['colcon_pkg']
[1.533s] Level 1:colcon.colcon_core.package_identification:_identify(tutorials/py_srvcli) by extension 'colcon_pkg'
[1.533s] Level 1:colcon.colcon_core.package_identification:_identify(tutorials/py_srvcli) by extensions ['colcon_meta']
[1.534s] Level 1:colcon.colcon_core.package_identification:_identify(tutorials/py_srvcli) by extension 'colcon_meta'
[1.534s] Level 1:colcon.colcon_core.package_identification:_identify(tutorials/py_srvcli) by extensions ['ros']
[1.535s] Level 1:colcon.colcon_core.package_identification:_identify(tutorials/py_srvcli) by extension 'ros'
[1.537s] DEBUG:colcon.colcon_core.package_identification:Package 'tutorials/py_srvcli' with type 'ros.ament_python' and name 'py_srvcli'
[1.537s] Level 1:colcon.colcon_core.package_identification:_identify(tutorials/python_parameters) by extensions ['ignore', 'ignore_ament_install']
[1.537s] Level 1:colcon.colcon_core.package_identification:_identify(tutorials/python_parameters) by extension 'ignore'
[1.538s] Level 1:colcon.colcon_core.package_identification:_identify(tutorials/python_parameters) by extension 'ignore_ament_install'
[1.538s] Level 1:colcon.colcon_core.package_identification:_identify(tutorials/python_parameters) by extensions ['colcon_pkg']
[1.538s] Level 1:colcon.colcon_core.package_identification:_identify(tutorials/python_parameters) by extension 'colcon_pkg'
[1.538s] Level 1:colcon.colcon_core.package_identification:_identify(tutorials/python_parameters) by extensions ['colcon_meta']
[1.538s] Level 1:colcon.colcon_core.package_identification:_identify(tutorials/python_parameters) by extension 'colcon_meta'
[1.538s] Level 1:colcon.colcon_core.package_identification:_identify(tutorials/python_parameters) by extensions ['ros']
[1.538s] Level 1:colcon.colcon_core.package_identification:_identify(tutorials/python_parameters) by extension 'ros'
[1.540s] DEBUG:colcon.colcon_core.package_identification:Package 'tutorials/python_parameters' with type 'ros.ament_python' and name 'python_parameters'
[1.540s] Level 1:colcon.colcon_core.package_identification:_identify(tutorials/tutorial_interfaces) by extensions ['ignore', 'ignore_ament_install']
[1.540s] Level 1:colcon.colcon_core.package_identification:_identify(tutorials/tutorial_interfaces) by extension 'ignore'
[1.541s] Level 1:colcon.colcon_core.package_identification:_identify(tutorials/tutorial_interfaces) by extension 'ignore_ament_install'
[1.546s] Level 1:colcon.colcon_core.package_identification:_identify(tutorials/tutorial_interfaces) by extensions ['colcon_pkg']
[1.548s] Level 1:colcon.colcon_core.package_identification:_identify(tutorials/tutorial_interfaces) by extension 'colcon_pkg'
[1.548s] Level 1:colcon.colcon_core.package_identification:_identify(tutorials/tutorial_interfaces) by extensions ['colcon_meta']
[1.548s] Level 1:colcon.colcon_core.package_identification:_identify(tutorials/tutorial_interfaces) by extension 'colcon_meta'
[1.548s] Level 1:colcon.colcon_core.package_identification:_identify(tutorials/tutorial_interfaces) by extensions ['ros']
[1.548s] Level 1:colcon.colcon_core.package_identification:_identify(tutorials/tutorial_interfaces) by extension 'ros'
[1.549s] DEBUG:colcon.colcon_core.package_identification:Package 'tutorials/tutorial_interfaces' with type 'ros.ament_cmake' and name 'tutorial_interfaces'
[1.550s] Level 1:colcon.colcon_core.package_discovery:discover_packages(recursive) using defaults
[1.550s] Level 1:colcon.colcon_core.package_discovery:discover_packages(ignore) discover
[1.550s] Level 1:colcon.colcon_core.package_discovery:discover_packages(ignore) using defaults
[1.550s] Level 1:colcon.colcon_core.package_discovery:discover_packages(path) discover
[1.550s] Level 1:colcon.colcon_core.package_discovery:discover_packages(path) using defaults
[1.665s] INFO:colcon.colcon_core.package_selection:Skipping not selected package 'action_tutorials_interfaces' in 'tutorials/action_tutorials_interfaces'
[1.665s] INFO:colcon.colcon_core.package_selection:Skipping not selected package 'launch_tutorial' in 'tutorials/launch_tutorial'
[1.665s] INFO:colcon.colcon_core.package_selection:Skipping not selected package 'my_first_package' in 'tutorials/my_first_package'
[1.665s] INFO:colcon.colcon_core.package_selection:Skipping not selected package 'my_package' in 'src/my_package'
[1.666s] INFO:colcon.colcon_core.package_selection:Skipping not selected package 'py_launch_example' in 'tutorials/launch_ws/py_launch_example'
[1.666s] INFO:colcon.colcon_core.package_selection:Skipping not selected package 'py_pubsub' in 'src/py_pubsub'
[1.666s] INFO:colcon.colcon_core.package_selection:Skipping not selected package 'python_parameters' in 'tutorials/python_parameters'
[1.666s] INFO:colcon.colcon_core.package_selection:Skipping not selected package 'turtlebot3_fake_node' in 'src/turtlebot3_simulations/turtlebot3_fake_node'
[1.666s] INFO:colcon.colcon_core.package_selection:Skipping not selected package 'turtlebot3_gazebo' in 'src/turtlebot3_simulations/turtlebot3_gazebo'
[1.666s] INFO:colcon.colcon_core.package_selection:Skipping not selected package 'turtlebot_controller_pkg' in 'turtlebot_controller_pkg'
[1.666s] INFO:colcon.colcon_core.package_selection:Skipping not selected package 'tutorial_interfaces' in 'tutorials/tutorial_interfaces'
[1.666s] INFO:colcon.colcon_core.package_selection:Skipping not selected package 'waypoint_commander' in 'src/waypoint_commander'
[1.666s] INFO:colcon.colcon_core.package_selection:Skipping not selected package 'py_pubsub' in 'tutorials/py_pubsub'
[1.666s] INFO:colcon.colcon_core.package_selection:Skipping not selected package 'py_srvcli' in 'tutorials/py_srvcli'
[1.666s] INFO:colcon.colcon_core.package_selection:Skipping not selected package 'turtlebot3_simulations' in 'src/turtlebot3_simulations/turtlebot3_simulations'
[1.668s] Level 1:colcon.colcon_core.package_discovery:discover_packages(prefix_path) check parameters
[1.669s] Level 1:colcon.colcon_core.package_discovery:discover_packages(prefix_path) discover
[1.678s] DEBUG:colcon.colcon_installed_package_information.package_discovery:Found 8 installed packages in /home/johnson/METR4202/install
[1.681s] DEBUG:colcon.colcon_installed_package_information.package_discovery:Found 3 installed packages in /home/johnson/turtlebot3_ws/install
[1.687s] DEBUG:colcon.colcon_installed_package_information.package_discovery:Found 386 installed packages in /opt/ros/humble
[1.692s] Level 1:colcon.colcon_core.package_discovery:discover_packages(prefix_path) using defaults
[1.920s] Level 5:colcon.colcon_core.verb:set package 'tb3_controller' build argument 'cmake_args' from command line to 'None'
[1.921s] Level 5:colcon.colcon_core.verb:set package 'tb3_controller' build argument 'cmake_target' from command line to 'None'
[1.923s] Level 5:colcon.colcon_core.verb:set package 'tb3_controller' build argument 'cmake_target_skip_unavailable' from command line to 'False'
[1.923s] Level 5:colcon.colcon_core.verb:set package 'tb3_controller' build argument 'cmake_clean_cache' from command line to 'False'
[1.923s] Level 5:colcon.colcon_core.verb:set package 'tb3_controller' build argument 'cmake_clean_first' from command line to 'False'
[1.924s] Level 5:colcon.colcon_core.verb:set package 'tb3_controller' build argument 'cmake_force_configure' from command line to 'False'
[1.924s] Level 5:colcon.colcon_core.verb:set package 'tb3_controller' build argument 'ament_cmake_args' from command line to 'None'
[1.924s] Level 5:colcon.colcon_core.verb:set package 'tb3_controller' build argument 'catkin_cmake_args' from command line to 'None'
[1.925s] Level 5:colcon.colcon_core.verb:set package 'tb3_controller' build argument 'catkin_skip_building_tests' from command line to 'False'
[1.925s] DEBUG:colcon.colcon_core.verb:Building package 'tb3_controller' with the following arguments: {'ament_cmake_args': None, 'build_base': '/home/johnson/METR4202/build/tb3_controller', 'catkin_cmake_args': None, 'catkin_skip_building_tests': False, 'cmake_args': None, 'cmake_clean_cache': False, 'cmake_clean_first': False, 'cmake_force_configure': False, 'cmake_target': None, 'cmake_target_skip_unavailable': False, 'install_base': '/home/johnson/METR4202/install/tb3_controller', 'merge_install': False, 'path': '/home/johnson/METR4202/tb3_controller', 'symlink_install': False, 'test_result_base': None}
[1.927s] INFO:colcon.colcon_core.executor:Executing jobs using 'parallel' executor
[1.934s] DEBUG:colcon.colcon_parallel_executor.executor.parallel:run_until_complete
[1.935s] INFO:colcon.colcon_ros.task.ament_python.build:Building ROS package in '/home/johnson/METR4202/tb3_controller' with build type 'ament_python'
[1.935s] Level 1:colcon.colcon_core.shell:create_environment_hook('tb3_controller', 'ament_prefix_path')
[1.950s] INFO:colcon.colcon_core.plugin_system:Skipping extension 'colcon_core.shell.bat': Not used on non-Windows systems
[1.953s] INFO:colcon.colcon_core.shell:Creating environment hook '/home/johnson/METR4202/install/tb3_controller/share/tb3_controller/hook/ament_prefix_path.ps1'
[1.955s] INFO:colcon.colcon_core.shell:Creating environment descriptor '/home/johnson/METR4202/install/tb3_controller/share/tb3_controller/hook/ament_prefix_path.dsv'
[1.962s] INFO:colcon.colcon_core.shell:Creating environment hook '/home/johnson/METR4202/install/tb3_controller/share/tb3_controller/hook/ament_prefix_path.sh'
[1.965s] INFO:colcon.colcon_core.shell:Skip shell extension 'powershell' for command environment: Not usable outside of PowerShell
[1.965s] DEBUG:colcon.colcon_core.shell:Skip shell extension 'dsv' for command environment
[2.665s] INFO:colcon.colcon_core.task.python.build:Building Python package in '/home/johnson/METR4202/tb3_controller'
[2.669s] INFO:colcon.colcon_core.shell:Skip shell extension 'powershell' for command environment: Not usable outside of PowerShell
[2.669s] DEBUG:colcon.colcon_core.shell:Skip shell extension 'dsv' for command environment
[3.802s] DEBUG:colcon.colcon_core.event_handler.log_command:Invoking command in '/home/johnson/METR4202/tb3_controller': PYTHONPATH=/home/johnson/METR4202/build/tb3_controller/prefix_override:/home/johnson/METR4202/install/tb3_controller/lib/python3.10/site-packages:${PYTHONPATH} /usr/bin/python3 setup.py egg_info --egg-base ../build/tb3_controller build --build-base /home/johnson/METR4202/build/tb3_controller/build install --record /home/johnson/METR4202/build/tb3_controller/install.log --single-version-externally-managed
[4.542s] Level 1:colcon.colcon_core.environment:checking '/home/johnson/METR4202/install/tb3_controller' for CMake module files
[4.543s] Level 1:colcon.colcon_core.environment:checking '/home/johnson/METR4202/install/tb3_controller' for CMake config files
[4.544s] DEBUG:colcon.colcon_core.event_handler.log_command:Invoked command in '/home/johnson/METR4202/tb3_controller' returned '0': PYTHONPATH=/home/johnson/METR4202/build/tb3_controller/prefix_override:/home/johnson/METR4202/install/tb3_controller/lib/python3.10/site-packages:${PYTHONPATH} /usr/bin/python3 setup.py egg_info --egg-base ../build/tb3_controller build --build-base /home/johnson/METR4202/build/tb3_controller/build install --record /home/johnson/METR4202/build/tb3_controller/install.log --single-version-externally-managed
[4.547s] Level 1:colcon.colcon_core.environment:checking '/home/johnson/METR4202/install/tb3_controller/lib'
[4.548s] Level 1:colcon.colcon_core.environment:checking '/home/johnson/METR4202/install/tb3_controller/bin'
[4.548s] Level 1:colcon.colcon_core.environment:checking '/home/johnson/METR4202/install/tb3_controller/lib/pkgconfig/tb3_controller.pc'
[4.548s] Level 1:colcon.colcon_core.environment:checking '/home/johnson/METR4202/install/tb3_controller/lib/python3.10/site-packages'
[4.549s] Level 1:colcon.colcon_core.shell:create_environment_hook('tb3_controller', 'pythonpath')
[4.551s] INFO:colcon.colcon_core.shell:Creating environment hook '/home/johnson/METR4202/install/tb3_controller/share/tb3_controller/hook/pythonpath.ps1'
[4.551s] INFO:colcon.colcon_core.shell:Creating environment descriptor '/home/johnson/METR4202/install/tb3_controller/share/tb3_controller/hook/pythonpath.dsv'
[4.552s] INFO:colcon.colcon_core.shell:Creating environment hook '/home/johnson/METR4202/install/tb3_controller/share/tb3_controller/hook/pythonpath.sh'
[4.553s] Level 1:colcon.colcon_core.environment:checking '/home/johnson/METR4202/install/tb3_controller/bin'
[4.553s] Level 1:colcon.colcon_core.environment:create_environment_scripts_only(tb3_controller)
[4.556s] INFO:colcon.colcon_core.shell:Creating package script '/home/johnson/METR4202/install/tb3_controller/share/tb3_controller/package.ps1'
[4.562s] INFO:colcon.colcon_core.shell:Creating package descriptor '/home/johnson/METR4202/install/tb3_controller/share/tb3_controller/package.dsv'
[4.564s] INFO:colcon.colcon_core.shell:Creating package script '/home/johnson/METR4202/install/tb3_controller/share/tb3_controller/package.sh'
[4.566s] INFO:colcon.colcon_core.shell:Creating package script '/home/johnson/METR4202/install/tb3_controller/share/tb3_controller/package.bash'
[4.568s] INFO:colcon.colcon_core.shell:Creating package script '/home/johnson/METR4202/install/tb3_controller/share/tb3_controller/package.zsh'
[4.569s] Level 1:colcon.colcon_core.environment:create_file_with_runtime_dependencies(/home/johnson/METR4202/install/tb3_controller/share/colcon-core/packages/tb3_controller)
[4.571s] DEBUG:colcon.colcon_parallel_executor.executor.parallel:closing loop
[4.572s] DEBUG:colcon.colcon_parallel_executor.executor.parallel:loop closed
[4.572s] DEBUG:colcon.colcon_parallel_executor.executor.parallel:run_until_complete finished with '0'
[4.572s] DEBUG:colcon.colcon_core.event_reactor:joining thread
[4.651s] INFO:colcon.colcon_core.plugin_system:Skipping extension 'colcon_notification.desktop_notification.notify_send': Could not find 'notify-send'
[4.652s] INFO:colcon.colcon_core.plugin_system:Skipping extension 'colcon_notification.desktop_notification.terminal_notifier': Not used on non-Darwin systems
[4.652s] INFO:colcon.colcon_core.plugin_system:Skipping extension 'colcon_notification.desktop_notification.win32': Not used on non-Windows systems
[4.652s] INFO:colcon.colcon_notification.desktop_notification:Sending desktop notification using 'notify2'
[4.661s] DEBUG:colcon.colcon_notification.desktop_notification.notify2:Failed to initialize notify2: org.freedesktop.DBus.Error.ServiceUnknown: The name org.freedesktop.Notifications was not provided by any .service files
[4.661s] DEBUG:colcon.colcon_core.event_reactor:joined thread
[4.664s] INFO:colcon.colcon_core.shell:Creating prefix script '/home/johnson/METR4202/install/local_setup.ps1'
[4.665s] INFO:colcon.colcon_core.shell:Creating prefix util module '/home/johnson/METR4202/install/_local_setup_util_ps1.py'
[4.670s] INFO:colcon.colcon_core.shell:Creating prefix chain script '/home/johnson/METR4202/install/setup.ps1'
[4.674s] INFO:colcon.colcon_core.shell:Creating prefix script '/home/johnson/METR4202/install/local_setup.sh'
[4.681s] INFO:colcon.colcon_core.shell:Creating prefix util module '/home/johnson/METR4202/install/_local_setup_util_sh.py'
[4.683s] INFO:colcon.colcon_core.shell:Creating prefix chain script '/home/johnson/METR4202/install/setup.sh'
[4.689s] INFO:colcon.colcon_core.shell:Creating prefix script '/home/johnson/METR4202/install/local_setup.bash'
[4.690s] INFO:colcon.colcon_core.shell:Creating prefix chain script '/home/johnson/METR4202/install/setup.bash'
[4.694s] INFO:colcon.colcon_core.shell:Creating prefix script '/home/johnson/METR4202/install/local_setup.zsh'
[4.695s] INFO:colcon.colcon_core.shell:Creating prefix chain script '/home/johnson/METR4202/install/setup.zsh'
