[0.709s] Invoking command in '/home/johnson/METR4202/src/py_pubsub': PYTHONPATH=/home/johnson/METR4202/build/py_pubsub/prefix_override:/home/johnson/METR4202/install/py_pubsub/lib/python3.10/site-packages:${PYTHONPATH} /usr/bin/python3 setup.py egg_info --egg-base ../../build/py_pubsub build --build-base /home/johnson/METR4202/build/py_pubsub/build install --record /home/johnson/METR4202/build/py_pubsub/install.log --single-version-externally-managed
[0.914s] running egg_info
[0.914s] writing ../../build/py_pubsub/py_pubsub.egg-info/PKG-INFO
[0.915s] writing dependency_links to ../../build/py_pubsub/py_pubsub.egg-info/dependency_links.txt
[0.915s] writing entry points to ../../build/py_pubsub/py_pubsub.egg-info/entry_points.txt
[0.915s] writing requirements to ../../build/py_pubsub/py_pubsub.egg-info/requires.txt
[0.916s] writing top-level names to ../../build/py_pubsub/py_pubsub.egg-info/top_level.txt
[0.917s] reading manifest file '../../build/py_pubsub/py_pubsub.egg-info/SOURCES.txt'
[0.918s] writing manifest file '../../build/py_pubsub/py_pubsub.egg-info/SOURCES.txt'
[0.919s] running build
[0.919s] running build_py
[0.919s] copying py_pubsub/publisher_member_function.py -> /home/johnson/METR4202/build/py_pubsub/build/lib/py_pubsub
[0.920s] copying py_pubsub/subscriber_member_function.py -> /home/johnson/METR4202/build/py_pubsub/build/lib/py_pubsub
[0.920s] copying py_pubsub/__init__.py -> /home/johnson/METR4202/build/py_pubsub/build/lib/py_pubsub
[0.920s] running install
[0.921s] /usr/lib/python3/dist-packages/setuptools/command/install.py:34: SetuptoolsDeprecationWarning: setup.py install is deprecated. Use build and pip and other standards-based tools.
[0.921s]   warnings.warn(
[0.921s] running install_lib
[0.923s] copying /home/johnson/METR4202/build/py_pubsub/build/lib/py_pubsub/publisher_member_function.py -> /home/johnson/METR4202/install/py_pubsub/lib/python3.10/site-packages/py_pubsub
[0.924s] copying /home/johnson/METR4202/build/py_pubsub/build/lib/py_pubsub/subscriber_member_function.py -> /home/johnson/METR4202/install/py_pubsub/lib/python3.10/site-packages/py_pubsub
[0.924s] copying /home/johnson/METR4202/build/py_pubsub/build/lib/py_pubsub/__init__.py -> /home/johnson/METR4202/install/py_pubsub/lib/python3.10/site-packages/py_pubsub
[0.925s] byte-compiling /home/johnson/METR4202/install/py_pubsub/lib/python3.10/site-packages/py_pubsub/publisher_member_function.py to publisher_member_function.cpython-310.pyc
[0.926s] byte-compiling /home/johnson/METR4202/install/py_pubsub/lib/python3.10/site-packages/py_pubsub/subscriber_member_function.py to subscriber_member_function.cpython-310.pyc
[0.926s] byte-compiling /home/johnson/METR4202/install/py_pubsub/lib/python3.10/site-packages/py_pubsub/__init__.py to __init__.cpython-310.pyc
[0.926s] running install_data
[0.927s] copying resource/py_pubsub -> /home/johnson/METR4202/install/py_pubsub/share/ament_index/resource_index/packages
[0.927s] copying package.xml -> /home/johnson/METR4202/install/py_pubsub/share/py_pubsub
[0.928s] running install_egg_info
[0.929s] removing '/home/johnson/METR4202/install/py_pubsub/lib/python3.10/site-packages/py_pubsub-0.0.0-py3.10.egg-info' (and everything under it)
[0.929s] Copying ../../build/py_pubsub/py_pubsub.egg-info to /home/johnson/METR4202/install/py_pubsub/lib/python3.10/site-packages/py_pubsub-0.0.0-py3.10.egg-info
[0.930s] running install_scripts
[0.948s] Installing listener script to /home/johnson/METR4202/install/py_pubsub/lib/py_pubsub
[0.949s] Installing talker script to /home/johnson/METR4202/install/py_pubsub/lib/py_pubsub
[0.949s] writing list of installed files to '/home/johnson/METR4202/build/py_pubsub/install.log'
[0.973s] Invoked command in '/home/johnson/METR4202/src/py_pubsub' returned '0': PYTHONPATH=/home/johnson/METR4202/build/py_pubsub/prefix_override:/home/johnson/METR4202/install/py_pubsub/lib/python3.10/site-packages:${PYTHONPATH} /usr/bin/python3 setup.py egg_info --egg-base ../../build/py_pubsub build --build-base /home/johnson/METR4202/build/py_pubsub/build install --record /home/johnson/METR4202/build/py_pubsub/install.log --single-version-externally-managed
