[2.074s] Invoking command in '/home/johnson/METR4202/build/waypoint_commander': PYTHONPATH=/home/johnson/METR4202/build/waypoint_commander/prefix_override:/home/johnson/METR4202/install/waypoint_commander/lib/python3.10/site-packages:${PYTHONPATH} /usr/bin/python3 setup.py develop --editable --build-directory /home/johnson/METR4202/build/waypoint_commander/build --no-deps install_data
[2.703s] running develop
[2.712s] /usr/lib/python3/dist-packages/setuptools/command/easy_install.py:158: EasyInstallDeprecationWarning: easy_install command is deprecated. Use build and pip and other standards-based tools.
[2.712s]   warnings.warn(
[2.715s] /usr/lib/python3/dist-packages/setuptools/command/install.py:34: SetuptoolsDeprecationWarning: setup.py install is deprecated. Use build and pip and other standards-based tools.
[2.716s]   warnings.warn(
[2.851s] /usr/lib/python3/dist-packages/pkg_resources/__init__.py:116: PkgResourcesDeprecationWarning: 1.16.0-unknown is an invalid version and will not be supported in a future release
[2.851s]   warnings.warn(
[2.861s] /usr/lib/python3/dist-packages/pkg_resources/__init__.py:116: PkgResourcesDeprecationWarning: 1.1build1 is an invalid version and will not be supported in a future release
[2.861s]   warnings.warn(
[3.098s] running egg_info
[3.100s] creating waypoint_commander.egg-info
[3.102s] writing waypoint_commander.egg-info/PKG-INFO
[3.115s] writing dependency_links to waypoint_commander.egg-info/dependency_links.txt
[3.116s] writing entry points to waypoint_commander.egg-info/entry_points.txt
[3.117s] writing requirements to waypoint_commander.egg-info/requires.txt
[3.117s] writing top-level names to waypoint_commander.egg-info/top_level.txt
[3.118s] writing manifest file 'waypoint_commander.egg-info/SOURCES.txt'
[3.123s] reading manifest file 'waypoint_commander.egg-info/SOURCES.txt'
[3.125s] writing manifest file 'waypoint_commander.egg-info/SOURCES.txt'
[3.131s] running build_ext
[3.134s] Creating /home/johnson/METR4202/install/waypoint_commander/lib/python3.10/site-packages/waypoint-commander.egg-link (link to .)
[3.135s] Installing waypoint_cycler script to /home/johnson/METR4202/install/waypoint_commander/lib/waypoint_commander
[3.136s] 
[3.136s] Installed /home/johnson/METR4202/build/waypoint_commander
[3.136s] running install_data
[3.138s] creating /home/johnson/METR4202/install/waypoint_commander/share/ament_index
[3.139s] creating /home/johnson/METR4202/install/waypoint_commander/share/ament_index/resource_index
[3.139s] creating /home/johnson/METR4202/install/waypoint_commander/share/ament_index/resource_index/packages
[3.139s] copying resource/waypoint_commander -> /home/johnson/METR4202/install/waypoint_commander/share/ament_index/resource_index/packages
[3.139s] copying package.xml -> /home/johnson/METR4202/install/waypoint_commander/share/waypoint_commander
[3.207s] Invoked command in '/home/johnson/METR4202/build/waypoint_commander' returned '0': PYTHONPATH=/home/johnson/METR4202/build/waypoint_commander/prefix_override:/home/johnson/METR4202/install/waypoint_commander/lib/python3.10/site-packages:${PYTHONPATH} /usr/bin/python3 setup.py develop --editable --build-directory /home/johnson/METR4202/build/waypoint_commander/build --no-deps install_data
