[1.627s] Invoking command in '/home/johnson/METR4202': PYTHONPATH=/home/johnson/METR4202/build/tb3_controller/prefix_override:/home/johnson/METR4202/install/tb3_controller/lib/python3.10/site-packages:${PYTHONPATH} /usr/bin/python3 setup.py egg_info --egg-base build/tb3_controller build --build-base /home/johnson/METR4202/build/tb3_controller/build install --record /home/johnson/METR4202/build/tb3_controller/install.log --single-version-externally-managed
[2.246s] running egg_info
[2.248s] writing build/tb3_controller/tb3_controller.egg-info/PKG-INFO
[2.249s] writing dependency_links to build/tb3_controller/tb3_controller.egg-info/dependency_links.txt
[2.249s] writing entry points to build/tb3_controller/tb3_controller.egg-info/entry_points.txt
[2.250s] writing requirements to build/tb3_controller/tb3_controller.egg-info/requires.txt
[2.251s] writing top-level names to build/tb3_controller/tb3_controller.egg-info/top_level.txt
[2.255s] reading manifest file 'build/tb3_controller/tb3_controller.egg-info/SOURCES.txt'
[2.257s] writing manifest file 'build/tb3_controller/tb3_controller.egg-info/SOURCES.txt'
[2.258s] running build
[2.259s] running build_py
[2.261s] running install
[2.262s] /usr/lib/python3/dist-packages/setuptools/command/install.py:34: SetuptoolsDeprecationWarning: setup.py install is deprecated. Use build and pip and other standards-based tools.
[2.262s]   warnings.warn(
[2.263s] running install_lib
[2.264s] running install_data
[2.268s] running install_egg_info
[2.271s] removing '/home/johnson/METR4202/install/tb3_controller/lib/python3.10/site-packages/tb3_controller-0.0.0-py3.10.egg-info' (and everything under it)
[2.273s] Copying build/tb3_controller/tb3_controller.egg-info to /home/johnson/METR4202/install/tb3_controller/lib/python3.10/site-packages/tb3_controller-0.0.0-py3.10.egg-info
[2.273s] running install_scripts
[2.315s] Installing turtlebot_brain script to /home/johnson/METR4202/install/tb3_controller/lib/tb3_controller
[2.316s] writing list of installed files to '/home/johnson/METR4202/build/tb3_controller/install.log'
[2.390s] Invoked command in '/home/johnson/METR4202' returned '0': PYTHONPATH=/home/johnson/METR4202/build/tb3_controller/prefix_override:/home/johnson/METR4202/install/tb3_controller/lib/python3.10/site-packages:${PYTHONPATH} /usr/bin/python3 setup.py egg_info --egg-base build/tb3_controller build --build-base /home/johnson/METR4202/build/tb3_controller/build install --record /home/johnson/METR4202/build/tb3_controller/install.log --single-version-externally-managed
