[12.289s] Invoking command in '/home/johnson/METR4202': PYTHONPATH=/home/johnson/METR4202/build/tb3_controller/prefix_override:/home/johnson/METR4202/install/tb3_controller/lib/python3.10/site-packages:${PYTHONPATH} /usr/bin/python3 setup.py egg_info --egg-base build/tb3_controller build --build-base /home/johnson/METR4202/build/tb3_controller/build install --record /home/johnson/METR4202/build/tb3_controller/install.log --single-version-externally-managed
[18.328s] running egg_info
[18.347s] writing build/tb3_controller/tb3_controller.egg-info/PKG-INFO
[18.352s] writing dependency_links to build/tb3_controller/tb3_controller.egg-info/dependency_links.txt
[18.356s] writing entry points to build/tb3_controller/tb3_controller.egg-info/entry_points.txt
[18.361s] writing requirements to build/tb3_controller/tb3_controller.egg-info/requires.txt
[18.362s] writing top-level names to build/tb3_controller/tb3_controller.egg-info/top_level.txt
[18.388s] reading manifest file 'build/tb3_controller/tb3_controller.egg-info/SOURCES.txt'
[18.394s] writing manifest file 'build/tb3_controller/tb3_controller.egg-info/SOURCES.txt'
[18.395s] running build
[18.395s] running build_py
[18.404s] running install
[18.405s] /usr/lib/python3/dist-packages/setuptools/command/install.py:34: SetuptoolsDeprecationWarning: setup.py install is deprecated. Use build and pip and other standards-based tools.
[18.405s]   warnings.warn(
[18.413s] running install_lib
[18.434s] running install_data
[18.442s] running install_egg_info
[18.459s] removing '/home/johnson/METR4202/install/tb3_controller/lib/python3.10/site-packages/tb3_controller-0.0.0-py3.10.egg-info' (and everything under it)
[18.487s] Copying build/tb3_controller/tb3_controller.egg-info to /home/johnson/METR4202/install/tb3_controller/lib/python3.10/site-packages/tb3_controller-0.0.0-py3.10.egg-info
[18.499s] running install_scripts
[19.182s] Installing turtlebot_brain script to /home/johnson/METR4202/install/tb3_controller/lib/tb3_controller
[19.207s] writing list of installed files to '/home/johnson/METR4202/build/tb3_controller/install.log'
[19.353s] Invoked command in '/home/johnson/METR4202' returned '0': PYTHONPATH=/home/johnson/METR4202/build/tb3_controller/prefix_override:/home/johnson/METR4202/install/tb3_controller/lib/python3.10/site-packages:${PYTHONPATH} /usr/bin/python3 setup.py egg_info --egg-base build/tb3_controller build --build-base /home/johnson/METR4202/build/tb3_controller/build install --record /home/johnson/METR4202/build/tb3_controller/install.log --single-version-externally-managed
