[2.498s] Invoking command in '/home/johnson/METR4202/tb3_controller': PYTHONPATH=/home/johnson/METR4202/build/tb3_controller/prefix_override:/home/johnson/METR4202/install/tb3_controller/lib/python3.10/site-packages:${PYTHONPATH} /usr/bin/python3 setup.py egg_info --egg-base ../build/tb3_controller build --build-base /home/johnson/METR4202/build/tb3_controller/build install --record /home/johnson/METR4202/build/tb3_controller/install.log --single-version-externally-managed
[3.081s] running egg_info
[3.082s] creating ../build/tb3_controller/tb3_controller.egg-info
[3.083s] writing ../build/tb3_controller/tb3_controller.egg-info/PKG-INFO
[3.084s] writing dependency_links to ../build/tb3_controller/tb3_controller.egg-info/dependency_links.txt
[3.084s] writing entry points to ../build/tb3_controller/tb3_controller.egg-info/entry_points.txt
[3.084s] writing requirements to ../build/tb3_controller/tb3_controller.egg-info/requires.txt
[3.085s] writing top-level names to ../build/tb3_controller/tb3_controller.egg-info/top_level.txt
[3.085s] writing manifest file '../build/tb3_controller/tb3_controller.egg-info/SOURCES.txt'
[3.089s] reading manifest file '../build/tb3_controller/tb3_controller.egg-info/SOURCES.txt'
[3.092s] writing manifest file '../build/tb3_controller/tb3_controller.egg-info/SOURCES.txt'
[3.092s] running build
[3.093s] running build_py
[3.093s] creating /home/johnson/METR4202/build/tb3_controller/build
[3.093s] creating /home/johnson/METR4202/build/tb3_controller/build/lib
[3.093s] creating /home/johnson/METR4202/build/tb3_controller/build/lib/tb3_controller
[3.093s] copying tb3_controller/turtlebot_brain.py -> /home/johnson/METR4202/build/tb3_controller/build/lib/tb3_controller
[3.093s] copying tb3_controller/__init__.py -> /home/johnson/METR4202/build/tb3_controller/build/lib/tb3_controller
[3.093s] running install
[3.097s] /usr/lib/python3/dist-packages/setuptools/command/install.py:34: SetuptoolsDeprecationWarning: setup.py install is deprecated. Use build and pip and other standards-based tools.
[3.097s]   warnings.warn(
[3.097s] running install_lib
[3.099s] creating /home/johnson/METR4202/install/tb3_controller/lib/python3.10/site-packages/tb3_controller
[3.099s] copying /home/johnson/METR4202/build/tb3_controller/build/lib/tb3_controller/turtlebot_brain.py -> /home/johnson/METR4202/install/tb3_controller/lib/python3.10/site-packages/tb3_controller
[3.100s] copying /home/johnson/METR4202/build/tb3_controller/build/lib/tb3_controller/__init__.py -> /home/johnson/METR4202/install/tb3_controller/lib/python3.10/site-packages/tb3_controller
[3.101s] byte-compiling /home/johnson/METR4202/install/tb3_controller/lib/python3.10/site-packages/tb3_controller/turtlebot_brain.py to turtlebot_brain.cpython-310.pyc
[3.104s] byte-compiling /home/johnson/METR4202/install/tb3_controller/lib/python3.10/site-packages/tb3_controller/__init__.py to __init__.cpython-310.pyc
[3.105s] running install_data
[3.106s] creating /home/johnson/METR4202/install/tb3_controller/share/ament_index
[3.106s] creating /home/johnson/METR4202/install/tb3_controller/share/ament_index/resource_index
[3.107s] creating /home/johnson/METR4202/install/tb3_controller/share/ament_index/resource_index/packages
[3.107s] copying resource/tb3_controller -> /home/johnson/METR4202/install/tb3_controller/share/ament_index/resource_index/packages
[3.107s] copying package.xml -> /home/johnson/METR4202/install/tb3_controller/share/tb3_controller
[3.108s] running install_egg_info
[3.114s] Copying ../build/tb3_controller/tb3_controller.egg-info to /home/johnson/METR4202/install/tb3_controller/lib/python3.10/site-packages/tb3_controller-0.0.0-py3.10.egg-info
[3.117s] running install_scripts
[3.169s] Installing turtlebot_brain script to /home/johnson/METR4202/install/tb3_controller/lib/tb3_controller
[3.170s] writing list of installed files to '/home/johnson/METR4202/build/tb3_controller/install.log'
[3.273s] Invoked command in '/home/johnson/METR4202/tb3_controller' returned '0': PYTHONPATH=/home/johnson/METR4202/build/tb3_controller/prefix_override:/home/johnson/METR4202/install/tb3_controller/lib/python3.10/site-packages:${PYTHONPATH} /usr/bin/python3 setup.py egg_info --egg-base ../build/tb3_controller build --build-base /home/johnson/METR4202/build/tb3_controller/build install --record /home/johnson/METR4202/build/tb3_controller/install.log --single-version-externally-managed
