[4.297s] Invoking command in '/home/isaiah/metr4202_ws/src/tb3_controller': PYTHONPATH=/home/isaiah/metr4202_ws/src/tb3_controller/build/tb3_controller/prefix_override:/home/isaiah/metr4202_ws/src/tb3_controller/install/tb3_controller/lib/python3.10/site-packages:${PYTHONPATH} /usr/bin/python3 setup.py egg_info --egg-base build/tb3_controller build --build-base /home/isaiah/metr4202_ws/src/tb3_controller/build/tb3_controller/build install --record /home/isaiah/metr4202_ws/src/tb3_controller/build/tb3_controller/install.log --single-version-externally-managed
[5.934s] running egg_info
[5.936s] creating build/tb3_controller/tb3_controller.egg-info
[5.938s] writing build/tb3_controller/tb3_controller.egg-info/PKG-INFO
[5.938s] writing dependency_links to build/tb3_controller/tb3_controller.egg-info/dependency_links.txt
[5.939s] writing entry points to build/tb3_controller/tb3_controller.egg-info/entry_points.txt
[5.943s] writing requirements to build/tb3_controller/tb3_controller.egg-info/requires.txt
[5.944s] writing top-level names to build/tb3_controller/tb3_controller.egg-info/top_level.txt
[5.944s] writing manifest file 'build/tb3_controller/tb3_controller.egg-info/SOURCES.txt'
[5.948s] reading manifest file 'build/tb3_controller/tb3_controller.egg-info/SOURCES.txt'
[5.952s] writing manifest file 'build/tb3_controller/tb3_controller.egg-info/SOURCES.txt'
[5.953s] running build
[5.954s] running build_py
[5.954s] creating /home/isaiah/metr4202_ws/src/tb3_controller/build/tb3_controller/build
[5.955s] creating /home/isaiah/metr4202_ws/src/tb3_controller/build/tb3_controller/build/lib
[5.955s] creating /home/isaiah/metr4202_ws/src/tb3_controller/build/tb3_controller/build/lib/tb3_controller
[5.955s] copying tb3_controller/turtlebot_brain.py -> /home/isaiah/metr4202_ws/src/tb3_controller/build/tb3_controller/build/lib/tb3_controller
[5.956s] copying tb3_controller/__init__.py -> /home/isaiah/metr4202_ws/src/tb3_controller/build/tb3_controller/build/lib/tb3_controller
[5.957s] running install
[5.958s] running install_lib
[5.964s] creating /home/isaiah/metr4202_ws/src/tb3_controller/install/tb3_controller/lib/python3.10/site-packages/tb3_controller
[5.967s] copying /home/isaiah/metr4202_ws/src/tb3_controller/build/tb3_controller/build/lib/tb3_controller/turtlebot_brain.py -> /home/isaiah/metr4202_ws/src/tb3_controller/install/tb3_controller/lib/python3.10/site-packages/tb3_controller
[5.967s] copying /home/isaiah/metr4202_ws/src/tb3_controller/build/tb3_controller/build/lib/tb3_controller/__init__.py -> /home/isaiah/metr4202_ws/src/tb3_controller/install/tb3_controller/lib/python3.10/site-packages/tb3_controller
[5.970s] byte-compiling /home/isaiah/metr4202_ws/src/tb3_controller/install/tb3_controller/lib/python3.10/site-packages/tb3_controller/turtlebot_brain.py to turtlebot_brain.cpython-310.pyc
[5.980s] byte-compiling /home/isaiah/metr4202_ws/src/tb3_controller/install/tb3_controller/lib/python3.10/site-packages/tb3_controller/__init__.py to __init__.cpython-310.pyc
[5.982s] running install_data
[5.983s] copying resource/tb3_controller -> /home/isaiah/metr4202_ws/src/tb3_controller/install/tb3_controller/share/ament_index/resource_index/packages
[5.984s] copying package.xml -> /home/isaiah/metr4202_ws/src/tb3_controller/install/tb3_controller/share/tb3_controller
[5.984s] running install_egg_info
[5.993s] Copying build/tb3_controller/tb3_controller.egg-info to /home/isaiah/metr4202_ws/src/tb3_controller/install/tb3_controller/lib/python3.10/site-packages/tb3_controller-0.0.0-py3.10.egg-info
[6.003s] running install_scripts
[6.104s] Installing turtlebot_brain script to /home/isaiah/metr4202_ws/src/tb3_controller/install/tb3_controller/lib/tb3_controller
[6.107s] writing list of installed files to '/home/isaiah/metr4202_ws/src/tb3_controller/build/tb3_controller/install.log'
[6.217s] Invoked command in '/home/isaiah/metr4202_ws/src/tb3_controller' returned '0': PYTHONPATH=/home/isaiah/metr4202_ws/src/tb3_controller/build/tb3_controller/prefix_override:/home/isaiah/metr4202_ws/src/tb3_controller/install/tb3_controller/lib/python3.10/site-packages:${PYTHONPATH} /usr/bin/python3 setup.py egg_info --egg-base build/tb3_controller build --build-base /home/isaiah/metr4202_ws/src/tb3_controller/build/tb3_controller/build install --record /home/isaiah/metr4202_ws/src/tb3_controller/build/tb3_controller/install.log --single-version-externally-managed
