[2.421s] Invoking command in '/home/johnson/METR4202': PYTHONPATH=/home/johnson/METR4202/build/tb3_controller/prefix_override:/home/johnson/METR4202/install/tb3_controller/lib/python3.10/site-packages:${PYTHONPATH} /usr/bin/python3 setup.py egg_info --egg-base build/tb3_controller build --build-base /home/johnson/METR4202/build/tb3_controller/build install --record /home/johnson/METR4202/build/tb3_controller/install.log --single-version-externally-managed
[2.936s] running egg_info
[2.954s] writing build/tb3_controller/tb3_controller.egg-info/PKG-INFO
[2.956s] writing dependency_links to build/tb3_controller/tb3_controller.egg-info/dependency_links.txt
[2.956s] writing entry points to build/tb3_controller/tb3_controller.egg-info/entry_points.txt
[2.957s] writing requirements to build/tb3_controller/tb3_controller.egg-info/requires.txt
[2.957s] writing top-level names to build/tb3_controller/tb3_controller.egg-info/top_level.txt
[2.961s] reading manifest file 'build/tb3_controller/tb3_controller.egg-info/SOURCES.txt'
[2.992s] writing manifest file 'build/tb3_controller/tb3_controller.egg-info/SOURCES.txt'
[2.993s] running build
[2.996s] running build_py
[2.999s] running install
[3.000s] /usr/lib/python3/dist-packages/setuptools/command/install.py:34: SetuptoolsDeprecationWarning: setup.py install is deprecated. Use build and pip and other standards-based tools.
[3.000s]   warnings.warn(
[3.002s] running install_lib
[3.005s] running install_data
[3.013s] running install_egg_info
[3.015s] removing '/home/johnson/METR4202/install/tb3_controller/lib/python3.10/site-packages/tb3_controller-0.0.0-py3.10.egg-info' (and everything under it)
[3.015s] Copying build/tb3_controller/tb3_controller.egg-info to /home/johnson/METR4202/install/tb3_controller/lib/python3.10/site-packages/tb3_controller-0.0.0-py3.10.egg-info
[3.019s] running install_scripts
[3.092s] Installing turtlebot_brain script to /home/johnson/METR4202/install/tb3_controller/lib/tb3_controller
[3.092s] writing list of installed files to '/home/johnson/METR4202/build/tb3_controller/install.log'
[3.175s] Invoked command in '/home/johnson/METR4202' returned '0': PYTHONPATH=/home/johnson/METR4202/build/tb3_controller/prefix_override:/home/johnson/METR4202/install/tb3_controller/lib/python3.10/site-packages:${PYTHONPATH} /usr/bin/python3 setup.py egg_info --egg-base build/tb3_controller build --build-base /home/johnson/METR4202/build/tb3_controller/build install --record /home/johnson/METR4202/build/tb3_controller/install.log --single-version-externally-managed
