[2.471s] Invoking command in '/home/johnson/METR4202': PYTHONPATH=/home/johnson/METR4202/build/tb3_controller/prefix_override:/home/johnson/METR4202/install/tb3_controller/lib/python3.10/site-packages:${PYTHONPATH} /usr/bin/python3 setup.py egg_info --egg-base build/tb3_controller build --build-base /home/johnson/METR4202/build/tb3_controller/build install --record /home/johnson/METR4202/build/tb3_controller/install.log --single-version-externally-managed
[3.001s] running egg_info
[3.002s] writing build/tb3_controller/tb3_controller.egg-info/PKG-INFO
[3.003s] writing dependency_links to build/tb3_controller/tb3_controller.egg-info/dependency_links.txt
[3.003s] writing entry points to build/tb3_controller/tb3_controller.egg-info/entry_points.txt
[3.004s] writing requirements to build/tb3_controller/tb3_controller.egg-info/requires.txt
[3.004s] writing top-level names to build/tb3_controller/tb3_controller.egg-info/top_level.txt
[3.008s] reading manifest file 'build/tb3_controller/tb3_controller.egg-info/SOURCES.txt'
[3.018s] writing manifest file 'build/tb3_controller/tb3_controller.egg-info/SOURCES.txt'
[3.020s] running build
[3.020s] running build_py
[3.022s] running install
[3.027s] /usr/lib/python3/dist-packages/setuptools/command/install.py:34: SetuptoolsDeprecationWarning: setup.py install is deprecated. Use build and pip and other standards-based tools.
[3.027s]   warnings.warn(
[3.029s] running install_lib
[3.029s] running install_data
[3.040s] running install_egg_info
[3.048s] removing '/home/johnson/METR4202/install/tb3_controller/lib/python3.10/site-packages/tb3_controller-0.0.0-py3.10.egg-info' (and everything under it)
[3.064s] Copying build/tb3_controller/tb3_controller.egg-info to /home/johnson/METR4202/install/tb3_controller/lib/python3.10/site-packages/tb3_controller-0.0.0-py3.10.egg-info
[3.068s] running install_scripts
[3.121s] Installing turtlebot_brain script to /home/johnson/METR4202/install/tb3_controller/lib/tb3_controller
[3.125s] writing list of installed files to '/home/johnson/METR4202/build/tb3_controller/install.log'
[3.176s] Invoked command in '/home/johnson/METR4202' returned '0': PYTHONPATH=/home/johnson/METR4202/build/tb3_controller/prefix_override:/home/johnson/METR4202/install/tb3_controller/lib/python3.10/site-packages:${PYTHONPATH} /usr/bin/python3 setup.py egg_info --egg-base build/tb3_controller build --build-base /home/johnson/METR4202/build/tb3_controller/build install --record /home/johnson/METR4202/build/tb3_controller/install.log --single-version-externally-managed
