[0.913s] DEBUG:colcon:Command line arguments: ['/usr/bin/colcon', 'build', '--symlink-install', '--packages-select', 'turtlebot_controller_pkg']
[0.913s] DEBUG:colcon:Parsed command line arguments: Namespace(log_base=None, log_level=None, verb_name='build', build_base='build', install_base='install', merge_install=False, symlink_install=True, test_result_base=None, continue_on_error=False, executor='parallel', parallel_workers=8, event_handlers=None, ignore_user_meta=False, metas=['./colcon.meta'], base_paths=['.'], packages_ignore=None, packages_ignore_regex=None, paths=None, packages_up_to=None, packages_up_to_regex=None, packages_above=None, packages_above_and_dependencies=None, packages_above_depth=None, packages_select_by_dep=None, packages_skip_by_dep=None, packages_skip_up_to=None, packages_select_build_failed=False, packages_skip_build_finished=False, packages_select_test_failures=False, packages_skip_test_passed=False, packages_select=['turtlebot_controller_pkg'], packages_skip=None, packages_select_regex=None, packages_skip_regex=None, packages_start=None, packages_end=None, allow_overriding=[], cmake_args=None, cmake_target=None, cmake_target_skip_unavailable=False, cmake_clean_cache=False, cmake_clean_first=False, cmake_force_configure=False, ament_cmake_args=None, catkin_cmake_args=None, catkin_skip_building_tests=False, verb_parser=<colcon_defaults.argument_parser.defaults.DefaultArgumentsDecorator object at 0x7f21f6522410>, verb_extension=<colcon_core.verb.build.BuildVerb object at 0x7f21f6c43580>, main=<bound method BuildVerb.main of <colcon_core.verb.build.BuildVerb object at 0x7f21f6c43580>>)
[0.979s] Level 1:colcon.colcon_core.package_discovery:discover_packages(colcon_meta) check parameters
[0.979s] Level 1:colcon.colcon_core.package_discovery:discover_packages(recursive) check parameters
[0.980s] Level 1:colcon.colcon_core.package_discovery:discover_packages(ignore) check parameters
[0.980s] Level 1:colcon.colcon_core.package_discovery:discover_packages(path) check parameters
[0.980s] Level 1:colcon.colcon_core.package_discovery:discover_packages(colcon_meta) discover
[0.980s] Level 1:colcon.colcon_core.package_discovery:discover_packages(recursive) discover
[0.980s] INFO:colcon.colcon_core.package_discovery:Crawling recursively for packages in '/home/johnson/METR4202'
[0.980s] Level 1:colcon.colcon_core.package_identification:_identify(.) by extensions ['ignore', 'ignore_ament_install']
[0.980s] Level 1:colcon.colcon_core.package_identification:_identify(.) by extension 'ignore'
[0.980s] Level 1:colcon.colcon_core.package_identification:_identify(.) by extension 'ignore_ament_install'
[0.980s] Level 1:colcon.colcon_core.package_identification:_identify(.) by extensions ['colcon_pkg']
[0.980s] Level 1:colcon.colcon_core.package_identification:_identify(.) by extension 'colcon_pkg'
[0.981s] Level 1:colcon.colcon_core.package_identification:_identify(.) by extensions ['colcon_meta']
[0.981s] Level 1:colcon.colcon_core.package_identification:_identify(.) by extension 'colcon_meta'
[0.981s] Level 1:colcon.colcon_core.package_identification:_identify(.) by extensions ['ros']
[0.981s] Level 1:colcon.colcon_core.package_identification:_identify(.) by extension 'ros'
[1.003s] Level 1:colcon.colcon_core.package_identification:_identify(.) by extensions ['cmake', 'python']
[1.004s] Level 1:colcon.colcon_core.package_identification:_identify(.) by extension 'cmake'
[1.004s] Level 1:colcon.colcon_core.package_identification:_identify(.) by extension 'python'
[1.004s] Level 1:colcon.colcon_core.package_identification:_identify(.) by extensions ['python_setup_py']
[1.004s] Level 1:colcon.colcon_core.package_identification:_identify(.) by extension 'python_setup_py'
[1.004s] Level 1:colcon.colcon_core.package_identification:_identify(build) by extensions ['ignore', 'ignore_ament_install']
[1.005s] Level 1:colcon.colcon_core.package_identification:_identify(build) by extension 'ignore'
[1.005s] Level 1:colcon.colcon_core.package_identification:_identify(build) ignored
[1.005s] Level 1:colcon.colcon_core.package_identification:_identify(install) by extensions ['ignore', 'ignore_ament_install']
[1.005s] Level 1:colcon.colcon_core.package_identification:_identify(install) by extension 'ignore'
[1.006s] Level 1:colcon.colcon_core.package_identification:_identify(install) ignored
[1.006s] Level 1:colcon.colcon_core.package_identification:_identify(log) by extensions ['ignore', 'ignore_ament_install']
[1.006s] Level 1:colcon.colcon_core.package_identification:_identify(log) by extension 'ignore'
[1.006s] Level 1:colcon.colcon_core.package_identification:_identify(log) ignored
[1.006s] Level 1:colcon.colcon_core.package_identification:_identify(maps) by extensions ['ignore', 'ignore_ament_install']
[1.007s] Level 1:colcon.colcon_core.package_identification:_identify(maps) by extension 'ignore'
[1.007s] Level 1:colcon.colcon_core.package_identification:_identify(maps) by extension 'ignore_ament_install'
[1.007s] Level 1:colcon.colcon_core.package_identification:_identify(maps) by extensions ['colcon_pkg']
[1.007s] Level 1:colcon.colcon_core.package_identification:_identify(maps) by extension 'colcon_pkg'
[1.007s] Level 1:colcon.colcon_core.package_identification:_identify(maps) by extensions ['colcon_meta']
[1.007s] Level 1:colcon.colcon_core.package_identification:_identify(maps) by extension 'colcon_meta'
[1.007s] Level 1:colcon.colcon_core.package_identification:_identify(maps) by extensions ['ros']
[1.007s] Level 1:colcon.colcon_core.package_identification:_identify(maps) by extension 'ros'
[1.007s] Level 1:colcon.colcon_core.package_identification:_identify(maps) by extensions ['cmake', 'python']
[1.007s] Level 1:colcon.colcon_core.package_identification:_identify(maps) by extension 'cmake'
[1.007s] Level 1:colcon.colcon_core.package_identification:_identify(maps) by extension 'python'
[1.007s] Level 1:colcon.colcon_core.package_identification:_identify(maps) by extensions ['python_setup_py']
[1.008s] Level 1:colcon.colcon_core.package_identification:_identify(maps) by extension 'python_setup_py'
[1.008s] Level 1:colcon.colcon_core.package_identification:_identify(src) by extensions ['ignore', 'ignore_ament_install']
[1.008s] Level 1:colcon.colcon_core.package_identification:_identify(src) by extension 'ignore'
[1.008s] Level 1:colcon.colcon_core.package_identification:_identify(src) by extension 'ignore_ament_install'
[1.008s] Level 1:colcon.colcon_core.package_identification:_identify(src) by extensions ['colcon_pkg']
[1.008s] Level 1:colcon.colcon_core.package_identification:_identify(src) by extension 'colcon_pkg'
[1.008s] Level 1:colcon.colcon_core.package_identification:_identify(src) by extensions ['colcon_meta']
[1.008s] Level 1:colcon.colcon_core.package_identification:_identify(src) by extension 'colcon_meta'
[1.008s] Level 1:colcon.colcon_core.package_identification:_identify(src) by extensions ['ros']
[1.008s] Level 1:colcon.colcon_core.package_identification:_identify(src) by extension 'ros'
[1.008s] Level 1:colcon.colcon_core.package_identification:_identify(src) by extensions ['cmake', 'python']
[1.008s] Level 1:colcon.colcon_core.package_identification:_identify(src) by extension 'cmake'
[1.009s] Level 1:colcon.colcon_core.package_identification:_identify(src) by extension 'python'
[1.009s] Level 1:colcon.colcon_core.package_identification:_identify(src) by extensions ['python_setup_py']
[1.009s] Level 1:colcon.colcon_core.package_identification:_identify(src) by extension 'python_setup_py'
[1.009s] Level 1:colcon.colcon_core.package_identification:_identify(src/build) by extensions ['ignore', 'ignore_ament_install']
[1.009s] Level 1:colcon.colcon_core.package_identification:_identify(src/build) by extension 'ignore'
[1.009s] Level 1:colcon.colcon_core.package_identification:_identify(src/build) ignored
[1.009s] Level 1:colcon.colcon_core.package_identification:_identify(src/install) by extensions ['ignore', 'ignore_ament_install']
[1.009s] Level 1:colcon.colcon_core.package_identification:_identify(src/install) by extension 'ignore'
[1.009s] Level 1:colcon.colcon_core.package_identification:_identify(src/install) ignored
[1.009s] Level 1:colcon.colcon_core.package_identification:_identify(src/log) by extensions ['ignore', 'ignore_ament_install']
[1.009s] Level 1:colcon.colcon_core.package_identification:_identify(src/log) by extension 'ignore'
[1.010s] Level 1:colcon.colcon_core.package_identification:_identify(src/log) ignored
[1.010s] Level 1:colcon.colcon_core.package_identification:_identify(src/my_package) by extensions ['ignore', 'ignore_ament_install']
[1.010s] Level 1:colcon.colcon_core.package_identification:_identify(src/my_package) by extension 'ignore'
[1.010s] Level 1:colcon.colcon_core.package_identification:_identify(src/my_package) by extension 'ignore_ament_install'
[1.010s] Level 1:colcon.colcon_core.package_identification:_identify(src/my_package) by extensions ['colcon_pkg']
[1.010s] Level 1:colcon.colcon_core.package_identification:_identify(src/my_package) by extension 'colcon_pkg'
[1.010s] Level 1:colcon.colcon_core.package_identification:_identify(src/my_package) by extensions ['colcon_meta']
[1.010s] Level 1:colcon.colcon_core.package_identification:_identify(src/my_package) by extension 'colcon_meta'
[1.010s] Level 1:colcon.colcon_core.package_identification:_identify(src/my_package) by extensions ['ros']
[1.010s] Level 1:colcon.colcon_core.package_identification:_identify(src/my_package) by extension 'ros'
[1.015s] DEBUG:colcon.colcon_core.package_identification:Package 'src/my_package' with type 'ros.ament_python' and name 'my_package'
[1.016s] Level 1:colcon.colcon_core.package_identification:_identify(src/py_pubsub) by extensions ['ignore', 'ignore_ament_install']
[1.016s] Level 1:colcon.colcon_core.package_identification:_identify(src/py_pubsub) by extension 'ignore'
[1.016s] Level 1:colcon.colcon_core.package_identification:_identify(src/py_pubsub) by extension 'ignore_ament_install'
[1.016s] Level 1:colcon.colcon_core.package_identification:_identify(src/py_pubsub) by extensions ['colcon_pkg']
[1.016s] Level 1:colcon.colcon_core.package_identification:_identify(src/py_pubsub) by extension 'colcon_pkg'
[1.016s] Level 1:colcon.colcon_core.package_identification:_identify(src/py_pubsub) by extensions ['colcon_meta']
[1.016s] Level 1:colcon.colcon_core.package_identification:_identify(src/py_pubsub) by extension 'colcon_meta'
[1.017s] Level 1:colcon.colcon_core.package_identification:_identify(src/py_pubsub) by extensions ['ros']
[1.017s] Level 1:colcon.colcon_core.package_identification:_identify(src/py_pubsub) by extension 'ros'
[1.017s] DEBUG:colcon.colcon_core.package_identification:Package 'src/py_pubsub' with type 'ros.ament_python' and name 'py_pubsub'
[1.018s] Level 1:colcon.colcon_core.package_identification:_identify(src/turtlebot3_simulations) by extensions ['ignore', 'ignore_ament_install']
[1.018s] Level 1:colcon.colcon_core.package_identification:_identify(src/turtlebot3_simulations) by extension 'ignore'
[1.018s] Level 1:colcon.colcon_core.package_identification:_identify(src/turtlebot3_simulations) by extension 'ignore_ament_install'
[1.018s] Level 1:colcon.colcon_core.package_identification:_identify(src/turtlebot3_simulations) by extensions ['colcon_pkg']
[1.018s] Level 1:colcon.colcon_core.package_identification:_identify(src/turtlebot3_simulations) by extension 'colcon_pkg'
[1.018s] Level 1:colcon.colcon_core.package_identification:_identify(src/turtlebot3_simulations) by extensions ['colcon_meta']
[1.018s] Level 1:colcon.colcon_core.package_identification:_identify(src/turtlebot3_simulations) by extension 'colcon_meta'
[1.019s] Level 1:colcon.colcon_core.package_identification:_identify(src/turtlebot3_simulations) by extensions ['ros']
[1.019s] Level 1:colcon.colcon_core.package_identification:_identify(src/turtlebot3_simulations) by extension 'ros'
[1.019s] Level 1:colcon.colcon_core.package_identification:_identify(src/turtlebot3_simulations) by extensions ['cmake', 'python']
[1.019s] Level 1:colcon.colcon_core.package_identification:_identify(src/turtlebot3_simulations) by extension 'cmake'
[1.019s] Level 1:colcon.colcon_core.package_identification:_identify(src/turtlebot3_simulations) by extension 'python'
[1.019s] Level 1:colcon.colcon_core.package_identification:_identify(src/turtlebot3_simulations) by extensions ['python_setup_py']
[1.019s] Level 1:colcon.colcon_core.package_identification:_identify(src/turtlebot3_simulations) by extension 'python_setup_py'
[1.019s] Level 1:colcon.colcon_core.package_identification:_identify(src/turtlebot3_simulations/turtlebot3_fake_node) by extensions ['ignore', 'ignore_ament_install']
[1.019s] Level 1:colcon.colcon_core.package_identification:_identify(src/turtlebot3_simulations/turtlebot3_fake_node) by extension 'ignore'
[1.019s] Level 1:colcon.colcon_core.package_identification:_identify(src/turtlebot3_simulations/turtlebot3_fake_node) by extension 'ignore_ament_install'
[1.019s] Level 1:colcon.colcon_core.package_identification:_identify(src/turtlebot3_simulations/turtlebot3_fake_node) by extensions ['colcon_pkg']
[1.019s] Level 1:colcon.colcon_core.package_identification:_identify(src/turtlebot3_simulations/turtlebot3_fake_node) by extension 'colcon_pkg'
[1.019s] Level 1:colcon.colcon_core.package_identification:_identify(src/turtlebot3_simulations/turtlebot3_fake_node) by extensions ['colcon_meta']
[1.020s] Level 1:colcon.colcon_core.package_identification:_identify(src/turtlebot3_simulations/turtlebot3_fake_node) by extension 'colcon_meta'
[1.020s] Level 1:colcon.colcon_core.package_identification:_identify(src/turtlebot3_simulations/turtlebot3_fake_node) by extensions ['ros']
[1.020s] Level 1:colcon.colcon_core.package_identification:_identify(src/turtlebot3_simulations/turtlebot3_fake_node) by extension 'ros'
[1.022s] DEBUG:colcon.colcon_core.package_identification:Package 'src/turtlebot3_simulations/turtlebot3_fake_node' with type 'ros.ament_cmake' and name 'turtlebot3_fake_node'
[1.022s] Level 1:colcon.colcon_core.package_identification:_identify(src/turtlebot3_simulations/turtlebot3_gazebo) by extensions ['ignore', 'ignore_ament_install']
[1.022s] Level 1:colcon.colcon_core.package_identification:_identify(src/turtlebot3_simulations/turtlebot3_gazebo) by extension 'ignore'
[1.022s] Level 1:colcon.colcon_core.package_identification:_identify(src/turtlebot3_simulations/turtlebot3_gazebo) by extension 'ignore_ament_install'
[1.022s] Level 1:colcon.colcon_core.package_identification:_identify(src/turtlebot3_simulations/turtlebot3_gazebo) by extensions ['colcon_pkg']
[1.022s] Level 1:colcon.colcon_core.package_identification:_identify(src/turtlebot3_simulations/turtlebot3_gazebo) by extension 'colcon_pkg'
[1.022s] Level 1:colcon.colcon_core.package_identification:_identify(src/turtlebot3_simulations/turtlebot3_gazebo) by extensions ['colcon_meta']
[1.022s] Level 1:colcon.colcon_core.package_identification:_identify(src/turtlebot3_simulations/turtlebot3_gazebo) by extension 'colcon_meta'
[1.023s] Level 1:colcon.colcon_core.package_identification:_identify(src/turtlebot3_simulations/turtlebot3_gazebo) by extensions ['ros']
[1.023s] Level 1:colcon.colcon_core.package_identification:_identify(src/turtlebot3_simulations/turtlebot3_gazebo) by extension 'ros'
[1.024s] DEBUG:colcon.colcon_core.package_identification:Package 'src/turtlebot3_simulations/turtlebot3_gazebo' with type 'ros.ament_cmake' and name 'turtlebot3_gazebo'
[1.025s] Level 1:colcon.colcon_core.package_identification:_identify(src/turtlebot3_simulations/turtlebot3_simulations) by extensions ['ignore', 'ignore_ament_install']
[1.025s] Level 1:colcon.colcon_core.package_identification:_identify(src/turtlebot3_simulations/turtlebot3_simulations) by extension 'ignore'
[1.025s] Level 1:colcon.colcon_core.package_identification:_identify(src/turtlebot3_simulations/turtlebot3_simulations) by extension 'ignore_ament_install'
[1.025s] Level 1:colcon.colcon_core.package_identification:_identify(src/turtlebot3_simulations/turtlebot3_simulations) by extensions ['colcon_pkg']
[1.025s] Level 1:colcon.colcon_core.package_identification:_identify(src/turtlebot3_simulations/turtlebot3_simulations) by extension 'colcon_pkg'
[1.025s] Level 1:colcon.colcon_core.package_identification:_identify(src/turtlebot3_simulations/turtlebot3_simulations) by extensions ['colcon_meta']
[1.026s] Level 1:colcon.colcon_core.package_identification:_identify(src/turtlebot3_simulations/turtlebot3_simulations) by extension 'colcon_meta'
[1.026s] Level 1:colcon.colcon_core.package_identification:_identify(src/turtlebot3_simulations/turtlebot3_simulations) by extensions ['ros']
[1.026s] Level 1:colcon.colcon_core.package_identification:_identify(src/turtlebot3_simulations/turtlebot3_simulations) by extension 'ros'
[1.027s] DEBUG:colcon.colcon_core.package_identification:Package 'src/turtlebot3_simulations/turtlebot3_simulations' with type 'ros.ament_cmake' and name 'turtlebot3_simulations'
[1.027s] Level 1:colcon.colcon_core.package_identification:_identify(src/waypoint_commander) by extensions ['ignore', 'ignore_ament_install']
[1.027s] Level 1:colcon.colcon_core.package_identification:_identify(src/waypoint_commander) by extension 'ignore'
[1.027s] Level 1:colcon.colcon_core.package_identification:_identify(src/waypoint_commander) by extension 'ignore_ament_install'
[1.027s] Level 1:colcon.colcon_core.package_identification:_identify(src/waypoint_commander) by extensions ['colcon_pkg']
[1.027s] Level 1:colcon.colcon_core.package_identification:_identify(src/waypoint_commander) by extension 'colcon_pkg'
[1.027s] Level 1:colcon.colcon_core.package_identification:_identify(src/waypoint_commander) by extensions ['colcon_meta']
[1.027s] Level 1:colcon.colcon_core.package_identification:_identify(src/waypoint_commander) by extension 'colcon_meta'
[1.027s] Level 1:colcon.colcon_core.package_identification:_identify(src/waypoint_commander) by extensions ['ros']
[1.027s] Level 1:colcon.colcon_core.package_identification:_identify(src/waypoint_commander) by extension 'ros'
[1.029s] DEBUG:colcon.colcon_core.package_identification:Package 'src/waypoint_commander' with type 'ros.ament_python' and name 'waypoint_commander'
[1.029s] Level 1:colcon.colcon_core.package_identification:_identify(turtlebot3_simulations) by extensions ['ignore', 'ignore_ament_install']
[1.029s] Level 1:colcon.colcon_core.package_identification:_identify(turtlebot3_simulations) by extension 'ignore'
[1.029s] Level 1:colcon.colcon_core.package_identification:_identify(turtlebot3_simulations) by extension 'ignore_ament_install'
[1.029s] Level 1:colcon.colcon_core.package_identification:_identify(turtlebot3_simulations) by extensions ['colcon_pkg']
[1.029s] Level 1:colcon.colcon_core.package_identification:_identify(turtlebot3_simulations) by extension 'colcon_pkg'
[1.029s] Level 1:colcon.colcon_core.package_identification:_identify(turtlebot3_simulations) by extensions ['colcon_meta']
[1.029s] Level 1:colcon.colcon_core.package_identification:_identify(turtlebot3_simulations) by extension 'colcon_meta'
[1.029s] Level 1:colcon.colcon_core.package_identification:_identify(turtlebot3_simulations) by extensions ['ros']
[1.029s] Level 1:colcon.colcon_core.package_identification:_identify(turtlebot3_simulations) by extension 'ros'
[1.029s] Level 1:colcon.colcon_core.package_identification:_identify(turtlebot3_simulations) by extensions ['cmake', 'python']
[1.029s] Level 1:colcon.colcon_core.package_identification:_identify(turtlebot3_simulations) by extension 'cmake'
[1.030s] Level 1:colcon.colcon_core.package_identification:_identify(turtlebot3_simulations) by extension 'python'
[1.030s] Level 1:colcon.colcon_core.package_identification:_identify(turtlebot3_simulations) by extensions ['python_setup_py']
[1.030s] Level 1:colcon.colcon_core.package_identification:_identify(turtlebot3_simulations) by extension 'python_setup_py'
[1.030s] Level 1:colcon.colcon_core.package_identification:_identify(turtlebot_controller_pkg) by extensions ['ignore', 'ignore_ament_install']
[1.030s] Level 1:colcon.colcon_core.package_identification:_identify(turtlebot_controller_pkg) by extension 'ignore'
[1.030s] Level 1:colcon.colcon_core.package_identification:_identify(turtlebot_controller_pkg) by extension 'ignore_ament_install'
[1.030s] Level 1:colcon.colcon_core.package_identification:_identify(turtlebot_controller_pkg) by extensions ['colcon_pkg']
[1.030s] Level 1:colcon.colcon_core.package_identification:_identify(turtlebot_controller_pkg) by extension 'colcon_pkg'
[1.030s] Level 1:colcon.colcon_core.package_identification:_identify(turtlebot_controller_pkg) by extensions ['colcon_meta']
[1.030s] Level 1:colcon.colcon_core.package_identification:_identify(turtlebot_controller_pkg) by extension 'colcon_meta'
[1.030s] Level 1:colcon.colcon_core.package_identification:_identify(turtlebot_controller_pkg) by extensions ['ros']
[1.030s] Level 1:colcon.colcon_core.package_identification:_identify(turtlebot_controller_pkg) by extension 'ros'
[1.031s] DEBUG:colcon.colcon_core.package_identification:Package 'turtlebot_controller_pkg' with type 'ros.ament_python' and name 'turtlebot_controller_pkg'
[1.032s] Level 1:colcon.colcon_core.package_identification:_identify(tutorials) by extensions ['ignore', 'ignore_ament_install']
[1.032s] Level 1:colcon.colcon_core.package_identification:_identify(tutorials) by extension 'ignore'
[1.032s] Level 1:colcon.colcon_core.package_identification:_identify(tutorials) by extension 'ignore_ament_install'
[1.032s] Level 1:colcon.colcon_core.package_identification:_identify(tutorials) by extensions ['colcon_pkg']
[1.032s] Level 1:colcon.colcon_core.package_identification:_identify(tutorials) by extension 'colcon_pkg'
[1.033s] Level 1:colcon.colcon_core.package_identification:_identify(tutorials) by extensions ['colcon_meta']
[1.033s] Level 1:colcon.colcon_core.package_identification:_identify(tutorials) by extension 'colcon_meta'
[1.033s] Level 1:colcon.colcon_core.package_identification:_identify(tutorials) by extensions ['ros']
[1.033s] Level 1:colcon.colcon_core.package_identification:_identify(tutorials) by extension 'ros'
[1.033s] Level 1:colcon.colcon_core.package_identification:_identify(tutorials) by extensions ['cmake', 'python']
[1.033s] Level 1:colcon.colcon_core.package_identification:_identify(tutorials) by extension 'cmake'
[1.034s] Level 1:colcon.colcon_core.package_identification:_identify(tutorials) by extension 'python'
[1.034s] Level 1:colcon.colcon_core.package_identification:_identify(tutorials) by extensions ['python_setup_py']
[1.034s] Level 1:colcon.colcon_core.package_identification:_identify(tutorials) by extension 'python_setup_py'
[1.034s] Level 1:colcon.colcon_core.package_identification:_identify(tutorials/action_tutorials_interfaces) by extensions ['ignore', 'ignore_ament_install']
[1.034s] Level 1:colcon.colcon_core.package_identification:_identify(tutorials/action_tutorials_interfaces) by extension 'ignore'
[1.035s] Level 1:colcon.colcon_core.package_identification:_identify(tutorials/action_tutorials_interfaces) by extension 'ignore_ament_install'
[1.035s] Level 1:colcon.colcon_core.package_identification:_identify(tutorials/action_tutorials_interfaces) by extensions ['colcon_pkg']
[1.035s] Level 1:colcon.colcon_core.package_identification:_identify(tutorials/action_tutorials_interfaces) by extension 'colcon_pkg'
[1.035s] Level 1:colcon.colcon_core.package_identification:_identify(tutorials/action_tutorials_interfaces) by extensions ['colcon_meta']
[1.035s] Level 1:colcon.colcon_core.package_identification:_identify(tutorials/action_tutorials_interfaces) by extension 'colcon_meta'
[1.035s] Level 1:colcon.colcon_core.package_identification:_identify(tutorials/action_tutorials_interfaces) by extensions ['ros']
[1.035s] Level 1:colcon.colcon_core.package_identification:_identify(tutorials/action_tutorials_interfaces) by extension 'ros'
[1.037s] DEBUG:colcon.colcon_core.package_identification:Package 'tutorials/action_tutorials_interfaces' with type 'ros.ament_cmake' and name 'action_tutorials_interfaces'
[1.037s] Level 1:colcon.colcon_core.package_identification:_identify(tutorials/launch) by extensions ['ignore', 'ignore_ament_install']
[1.037s] Level 1:colcon.colcon_core.package_identification:_identify(tutorials/launch) by extension 'ignore'
[1.037s] Level 1:colcon.colcon_core.package_identification:_identify(tutorials/launch) by extension 'ignore_ament_install'
[1.041s] Level 1:colcon.colcon_core.package_identification:_identify(tutorials/launch) by extensions ['colcon_pkg']
[1.041s] Level 1:colcon.colcon_core.package_identification:_identify(tutorials/launch) by extension 'colcon_pkg'
[1.042s] Level 1:colcon.colcon_core.package_identification:_identify(tutorials/launch) by extensions ['colcon_meta']
[1.042s] Level 1:colcon.colcon_core.package_identification:_identify(tutorials/launch) by extension 'colcon_meta'
[1.042s] Level 1:colcon.colcon_core.package_identification:_identify(tutorials/launch) by extensions ['ros']
[1.042s] Level 1:colcon.colcon_core.package_identification:_identify(tutorials/launch) by extension 'ros'
[1.042s] Level 1:colcon.colcon_core.package_identification:_identify(tutorials/launch) by extensions ['cmake', 'python']
[1.043s] Level 1:colcon.colcon_core.package_identification:_identify(tutorials/launch) by extension 'cmake'
[1.043s] Level 1:colcon.colcon_core.package_identification:_identify(tutorials/launch) by extension 'python'
[1.043s] Level 1:colcon.colcon_core.package_identification:_identify(tutorials/launch) by extensions ['python_setup_py']
[1.043s] Level 1:colcon.colcon_core.package_identification:_identify(tutorials/launch) by extension 'python_setup_py'
[1.044s] Level 1:colcon.colcon_core.package_identification:_identify(tutorials/launch_tutorial) by extensions ['ignore', 'ignore_ament_install']
[1.044s] Level 1:colcon.colcon_core.package_identification:_identify(tutorials/launch_tutorial) by extension 'ignore'
[1.044s] Level 1:colcon.colcon_core.package_identification:_identify(tutorials/launch_tutorial) by extension 'ignore_ament_install'
[1.044s] Level 1:colcon.colcon_core.package_identification:_identify(tutorials/launch_tutorial) by extensions ['colcon_pkg']
[1.044s] Level 1:colcon.colcon_core.package_identification:_identify(tutorials/launch_tutorial) by extension 'colcon_pkg'
[1.045s] Level 1:colcon.colcon_core.package_identification:_identify(tutorials/launch_tutorial) by extensions ['colcon_meta']
[1.045s] Level 1:colcon.colcon_core.package_identification:_identify(tutorials/launch_tutorial) by extension 'colcon_meta'
[1.045s] Level 1:colcon.colcon_core.package_identification:_identify(tutorials/launch_tutorial) by extensions ['ros']
[1.045s] Level 1:colcon.colcon_core.package_identification:_identify(tutorials/launch_tutorial) by extension 'ros'
[1.046s] DEBUG:colcon.colcon_core.package_identification:Package 'tutorials/launch_tutorial' with type 'ros.ament_python' and name 'launch_tutorial'
[1.046s] Level 1:colcon.colcon_core.package_identification:_identify(tutorials/launch_ws) by extensions ['ignore', 'ignore_ament_install']
[1.047s] Level 1:colcon.colcon_core.package_identification:_identify(tutorials/launch_ws) by extension 'ignore'
[1.047s] Level 1:colcon.colcon_core.package_identification:_identify(tutorials/launch_ws) by extension 'ignore_ament_install'
[1.047s] Level 1:colcon.colcon_core.package_identification:_identify(tutorials/launch_ws) by extensions ['colcon_pkg']
[1.047s] Level 1:colcon.colcon_core.package_identification:_identify(tutorials/launch_ws) by extension 'colcon_pkg'
[1.048s] Level 1:colcon.colcon_core.package_identification:_identify(tutorials/launch_ws) by extensions ['colcon_meta']
[1.048s] Level 1:colcon.colcon_core.package_identification:_identify(tutorials/launch_ws) by extension 'colcon_meta'
[1.048s] Level 1:colcon.colcon_core.package_identification:_identify(tutorials/launch_ws) by extensions ['ros']
[1.048s] Level 1:colcon.colcon_core.package_identification:_identify(tutorials/launch_ws) by extension 'ros'
[1.048s] Level 1:colcon.colcon_core.package_identification:_identify(tutorials/launch_ws) by extensions ['cmake', 'python']
[1.048s] Level 1:colcon.colcon_core.package_identification:_identify(tutorials/launch_ws) by extension 'cmake'
[1.049s] Level 1:colcon.colcon_core.package_identification:_identify(tutorials/launch_ws) by extension 'python'
[1.049s] Level 1:colcon.colcon_core.package_identification:_identify(tutorials/launch_ws) by extensions ['python_setup_py']
[1.049s] Level 1:colcon.colcon_core.package_identification:_identify(tutorials/launch_ws) by extension 'python_setup_py'
[1.049s] Level 1:colcon.colcon_core.package_identification:_identify(tutorials/launch_ws/install) by extensions ['ignore', 'ignore_ament_install']
[1.049s] Level 1:colcon.colcon_core.package_identification:_identify(tutorials/launch_ws/install) by extension 'ignore'
[1.049s] Level 1:colcon.colcon_core.package_identification:_identify(tutorials/launch_ws/install) ignored
[1.050s] Level 1:colcon.colcon_core.package_identification:_identify(tutorials/launch_ws/log) by extensions ['ignore', 'ignore_ament_install']
[1.050s] Level 1:colcon.colcon_core.package_identification:_identify(tutorials/launch_ws/log) by extension 'ignore'
[1.050s] Level 1:colcon.colcon_core.package_identification:_identify(tutorials/launch_ws/log) ignored
[1.050s] Level 1:colcon.colcon_core.package_identification:_identify(tutorials/launch_ws/py_launch_example) by extensions ['ignore', 'ignore_ament_install']
[1.050s] Level 1:colcon.colcon_core.package_identification:_identify(tutorials/launch_ws/py_launch_example) by extension 'ignore'
[1.050s] Level 1:colcon.colcon_core.package_identification:_identify(tutorials/launch_ws/py_launch_example) by extension 'ignore_ament_install'
[1.050s] Level 1:colcon.colcon_core.package_identification:_identify(tutorials/launch_ws/py_launch_example) by extensions ['colcon_pkg']
[1.050s] Level 1:colcon.colcon_core.package_identification:_identify(tutorials/launch_ws/py_launch_example) by extension 'colcon_pkg'
[1.050s] Level 1:colcon.colcon_core.package_identification:_identify(tutorials/launch_ws/py_launch_example) by extensions ['colcon_meta']
[1.050s] Level 1:colcon.colcon_core.package_identification:_identify(tutorials/launch_ws/py_launch_example) by extension 'colcon_meta'
[1.050s] Level 1:colcon.colcon_core.package_identification:_identify(tutorials/launch_ws/py_launch_example) by extensions ['ros']
[1.050s] Level 1:colcon.colcon_core.package_identification:_identify(tutorials/launch_ws/py_launch_example) by extension 'ros'
[1.051s] DEBUG:colcon.colcon_core.package_identification:Package 'tutorials/launch_ws/py_launch_example' with type 'ros.ament_python' and name 'py_launch_example'
[1.052s] Level 1:colcon.colcon_core.package_identification:_identify(tutorials/my_first_package) by extensions ['ignore', 'ignore_ament_install']
[1.052s] Level 1:colcon.colcon_core.package_identification:_identify(tutorials/my_first_package) by extension 'ignore'
[1.052s] Level 1:colcon.colcon_core.package_identification:_identify(tutorials/my_first_package) by extension 'ignore_ament_install'
[1.052s] Level 1:colcon.colcon_core.package_identification:_identify(tutorials/my_first_package) by extensions ['colcon_pkg']
[1.052s] Level 1:colcon.colcon_core.package_identification:_identify(tutorials/my_first_package) by extension 'colcon_pkg'
[1.052s] Level 1:colcon.colcon_core.package_identification:_identify(tutorials/my_first_package) by extensions ['colcon_meta']
[1.052s] Level 1:colcon.colcon_core.package_identification:_identify(tutorials/my_first_package) by extension 'colcon_meta'
[1.052s] Level 1:colcon.colcon_core.package_identification:_identify(tutorials/my_first_package) by extensions ['ros']
[1.052s] Level 1:colcon.colcon_core.package_identification:_identify(tutorials/my_first_package) by extension 'ros'
[1.053s] DEBUG:colcon.colcon_core.package_identification:Package 'tutorials/my_first_package' with type 'ros.ament_python' and name 'my_first_package'
[1.053s] Level 1:colcon.colcon_core.package_identification:_identify(tutorials/py_pubsub) by extensions ['ignore', 'ignore_ament_install']
[1.053s] Level 1:colcon.colcon_core.package_identification:_identify(tutorials/py_pubsub) by extension 'ignore'
[1.054s] Level 1:colcon.colcon_core.package_identification:_identify(tutorials/py_pubsub) by extension 'ignore_ament_install'
[1.054s] Level 1:colcon.colcon_core.package_identification:_identify(tutorials/py_pubsub) by extensions ['colcon_pkg']
[1.054s] Level 1:colcon.colcon_core.package_identification:_identify(tutorials/py_pubsub) by extension 'colcon_pkg'
[1.054s] Level 1:colcon.colcon_core.package_identification:_identify(tutorials/py_pubsub) by extensions ['colcon_meta']
[1.054s] Level 1:colcon.colcon_core.package_identification:_identify(tutorials/py_pubsub) by extension 'colcon_meta'
[1.054s] Level 1:colcon.colcon_core.package_identification:_identify(tutorials/py_pubsub) by extensions ['ros']
[1.054s] Level 1:colcon.colcon_core.package_identification:_identify(tutorials/py_pubsub) by extension 'ros'
[1.055s] DEBUG:colcon.colcon_core.package_identification:Package 'tutorials/py_pubsub' with type 'ros.ament_python' and name 'py_pubsub'
[1.055s] Level 1:colcon.colcon_core.package_identification:_identify(tutorials/py_srvcli) by extensions ['ignore', 'ignore_ament_install']
[1.055s] Level 1:colcon.colcon_core.package_identification:_identify(tutorials/py_srvcli) by extension 'ignore'
[1.055s] Level 1:colcon.colcon_core.package_identification:_identify(tutorials/py_srvcli) by extension 'ignore_ament_install'
[1.055s] Level 1:colcon.colcon_core.package_identification:_identify(tutorials/py_srvcli) by extensions ['colcon_pkg']
[1.056s] Level 1:colcon.colcon_core.package_identification:_identify(tutorials/py_srvcli) by extension 'colcon_pkg'
[1.056s] Level 1:colcon.colcon_core.package_identification:_identify(tutorials/py_srvcli) by extensions ['colcon_meta']
[1.056s] Level 1:colcon.colcon_core.package_identification:_identify(tutorials/py_srvcli) by extension 'colcon_meta'
[1.056s] Level 1:colcon.colcon_core.package_identification:_identify(tutorials/py_srvcli) by extensions ['ros']
[1.056s] Level 1:colcon.colcon_core.package_identification:_identify(tutorials/py_srvcli) by extension 'ros'
[1.060s] DEBUG:colcon.colcon_core.package_identification:Package 'tutorials/py_srvcli' with type 'ros.ament_python' and name 'py_srvcli'
[1.061s] Level 1:colcon.colcon_core.package_identification:_identify(tutorials/python_parameters) by extensions ['ignore', 'ignore_ament_install']
[1.061s] Level 1:colcon.colcon_core.package_identification:_identify(tutorials/python_parameters) by extension 'ignore'
[1.061s] Level 1:colcon.colcon_core.package_identification:_identify(tutorials/python_parameters) by extension 'ignore_ament_install'
[1.061s] Level 1:colcon.colcon_core.package_identification:_identify(tutorials/python_parameters) by extensions ['colcon_pkg']
[1.061s] Level 1:colcon.colcon_core.package_identification:_identify(tutorials/python_parameters) by extension 'colcon_pkg'
[1.061s] Level 1:colcon.colcon_core.package_identification:_identify(tutorials/python_parameters) by extensions ['colcon_meta']
[1.061s] Level 1:colcon.colcon_core.package_identification:_identify(tutorials/python_parameters) by extension 'colcon_meta'
[1.061s] Level 1:colcon.colcon_core.package_identification:_identify(tutorials/python_parameters) by extensions ['ros']
[1.061s] Level 1:colcon.colcon_core.package_identification:_identify(tutorials/python_parameters) by extension 'ros'
[1.062s] DEBUG:colcon.colcon_core.package_identification:Package 'tutorials/python_parameters' with type 'ros.ament_python' and name 'python_parameters'
[1.063s] Level 1:colcon.colcon_core.package_identification:_identify(tutorials/tutorial_interfaces) by extensions ['ignore', 'ignore_ament_install']
[1.063s] Level 1:colcon.colcon_core.package_identification:_identify(tutorials/tutorial_interfaces) by extension 'ignore'
[1.063s] Level 1:colcon.colcon_core.package_identification:_identify(tutorials/tutorial_interfaces) by extension 'ignore_ament_install'
[1.063s] Level 1:colcon.colcon_core.package_identification:_identify(tutorials/tutorial_interfaces) by extensions ['colcon_pkg']
[1.063s] Level 1:colcon.colcon_core.package_identification:_identify(tutorials/tutorial_interfaces) by extension 'colcon_pkg'
[1.063s] Level 1:colcon.colcon_core.package_identification:_identify(tutorials/tutorial_interfaces) by extensions ['colcon_meta']
[1.063s] Level 1:colcon.colcon_core.package_identification:_identify(tutorials/tutorial_interfaces) by extension 'colcon_meta'
[1.063s] Level 1:colcon.colcon_core.package_identification:_identify(tutorials/tutorial_interfaces) by extensions ['ros']
[1.063s] Level 1:colcon.colcon_core.package_identification:_identify(tutorials/tutorial_interfaces) by extension 'ros'
[1.065s] DEBUG:colcon.colcon_core.package_identification:Package 'tutorials/tutorial_interfaces' with type 'ros.ament_cmake' and name 'tutorial_interfaces'
[1.065s] Level 1:colcon.colcon_core.package_discovery:discover_packages(recursive) using defaults
[1.065s] Level 1:colcon.colcon_core.package_discovery:discover_packages(ignore) discover
[1.065s] Level 1:colcon.colcon_core.package_discovery:discover_packages(ignore) using defaults
[1.065s] Level 1:colcon.colcon_core.package_discovery:discover_packages(path) discover
[1.065s] Level 1:colcon.colcon_core.package_discovery:discover_packages(path) using defaults
[1.130s] INFO:colcon.colcon_core.package_selection:Skipping not selected package 'action_tutorials_interfaces' in 'tutorials/action_tutorials_interfaces'
[1.135s] INFO:colcon.colcon_core.package_selection:Skipping not selected package 'launch_tutorial' in 'tutorials/launch_tutorial'
[1.135s] INFO:colcon.colcon_core.package_selection:Skipping not selected package 'my_first_package' in 'tutorials/my_first_package'
[1.135s] INFO:colcon.colcon_core.package_selection:Skipping not selected package 'my_package' in 'src/my_package'
[1.135s] INFO:colcon.colcon_core.package_selection:Skipping not selected package 'py_launch_example' in 'tutorials/launch_ws/py_launch_example'
[1.135s] INFO:colcon.colcon_core.package_selection:Skipping not selected package 'py_pubsub' in 'src/py_pubsub'
[1.135s] INFO:colcon.colcon_core.package_selection:Skipping not selected package 'python_parameters' in 'tutorials/python_parameters'
[1.135s] INFO:colcon.colcon_core.package_selection:Skipping not selected package 'turtlebot3_fake_node' in 'src/turtlebot3_simulations/turtlebot3_fake_node'
[1.135s] INFO:colcon.colcon_core.package_selection:Skipping not selected package 'turtlebot3_gazebo' in 'src/turtlebot3_simulations/turtlebot3_gazebo'
[1.135s] INFO:colcon.colcon_core.package_selection:Skipping not selected package 'tutorial_interfaces' in 'tutorials/tutorial_interfaces'
[1.135s] INFO:colcon.colcon_core.package_selection:Skipping not selected package 'waypoint_commander' in 'src/waypoint_commander'
[1.135s] INFO:colcon.colcon_core.package_selection:Skipping not selected package 'py_pubsub' in 'tutorials/py_pubsub'
[1.135s] INFO:colcon.colcon_core.package_selection:Skipping not selected package 'py_srvcli' in 'tutorials/py_srvcli'
[1.135s] INFO:colcon.colcon_core.package_selection:Skipping not selected package 'turtlebot3_simulations' in 'src/turtlebot3_simulations/turtlebot3_simulations'
[1.138s] Level 1:colcon.colcon_core.package_discovery:discover_packages(prefix_path) check parameters
[1.138s] Level 1:colcon.colcon_core.package_discovery:discover_packages(prefix_path) discover
[1.144s] DEBUG:colcon.colcon_installed_package_information.package_discovery:Found 7 installed packages in /home/johnson/METR4202/install
[1.146s] DEBUG:colcon.colcon_installed_package_information.package_discovery:Found 3 installed packages in /home/johnson/turtlebot3_ws/install
[1.149s] DEBUG:colcon.colcon_installed_package_information.package_discovery:Found 386 installed packages in /opt/ros/humble
[1.153s] Level 1:colcon.colcon_core.package_discovery:discover_packages(prefix_path) using defaults
[1.301s] Level 5:colcon.colcon_core.verb:set package 'turtlebot_controller_pkg' build argument 'cmake_args' from command line to 'None'
[1.301s] Level 5:colcon.colcon_core.verb:set package 'turtlebot_controller_pkg' build argument 'cmake_target' from command line to 'None'
[1.301s] Level 5:colcon.colcon_core.verb:set package 'turtlebot_controller_pkg' build argument 'cmake_target_skip_unavailable' from command line to 'False'
[1.301s] Level 5:colcon.colcon_core.verb:set package 'turtlebot_controller_pkg' build argument 'cmake_clean_cache' from command line to 'False'
[1.301s] Level 5:colcon.colcon_core.verb:set package 'turtlebot_controller_pkg' build argument 'cmake_clean_first' from command line to 'False'
[1.301s] Level 5:colcon.colcon_core.verb:set package 'turtlebot_controller_pkg' build argument 'cmake_force_configure' from command line to 'False'
[1.301s] Level 5:colcon.colcon_core.verb:set package 'turtlebot_controller_pkg' build argument 'ament_cmake_args' from command line to 'None'
[1.301s] Level 5:colcon.colcon_core.verb:set package 'turtlebot_controller_pkg' build argument 'catkin_cmake_args' from command line to 'None'
[1.301s] Level 5:colcon.colcon_core.verb:set package 'turtlebot_controller_pkg' build argument 'catkin_skip_building_tests' from command line to 'False'
[1.301s] DEBUG:colcon.colcon_core.verb:Building package 'turtlebot_controller_pkg' with the following arguments: {'ament_cmake_args': None, 'build_base': '/home/johnson/METR4202/build/turtlebot_controller_pkg', 'catkin_cmake_args': None, 'catkin_skip_building_tests': False, 'cmake_args': None, 'cmake_clean_cache': False, 'cmake_clean_first': False, 'cmake_force_configure': False, 'cmake_target': None, 'cmake_target_skip_unavailable': False, 'install_base': '/home/johnson/METR4202/install/turtlebot_controller_pkg', 'merge_install': False, 'path': '/home/johnson/METR4202/turtlebot_controller_pkg', 'symlink_install': True, 'test_result_base': None}
[1.302s] INFO:colcon.colcon_core.executor:Executing jobs using 'parallel' executor
[1.310s] DEBUG:colcon.colcon_parallel_executor.executor.parallel:run_until_complete
[1.311s] INFO:colcon.colcon_ros.task.ament_python.build:Building ROS package in '/home/johnson/METR4202/turtlebot_controller_pkg' with build type 'ament_python'
[1.312s] Level 1:colcon.colcon_core.shell:create_environment_hook('turtlebot_controller_pkg', 'ament_prefix_path')
[1.319s] INFO:colcon.colcon_core.plugin_system:Skipping extension 'colcon_core.shell.bat': Not used on non-Windows systems
[1.319s] INFO:colcon.colcon_core.shell:Creating environment hook '/home/johnson/METR4202/install/turtlebot_controller_pkg/share/turtlebot_controller_pkg/hook/ament_prefix_path.ps1'
[1.336s] INFO:colcon.colcon_core.shell:Creating environment descriptor '/home/johnson/METR4202/install/turtlebot_controller_pkg/share/turtlebot_controller_pkg/hook/ament_prefix_path.dsv'
[1.337s] INFO:colcon.colcon_core.shell:Creating environment hook '/home/johnson/METR4202/install/turtlebot_controller_pkg/share/turtlebot_controller_pkg/hook/ament_prefix_path.sh'
[1.343s] INFO:colcon.colcon_core.shell:Skip shell extension 'powershell' for command environment: Not usable outside of PowerShell
[1.343s] DEBUG:colcon.colcon_core.shell:Skip shell extension 'dsv' for command environment
[1.880s] INFO:colcon.colcon_core.task.python.build:Building Python package in '/home/johnson/METR4202/turtlebot_controller_pkg'
[1.882s] INFO:colcon.colcon_core.shell:Skip shell extension 'powershell' for command environment: Not usable outside of PowerShell
[1.882s] DEBUG:colcon.colcon_core.shell:Skip shell extension 'dsv' for command environment
[2.746s] DEBUG:colcon.colcon_core.event_handler.log_command:Invoking command in '/home/johnson/METR4202/build/turtlebot_controller_pkg': PYTHONPATH=/home/johnson/METR4202/build/turtlebot_controller_pkg/prefix_override:/home/johnson/METR4202/install/turtlebot_controller_pkg/lib/python3.10/site-packages:${PYTHONPATH} /usr/bin/python3 setup.py develop --editable --build-directory /home/johnson/METR4202/build/turtlebot_controller_pkg/build --no-deps install_data
[3.719s] Level 1:colcon.colcon_core.shell:create_environment_hook('turtlebot_controller_pkg', 'pythonpath_develop')
[3.722s] INFO:colcon.colcon_core.shell:Creating environment hook '/home/johnson/METR4202/build/turtlebot_controller_pkg/share/turtlebot_controller_pkg/hook/pythonpath_develop.ps1'
[3.723s] INFO:colcon.colcon_core.shell:Creating environment descriptor '/home/johnson/METR4202/build/turtlebot_controller_pkg/share/turtlebot_controller_pkg/hook/pythonpath_develop.dsv'
[3.724s] INFO:colcon.colcon_core.shell:Creating environment hook '/home/johnson/METR4202/build/turtlebot_controller_pkg/share/turtlebot_controller_pkg/hook/pythonpath_develop.sh'
[3.726s] DEBUG:colcon.colcon_core.event_handler.log_command:Invoked command in '/home/johnson/METR4202/build/turtlebot_controller_pkg' returned '0': PYTHONPATH=/home/johnson/METR4202/build/turtlebot_controller_pkg/prefix_override:/home/johnson/METR4202/install/turtlebot_controller_pkg/lib/python3.10/site-packages:${PYTHONPATH} /usr/bin/python3 setup.py develop --editable --build-directory /home/johnson/METR4202/build/turtlebot_controller_pkg/build --no-deps install_data
[3.735s] Level 1:colcon.colcon_core.environment:checking '/home/johnson/METR4202/install/turtlebot_controller_pkg' for CMake module files
[3.736s] Level 1:colcon.colcon_core.environment:checking '/home/johnson/METR4202/install/turtlebot_controller_pkg' for CMake config files
[3.737s] Level 1:colcon.colcon_core.environment:checking '/home/johnson/METR4202/install/turtlebot_controller_pkg/lib'
[3.737s] Level 1:colcon.colcon_core.environment:checking '/home/johnson/METR4202/install/turtlebot_controller_pkg/bin'
[3.738s] Level 1:colcon.colcon_core.environment:checking '/home/johnson/METR4202/install/turtlebot_controller_pkg/lib/pkgconfig/turtlebot_controller_pkg.pc'
[3.738s] Level 1:colcon.colcon_core.environment:checking '/home/johnson/METR4202/install/turtlebot_controller_pkg/lib/python3.10/site-packages'
[3.738s] Level 1:colcon.colcon_core.shell:create_environment_hook('turtlebot_controller_pkg', 'pythonpath')
[3.741s] INFO:colcon.colcon_core.shell:Creating environment hook '/home/johnson/METR4202/install/turtlebot_controller_pkg/share/turtlebot_controller_pkg/hook/pythonpath.ps1'
[3.742s] INFO:colcon.colcon_core.shell:Creating environment descriptor '/home/johnson/METR4202/install/turtlebot_controller_pkg/share/turtlebot_controller_pkg/hook/pythonpath.dsv'
[3.745s] INFO:colcon.colcon_core.shell:Creating environment hook '/home/johnson/METR4202/install/turtlebot_controller_pkg/share/turtlebot_controller_pkg/hook/pythonpath.sh'
[3.749s] Level 1:colcon.colcon_core.environment:checking '/home/johnson/METR4202/install/turtlebot_controller_pkg/bin'
[3.750s] Level 1:colcon.colcon_core.environment:create_environment_scripts_only(turtlebot_controller_pkg)
[3.755s] INFO:colcon.colcon_core.shell:Creating package script '/home/johnson/METR4202/install/turtlebot_controller_pkg/share/turtlebot_controller_pkg/package.ps1'
[3.756s] INFO:colcon.colcon_core.shell:Creating package descriptor '/home/johnson/METR4202/install/turtlebot_controller_pkg/share/turtlebot_controller_pkg/package.dsv'
[3.758s] INFO:colcon.colcon_core.shell:Creating package script '/home/johnson/METR4202/install/turtlebot_controller_pkg/share/turtlebot_controller_pkg/package.sh'
[3.760s] INFO:colcon.colcon_core.shell:Creating package script '/home/johnson/METR4202/install/turtlebot_controller_pkg/share/turtlebot_controller_pkg/package.bash'
[3.761s] INFO:colcon.colcon_core.shell:Creating package script '/home/johnson/METR4202/install/turtlebot_controller_pkg/share/turtlebot_controller_pkg/package.zsh'
[3.762s] Level 1:colcon.colcon_core.environment:create_file_with_runtime_dependencies(/home/johnson/METR4202/install/turtlebot_controller_pkg/share/colcon-core/packages/turtlebot_controller_pkg)
[3.765s] DEBUG:colcon.colcon_parallel_executor.executor.parallel:closing loop
[3.765s] DEBUG:colcon.colcon_parallel_executor.executor.parallel:loop closed
[3.766s] DEBUG:colcon.colcon_parallel_executor.executor.parallel:run_until_complete finished with '0'
[3.766s] DEBUG:colcon.colcon_core.event_reactor:joining thread
[3.856s] INFO:colcon.colcon_core.plugin_system:Skipping extension 'colcon_notification.desktop_notification.notify_send': Could not find 'notify-send'
[3.857s] INFO:colcon.colcon_core.plugin_system:Skipping extension 'colcon_notification.desktop_notification.terminal_notifier': Not used on non-Darwin systems
[3.857s] INFO:colcon.colcon_core.plugin_system:Skipping extension 'colcon_notification.desktop_notification.win32': Not used on non-Windows systems
[3.858s] INFO:colcon.colcon_notification.desktop_notification:Sending desktop notification using 'notify2'
[3.860s] DEBUG:colcon.colcon_notification.desktop_notification.notify2:Failed to initialize notify2: org.freedesktop.DBus.Error.ServiceUnknown: The name org.freedesktop.Notifications was not provided by any .service files
[3.860s] DEBUG:colcon.colcon_core.event_reactor:joined thread
[3.862s] INFO:colcon.colcon_core.shell:Creating prefix script '/home/johnson/METR4202/install/local_setup.ps1'
[3.864s] INFO:colcon.colcon_core.shell:Creating prefix util module '/home/johnson/METR4202/install/_local_setup_util_ps1.py'
[3.866s] INFO:colcon.colcon_core.shell:Creating prefix chain script '/home/johnson/METR4202/install/setup.ps1'
[3.869s] INFO:colcon.colcon_core.shell:Creating prefix script '/home/johnson/METR4202/install/local_setup.sh'
[3.870s] INFO:colcon.colcon_core.shell:Creating prefix util module '/home/johnson/METR4202/install/_local_setup_util_sh.py'
[3.870s] INFO:colcon.colcon_core.shell:Creating prefix chain script '/home/johnson/METR4202/install/setup.sh'
[3.873s] INFO:colcon.colcon_core.shell:Creating prefix script '/home/johnson/METR4202/install/local_setup.bash'
[3.874s] INFO:colcon.colcon_core.shell:Creating prefix chain script '/home/johnson/METR4202/install/setup.bash'
[3.876s] INFO:colcon.colcon_core.shell:Creating prefix script '/home/johnson/METR4202/install/local_setup.zsh'
[3.877s] INFO:colcon.colcon_core.shell:Creating prefix chain script '/home/johnson/METR4202/install/setup.zsh'
