[1.685s] Invoking command in '/home/tahhhhm/METR4202/tutorials/launch_ws/py_launch_example': PYTHONPATH=/home/tahhhhm/METR4202/build/py_launch_example/prefix_override:/home/tahhhhm/METR4202/install/py_launch_example/lib/python3.10/site-packages:${PYTHONPATH} /usr/bin/python3 setup.py egg_info --egg-base ../../../build/py_launch_example build --build-base /home/tahhhhm/METR4202/build/py_launch_example/build install --record /home/tahhhhm/METR4202/build/py_launch_example/install.log --single-version-externally-managed
[1.824s] running egg_info
[1.824s] creating ../../../build/py_launch_example/py_launch_example.egg-info
[1.825s] writing ../../../build/py_launch_example/py_launch_example.egg-info/PKG-INFO
[1.825s] writing dependency_links to ../../../build/py_launch_example/py_launch_example.egg-info/dependency_links.txt
[1.825s] writing entry points to ../../../build/py_launch_example/py_launch_example.egg-info/entry_points.txt
[1.825s] writing requirements to ../../../build/py_launch_example/py_launch_example.egg-info/requires.txt
[1.825s] writing top-level names to ../../../build/py_launch_example/py_launch_example.egg-info/top_level.txt
[1.825s] writing manifest file '../../../build/py_launch_example/py_launch_example.egg-info/SOURCES.txt'
[1.826s] reading manifest file '../../../build/py_launch_example/py_launch_example.egg-info/SOURCES.txt'
[1.826s] writing manifest file '../../../build/py_launch_example/py_launch_example.egg-info/SOURCES.txt'
[1.827s] running build
[1.827s] running build_py
[1.827s] creating /home/tahhhhm/METR4202/build/py_launch_example/build
[1.827s] creating /home/tahhhhm/METR4202/build/py_launch_example/build/lib
[1.827s] creating /home/tahhhhm/METR4202/build/py_launch_example/build/lib/py_launch_example
[1.827s] /usr/lib/python3/dist-packages/setuptools/command/install.py:34: SetuptoolsDeprecationWarning: setup.py install is deprecated. Use build and pip and other standards-based tools.
[1.828s]   warnings.warn(
[1.828s] copying py_launch_example/__init__.py -> /home/tahhhhm/METR4202/build/py_launch_example/build/lib/py_launch_example
[1.828s] running install
[1.828s] running install_lib
[1.828s] creating /home/tahhhhm/METR4202/install/py_launch_example/lib/python3.10/site-packages/py_launch_example
[1.828s] copying /home/tahhhhm/METR4202/build/py_launch_example/build/lib/py_launch_example/__init__.py -> /home/tahhhhm/METR4202/install/py_launch_example/lib/python3.10/site-packages/py_launch_example
[1.828s] byte-compiling /home/tahhhhm/METR4202/install/py_launch_example/lib/python3.10/site-packages/py_launch_example/__init__.py to __init__.cpython-310.pyc
[1.829s] running install_data
[1.829s] creating /home/tahhhhm/METR4202/install/py_launch_example/share/ament_index
[1.829s] creating /home/tahhhhm/METR4202/install/py_launch_example/share/ament_index/resource_index
[1.829s] creating /home/tahhhhm/METR4202/install/py_launch_example/share/ament_index/resource_index/packages
[1.829s] copying resource/py_launch_example -> /home/tahhhhm/METR4202/install/py_launch_example/share/ament_index/resource_index/packages
[1.829s] copying package.xml -> /home/tahhhhm/METR4202/install/py_launch_example/share/py_launch_example
[1.830s] creating /home/tahhhhm/METR4202/install/py_launch_example/share/py_launch_example/launch
[1.830s] copying launch/my_script_launch.py -> /home/tahhhhm/METR4202/install/py_launch_example/share/py_launch_example/launch
[1.830s] running install_egg_info
[1.831s] Copying ../../../build/py_launch_example/py_launch_example.egg-info to /home/tahhhhm/METR4202/install/py_launch_example/lib/python3.10/site-packages/py_launch_example-0.0.0-py3.10.egg-info
[1.831s] running install_scripts
[1.846s] writing list of installed files to '/home/tahhhhm/METR4202/build/py_launch_example/install.log'
[1.935s] Invoked command in '/home/tahhhhm/METR4202/tutorials/launch_ws/py_launch_example' returned '0': PYTHONPATH=/home/tahhhhm/METR4202/build/py_launch_example/prefix_override:/home/tahhhhm/METR4202/install/py_launch_example/lib/python3.10/site-packages:${PYTHONPATH} /usr/bin/python3 setup.py egg_info --egg-base ../../../build/py_launch_example build --build-base /home/tahhhhm/METR4202/build/py_launch_example/build install --record /home/tahhhhm/METR4202/build/py_launch_example/install.log --single-version-externally-managed
