[1.384s] Invoking command in '/home/isaiah/metr4202_ws/src/tb3_controller/tb3_controller': PYTHONPATH=/home/isaiah/metr4202_ws/src/tb3_controller/build/tb3_controller/prefix_override:/home/isaiah/metr4202_ws/src/tb3_controller/install/tb3_controller/lib/python3.10/site-packages:${PYTHONPATH} /usr/bin/python3 setup.py egg_info --egg-base ../build/tb3_controller build --build-base /home/isaiah/metr4202_ws/src/tb3_controller/build/tb3_controller/build install --record /home/isaiah/metr4202_ws/src/tb3_controller/build/tb3_controller/install.log --single-version-externally-managed
[1.913s] running egg_info
[1.915s] writing ../build/tb3_controller/tb3_controller.egg-info/PKG-INFO
[1.915s] writing dependency_links to ../build/tb3_controller/tb3_controller.egg-info/dependency_links.txt
[1.916s] writing entry points to ../build/tb3_controller/tb3_controller.egg-info/entry_points.txt
[1.916s] writing requirements to ../build/tb3_controller/tb3_controller.egg-info/requires.txt
[1.916s] writing top-level names to ../build/tb3_controller/tb3_controller.egg-info/top_level.txt
[1.919s] reading manifest file '../build/tb3_controller/tb3_controller.egg-info/SOURCES.txt'
[1.921s] writing manifest file '../build/tb3_controller/tb3_controller.egg-info/SOURCES.txt'
[1.921s] running build
[1.922s] running build_py
[1.922s] copying tb3_controller/turtlebot_brain.py -> /home/isaiah/metr4202_ws/src/tb3_controller/build/tb3_controller/build/lib/tb3_controller
[1.922s] running install
[1.923s] running install_lib
[1.924s] copying /home/isaiah/metr4202_ws/src/tb3_controller/build/tb3_controller/build/lib/tb3_controller/turtlebot_brain.py -> /home/isaiah/metr4202_ws/src/tb3_controller/install/tb3_controller/lib/python3.10/site-packages/tb3_controller
[1.925s] byte-compiling /home/isaiah/metr4202_ws/src/tb3_controller/install/tb3_controller/lib/python3.10/site-packages/tb3_controller/turtlebot_brain.py to turtlebot_brain.cpython-310.pyc
[1.929s] running install_data
[1.930s] running install_egg_info
[1.933s] removing '/home/isaiah/metr4202_ws/src/tb3_controller/install/tb3_controller/lib/python3.10/site-packages/tb3_controller-0.0.0-py3.10.egg-info' (and everything under it)
[1.933s] Copying ../build/tb3_controller/tb3_controller.egg-info to /home/isaiah/metr4202_ws/src/tb3_controller/install/tb3_controller/lib/python3.10/site-packages/tb3_controller-0.0.0-py3.10.egg-info
[1.935s] running install_scripts
[1.973s] Installing turtlebot_brain script to /home/isaiah/metr4202_ws/src/tb3_controller/install/tb3_controller/lib/tb3_controller
[1.974s] writing list of installed files to '/home/isaiah/metr4202_ws/src/tb3_controller/build/tb3_controller/install.log'
[2.014s] Invoked command in '/home/isaiah/metr4202_ws/src/tb3_controller/tb3_controller' returned '0': PYTHONPATH=/home/isaiah/metr4202_ws/src/tb3_controller/build/tb3_controller/prefix_override:/home/isaiah/metr4202_ws/src/tb3_controller/install/tb3_controller/lib/python3.10/site-packages:${PYTHONPATH} /usr/bin/python3 setup.py egg_info --egg-base ../build/tb3_controller build --build-base /home/isaiah/metr4202_ws/src/tb3_controller/build/tb3_controller/build install --record /home/isaiah/metr4202_ws/src/tb3_controller/build/tb3_controller/install.log --single-version-externally-managed
