[1.945s] Invoking command in '/home/johnson/METR4202': PYTHONPATH=/home/johnson/METR4202/build/tb3_controller/prefix_override:/home/johnson/METR4202/install/tb3_controller/lib/python3.10/site-packages:${PYTHONPATH} /usr/bin/python3 setup.py egg_info --egg-base build/tb3_controller build --build-base /home/johnson/METR4202/build/tb3_controller/build install --record /home/johnson/METR4202/build/tb3_controller/install.log --single-version-externally-managed
[2.568s] running egg_info
[2.570s] writing build/tb3_controller/tb3_controller.egg-info/PKG-INFO
[2.570s] writing dependency_links to build/tb3_controller/tb3_controller.egg-info/dependency_links.txt
[2.571s] writing entry points to build/tb3_controller/tb3_controller.egg-info/entry_points.txt
[2.571s] writing requirements to build/tb3_controller/tb3_controller.egg-info/requires.txt
[2.571s] writing top-level names to build/tb3_controller/tb3_controller.egg-info/top_level.txt
[2.575s] reading manifest file 'build/tb3_controller/tb3_controller.egg-info/SOURCES.txt'
[2.576s] writing manifest file 'build/tb3_controller/tb3_controller.egg-info/SOURCES.txt'
[2.576s] running build
[2.577s] running build_py
[2.578s] copying tb3_controller/turtlebot_brain.py -> /home/johnson/METR4202/build/tb3_controller/build/lib/tb3_controller
[2.580s] running install
[2.580s] /usr/lib/python3/dist-packages/setuptools/command/install.py:34: SetuptoolsDeprecationWarning: setup.py install is deprecated. Use build and pip and other standards-based tools.
[2.580s]   warnings.warn(
[2.581s] running install_lib
[2.582s] copying /home/johnson/METR4202/build/tb3_controller/build/lib/tb3_controller/turtlebot_brain.py -> /home/johnson/METR4202/install/tb3_controller/lib/python3.10/site-packages/tb3_controller
[2.586s] byte-compiling /home/johnson/METR4202/install/tb3_controller/lib/python3.10/site-packages/tb3_controller/turtlebot_brain.py to turtlebot_brain.cpython-310.pyc
[2.597s] running install_data
[2.600s] running install_egg_info
[2.603s] removing '/home/johnson/METR4202/install/tb3_controller/lib/python3.10/site-packages/tb3_controller-0.0.0-py3.10.egg-info' (and everything under it)
[2.608s] Copying build/tb3_controller/tb3_controller.egg-info to /home/johnson/METR4202/install/tb3_controller/lib/python3.10/site-packages/tb3_controller-0.0.0-py3.10.egg-info
[2.618s] running install_scripts
[2.660s] Installing turtlebot_brain script to /home/johnson/METR4202/install/tb3_controller/lib/tb3_controller
[2.665s] writing list of installed files to '/home/johnson/METR4202/build/tb3_controller/install.log'
[2.756s] Invoked command in '/home/johnson/METR4202' returned '0': PYTHONPATH=/home/johnson/METR4202/build/tb3_controller/prefix_override:/home/johnson/METR4202/install/tb3_controller/lib/python3.10/site-packages:${PYTHONPATH} /usr/bin/python3 setup.py egg_info --egg-base build/tb3_controller build --build-base /home/johnson/METR4202/build/tb3_controller/build install --record /home/johnson/METR4202/build/tb3_controller/install.log --single-version-externally-managed
