[2.154s] DEBUG:colcon:Command line arguments: ['/usr/bin/colcon', 'build', '--packages-select', 'tb3_controller']
[2.154s] DEBUG:colcon:Parsed command line arguments: Namespace(log_base=None, log_level=None, verb_name='build', build_base='build', install_base='install', merge_install=False, symlink_install=False, test_result_base=None, continue_on_error=False, executor='parallel', parallel_workers=8, event_handlers=None, ignore_user_meta=False, metas=['./colcon.meta'], base_paths=['.'], packages_ignore=None, packages_ignore_regex=None, paths=None, packages_up_to=None, packages_up_to_regex=None, packages_above=None, packages_above_and_dependencies=None, packages_above_depth=None, packages_select_by_dep=None, packages_skip_by_dep=None, packages_skip_up_to=None, packages_select_build_failed=False, packages_skip_build_finished=False, packages_select_test_failures=False, packages_skip_test_passed=False, packages_select=['tb3_controller'], packages_skip=None, packages_select_regex=None, packages_skip_regex=None, packages_start=None, packages_end=None, allow_overriding=[], cmake_args=None, cmake_target=None, cmake_target_skip_unavailable=False, cmake_clean_cache=False, cmake_clean_first=False, cmake_force_configure=False, ament_cmake_args=None, catkin_cmake_args=None, catkin_skip_building_tests=False, verb_parser=<colcon_defaults.argument_parser.defaults.DefaultArgumentsDecorator object at 0x7f59dfae26b0>, verb_extension=<colcon_core.verb.build.BuildVerb object at 0x7f59dfae2140>, main=<bound method BuildVerb.main of <colcon_core.verb.build.BuildVerb object at 0x7f59dfae2140>>)
[2.293s] Level 1:colcon.colcon_core.package_discovery:discover_packages(colcon_meta) check parameters
[2.293s] Level 1:colcon.colcon_core.package_discovery:discover_packages(recursive) check parameters
[2.294s] Level 1:colcon.colcon_core.package_discovery:discover_packages(ignore) check parameters
[2.294s] Level 1:colcon.colcon_core.package_discovery:discover_packages(path) check parameters
[2.294s] Level 1:colcon.colcon_core.package_discovery:discover_packages(colcon_meta) discover
[2.294s] Level 1:colcon.colcon_core.package_discovery:discover_packages(recursive) discover
[2.294s] INFO:colcon.colcon_core.package_discovery:Crawling recursively for packages in '/home/isaiah/metr4202_ws/src/tb3_controller'
[2.295s] Level 1:colcon.colcon_core.package_identification:_identify(.) by extensions ['ignore', 'ignore_ament_install']
[2.295s] Level 1:colcon.colcon_core.package_identification:_identify(.) by extension 'ignore'
[2.296s] Level 1:colcon.colcon_core.package_identification:_identify(.) by extension 'ignore_ament_install'
[2.296s] Level 1:colcon.colcon_core.package_identification:_identify(.) by extensions ['colcon_pkg']
[2.296s] Level 1:colcon.colcon_core.package_identification:_identify(.) by extension 'colcon_pkg'
[2.296s] Level 1:colcon.colcon_core.package_identification:_identify(.) by extensions ['colcon_meta']
[2.297s] Level 1:colcon.colcon_core.package_identification:_identify(.) by extension 'colcon_meta'
[2.297s] Level 1:colcon.colcon_core.package_identification:_identify(.) by extensions ['ros']
[2.297s] Level 1:colcon.colcon_core.package_identification:_identify(.) by extension 'ros'
[2.373s] DEBUG:colcon.colcon_core.package_identification:Package '.' with type 'ros.ament_python' and name 'tb3_controller'
[2.373s] Level 1:colcon.colcon_core.package_discovery:discover_packages(recursive) using defaults
[2.373s] Level 1:colcon.colcon_core.package_discovery:discover_packages(ignore) discover
[2.374s] Level 1:colcon.colcon_core.package_discovery:discover_packages(ignore) using defaults
[2.374s] Level 1:colcon.colcon_core.package_discovery:discover_packages(path) discover
[2.374s] Level 1:colcon.colcon_core.package_discovery:discover_packages(path) using defaults
[2.521s] Level 1:colcon.colcon_core.package_discovery:discover_packages(prefix_path) check parameters
[2.521s] Level 1:colcon.colcon_core.package_discovery:discover_packages(prefix_path) discover
[2.539s] DEBUG:colcon.colcon_installed_package_information.package_discovery:Found 1 installed packages in /home/isaiah/metr4202_ws/src/install
[2.546s] DEBUG:colcon.colcon_installed_package_information.package_discovery:Found 11 installed packages in /home/isaiah/metr4202_ws/install
[2.562s] DEBUG:colcon.colcon_installed_package_information.package_discovery:Found 389 installed packages in /opt/ros/humble
[2.583s] Level 1:colcon.colcon_core.package_discovery:discover_packages(prefix_path) using defaults
[3.078s] Level 5:colcon.colcon_core.verb:set package 'tb3_controller' build argument 'cmake_args' from command line to 'None'
[3.078s] Level 5:colcon.colcon_core.verb:set package 'tb3_controller' build argument 'cmake_target' from command line to 'None'
[3.078s] Level 5:colcon.colcon_core.verb:set package 'tb3_controller' build argument 'cmake_target_skip_unavailable' from command line to 'False'
[3.078s] Level 5:colcon.colcon_core.verb:set package 'tb3_controller' build argument 'cmake_clean_cache' from command line to 'False'
[3.078s] Level 5:colcon.colcon_core.verb:set package 'tb3_controller' build argument 'cmake_clean_first' from command line to 'False'
[3.078s] Level 5:colcon.colcon_core.verb:set package 'tb3_controller' build argument 'cmake_force_configure' from command line to 'False'
[3.079s] Level 5:colcon.colcon_core.verb:set package 'tb3_controller' build argument 'ament_cmake_args' from command line to 'None'
[3.079s] Level 5:colcon.colcon_core.verb:set package 'tb3_controller' build argument 'catkin_cmake_args' from command line to 'None'
[3.079s] Level 5:colcon.colcon_core.verb:set package 'tb3_controller' build argument 'catkin_skip_building_tests' from command line to 'False'
[3.079s] DEBUG:colcon.colcon_core.verb:Building package 'tb3_controller' with the following arguments: {'ament_cmake_args': None, 'build_base': '/home/isaiah/metr4202_ws/src/tb3_controller/build/tb3_controller', 'catkin_cmake_args': None, 'catkin_skip_building_tests': False, 'cmake_args': None, 'cmake_clean_cache': False, 'cmake_clean_first': False, 'cmake_force_configure': False, 'cmake_target': None, 'cmake_target_skip_unavailable': False, 'install_base': '/home/isaiah/metr4202_ws/src/tb3_controller/install/tb3_controller', 'merge_install': False, 'path': '/home/isaiah/metr4202_ws/src/tb3_controller', 'symlink_install': False, 'test_result_base': None}
[3.082s] INFO:colcon.colcon_core.executor:Executing jobs using 'parallel' executor
[3.099s] DEBUG:colcon.colcon_parallel_executor.executor.parallel:run_until_complete
[3.100s] INFO:colcon.colcon_ros.task.ament_python.build:Building ROS package in '/home/isaiah/metr4202_ws/src/tb3_controller' with build type 'ament_python'
[3.101s] Level 1:colcon.colcon_core.shell:create_environment_hook('tb3_controller', 'ament_prefix_path')
[3.126s] INFO:colcon.colcon_core.plugin_system:Skipping extension 'colcon_core.shell.bat': Not used on non-Windows systems
[3.127s] INFO:colcon.colcon_core.shell:Creating environment hook '/home/isaiah/metr4202_ws/src/tb3_controller/install/tb3_controller/share/tb3_controller/hook/ament_prefix_path.ps1'
[3.129s] INFO:colcon.colcon_core.shell:Creating environment descriptor '/home/isaiah/metr4202_ws/src/tb3_controller/install/tb3_controller/share/tb3_controller/hook/ament_prefix_path.dsv'
[3.131s] INFO:colcon.colcon_core.shell:Creating environment hook '/home/isaiah/metr4202_ws/src/tb3_controller/install/tb3_controller/share/tb3_controller/hook/ament_prefix_path.sh'
[3.141s] INFO:colcon.colcon_core.shell:Skip shell extension 'powershell' for command environment: Not usable outside of PowerShell
[3.141s] DEBUG:colcon.colcon_core.shell:Skip shell extension 'dsv' for command environment
[4.888s] INFO:colcon.colcon_core.task.python.build:Building Python package in '/home/isaiah/metr4202_ws/src/tb3_controller'
[4.897s] INFO:colcon.colcon_core.shell:Skip shell extension 'powershell' for command environment: Not usable outside of PowerShell
[4.897s] DEBUG:colcon.colcon_core.shell:Skip shell extension 'dsv' for command environment
[7.398s] DEBUG:colcon.colcon_core.event_handler.log_command:Invoking command in '/home/isaiah/metr4202_ws/src/tb3_controller': PYTHONPATH=/home/isaiah/metr4202_ws/src/tb3_controller/build/tb3_controller/prefix_override:/home/isaiah/metr4202_ws/src/tb3_controller/install/tb3_controller/lib/python3.10/site-packages:${PYTHONPATH} /usr/bin/python3 setup.py egg_info --egg-base build/tb3_controller build --build-base /home/isaiah/metr4202_ws/src/tb3_controller/build/tb3_controller/build install --record /home/isaiah/metr4202_ws/src/tb3_controller/build/tb3_controller/install.log --single-version-externally-managed
[9.489s] DEBUG:colcon.colcon_core.event_handler.log_command:Invoked command in '/home/isaiah/metr4202_ws/src/tb3_controller' returned '0': PYTHONPATH=/home/isaiah/metr4202_ws/src/tb3_controller/build/tb3_controller/prefix_override:/home/isaiah/metr4202_ws/src/tb3_controller/install/tb3_controller/lib/python3.10/site-packages:${PYTHONPATH} /usr/bin/python3 setup.py egg_info --egg-base build/tb3_controller build --build-base /home/isaiah/metr4202_ws/src/tb3_controller/build/tb3_controller/build install --record /home/isaiah/metr4202_ws/src/tb3_controller/build/tb3_controller/install.log --single-version-externally-managed
[9.509s] Level 1:colcon.colcon_core.environment:checking '/home/isaiah/metr4202_ws/src/tb3_controller/install/tb3_controller' for CMake module files
[9.513s] Level 1:colcon.colcon_core.environment:checking '/home/isaiah/metr4202_ws/src/tb3_controller/install/tb3_controller' for CMake config files
[9.515s] Level 1:colcon.colcon_core.environment:checking '/home/isaiah/metr4202_ws/src/tb3_controller/install/tb3_controller/lib'
[9.516s] Level 1:colcon.colcon_core.environment:checking '/home/isaiah/metr4202_ws/src/tb3_controller/install/tb3_controller/bin'
[9.517s] Level 1:colcon.colcon_core.environment:checking '/home/isaiah/metr4202_ws/src/tb3_controller/install/tb3_controller/lib/pkgconfig/tb3_controller.pc'
[9.518s] Level 1:colcon.colcon_core.environment:checking '/home/isaiah/metr4202_ws/src/tb3_controller/install/tb3_controller/lib/python3.10/site-packages'
[9.518s] Level 1:colcon.colcon_core.shell:create_environment_hook('tb3_controller', 'pythonpath')
[9.526s] INFO:colcon.colcon_core.shell:Creating environment hook '/home/isaiah/metr4202_ws/src/tb3_controller/install/tb3_controller/share/tb3_controller/hook/pythonpath.ps1'
[9.537s] INFO:colcon.colcon_core.shell:Creating environment descriptor '/home/isaiah/metr4202_ws/src/tb3_controller/install/tb3_controller/share/tb3_controller/hook/pythonpath.dsv'
[9.539s] INFO:colcon.colcon_core.shell:Creating environment hook '/home/isaiah/metr4202_ws/src/tb3_controller/install/tb3_controller/share/tb3_controller/hook/pythonpath.sh'
[9.541s] Level 1:colcon.colcon_core.environment:checking '/home/isaiah/metr4202_ws/src/tb3_controller/install/tb3_controller/bin'
[9.542s] Level 1:colcon.colcon_core.environment:create_environment_scripts_only(tb3_controller)
[9.551s] INFO:colcon.colcon_core.shell:Creating package script '/home/isaiah/metr4202_ws/src/tb3_controller/install/tb3_controller/share/tb3_controller/package.ps1'
[9.555s] INFO:colcon.colcon_core.shell:Creating package descriptor '/home/isaiah/metr4202_ws/src/tb3_controller/install/tb3_controller/share/tb3_controller/package.dsv'
[9.558s] INFO:colcon.colcon_core.shell:Creating package script '/home/isaiah/metr4202_ws/src/tb3_controller/install/tb3_controller/share/tb3_controller/package.sh'
[9.561s] INFO:colcon.colcon_core.shell:Creating package script '/home/isaiah/metr4202_ws/src/tb3_controller/install/tb3_controller/share/tb3_controller/package.bash'
[9.569s] INFO:colcon.colcon_core.shell:Creating package script '/home/isaiah/metr4202_ws/src/tb3_controller/install/tb3_controller/share/tb3_controller/package.zsh'
[9.573s] Level 1:colcon.colcon_core.environment:create_file_with_runtime_dependencies(/home/isaiah/metr4202_ws/src/tb3_controller/install/tb3_controller/share/colcon-core/packages/tb3_controller)
[9.575s] DEBUG:colcon.colcon_parallel_executor.executor.parallel:closing loop
[9.577s] DEBUG:colcon.colcon_parallel_executor.executor.parallel:loop closed
[9.577s] DEBUG:colcon.colcon_parallel_executor.executor.parallel:run_until_complete finished with '0'
[9.578s] DEBUG:colcon.colcon_core.event_reactor:joining thread
[9.608s] INFO:colcon.colcon_core.plugin_system:Skipping extension 'colcon_notification.desktop_notification.terminal_notifier': Not used on non-Darwin systems
[9.610s] INFO:colcon.colcon_core.plugin_system:Skipping extension 'colcon_notification.desktop_notification.win32': Not used on non-Windows systems
[9.611s] INFO:colcon.colcon_notification.desktop_notification:Sending desktop notification using 'notify2'
[9.738s] DEBUG:colcon.colcon_core.event_reactor:joined thread
[9.747s] INFO:colcon.colcon_core.shell:Creating prefix script '/home/isaiah/metr4202_ws/src/tb3_controller/install/local_setup.ps1'
[9.751s] INFO:colcon.colcon_core.shell:Creating prefix util module '/home/isaiah/metr4202_ws/src/tb3_controller/install/_local_setup_util_ps1.py'
[9.764s] INFO:colcon.colcon_core.shell:Creating prefix chain script '/home/isaiah/metr4202_ws/src/tb3_controller/install/setup.ps1'
[9.773s] INFO:colcon.colcon_core.shell:Creating prefix script '/home/isaiah/metr4202_ws/src/tb3_controller/install/local_setup.sh'
[9.775s] INFO:colcon.colcon_core.shell:Creating prefix util module '/home/isaiah/metr4202_ws/src/tb3_controller/install/_local_setup_util_sh.py'
[9.778s] INFO:colcon.colcon_core.shell:Creating prefix chain script '/home/isaiah/metr4202_ws/src/tb3_controller/install/setup.sh'
[9.797s] INFO:colcon.colcon_core.shell:Creating prefix script '/home/isaiah/metr4202_ws/src/tb3_controller/install/local_setup.bash'
[9.800s] INFO:colcon.colcon_core.shell:Creating prefix chain script '/home/isaiah/metr4202_ws/src/tb3_controller/install/setup.bash'
[9.815s] INFO:colcon.colcon_core.shell:Creating prefix script '/home/isaiah/metr4202_ws/src/tb3_controller/install/local_setup.zsh'
[9.825s] INFO:colcon.colcon_core.shell:Creating prefix chain script '/home/isaiah/metr4202_ws/src/tb3_controller/install/setup.zsh'
