[2.093s] Invoking command in '/home/johnson/METR4202': PYTHONPATH=/home/johnson/METR4202/build/tb3_controller/prefix_override:/home/johnson/METR4202/install/tb3_controller/lib/python3.10/site-packages:${PYTHONPATH} /usr/bin/python3 setup.py egg_info --egg-base build/tb3_controller build --build-base /home/johnson/METR4202/build/tb3_controller/build install --record /home/johnson/METR4202/build/tb3_controller/install.log --single-version-externally-managed
[2.812s] running egg_info
[2.813s] writing build/tb3_controller/tb3_controller.egg-info/PKG-INFO
[2.815s] writing dependency_links to build/tb3_controller/tb3_controller.egg-info/dependency_links.txt
[2.815s] writing entry points to build/tb3_controller/tb3_controller.egg-info/entry_points.txt
[2.816s] writing requirements to build/tb3_controller/tb3_controller.egg-info/requires.txt
[2.817s] writing top-level names to build/tb3_controller/tb3_controller.egg-info/top_level.txt
[2.820s] reading manifest file 'build/tb3_controller/tb3_controller.egg-info/SOURCES.txt'
[2.822s] writing manifest file 'build/tb3_controller/tb3_controller.egg-info/SOURCES.txt'
[2.823s] running build
[2.823s] running build_py
[2.824s] copying tb3_controller/turtlebot_brain.py -> /home/johnson/METR4202/build/tb3_controller/build/lib/tb3_controller
[2.827s] running install
[2.828s] /usr/lib/python3/dist-packages/setuptools/command/install.py:34: SetuptoolsDeprecationWarning: setup.py install is deprecated. Use build and pip and other standards-based tools.
[2.828s]   warnings.warn(
[2.829s] running install_lib
[2.835s] copying /home/johnson/METR4202/build/tb3_controller/build/lib/tb3_controller/turtlebot_brain.py -> /home/johnson/METR4202/install/tb3_controller/lib/python3.10/site-packages/tb3_controller
[2.843s] byte-compiling /home/johnson/METR4202/install/tb3_controller/lib/python3.10/site-packages/tb3_controller/turtlebot_brain.py to turtlebot_brain.cpython-310.pyc
[2.856s] /home/johnson/METR4202/install/tb3_controller/lib/python3.10/site-packages/tb3_controller/turtlebot_brain.py:543: SyntaxWarning: "is not" with a literal. Did you mean "!="?
[2.856s]   if self.mapArray2d[min(xPxl + x, self.mapMsg.info.width - 1), min(yPxl + y, self.mapMsg.info.height - 1)] is not -1:
[2.856s] /home/johnson/METR4202/install/tb3_controller/lib/python3.10/site-packages/tb3_controller/turtlebot_brain.py:555: SyntaxWarning: "is not" with a literal. Did you mean "!="?
[2.856s]   self.mapArray2d[min(xPxl + x, self.mapMsg.info.width - 1), min(yPxl + y, self.mapMsg.info.height - 1)] is not -1:
[2.861s] running install_data
[2.868s] running install_egg_info
[2.872s] removing '/home/johnson/METR4202/install/tb3_controller/lib/python3.10/site-packages/tb3_controller-0.0.0-py3.10.egg-info' (and everything under it)
[2.878s] Copying build/tb3_controller/tb3_controller.egg-info to /home/johnson/METR4202/install/tb3_controller/lib/python3.10/site-packages/tb3_controller-0.0.0-py3.10.egg-info
[2.886s] running install_scripts
[2.989s] Installing turtlebot_brain script to /home/johnson/METR4202/install/tb3_controller/lib/tb3_controller
[2.991s] writing list of installed files to '/home/johnson/METR4202/build/tb3_controller/install.log'
[3.096s] Invoked command in '/home/johnson/METR4202' returned '0': PYTHONPATH=/home/johnson/METR4202/build/tb3_controller/prefix_override:/home/johnson/METR4202/install/tb3_controller/lib/python3.10/site-packages:${PYTHONPATH} /usr/bin/python3 setup.py egg_info --egg-base build/tb3_controller build --build-base /home/johnson/METR4202/build/tb3_controller/build install --record /home/johnson/METR4202/build/tb3_controller/install.log --single-version-externally-managed
