[0.010s] Invoking command in '/home/jonno/turtlebot3_ws/build/turtlebot3_gazebo': CMAKE_PREFIX_PATH=${CMAKE_PREFIX_PATH}:/home/jonno/ros2_ws/install/m4202_py_pkg:/opt/ros/humble /usr/bin/cmake /home/jonno/turtlebot3_ws/src/turtlebot3_simulations/turtlebot3_gazebo -DAMENT_CMAKE_SYMLINK_INSTALL=1 -DCMAKE_INSTALL_PREFIX=/home/jonno/turtlebot3_ws/install/turtlebot3_gazebo
[0.210s] -- The C compiler identification is GNU 11.4.0
[0.691s] -- The CXX compiler identification is GNU 11.4.0
[1.043s] -- Detecting C compiler ABI info
[1.154s] -- Detecting C compiler ABI info - done
[1.159s] -- Check for working C compiler: /usr/bin/cc - skipped
[1.159s] -- Detecting C compile features
[1.160s] -- Detecting C compile features - done
[1.163s] -- Detecting CXX compiler ABI info
[1.286s] -- Detecting CXX compiler ABI info - done
[1.291s] -- Check for working CXX compiler: /usr/bin/c++ - skipped
[1.291s] -- Detecting CXX compile features
[1.291s] -- Detecting CXX compile features - done
[1.294s] -- Found ament_cmake: 1.3.5 (/opt/ros/humble/share/ament_cmake/cmake)
[1.398s] -- Found Python3: /usr/bin/python3.10 (found version "3.10.12") found components: Interpreter 
[1.443s] -- Override CMake install command with custom implementation using symlinks instead of copying resources
[1.478s] [33mCMake Warning (dev) at /usr/share/cmake-3.22/Modules/FindPackageHandleStandardArgs.cmake:438 (message):
[1.479s]   The package name passed to `find_package_handle_standard_args` (PkgConfig)
[1.479s]   does not match the name of the calling package (gazebo).  This can lead to
[1.479s]   problems in calling code that expects `find_package` result variables
[1.479s]   (e.g., `_FOUND`) to follow a certain pattern.
[1.479s] Call Stack (most recent call first):
[1.479s]   /usr/share/cmake-3.22/Modules/FindPkgConfig.cmake:99 (find_package_handle_standard_args)
[1.479s]   /usr/lib/x86_64-linux-gnu/cmake/gazebo/gazebo-config.cmake:72 (include)
[1.479s]   CMakeLists.txt:23 (find_package)
[1.479s] This warning is for project developers.  Use -Wno-dev to suppress it.
[1.479s] [0m
[1.479s] -- Found PkgConfig: /usr/bin/pkg-config (found version "0.29.2") 
[1.481s] -- Checking for module 'bullet>=2.82'
[1.488s] --   Found bullet, version 3.05
[1.580s] -- Found fcl: /usr/include (found suitable version "0.7.0", minimum required is "0.5.0") 
[1.601s] -- Found assimp: /usr/include (found version "5.2.0") 
[1.620s] -- Found DART: /usr/include (Required is at least version "6.6") found components: dart 
[1.916s] -- Found Boost: /usr/lib/x86_64-linux-gnu/cmake/Boost-1.74.0/BoostConfig.cmake (found suitable version "1.74.0", minimum required is "1.40.0") found components: thread system filesystem program_options regex iostreams date_time 
[2.464s] -- Found Protobuf: /usr/lib/x86_64-linux-gnu/libprotobuf.so (found version "3.12.4") 
[2.469s] -- Looking for ignition-math6 -- found version 6.12.0
[2.477s] -- Searching for dependencies of ignition-math6
[2.479s] -- Looking for OGRE...
[2.479s] -- OGRE_PREFIX_WATCH changed.
[2.482s] -- Checking for module 'OGRE'
[2.488s] --   Found OGRE, version 1.9.0
[2.503s] -- Found Ogre Ghadamon (1.9.0)
[3.015s] -- Found OGRE: optimized;/usr/lib/x86_64-linux-gnu/libOgreMain.so;debug;/usr/lib/x86_64-linux-gnu/libOgreMain.so
[3.022s] -- Looking for OGRE_Paging...
[3.481s] -- Found OGRE_Paging: optimized;/usr/lib/x86_64-linux-gnu/libOgrePaging.so;debug;/usr/lib/x86_64-linux-gnu/libOgrePaging.so
[3.481s] -- Looking for OGRE_Terrain...
[3.957s] -- Found OGRE_Terrain: optimized;/usr/lib/x86_64-linux-gnu/libOgreTerrain.so;debug;/usr/lib/x86_64-linux-gnu/libOgreTerrain.so
[3.958s] -- Looking for OGRE_Property...
[4.420s] -- Found OGRE_Property: optimized;/usr/lib/x86_64-linux-gnu/libOgreProperty.so;debug;/usr/lib/x86_64-linux-gnu/libOgreProperty.so
[4.420s] -- Looking for OGRE_RTShaderSystem...
[4.874s] -- Found OGRE_RTShaderSystem: optimized;/usr/lib/x86_64-linux-gnu/libOgreRTShaderSystem.so;debug;/usr/lib/x86_64-linux-gnu/libOgreRTShaderSystem.so
[4.874s] -- Looking for OGRE_Volume...
[5.343s] -- Found OGRE_Volume: optimized;/usr/lib/x86_64-linux-gnu/libOgreVolume.so;debug;/usr/lib/x86_64-linux-gnu/libOgreVolume.so
[5.343s] -- Looking for OGRE_Overlay...
[5.803s] -- Found OGRE_Overlay: optimized;/usr/lib/x86_64-linux-gnu/libOgreOverlay.so;debug;/usr/lib/x86_64-linux-gnu/libOgreOverlay.so
[25.458s] -- Looking for ignition-math6 -- found version 6.12.0
[25.460s] -- Looking for ignition-transport8 -- found version 8.2.1
[25.460s] -- Searching for dependencies of ignition-transport8
[26.545s] -- Found Protobuf: /usr/lib/x86_64-linux-gnu/libprotobuf.so (found suitable version "3.12.4", minimum required is "3") 
[27.671s] -- Config-file not installed for ZeroMQ -- checking for pkg-config
[27.674s] -- Checking for module 'libzmq >= 4'
[27.681s] --   Found libzmq , version 4.3.4
[27.694s] -- Found ZeroMQ: TRUE (Required is at least version "4") 
[27.735s] -- Checking for module 'uuid'
[27.740s] --   Found uuid, version 2.37.2
[27.751s] -- Found UUID: TRUE  
[27.753s] -- Looking for ignition-msgs5 -- found version 5.8.1
[27.753s] -- Searching for dependencies of ignition-msgs5
[28.858s] -- Looking for ignition-math6 -- found version 6.12.0
[28.860s] -- Checking for module 'tinyxml2'
[28.866s] --   Found tinyxml2, version 9.0.0
[28.878s] -- Looking for ignition-msgs5 -- found version 5.8.1
[28.880s] -- Looking for ignition-common3 -- found version 3.14.0
[28.880s] -- Searching for dependencies of ignition-common3
[28.913s] -- Looking for dlfcn.h - found
[28.946s] -- Looking for libdl - found
[28.947s] -- Found DL: TRUE  
[29.039s] -- Found tinyobjloader: /usr/lib/x86_64-linux-gnu/cmake/tinyobjloader/tinyobjloader-config.cmake (found version "2.0.0") 
[29.039s] -- Searching for <ignition-common3> component [graphics]
[29.041s] -- Looking for ignition-common3-graphics -- found version 3.14.0
[29.041s] -- Searching for dependencies of ignition-common3-graphics
[29.041s] -- Looking for ignition-math6 -- found version 6.12.0
[29.044s] -- Looking for ignition-fuel_tools4 -- found version 4.4.0
[29.044s] -- Searching for dependencies of ignition-fuel_tools4
[30.380s] -- Found CURL: /usr/lib/x86_64-linux-gnu/libcurl.so (found version "7.81.0")  
[30.387s] -- Checking for module 'jsoncpp'
[30.392s] --   Found jsoncpp, version 1.9.5
[30.404s] -- Found JSONCPP: TRUE  
[30.408s] -- Checking for module 'libzip'
[30.413s] --   Found libzip, version 1.7.3
[30.425s] -- Found ZIP: TRUE  
[30.425s] -- Looking for ignition-common3 -- found version 3.14.0
[30.425s] -- Looking for ignition-math6 -- found version 6.12.0
[30.425s] -- Looking for ignition-msgs5 -- found version 5.8.1
[30.430s] -- Found gazebo_ros_pkgs: 3.7.0 (/opt/ros/humble/share/gazebo_ros_pkgs/cmake)
[30.431s] -- Found geometry_msgs: 4.2.3 (/opt/ros/humble/share/geometry_msgs/cmake)
[30.494s] -- Found rosidl_generator_c: 3.1.5 (/opt/ros/humble/share/rosidl_generator_c/cmake)
[30.497s] -- Found rosidl_adapter: 3.1.5 (/opt/ros/humble/share/rosidl_adapter/cmake)
[30.503s] -- Found rosidl_generator_cpp: 3.1.5 (/opt/ros/humble/share/rosidl_generator_cpp/cmake)
[30.512s] -- Using all available rosidl_typesupport_c: rosidl_typesupport_fastrtps_c;rosidl_typesupport_introspection_c
[30.526s] -- Using all available rosidl_typesupport_cpp: rosidl_typesupport_fastrtps_cpp;rosidl_typesupport_introspection_cpp
[30.609s] -- Found nav_msgs: 4.2.3 (/opt/ros/humble/share/nav_msgs/cmake)
[30.668s] -- Found rclcpp: 16.0.5 (/opt/ros/humble/share/rclcpp/cmake)
[30.708s] -- Found rmw_implementation_cmake: 6.1.1 (/opt/ros/humble/share/rmw_implementation_cmake/cmake)
[30.710s] -- Found rmw_fastrtps_cpp: 6.2.3 (/opt/ros/humble/share/rmw_fastrtps_cpp/cmake)
[31.887s] -- Found OpenSSL: /usr/lib/x86_64-linux-gnu/libcrypto.so (found version "3.0.2")  
[33.195s] -- Found FastRTPS: /opt/ros/humble/include  
[35.542s] -- Using RMW implementation 'rmw_fastrtps_cpp' as default
[35.549s] -- Found Threads: TRUE  
[35.637s] -- Found sensor_msgs: 4.2.3 (/opt/ros/humble/share/sensor_msgs/cmake)
[35.697s] -- Found tf2: 0.25.3 (/opt/ros/humble/share/tf2/cmake)
[35.748s] -- Configuring done
[35.766s] -- Generating done
[35.768s] -- Build files have been written to: /home/jonno/turtlebot3_ws/build/turtlebot3_gazebo
[35.777s] Invoked command in '/home/jonno/turtlebot3_ws/build/turtlebot3_gazebo' returned '0': CMAKE_PREFIX_PATH=${CMAKE_PREFIX_PATH}:/home/jonno/ros2_ws/install/m4202_py_pkg:/opt/ros/humble /usr/bin/cmake /home/jonno/turtlebot3_ws/src/turtlebot3_simulations/turtlebot3_gazebo -DAMENT_CMAKE_SYMLINK_INSTALL=1 -DCMAKE_INSTALL_PREFIX=/home/jonno/turtlebot3_ws/install/turtlebot3_gazebo
[35.778s] Invoking command in '/home/jonno/turtlebot3_ws/build/turtlebot3_gazebo': CMAKE_PREFIX_PATH=${CMAKE_PREFIX_PATH}:/home/jonno/ros2_ws/install/m4202_py_pkg:/opt/ros/humble /usr/bin/cmake --build /home/jonno/turtlebot3_ws/build/turtlebot3_gazebo -- -j12 -l12
[35.802s] [ 12%] [32mBuilding CXX object CMakeFiles/turtlebot3_drive.dir/src/turtlebot3_drive.cpp.o[0m
[35.802s] [ 25%] [32mBuilding CXX object CMakeFiles/obstacle1.dir/models/turtlebot3_dqn_world/obstacle_plugin/obstacle1.cc.o[0m
[35.802s] [ 37%] [32mBuilding CXX object CMakeFiles/obstacles.dir/models/turtlebot3_dqn_world/obstacle_plugin/obstacles.cc.o[0m
[35.802s] [ 50%] [32mBuilding CXX object CMakeFiles/obstacle2.dir/models/turtlebot3_dqn_world/obstacle_plugin/obstacle2.cc.o[0m
[44.657s] [ 62%] [32m[1mLinking CXX executable turtlebot3_drive[0m
[45.091s] [ 62%] Built target turtlebot3_drive
[45.249s] [ 75%] [32m[1mLinking CXX shared library libobstacle2.so[0m
[45.309s] [ 87%] [32m[1mLinking CXX shared library libobstacles.so[0m
[45.337s] [100%] [32m[1mLinking CXX shared library libobstacle1.so[0m
[45.480s] [100%] Built target obstacle2
[45.539s] [100%] Built target obstacles
[45.558s] [100%] Built target obstacle1
[45.562s] Invoked command in '/home/jonno/turtlebot3_ws/build/turtlebot3_gazebo' returned '0': CMAKE_PREFIX_PATH=${CMAKE_PREFIX_PATH}:/home/jonno/ros2_ws/install/m4202_py_pkg:/opt/ros/humble /usr/bin/cmake --build /home/jonno/turtlebot3_ws/build/turtlebot3_gazebo -- -j12 -l12
[45.578s] Invoking command in '/home/jonno/turtlebot3_ws/build/turtlebot3_gazebo': CMAKE_PREFIX_PATH=${CMAKE_PREFIX_PATH}:/home/jonno/ros2_ws/install/m4202_py_pkg:/opt/ros/humble /usr/bin/cmake --install /home/jonno/turtlebot3_ws/build/turtlebot3_gazebo
[45.581s] -- Install configuration: ""
[45.581s] -- Execute custom install script
[45.582s] -- Symlinking: /home/jonno/turtlebot3_ws/install/turtlebot3_gazebo/lib/turtlebot3_gazebo/turtlebot3_drive
[45.585s] -- Symlinking: /home/jonno/turtlebot3_ws/install/turtlebot3_gazebo/share/turtlebot3_gazebo//launch/empty_world.launch.py
[45.588s] -- Symlinking: /home/jonno/turtlebot3_ws/install/turtlebot3_gazebo/share/turtlebot3_gazebo//launch/robot_state_publisher.launch.py
[45.591s] -- Symlinking: /home/jonno/turtlebot3_ws/install/turtlebot3_gazebo/share/turtlebot3_gazebo//launch/spawn_turtlebot3.launch.py
[45.594s] -- Symlinking: /home/jonno/turtlebot3_ws/install/turtlebot3_gazebo/share/turtlebot3_gazebo//launch/turtlebot3_dqn_stage1.launch.py
[45.597s] -- Symlinking: /home/jonno/turtlebot3_ws/install/turtlebot3_gazebo/share/turtlebot3_gazebo//launch/turtlebot3_dqn_stage2.launch.py
[45.600s] -- Symlinking: /home/jonno/turtlebot3_ws/install/turtlebot3_gazebo/share/turtlebot3_gazebo//launch/turtlebot3_dqn_stage3.launch.py
[45.603s] -- Symlinking: /home/jonno/turtlebot3_ws/install/turtlebot3_gazebo/share/turtlebot3_gazebo//launch/turtlebot3_dqn_stage4.launch.py
[45.607s] -- Symlinking: /home/jonno/turtlebot3_ws/install/turtlebot3_gazebo/share/turtlebot3_gazebo//launch/turtlebot3_house.launch.py
[45.609s] -- Symlinking: /home/jonno/turtlebot3_ws/install/turtlebot3_gazebo/share/turtlebot3_gazebo//launch/turtlebot3_world.launch.py
[45.613s] -- Symlinking: /home/jonno/turtlebot3_ws/install/turtlebot3_gazebo/share/turtlebot3_gazebo//models/turtlebot3_burger/model-1_4.sdf
[45.616s] -- Symlinking: /home/jonno/turtlebot3_ws/install/turtlebot3_gazebo/share/turtlebot3_gazebo//models/turtlebot3_burger/model.config
[45.619s] -- Symlinking: /home/jonno/turtlebot3_ws/install/turtlebot3_gazebo/share/turtlebot3_gazebo//models/turtlebot3_burger/model.sdf
[45.622s] -- Symlinking: /home/jonno/turtlebot3_ws/install/turtlebot3_gazebo/share/turtlebot3_gazebo//models/turtlebot3_common/meshes/burger_base.dae
[45.625s] -- Symlinking: /home/jonno/turtlebot3_ws/install/turtlebot3_gazebo/share/turtlebot3_gazebo//models/turtlebot3_common/meshes/lds.dae
[45.628s] -- Symlinking: /home/jonno/turtlebot3_ws/install/turtlebot3_gazebo/share/turtlebot3_gazebo//models/turtlebot3_common/meshes/r200.dae
[45.631s] -- Symlinking: /home/jonno/turtlebot3_ws/install/turtlebot3_gazebo/share/turtlebot3_gazebo//models/turtlebot3_common/meshes/tire.dae
[45.634s] -- Symlinking: /home/jonno/turtlebot3_ws/install/turtlebot3_gazebo/share/turtlebot3_gazebo//models/turtlebot3_common/meshes/waffle_base.dae
[45.637s] -- Symlinking: /home/jonno/turtlebot3_ws/install/turtlebot3_gazebo/share/turtlebot3_gazebo//models/turtlebot3_common/meshes/waffle_pi_base.dae
[45.640s] -- Symlinking: /home/jonno/turtlebot3_ws/install/turtlebot3_gazebo/share/turtlebot3_gazebo//models/turtlebot3_common/model.config
[45.643s] -- Symlinking: /home/jonno/turtlebot3_ws/install/turtlebot3_gazebo/share/turtlebot3_gazebo//models/turtlebot3_dqn_world/goal_box/model.config
[45.646s] -- Symlinking: /home/jonno/turtlebot3_ws/install/turtlebot3_gazebo/share/turtlebot3_gazebo//models/turtlebot3_dqn_world/goal_box/model.sdf
[45.649s] -- Symlinking: /home/jonno/turtlebot3_ws/install/turtlebot3_gazebo/share/turtlebot3_gazebo//models/turtlebot3_dqn_world/inner_walls/model.config
[45.652s] -- Symlinking: /home/jonno/turtlebot3_ws/install/turtlebot3_gazebo/share/turtlebot3_gazebo//models/turtlebot3_dqn_world/inner_walls/model.sdf
[45.656s] -- Symlinking: /home/jonno/turtlebot3_ws/install/turtlebot3_gazebo/share/turtlebot3_gazebo//models/turtlebot3_dqn_world/model.config
[45.659s] -- Symlinking: /home/jonno/turtlebot3_ws/install/turtlebot3_gazebo/share/turtlebot3_gazebo//models/turtlebot3_dqn_world/model.sdf
[45.662s] -- Symlinking: /home/jonno/turtlebot3_ws/install/turtlebot3_gazebo/share/turtlebot3_gazebo//models/turtlebot3_dqn_world/obstacle1/model.config
[45.665s] -- Symlinking: /home/jonno/turtlebot3_ws/install/turtlebot3_gazebo/share/turtlebot3_gazebo//models/turtlebot3_dqn_world/obstacle1/model.sdf
[45.668s] -- Symlinking: /home/jonno/turtlebot3_ws/install/turtlebot3_gazebo/share/turtlebot3_gazebo//models/turtlebot3_dqn_world/obstacle2/model.config
[45.671s] -- Symlinking: /home/jonno/turtlebot3_ws/install/turtlebot3_gazebo/share/turtlebot3_gazebo//models/turtlebot3_dqn_world/obstacle2/model.sdf
[45.674s] -- Symlinking: /home/jonno/turtlebot3_ws/install/turtlebot3_gazebo/share/turtlebot3_gazebo//models/turtlebot3_dqn_world/obstacle_plugin/CMakeLists.txt
[45.677s] -- Symlinking: /home/jonno/turtlebot3_ws/install/turtlebot3_gazebo/share/turtlebot3_gazebo//models/turtlebot3_dqn_world/obstacle_plugin/obstacle1.cc
[45.680s] -- Symlinking: /home/jonno/turtlebot3_ws/install/turtlebot3_gazebo/share/turtlebot3_gazebo//models/turtlebot3_dqn_world/obstacle_plugin/obstacle2.cc
[45.683s] -- Symlinking: /home/jonno/turtlebot3_ws/install/turtlebot3_gazebo/share/turtlebot3_gazebo//models/turtlebot3_dqn_world/obstacle_plugin/obstacles.cc
[45.686s] -- Symlinking: /home/jonno/turtlebot3_ws/install/turtlebot3_gazebo/share/turtlebot3_gazebo//models/turtlebot3_dqn_world/obstacles/model.config
[45.689s] -- Symlinking: /home/jonno/turtlebot3_ws/install/turtlebot3_gazebo/share/turtlebot3_gazebo//models/turtlebot3_dqn_world/obstacles/model.sdf
[45.692s] -- Symlinking: /home/jonno/turtlebot3_ws/install/turtlebot3_gazebo/share/turtlebot3_gazebo//models/turtlebot3_house/model.config
[45.696s] -- Symlinking: /home/jonno/turtlebot3_ws/install/turtlebot3_gazebo/share/turtlebot3_gazebo//models/turtlebot3_house/model.sdf
[45.700s] -- Symlinking: /home/jonno/turtlebot3_ws/install/turtlebot3_gazebo/share/turtlebot3_gazebo//models/turtlebot3_waffle/model-1_4.sdf
[45.703s] -- Symlinking: /home/jonno/turtlebot3_ws/install/turtlebot3_gazebo/share/turtlebot3_gazebo//models/turtlebot3_waffle/model.config
[45.706s] -- Symlinking: /home/jonno/turtlebot3_ws/install/turtlebot3_gazebo/share/turtlebot3_gazebo//models/turtlebot3_waffle/model.sdf
[45.709s] -- Symlinking: /home/jonno/turtlebot3_ws/install/turtlebot3_gazebo/share/turtlebot3_gazebo//models/turtlebot3_waffle_pi/model-1_4_.sdf
[45.712s] -- Symlinking: /home/jonno/turtlebot3_ws/install/turtlebot3_gazebo/share/turtlebot3_gazebo//models/turtlebot3_waffle_pi/model.config
[45.715s] -- Symlinking: /home/jonno/turtlebot3_ws/install/turtlebot3_gazebo/share/turtlebot3_gazebo//models/turtlebot3_waffle_pi/model.sdf
[45.718s] -- Symlinking: /home/jonno/turtlebot3_ws/install/turtlebot3_gazebo/share/turtlebot3_gazebo//models/turtlebot3_world/meshes/hexagon.dae
[45.721s] -- Symlinking: /home/jonno/turtlebot3_ws/install/turtlebot3_gazebo/share/turtlebot3_gazebo//models/turtlebot3_world/meshes/wall.dae
[45.724s] -- Symlinking: /home/jonno/turtlebot3_ws/install/turtlebot3_gazebo/share/turtlebot3_gazebo//models/turtlebot3_world/model-1_4.sdf
[45.727s] -- Symlinking: /home/jonno/turtlebot3_ws/install/turtlebot3_gazebo/share/turtlebot3_gazebo//models/turtlebot3_world/model.config
[45.730s] -- Symlinking: /home/jonno/turtlebot3_ws/install/turtlebot3_gazebo/share/turtlebot3_gazebo//models/turtlebot3_world/model.sdf
[45.733s] -- Symlinking: /home/jonno/turtlebot3_ws/install/turtlebot3_gazebo/share/turtlebot3_gazebo//rviz/tb3_gazebo.rviz
[45.737s] -- Symlinking: /home/jonno/turtlebot3_ws/install/turtlebot3_gazebo/share/turtlebot3_gazebo//urdf/common_properties.urdf
[45.740s] -- Symlinking: /home/jonno/turtlebot3_ws/install/turtlebot3_gazebo/share/turtlebot3_gazebo//urdf/turtlebot3_burger.urdf
[45.743s] -- Symlinking: /home/jonno/turtlebot3_ws/install/turtlebot3_gazebo/share/turtlebot3_gazebo//urdf/turtlebot3_waffle.urdf
[45.746s] -- Symlinking: /home/jonno/turtlebot3_ws/install/turtlebot3_gazebo/share/turtlebot3_gazebo//urdf/turtlebot3_waffle_pi.urdf
[45.749s] -- Symlinking: /home/jonno/turtlebot3_ws/install/turtlebot3_gazebo/share/turtlebot3_gazebo//worlds/empty_world.world
[45.752s] -- Symlinking: /home/jonno/turtlebot3_ws/install/turtlebot3_gazebo/share/turtlebot3_gazebo//worlds/turtlebot3_dqn_stage1.world
[45.755s] -- Symlinking: /home/jonno/turtlebot3_ws/install/turtlebot3_gazebo/share/turtlebot3_gazebo//worlds/turtlebot3_dqn_stage2.world
[45.758s] -- Symlinking: /home/jonno/turtlebot3_ws/install/turtlebot3_gazebo/share/turtlebot3_gazebo//worlds/turtlebot3_dqn_stage3.world
[45.761s] -- Symlinking: /home/jonno/turtlebot3_ws/install/turtlebot3_gazebo/share/turtlebot3_gazebo//worlds/turtlebot3_dqn_stage4.world
[45.764s] -- Symlinking: /home/jonno/turtlebot3_ws/install/turtlebot3_gazebo/share/turtlebot3_gazebo//worlds/turtlebot3_house.world
[45.767s] -- Symlinking: /home/jonno/turtlebot3_ws/install/turtlebot3_gazebo/share/turtlebot3_gazebo//worlds/turtlebot3_world.world
[45.771s] -- Symlinking: /home/jonno/turtlebot3_ws/install/turtlebot3_gazebo/include//turtlebot3_gazebo/turtlebot3_drive.hpp
[45.774s] -- Symlinking: /home/jonno/turtlebot3_ws/install/turtlebot3_gazebo/share/ament_index/resource_index/package_run_dependencies/turtlebot3_gazebo
[45.777s] -- Symlinking: /home/jonno/turtlebot3_ws/install/turtlebot3_gazebo/share/ament_index/resource_index/parent_prefix_path/turtlebot3_gazebo
[45.780s] -- Symlinking: /home/jonno/turtlebot3_ws/install/turtlebot3_gazebo/share/turtlebot3_gazebo/environment/ament_prefix_path.sh
[45.783s] -- Symlinking: /home/jonno/turtlebot3_ws/install/turtlebot3_gazebo/share/turtlebot3_gazebo/environment/ament_prefix_path.dsv
[45.786s] -- Symlinking: /home/jonno/turtlebot3_ws/install/turtlebot3_gazebo/share/turtlebot3_gazebo/environment/path.sh
[45.789s] -- Symlinking: /home/jonno/turtlebot3_ws/install/turtlebot3_gazebo/share/turtlebot3_gazebo/environment/path.dsv
[45.792s] -- Symlinking: /home/jonno/turtlebot3_ws/install/turtlebot3_gazebo/share/turtlebot3_gazebo/local_setup.bash
[45.795s] -- Symlinking: /home/jonno/turtlebot3_ws/install/turtlebot3_gazebo/share/turtlebot3_gazebo/local_setup.sh
[45.798s] -- Symlinking: /home/jonno/turtlebot3_ws/install/turtlebot3_gazebo/share/turtlebot3_gazebo/local_setup.zsh
[45.801s] -- Symlinking: /home/jonno/turtlebot3_ws/install/turtlebot3_gazebo/share/turtlebot3_gazebo/local_setup.dsv
[45.805s] -- Symlinking: /home/jonno/turtlebot3_ws/install/turtlebot3_gazebo/share/turtlebot3_gazebo/package.dsv
[45.808s] -- Symlinking: /home/jonno/turtlebot3_ws/install/turtlebot3_gazebo/share/ament_index/resource_index/packages/turtlebot3_gazebo
[45.811s] -- Symlinking: /home/jonno/turtlebot3_ws/install/turtlebot3_gazebo/share/turtlebot3_gazebo/cmake/ament_cmake_export_include_directories-extras.cmake
[45.814s] -- Symlinking: /home/jonno/turtlebot3_ws/install/turtlebot3_gazebo/share/turtlebot3_gazebo/cmake/ament_cmake_export_dependencies-extras.cmake
[45.817s] -- Symlinking: /home/jonno/turtlebot3_ws/install/turtlebot3_gazebo/share/turtlebot3_gazebo/cmake/turtlebot3_gazeboConfig.cmake
[45.820s] -- Symlinking: /home/jonno/turtlebot3_ws/install/turtlebot3_gazebo/share/turtlebot3_gazebo/cmake/turtlebot3_gazeboConfig-version.cmake
[45.823s] -- Symlinking: /home/jonno/turtlebot3_ws/install/turtlebot3_gazebo/share/turtlebot3_gazebo/package.xml
[45.829s] Invoked command in '/home/jonno/turtlebot3_ws/build/turtlebot3_gazebo' returned '0': CMAKE_PREFIX_PATH=${CMAKE_PREFIX_PATH}:/home/jonno/ros2_ws/install/m4202_py_pkg:/opt/ros/humble /usr/bin/cmake --install /home/jonno/turtlebot3_ws/build/turtlebot3_gazebo
