[3.063s] Invoking command in '/home/johnson/METR4202': PYTHONPATH=/home/johnson/METR4202/build/tb3_controller/prefix_override:/home/johnson/METR4202/install/tb3_controller/lib/python3.10/site-packages:${PYTHONPATH} /usr/bin/python3 setup.py egg_info --egg-base build/tb3_controller build --build-base /home/johnson/METR4202/build/tb3_controller/build install --record /home/johnson/METR4202/build/tb3_controller/install.log --single-version-externally-managed
[3.887s] running egg_info
[3.887s] writing build/tb3_controller/tb3_controller.egg-info/PKG-INFO
[3.904s] writing dependency_links to build/tb3_controller/tb3_controller.egg-info/dependency_links.txt
[3.904s] writing entry points to build/tb3_controller/tb3_controller.egg-info/entry_points.txt
[3.904s] writing requirements to build/tb3_controller/tb3_controller.egg-info/requires.txt
[3.904s] writing top-level names to build/tb3_controller/tb3_controller.egg-info/top_level.txt
[3.905s] reading manifest file 'build/tb3_controller/tb3_controller.egg-info/SOURCES.txt'
[3.934s] writing manifest file 'build/tb3_controller/tb3_controller.egg-info/SOURCES.txt'
[3.934s] running build
[3.935s] running build_py
[3.958s] copying tb3_controller/turtlebot_brain.py -> /home/johnson/METR4202/build/tb3_controller/build/lib/tb3_controller
[3.969s] running install
[3.970s] running install_lib
[3.970s] /usr/lib/python3/dist-packages/setuptools/command/install.py:34: SetuptoolsDeprecationWarning: setup.py install is deprecated. Use build and pip and other standards-based tools.
[3.970s]   warnings.warn(
[3.971s] copying /home/johnson/METR4202/build/tb3_controller/build/lib/tb3_controller/turtlebot_brain.py -> /home/johnson/METR4202/install/tb3_controller/lib/python3.10/site-packages/tb3_controller
[3.971s] byte-compiling /home/johnson/METR4202/install/tb3_controller/lib/python3.10/site-packages/tb3_controller/turtlebot_brain.py to turtlebot_brain.cpython-310.pyc
[4.004s] running install_data
[4.005s] running install_egg_info
[4.019s] removing '/home/johnson/METR4202/install/tb3_controller/lib/python3.10/site-packages/tb3_controller-0.0.0-py3.10.egg-info' (and everything under it)
[4.019s] Copying build/tb3_controller/tb3_controller.egg-info to /home/johnson/METR4202/install/tb3_controller/lib/python3.10/site-packages/tb3_controller-0.0.0-py3.10.egg-info
[4.022s] running install_scripts
[4.117s] Installing turtlebot_brain script to /home/johnson/METR4202/install/tb3_controller/lib/tb3_controller
[4.126s] writing list of installed files to '/home/johnson/METR4202/build/tb3_controller/install.log'
[4.314s] Invoked command in '/home/johnson/METR4202' returned '0': PYTHONPATH=/home/johnson/METR4202/build/tb3_controller/prefix_override:/home/johnson/METR4202/install/tb3_controller/lib/python3.10/site-packages:${PYTHONPATH} /usr/bin/python3 setup.py egg_info --egg-base build/tb3_controller build --build-base /home/johnson/METR4202/build/tb3_controller/build install --record /home/johnson/METR4202/build/tb3_controller/install.log --single-version-externally-managed
