[1.699s] DEBUG:colcon:Command line arguments: ['/usr/bin/colcon', 'build', '--packages-select', 'tb3_controller']
[1.699s] DEBUG:colcon:Parsed command line arguments: Namespace(log_base=None, log_level=None, verb_name='build', build_base='build', install_base='install', merge_install=False, symlink_install=False, test_result_base=None, continue_on_error=False, executor='parallel', parallel_workers=8, event_handlers=None, ignore_user_meta=False, metas=['./colcon.meta'], base_paths=['.'], packages_ignore=None, packages_ignore_regex=None, paths=None, packages_up_to=None, packages_up_to_regex=None, packages_above=None, packages_above_and_dependencies=None, packages_above_depth=None, packages_select_by_dep=None, packages_skip_by_dep=None, packages_skip_up_to=None, packages_select_build_failed=False, packages_skip_build_finished=False, packages_select_test_failures=False, packages_skip_test_passed=False, packages_select=['tb3_controller'], packages_skip=None, packages_select_regex=None, packages_skip_regex=None, packages_start=None, packages_end=None, allow_overriding=[], cmake_args=None, cmake_target=None, cmake_target_skip_unavailable=False, cmake_clean_cache=False, cmake_clean_first=False, cmake_force_configure=False, ament_cmake_args=None, catkin_cmake_args=None, catkin_skip_building_tests=False, verb_parser=<colcon_defaults.argument_parser.defaults.DefaultArgumentsDecorator object at 0x7fc07b6f2050>, verb_extension=<colcon_core.verb.build.BuildVerb object at 0x7fc07b8eab30>, main=<bound method BuildVerb.main of <colcon_core.verb.build.BuildVerb object at 0x7fc07b8eab30>>)
[1.905s] Level 1:colcon.colcon_core.package_discovery:discover_packages(colcon_meta) check parameters
[1.905s] Level 1:colcon.colcon_core.package_discovery:discover_packages(recursive) check parameters
[1.906s] Level 1:colcon.colcon_core.package_discovery:discover_packages(ignore) check parameters
[1.906s] Level 1:colcon.colcon_core.package_discovery:discover_packages(path) check parameters
[1.906s] Level 1:colcon.colcon_core.package_discovery:discover_packages(colcon_meta) discover
[1.906s] Level 1:colcon.colcon_core.package_discovery:discover_packages(recursive) discover
[1.906s] INFO:colcon.colcon_core.package_discovery:Crawling recursively for packages in '/home/johnson/METR4202'
[1.907s] Level 1:colcon.colcon_core.package_identification:_identify(.) by extensions ['ignore', 'ignore_ament_install']
[1.907s] Level 1:colcon.colcon_core.package_identification:_identify(.) by extension 'ignore'
[1.907s] Level 1:colcon.colcon_core.package_identification:_identify(.) by extension 'ignore_ament_install'
[1.907s] Level 1:colcon.colcon_core.package_identification:_identify(.) by extensions ['colcon_pkg']
[1.907s] Level 1:colcon.colcon_core.package_identification:_identify(.) by extension 'colcon_pkg'
[1.907s] Level 1:colcon.colcon_core.package_identification:_identify(.) by extensions ['colcon_meta']
[1.907s] Level 1:colcon.colcon_core.package_identification:_identify(.) by extension 'colcon_meta'
[1.907s] Level 1:colcon.colcon_core.package_identification:_identify(.) by extensions ['ros']
[1.907s] Level 1:colcon.colcon_core.package_identification:_identify(.) by extension 'ros'
[1.965s] Level 1:colcon.colcon_core.package_identification:_identify(.) by extensions ['cmake', 'python']
[1.965s] Level 1:colcon.colcon_core.package_identification:_identify(.) by extension 'cmake'
[1.965s] Level 1:colcon.colcon_core.package_identification:_identify(.) by extension 'python'
[1.965s] Level 1:colcon.colcon_core.package_identification:_identify(.) by extensions ['python_setup_py']
[1.965s] Level 1:colcon.colcon_core.package_identification:_identify(.) by extension 'python_setup_py'
[1.966s] Level 1:colcon.colcon_core.package_identification:_identify(Instructions) by extensions ['ignore', 'ignore_ament_install']
[1.966s] Level 1:colcon.colcon_core.package_identification:_identify(Instructions) by extension 'ignore'
[1.966s] Level 1:colcon.colcon_core.package_identification:_identify(Instructions) by extension 'ignore_ament_install'
[1.967s] Level 1:colcon.colcon_core.package_identification:_identify(Instructions) by extensions ['colcon_pkg']
[1.968s] Level 1:colcon.colcon_core.package_identification:_identify(Instructions) by extension 'colcon_pkg'
[1.968s] Level 1:colcon.colcon_core.package_identification:_identify(Instructions) by extensions ['colcon_meta']
[1.969s] Level 1:colcon.colcon_core.package_identification:_identify(Instructions) by extension 'colcon_meta'
[1.969s] Level 1:colcon.colcon_core.package_identification:_identify(Instructions) by extensions ['ros']
[1.969s] Level 1:colcon.colcon_core.package_identification:_identify(Instructions) by extension 'ros'
[1.969s] Level 1:colcon.colcon_core.package_identification:_identify(Instructions) by extensions ['cmake', 'python']
[1.970s] Level 1:colcon.colcon_core.package_identification:_identify(Instructions) by extension 'cmake'
[1.970s] Level 1:colcon.colcon_core.package_identification:_identify(Instructions) by extension 'python'
[1.985s] Level 1:colcon.colcon_core.package_identification:_identify(Instructions) by extensions ['python_setup_py']
[1.986s] Level 1:colcon.colcon_core.package_identification:_identify(Instructions) by extension 'python_setup_py'
[1.986s] Level 1:colcon.colcon_core.package_identification:_identify(build) by extensions ['ignore', 'ignore_ament_install']
[1.987s] Level 1:colcon.colcon_core.package_identification:_identify(build) by extension 'ignore'
[1.987s] Level 1:colcon.colcon_core.package_identification:_identify(build) ignored
[1.988s] Level 1:colcon.colcon_core.package_identification:_identify(install) by extensions ['ignore', 'ignore_ament_install']
[1.988s] Level 1:colcon.colcon_core.package_identification:_identify(install) by extension 'ignore'
[1.988s] Level 1:colcon.colcon_core.package_identification:_identify(install) ignored
[1.988s] Level 1:colcon.colcon_core.package_identification:_identify(log) by extensions ['ignore', 'ignore_ament_install']
[1.988s] Level 1:colcon.colcon_core.package_identification:_identify(log) by extension 'ignore'
[1.989s] Level 1:colcon.colcon_core.package_identification:_identify(log) ignored
[1.990s] Level 1:colcon.colcon_core.package_identification:_identify(maps) by extensions ['ignore', 'ignore_ament_install']
[1.990s] Level 1:colcon.colcon_core.package_identification:_identify(maps) by extension 'ignore'
[1.990s] Level 1:colcon.colcon_core.package_identification:_identify(maps) by extension 'ignore_ament_install'
[1.991s] Level 1:colcon.colcon_core.package_identification:_identify(maps) by extensions ['colcon_pkg']
[1.991s] Level 1:colcon.colcon_core.package_identification:_identify(maps) by extension 'colcon_pkg'
[1.991s] Level 1:colcon.colcon_core.package_identification:_identify(maps) by extensions ['colcon_meta']
[1.991s] Level 1:colcon.colcon_core.package_identification:_identify(maps) by extension 'colcon_meta'
[1.992s] Level 1:colcon.colcon_core.package_identification:_identify(maps) by extensions ['ros']
[1.992s] Level 1:colcon.colcon_core.package_identification:_identify(maps) by extension 'ros'
[1.992s] Level 1:colcon.colcon_core.package_identification:_identify(maps) by extensions ['cmake', 'python']
[1.992s] Level 1:colcon.colcon_core.package_identification:_identify(maps) by extension 'cmake'
[1.996s] Level 1:colcon.colcon_core.package_identification:_identify(maps) by extension 'python'
[1.997s] Level 1:colcon.colcon_core.package_identification:_identify(maps) by extensions ['python_setup_py']
[1.997s] Level 1:colcon.colcon_core.package_identification:_identify(maps) by extension 'python_setup_py'
[1.997s] Level 1:colcon.colcon_core.package_identification:_identify(src) by extensions ['ignore', 'ignore_ament_install']
[1.997s] Level 1:colcon.colcon_core.package_identification:_identify(src) by extension 'ignore'
[1.997s] Level 1:colcon.colcon_core.package_identification:_identify(src) by extension 'ignore_ament_install'
[1.997s] Level 1:colcon.colcon_core.package_identification:_identify(src) by extensions ['colcon_pkg']
[1.998s] Level 1:colcon.colcon_core.package_identification:_identify(src) by extension 'colcon_pkg'
[1.998s] Level 1:colcon.colcon_core.package_identification:_identify(src) by extensions ['colcon_meta']
[1.998s] Level 1:colcon.colcon_core.package_identification:_identify(src) by extension 'colcon_meta'
[1.998s] Level 1:colcon.colcon_core.package_identification:_identify(src) by extensions ['ros']
[1.998s] Level 1:colcon.colcon_core.package_identification:_identify(src) by extension 'ros'
[1.998s] Level 1:colcon.colcon_core.package_identification:_identify(src) by extensions ['cmake', 'python']
[1.998s] Level 1:colcon.colcon_core.package_identification:_identify(src) by extension 'cmake'
[1.998s] Level 1:colcon.colcon_core.package_identification:_identify(src) by extension 'python'
[1.998s] Level 1:colcon.colcon_core.package_identification:_identify(src) by extensions ['python_setup_py']
[1.998s] Level 1:colcon.colcon_core.package_identification:_identify(src) by extension 'python_setup_py'
[1.998s] Level 1:colcon.colcon_core.package_identification:_identify(src/build) by extensions ['ignore', 'ignore_ament_install']
[1.999s] Level 1:colcon.colcon_core.package_identification:_identify(src/build) by extension 'ignore'
[1.999s] Level 1:colcon.colcon_core.package_identification:_identify(src/build) ignored
[1.999s] Level 1:colcon.colcon_core.package_identification:_identify(src/install) by extensions ['ignore', 'ignore_ament_install']
[1.999s] Level 1:colcon.colcon_core.package_identification:_identify(src/install) by extension 'ignore'
[1.999s] Level 1:colcon.colcon_core.package_identification:_identify(src/install) by extension 'ignore_ament_install'
[1.999s] Level 1:colcon.colcon_core.package_identification:_identify(src/install) by extensions ['colcon_pkg']
[1.999s] Level 1:colcon.colcon_core.package_identification:_identify(src/install) by extension 'colcon_pkg'
[1.999s] Level 1:colcon.colcon_core.package_identification:_identify(src/install) by extensions ['colcon_meta']
[1.999s] Level 1:colcon.colcon_core.package_identification:_identify(src/install) by extension 'colcon_meta'
[2.000s] Level 1:colcon.colcon_core.package_identification:_identify(src/install) by extensions ['ros']
[2.000s] Level 1:colcon.colcon_core.package_identification:_identify(src/install) by extension 'ros'
[2.000s] Level 1:colcon.colcon_core.package_identification:_identify(src/install) by extensions ['cmake', 'python']
[2.000s] Level 1:colcon.colcon_core.package_identification:_identify(src/install) by extension 'cmake'
[2.004s] Level 1:colcon.colcon_core.package_identification:_identify(src/install) by extension 'python'
[2.004s] Level 1:colcon.colcon_core.package_identification:_identify(src/install) by extensions ['python_setup_py']
[2.004s] Level 1:colcon.colcon_core.package_identification:_identify(src/install) by extension 'python_setup_py'
[2.005s] Level 1:colcon.colcon_core.package_identification:_identify(src/install/waypoint_commander) by extensions ['ignore', 'ignore_ament_install']
[2.005s] Level 1:colcon.colcon_core.package_identification:_identify(src/install/waypoint_commander) by extension 'ignore'
[2.005s] Level 1:colcon.colcon_core.package_identification:_identify(src/install/waypoint_commander) by extension 'ignore_ament_install'
[2.005s] Level 1:colcon.colcon_core.package_identification:_identify(src/install/waypoint_commander) by extensions ['colcon_pkg']
[2.005s] Level 1:colcon.colcon_core.package_identification:_identify(src/install/waypoint_commander) by extension 'colcon_pkg'
[2.005s] Level 1:colcon.colcon_core.package_identification:_identify(src/install/waypoint_commander) by extensions ['colcon_meta']
[2.005s] Level 1:colcon.colcon_core.package_identification:_identify(src/install/waypoint_commander) by extension 'colcon_meta'
[2.005s] Level 1:colcon.colcon_core.package_identification:_identify(src/install/waypoint_commander) by extensions ['ros']
[2.005s] Level 1:colcon.colcon_core.package_identification:_identify(src/install/waypoint_commander) by extension 'ros'
[2.005s] Level 1:colcon.colcon_core.package_identification:_identify(src/install/waypoint_commander) by extensions ['cmake', 'python']
[2.005s] Level 1:colcon.colcon_core.package_identification:_identify(src/install/waypoint_commander) by extension 'cmake'
[2.006s] Level 1:colcon.colcon_core.package_identification:_identify(src/install/waypoint_commander) by extension 'python'
[2.006s] Level 1:colcon.colcon_core.package_identification:_identify(src/install/waypoint_commander) by extensions ['python_setup_py']
[2.006s] Level 1:colcon.colcon_core.package_identification:_identify(src/install/waypoint_commander) by extension 'python_setup_py'
[2.006s] Level 1:colcon.colcon_core.package_identification:_identify(src/install/waypoint_commander/lib) by extensions ['ignore', 'ignore_ament_install']
[2.007s] Level 1:colcon.colcon_core.package_identification:_identify(src/install/waypoint_commander/lib) by extension 'ignore'
[2.007s] Level 1:colcon.colcon_core.package_identification:_identify(src/install/waypoint_commander/lib) by extension 'ignore_ament_install'
[2.007s] Level 1:colcon.colcon_core.package_identification:_identify(src/install/waypoint_commander/lib) by extensions ['colcon_pkg']
[2.007s] Level 1:colcon.colcon_core.package_identification:_identify(src/install/waypoint_commander/lib) by extension 'colcon_pkg'
[2.007s] Level 1:colcon.colcon_core.package_identification:_identify(src/install/waypoint_commander/lib) by extensions ['colcon_meta']
[2.007s] Level 1:colcon.colcon_core.package_identification:_identify(src/install/waypoint_commander/lib) by extension 'colcon_meta'
[2.007s] Level 1:colcon.colcon_core.package_identification:_identify(src/install/waypoint_commander/lib) by extensions ['ros']
[2.007s] Level 1:colcon.colcon_core.package_identification:_identify(src/install/waypoint_commander/lib) by extension 'ros'
[2.007s] Level 1:colcon.colcon_core.package_identification:_identify(src/install/waypoint_commander/lib) by extensions ['cmake', 'python']
[2.007s] Level 1:colcon.colcon_core.package_identification:_identify(src/install/waypoint_commander/lib) by extension 'cmake'
[2.008s] Level 1:colcon.colcon_core.package_identification:_identify(src/install/waypoint_commander/lib) by extension 'python'
[2.008s] Level 1:colcon.colcon_core.package_identification:_identify(src/install/waypoint_commander/lib) by extensions ['python_setup_py']
[2.008s] Level 1:colcon.colcon_core.package_identification:_identify(src/install/waypoint_commander/lib) by extension 'python_setup_py'
[2.008s] Level 1:colcon.colcon_core.package_identification:_identify(src/install/waypoint_commander/lib/python3.10) by extensions ['ignore', 'ignore_ament_install']
[2.008s] Level 1:colcon.colcon_core.package_identification:_identify(src/install/waypoint_commander/lib/python3.10) by extension 'ignore'
[2.008s] Level 1:colcon.colcon_core.package_identification:_identify(src/install/waypoint_commander/lib/python3.10) by extension 'ignore_ament_install'
[2.008s] Level 1:colcon.colcon_core.package_identification:_identify(src/install/waypoint_commander/lib/python3.10) by extensions ['colcon_pkg']
[2.008s] Level 1:colcon.colcon_core.package_identification:_identify(src/install/waypoint_commander/lib/python3.10) by extension 'colcon_pkg'
[2.008s] Level 1:colcon.colcon_core.package_identification:_identify(src/install/waypoint_commander/lib/python3.10) by extensions ['colcon_meta']
[2.008s] Level 1:colcon.colcon_core.package_identification:_identify(src/install/waypoint_commander/lib/python3.10) by extension 'colcon_meta'
[2.008s] Level 1:colcon.colcon_core.package_identification:_identify(src/install/waypoint_commander/lib/python3.10) by extensions ['ros']
[2.009s] Level 1:colcon.colcon_core.package_identification:_identify(src/install/waypoint_commander/lib/python3.10) by extension 'ros'
[2.009s] Level 1:colcon.colcon_core.package_identification:_identify(src/install/waypoint_commander/lib/python3.10) by extensions ['cmake', 'python']
[2.009s] Level 1:colcon.colcon_core.package_identification:_identify(src/install/waypoint_commander/lib/python3.10) by extension 'cmake'
[2.009s] Level 1:colcon.colcon_core.package_identification:_identify(src/install/waypoint_commander/lib/python3.10) by extension 'python'
[2.009s] Level 1:colcon.colcon_core.package_identification:_identify(src/install/waypoint_commander/lib/python3.10) by extensions ['python_setup_py']
[2.009s] Level 1:colcon.colcon_core.package_identification:_identify(src/install/waypoint_commander/lib/python3.10) by extension 'python_setup_py'
[2.009s] Level 1:colcon.colcon_core.package_identification:_identify(src/install/waypoint_commander/lib/python3.10/site-packages) by extensions ['ignore', 'ignore_ament_install']
[2.009s] Level 1:colcon.colcon_core.package_identification:_identify(src/install/waypoint_commander/lib/python3.10/site-packages) by extension 'ignore'
[2.010s] Level 1:colcon.colcon_core.package_identification:_identify(src/install/waypoint_commander/lib/python3.10/site-packages) by extension 'ignore_ament_install'
[2.010s] Level 1:colcon.colcon_core.package_identification:_identify(src/install/waypoint_commander/lib/python3.10/site-packages) by extensions ['colcon_pkg']
[2.010s] Level 1:colcon.colcon_core.package_identification:_identify(src/install/waypoint_commander/lib/python3.10/site-packages) by extension 'colcon_pkg'
[2.010s] Level 1:colcon.colcon_core.package_identification:_identify(src/install/waypoint_commander/lib/python3.10/site-packages) by extensions ['colcon_meta']
[2.010s] Level 1:colcon.colcon_core.package_identification:_identify(src/install/waypoint_commander/lib/python3.10/site-packages) by extension 'colcon_meta'
[2.010s] Level 1:colcon.colcon_core.package_identification:_identify(src/install/waypoint_commander/lib/python3.10/site-packages) by extensions ['ros']
[2.010s] Level 1:colcon.colcon_core.package_identification:_identify(src/install/waypoint_commander/lib/python3.10/site-packages) by extension 'ros'
[2.010s] Level 1:colcon.colcon_core.package_identification:_identify(src/install/waypoint_commander/lib/python3.10/site-packages) by extensions ['cmake', 'python']
[2.010s] Level 1:colcon.colcon_core.package_identification:_identify(src/install/waypoint_commander/lib/python3.10/site-packages) by extension 'cmake'
[2.010s] Level 1:colcon.colcon_core.package_identification:_identify(src/install/waypoint_commander/lib/python3.10/site-packages) by extension 'python'
[2.012s] Level 1:colcon.colcon_core.package_identification:_identify(src/install/waypoint_commander/lib/python3.10/site-packages) by extensions ['python_setup_py']
[2.012s] Level 1:colcon.colcon_core.package_identification:_identify(src/install/waypoint_commander/lib/python3.10/site-packages) by extension 'python_setup_py'
[2.012s] Level 1:colcon.colcon_core.package_identification:_identify(src/install/waypoint_commander/lib/waypoint_commander) by extensions ['ignore', 'ignore_ament_install']
[2.012s] Level 1:colcon.colcon_core.package_identification:_identify(src/install/waypoint_commander/lib/waypoint_commander) by extension 'ignore'
[2.013s] Level 1:colcon.colcon_core.package_identification:_identify(src/install/waypoint_commander/lib/waypoint_commander) by extension 'ignore_ament_install'
[2.013s] Level 1:colcon.colcon_core.package_identification:_identify(src/install/waypoint_commander/lib/waypoint_commander) by extensions ['colcon_pkg']
[2.013s] Level 1:colcon.colcon_core.package_identification:_identify(src/install/waypoint_commander/lib/waypoint_commander) by extension 'colcon_pkg'
[2.013s] Level 1:colcon.colcon_core.package_identification:_identify(src/install/waypoint_commander/lib/waypoint_commander) by extensions ['colcon_meta']
[2.013s] Level 1:colcon.colcon_core.package_identification:_identify(src/install/waypoint_commander/lib/waypoint_commander) by extension 'colcon_meta'
[2.013s] Level 1:colcon.colcon_core.package_identification:_identify(src/install/waypoint_commander/lib/waypoint_commander) by extensions ['ros']
[2.013s] Level 1:colcon.colcon_core.package_identification:_identify(src/install/waypoint_commander/lib/waypoint_commander) by extension 'ros'
[2.013s] Level 1:colcon.colcon_core.package_identification:_identify(src/install/waypoint_commander/lib/waypoint_commander) by extensions ['cmake', 'python']
[2.014s] Level 1:colcon.colcon_core.package_identification:_identify(src/install/waypoint_commander/lib/waypoint_commander) by extension 'cmake'
[2.014s] Level 1:colcon.colcon_core.package_identification:_identify(src/install/waypoint_commander/lib/waypoint_commander) by extension 'python'
[2.015s] Level 1:colcon.colcon_core.package_identification:_identify(src/install/waypoint_commander/lib/waypoint_commander) by extensions ['python_setup_py']
[2.015s] Level 1:colcon.colcon_core.package_identification:_identify(src/install/waypoint_commander/lib/waypoint_commander) by extension 'python_setup_py'
[2.016s] Level 1:colcon.colcon_core.package_identification:_identify(src/turtlebot3_simulations) by extensions ['ignore', 'ignore_ament_install']
[2.016s] Level 1:colcon.colcon_core.package_identification:_identify(src/turtlebot3_simulations) by extension 'ignore'
[2.017s] Level 1:colcon.colcon_core.package_identification:_identify(src/turtlebot3_simulations) by extension 'ignore_ament_install'
[2.017s] Level 1:colcon.colcon_core.package_identification:_identify(src/turtlebot3_simulations) by extensions ['colcon_pkg']
[2.017s] Level 1:colcon.colcon_core.package_identification:_identify(src/turtlebot3_simulations) by extension 'colcon_pkg'
[2.017s] Level 1:colcon.colcon_core.package_identification:_identify(src/turtlebot3_simulations) by extensions ['colcon_meta']
[2.017s] Level 1:colcon.colcon_core.package_identification:_identify(src/turtlebot3_simulations) by extension 'colcon_meta'
[2.018s] Level 1:colcon.colcon_core.package_identification:_identify(src/turtlebot3_simulations) by extensions ['ros']
[2.018s] Level 1:colcon.colcon_core.package_identification:_identify(src/turtlebot3_simulations) by extension 'ros'
[2.018s] Level 1:colcon.colcon_core.package_identification:_identify(src/turtlebot3_simulations) by extensions ['cmake', 'python']
[2.018s] Level 1:colcon.colcon_core.package_identification:_identify(src/turtlebot3_simulations) by extension 'cmake'
[2.019s] Level 1:colcon.colcon_core.package_identification:_identify(src/turtlebot3_simulations) by extension 'python'
[2.019s] Level 1:colcon.colcon_core.package_identification:_identify(src/turtlebot3_simulations) by extensions ['python_setup_py']
[2.019s] Level 1:colcon.colcon_core.package_identification:_identify(src/turtlebot3_simulations) by extension 'python_setup_py'
[2.019s] Level 1:colcon.colcon_core.package_identification:_identify(src/turtlebot3_simulations/turtlebot3_fake_node) by extensions ['ignore', 'ignore_ament_install']
[2.019s] Level 1:colcon.colcon_core.package_identification:_identify(src/turtlebot3_simulations/turtlebot3_fake_node) by extension 'ignore'
[2.019s] Level 1:colcon.colcon_core.package_identification:_identify(src/turtlebot3_simulations/turtlebot3_fake_node) by extension 'ignore_ament_install'
[2.019s] Level 1:colcon.colcon_core.package_identification:_identify(src/turtlebot3_simulations/turtlebot3_fake_node) by extensions ['colcon_pkg']
[2.019s] Level 1:colcon.colcon_core.package_identification:_identify(src/turtlebot3_simulations/turtlebot3_fake_node) by extension 'colcon_pkg'
[2.020s] Level 1:colcon.colcon_core.package_identification:_identify(src/turtlebot3_simulations/turtlebot3_fake_node) by extensions ['colcon_meta']
[2.020s] Level 1:colcon.colcon_core.package_identification:_identify(src/turtlebot3_simulations/turtlebot3_fake_node) by extension 'colcon_meta'
[2.020s] Level 1:colcon.colcon_core.package_identification:_identify(src/turtlebot3_simulations/turtlebot3_fake_node) by extensions ['ros']
[2.020s] Level 1:colcon.colcon_core.package_identification:_identify(src/turtlebot3_simulations/turtlebot3_fake_node) by extension 'ros'
[2.027s] DEBUG:colcon.colcon_core.package_identification:Package 'src/turtlebot3_simulations/turtlebot3_fake_node' with type 'ros.ament_cmake' and name 'turtlebot3_fake_node'
[2.028s] Level 1:colcon.colcon_core.package_identification:_identify(src/turtlebot3_simulations/turtlebot3_gazebo) by extensions ['ignore', 'ignore_ament_install']
[2.028s] Level 1:colcon.colcon_core.package_identification:_identify(src/turtlebot3_simulations/turtlebot3_gazebo) by extension 'ignore'
[2.028s] Level 1:colcon.colcon_core.package_identification:_identify(src/turtlebot3_simulations/turtlebot3_gazebo) by extension 'ignore_ament_install'
[2.028s] Level 1:colcon.colcon_core.package_identification:_identify(src/turtlebot3_simulations/turtlebot3_gazebo) by extensions ['colcon_pkg']
[2.028s] Level 1:colcon.colcon_core.package_identification:_identify(src/turtlebot3_simulations/turtlebot3_gazebo) by extension 'colcon_pkg'
[2.028s] Level 1:colcon.colcon_core.package_identification:_identify(src/turtlebot3_simulations/turtlebot3_gazebo) by extensions ['colcon_meta']
[2.028s] Level 1:colcon.colcon_core.package_identification:_identify(src/turtlebot3_simulations/turtlebot3_gazebo) by extension 'colcon_meta'
[2.028s] Level 1:colcon.colcon_core.package_identification:_identify(src/turtlebot3_simulations/turtlebot3_gazebo) by extensions ['ros']
[2.028s] Level 1:colcon.colcon_core.package_identification:_identify(src/turtlebot3_simulations/turtlebot3_gazebo) by extension 'ros'
[2.043s] DEBUG:colcon.colcon_core.package_identification:Package 'src/turtlebot3_simulations/turtlebot3_gazebo' with type 'ros.ament_cmake' and name 'turtlebot3_gazebo'
[2.044s] Level 1:colcon.colcon_core.package_identification:_identify(src/turtlebot3_simulations/turtlebot3_simulations) by extensions ['ignore', 'ignore_ament_install']
[2.045s] Level 1:colcon.colcon_core.package_identification:_identify(src/turtlebot3_simulations/turtlebot3_simulations) by extension 'ignore'
[2.045s] Level 1:colcon.colcon_core.package_identification:_identify(src/turtlebot3_simulations/turtlebot3_simulations) by extension 'ignore_ament_install'
[2.045s] Level 1:colcon.colcon_core.package_identification:_identify(src/turtlebot3_simulations/turtlebot3_simulations) by extensions ['colcon_pkg']
[2.045s] Level 1:colcon.colcon_core.package_identification:_identify(src/turtlebot3_simulations/turtlebot3_simulations) by extension 'colcon_pkg'
[2.046s] Level 1:colcon.colcon_core.package_identification:_identify(src/turtlebot3_simulations/turtlebot3_simulations) by extensions ['colcon_meta']
[2.046s] Level 1:colcon.colcon_core.package_identification:_identify(src/turtlebot3_simulations/turtlebot3_simulations) by extension 'colcon_meta'
[2.046s] Level 1:colcon.colcon_core.package_identification:_identify(src/turtlebot3_simulations/turtlebot3_simulations) by extensions ['ros']
[2.046s] Level 1:colcon.colcon_core.package_identification:_identify(src/turtlebot3_simulations/turtlebot3_simulations) by extension 'ros'
[2.048s] DEBUG:colcon.colcon_core.package_identification:Package 'src/turtlebot3_simulations/turtlebot3_simulations' with type 'ros.ament_cmake' and name 'turtlebot3_simulations'
[2.049s] Level 1:colcon.colcon_core.package_identification:_identify(src/waypoint_commander) by extensions ['ignore', 'ignore_ament_install']
[2.049s] Level 1:colcon.colcon_core.package_identification:_identify(src/waypoint_commander) by extension 'ignore'
[2.049s] Level 1:colcon.colcon_core.package_identification:_identify(src/waypoint_commander) by extension 'ignore_ament_install'
[2.050s] Level 1:colcon.colcon_core.package_identification:_identify(src/waypoint_commander) by extensions ['colcon_pkg']
[2.050s] Level 1:colcon.colcon_core.package_identification:_identify(src/waypoint_commander) by extension 'colcon_pkg'
[2.050s] Level 1:colcon.colcon_core.package_identification:_identify(src/waypoint_commander) by extensions ['colcon_meta']
[2.050s] Level 1:colcon.colcon_core.package_identification:_identify(src/waypoint_commander) by extension 'colcon_meta'
[2.051s] Level 1:colcon.colcon_core.package_identification:_identify(src/waypoint_commander) by extensions ['ros']
[2.051s] Level 1:colcon.colcon_core.package_identification:_identify(src/waypoint_commander) by extension 'ros'
[2.051s] Level 1:colcon.colcon_core.package_identification:_identify(src/waypoint_commander) by extensions ['cmake', 'python']
[2.051s] Level 1:colcon.colcon_core.package_identification:_identify(src/waypoint_commander) by extension 'cmake'
[2.051s] Level 1:colcon.colcon_core.package_identification:_identify(src/waypoint_commander) by extension 'python'
[2.055s] Level 1:colcon.colcon_core.package_identification:_identify(src/waypoint_commander) by extensions ['python_setup_py']
[2.055s] Level 1:colcon.colcon_core.package_identification:_identify(src/waypoint_commander) by extension 'python_setup_py'
[2.056s] Level 1:colcon.colcon_core.package_identification:_identify(src/waypoint_commander/build) by extensions ['ignore', 'ignore_ament_install']
[2.056s] Level 1:colcon.colcon_core.package_identification:_identify(src/waypoint_commander/build) by extension 'ignore'
[2.056s] Level 1:colcon.colcon_core.package_identification:_identify(src/waypoint_commander/build) ignored
[2.057s] Level 1:colcon.colcon_core.package_identification:_identify(src/waypoint_commander/install) by extensions ['ignore', 'ignore_ament_install']
[2.058s] Level 1:colcon.colcon_core.package_identification:_identify(src/waypoint_commander/install) by extension 'ignore'
[2.058s] Level 1:colcon.colcon_core.package_identification:_identify(src/waypoint_commander/install) by extension 'ignore_ament_install'
[2.058s] Level 1:colcon.colcon_core.package_identification:_identify(src/waypoint_commander/install) by extensions ['colcon_pkg']
[2.059s] Level 1:colcon.colcon_core.package_identification:_identify(src/waypoint_commander/install) by extension 'colcon_pkg'
[2.060s] Level 1:colcon.colcon_core.package_identification:_identify(src/waypoint_commander/install) by extensions ['colcon_meta']
[2.061s] Level 1:colcon.colcon_core.package_identification:_identify(src/waypoint_commander/install) by extension 'colcon_meta'
[2.061s] Level 1:colcon.colcon_core.package_identification:_identify(src/waypoint_commander/install) by extensions ['ros']
[2.061s] Level 1:colcon.colcon_core.package_identification:_identify(src/waypoint_commander/install) by extension 'ros'
[2.062s] Level 1:colcon.colcon_core.package_identification:_identify(src/waypoint_commander/install) by extensions ['cmake', 'python']
[2.062s] Level 1:colcon.colcon_core.package_identification:_identify(src/waypoint_commander/install) by extension 'cmake'
[2.063s] Level 1:colcon.colcon_core.package_identification:_identify(src/waypoint_commander/install) by extension 'python'
[2.063s] Level 1:colcon.colcon_core.package_identification:_identify(src/waypoint_commander/install) by extensions ['python_setup_py']
[2.063s] Level 1:colcon.colcon_core.package_identification:_identify(src/waypoint_commander/install) by extension 'python_setup_py'
[2.063s] Level 1:colcon.colcon_core.package_identification:_identify(src/waypoint_commander/install/waypoint_commander) by extensions ['ignore', 'ignore_ament_install']
[2.064s] Level 1:colcon.colcon_core.package_identification:_identify(src/waypoint_commander/install/waypoint_commander) by extension 'ignore'
[2.064s] Level 1:colcon.colcon_core.package_identification:_identify(src/waypoint_commander/install/waypoint_commander) by extension 'ignore_ament_install'
[2.064s] Level 1:colcon.colcon_core.package_identification:_identify(src/waypoint_commander/install/waypoint_commander) by extensions ['colcon_pkg']
[2.065s] Level 1:colcon.colcon_core.package_identification:_identify(src/waypoint_commander/install/waypoint_commander) by extension 'colcon_pkg'
[2.066s] Level 1:colcon.colcon_core.package_identification:_identify(src/waypoint_commander/install/waypoint_commander) by extensions ['colcon_meta']
[2.066s] Level 1:colcon.colcon_core.package_identification:_identify(src/waypoint_commander/install/waypoint_commander) by extension 'colcon_meta'
[2.066s] Level 1:colcon.colcon_core.package_identification:_identify(src/waypoint_commander/install/waypoint_commander) by extensions ['ros']
[2.066s] Level 1:colcon.colcon_core.package_identification:_identify(src/waypoint_commander/install/waypoint_commander) by extension 'ros'
[2.067s] Level 1:colcon.colcon_core.package_identification:_identify(src/waypoint_commander/install/waypoint_commander) by extensions ['cmake', 'python']
[2.067s] Level 1:colcon.colcon_core.package_identification:_identify(src/waypoint_commander/install/waypoint_commander) by extension 'cmake'
[2.067s] Level 1:colcon.colcon_core.package_identification:_identify(src/waypoint_commander/install/waypoint_commander) by extension 'python'
[2.067s] Level 1:colcon.colcon_core.package_identification:_identify(src/waypoint_commander/install/waypoint_commander) by extensions ['python_setup_py']
[2.067s] Level 1:colcon.colcon_core.package_identification:_identify(src/waypoint_commander/install/waypoint_commander) by extension 'python_setup_py'
[2.068s] Level 1:colcon.colcon_core.package_identification:_identify(src/waypoint_commander/install/waypoint_commander/lib) by extensions ['ignore', 'ignore_ament_install']
[2.068s] Level 1:colcon.colcon_core.package_identification:_identify(src/waypoint_commander/install/waypoint_commander/lib) by extension 'ignore'
[2.069s] Level 1:colcon.colcon_core.package_identification:_identify(src/waypoint_commander/install/waypoint_commander/lib) by extension 'ignore_ament_install'
[2.069s] Level 1:colcon.colcon_core.package_identification:_identify(src/waypoint_commander/install/waypoint_commander/lib) by extensions ['colcon_pkg']
[2.069s] Level 1:colcon.colcon_core.package_identification:_identify(src/waypoint_commander/install/waypoint_commander/lib) by extension 'colcon_pkg'
[2.069s] Level 1:colcon.colcon_core.package_identification:_identify(src/waypoint_commander/install/waypoint_commander/lib) by extensions ['colcon_meta']
[2.069s] Level 1:colcon.colcon_core.package_identification:_identify(src/waypoint_commander/install/waypoint_commander/lib) by extension 'colcon_meta'
[2.069s] Level 1:colcon.colcon_core.package_identification:_identify(src/waypoint_commander/install/waypoint_commander/lib) by extensions ['ros']
[2.070s] Level 1:colcon.colcon_core.package_identification:_identify(src/waypoint_commander/install/waypoint_commander/lib) by extension 'ros'
[2.070s] Level 1:colcon.colcon_core.package_identification:_identify(src/waypoint_commander/install/waypoint_commander/lib) by extensions ['cmake', 'python']
[2.070s] Level 1:colcon.colcon_core.package_identification:_identify(src/waypoint_commander/install/waypoint_commander/lib) by extension 'cmake'
[2.070s] Level 1:colcon.colcon_core.package_identification:_identify(src/waypoint_commander/install/waypoint_commander/lib) by extension 'python'
[2.070s] Level 1:colcon.colcon_core.package_identification:_identify(src/waypoint_commander/install/waypoint_commander/lib) by extensions ['python_setup_py']
[2.071s] Level 1:colcon.colcon_core.package_identification:_identify(src/waypoint_commander/install/waypoint_commander/lib) by extension 'python_setup_py'
[2.071s] Level 1:colcon.colcon_core.package_identification:_identify(src/waypoint_commander/install/waypoint_commander/lib/python3.10) by extensions ['ignore', 'ignore_ament_install']
[2.071s] Level 1:colcon.colcon_core.package_identification:_identify(src/waypoint_commander/install/waypoint_commander/lib/python3.10) by extension 'ignore'
[2.071s] Level 1:colcon.colcon_core.package_identification:_identify(src/waypoint_commander/install/waypoint_commander/lib/python3.10) by extension 'ignore_ament_install'
[2.072s] Level 1:colcon.colcon_core.package_identification:_identify(src/waypoint_commander/install/waypoint_commander/lib/python3.10) by extensions ['colcon_pkg']
[2.072s] Level 1:colcon.colcon_core.package_identification:_identify(src/waypoint_commander/install/waypoint_commander/lib/python3.10) by extension 'colcon_pkg'
[2.073s] Level 1:colcon.colcon_core.package_identification:_identify(src/waypoint_commander/install/waypoint_commander/lib/python3.10) by extensions ['colcon_meta']
[2.073s] Level 1:colcon.colcon_core.package_identification:_identify(src/waypoint_commander/install/waypoint_commander/lib/python3.10) by extension 'colcon_meta'
[2.073s] Level 1:colcon.colcon_core.package_identification:_identify(src/waypoint_commander/install/waypoint_commander/lib/python3.10) by extensions ['ros']
[2.073s] Level 1:colcon.colcon_core.package_identification:_identify(src/waypoint_commander/install/waypoint_commander/lib/python3.10) by extension 'ros'
[2.073s] Level 1:colcon.colcon_core.package_identification:_identify(src/waypoint_commander/install/waypoint_commander/lib/python3.10) by extensions ['cmake', 'python']
[2.074s] Level 1:colcon.colcon_core.package_identification:_identify(src/waypoint_commander/install/waypoint_commander/lib/python3.10) by extension 'cmake'
[2.074s] Level 1:colcon.colcon_core.package_identification:_identify(src/waypoint_commander/install/waypoint_commander/lib/python3.10) by extension 'python'
[2.074s] Level 1:colcon.colcon_core.package_identification:_identify(src/waypoint_commander/install/waypoint_commander/lib/python3.10) by extensions ['python_setup_py']
[2.075s] Level 1:colcon.colcon_core.package_identification:_identify(src/waypoint_commander/install/waypoint_commander/lib/python3.10) by extension 'python_setup_py'
[2.075s] Level 1:colcon.colcon_core.package_identification:_identify(src/waypoint_commander/install/waypoint_commander/lib/python3.10/site-packages) by extensions ['ignore', 'ignore_ament_install']
[2.076s] Level 1:colcon.colcon_core.package_identification:_identify(src/waypoint_commander/install/waypoint_commander/lib/python3.10/site-packages) by extension 'ignore'
[2.076s] Level 1:colcon.colcon_core.package_identification:_identify(src/waypoint_commander/install/waypoint_commander/lib/python3.10/site-packages) by extension 'ignore_ament_install'
[2.076s] Level 1:colcon.colcon_core.package_identification:_identify(src/waypoint_commander/install/waypoint_commander/lib/python3.10/site-packages) by extensions ['colcon_pkg']
[2.076s] Level 1:colcon.colcon_core.package_identification:_identify(src/waypoint_commander/install/waypoint_commander/lib/python3.10/site-packages) by extension 'colcon_pkg'
[2.076s] Level 1:colcon.colcon_core.package_identification:_identify(src/waypoint_commander/install/waypoint_commander/lib/python3.10/site-packages) by extensions ['colcon_meta']
[2.077s] Level 1:colcon.colcon_core.package_identification:_identify(src/waypoint_commander/install/waypoint_commander/lib/python3.10/site-packages) by extension 'colcon_meta'
[2.077s] Level 1:colcon.colcon_core.package_identification:_identify(src/waypoint_commander/install/waypoint_commander/lib/python3.10/site-packages) by extensions ['ros']
[2.077s] Level 1:colcon.colcon_core.package_identification:_identify(src/waypoint_commander/install/waypoint_commander/lib/python3.10/site-packages) by extension 'ros'
[2.078s] Level 1:colcon.colcon_core.package_identification:_identify(src/waypoint_commander/install/waypoint_commander/lib/python3.10/site-packages) by extensions ['cmake', 'python']
[2.078s] Level 1:colcon.colcon_core.package_identification:_identify(src/waypoint_commander/install/waypoint_commander/lib/python3.10/site-packages) by extension 'cmake'
[2.078s] Level 1:colcon.colcon_core.package_identification:_identify(src/waypoint_commander/install/waypoint_commander/lib/python3.10/site-packages) by extension 'python'
[2.078s] Level 1:colcon.colcon_core.package_identification:_identify(src/waypoint_commander/install/waypoint_commander/lib/python3.10/site-packages) by extensions ['python_setup_py']
[2.079s] Level 1:colcon.colcon_core.package_identification:_identify(src/waypoint_commander/install/waypoint_commander/lib/python3.10/site-packages) by extension 'python_setup_py'
[2.079s] Level 1:colcon.colcon_core.package_identification:_identify(src/waypoint_commander/install/waypoint_commander/lib/waypoint_commander) by extensions ['ignore', 'ignore_ament_install']
[2.079s] Level 1:colcon.colcon_core.package_identification:_identify(src/waypoint_commander/install/waypoint_commander/lib/waypoint_commander) by extension 'ignore'
[2.079s] Level 1:colcon.colcon_core.package_identification:_identify(src/waypoint_commander/install/waypoint_commander/lib/waypoint_commander) by extension 'ignore_ament_install'
[2.081s] Level 1:colcon.colcon_core.package_identification:_identify(src/waypoint_commander/install/waypoint_commander/lib/waypoint_commander) by extensions ['colcon_pkg']
[2.081s] Level 1:colcon.colcon_core.package_identification:_identify(src/waypoint_commander/install/waypoint_commander/lib/waypoint_commander) by extension 'colcon_pkg'
[2.081s] Level 1:colcon.colcon_core.package_identification:_identify(src/waypoint_commander/install/waypoint_commander/lib/waypoint_commander) by extensions ['colcon_meta']
[2.082s] Level 1:colcon.colcon_core.package_identification:_identify(src/waypoint_commander/install/waypoint_commander/lib/waypoint_commander) by extension 'colcon_meta'
[2.082s] Level 1:colcon.colcon_core.package_identification:_identify(src/waypoint_commander/install/waypoint_commander/lib/waypoint_commander) by extensions ['ros']
[2.082s] Level 1:colcon.colcon_core.package_identification:_identify(src/waypoint_commander/install/waypoint_commander/lib/waypoint_commander) by extension 'ros'
[2.083s] Level 1:colcon.colcon_core.package_identification:_identify(src/waypoint_commander/install/waypoint_commander/lib/waypoint_commander) by extensions ['cmake', 'python']
[2.083s] Level 1:colcon.colcon_core.package_identification:_identify(src/waypoint_commander/install/waypoint_commander/lib/waypoint_commander) by extension 'cmake'
[2.084s] Level 1:colcon.colcon_core.package_identification:_identify(src/waypoint_commander/install/waypoint_commander/lib/waypoint_commander) by extension 'python'
[2.084s] Level 1:colcon.colcon_core.package_identification:_identify(src/waypoint_commander/install/waypoint_commander/lib/waypoint_commander) by extensions ['python_setup_py']
[2.084s] Level 1:colcon.colcon_core.package_identification:_identify(src/waypoint_commander/install/waypoint_commander/lib/waypoint_commander) by extension 'python_setup_py'
[2.085s] Level 1:colcon.colcon_core.package_identification:_identify(src/waypoint_commander/waypoint_commander) by extensions ['ignore', 'ignore_ament_install']
[2.085s] Level 1:colcon.colcon_core.package_identification:_identify(src/waypoint_commander/waypoint_commander) by extension 'ignore'
[2.085s] Level 1:colcon.colcon_core.package_identification:_identify(src/waypoint_commander/waypoint_commander) by extension 'ignore_ament_install'
[2.085s] Level 1:colcon.colcon_core.package_identification:_identify(src/waypoint_commander/waypoint_commander) by extensions ['colcon_pkg']
[2.086s] Level 1:colcon.colcon_core.package_identification:_identify(src/waypoint_commander/waypoint_commander) by extension 'colcon_pkg'
[2.086s] Level 1:colcon.colcon_core.package_identification:_identify(src/waypoint_commander/waypoint_commander) by extensions ['colcon_meta']
[2.086s] Level 1:colcon.colcon_core.package_identification:_identify(src/waypoint_commander/waypoint_commander) by extension 'colcon_meta'
[2.086s] Level 1:colcon.colcon_core.package_identification:_identify(src/waypoint_commander/waypoint_commander) by extensions ['ros']
[2.086s] Level 1:colcon.colcon_core.package_identification:_identify(src/waypoint_commander/waypoint_commander) by extension 'ros'
[2.087s] Level 1:colcon.colcon_core.package_identification:_identify(src/waypoint_commander/waypoint_commander) by extensions ['cmake', 'python']
[2.087s] Level 1:colcon.colcon_core.package_identification:_identify(src/waypoint_commander/waypoint_commander) by extension 'cmake'
[2.087s] Level 1:colcon.colcon_core.package_identification:_identify(src/waypoint_commander/waypoint_commander) by extension 'python'
[2.087s] Level 1:colcon.colcon_core.package_identification:_identify(src/waypoint_commander/waypoint_commander) by extensions ['python_setup_py']
[2.087s] Level 1:colcon.colcon_core.package_identification:_identify(src/waypoint_commander/waypoint_commander) by extension 'python_setup_py'
[2.088s] Level 1:colcon.colcon_core.package_identification:_identify(src/waypoint_commander/waypoint_commander/__pycache__) by extensions ['ignore', 'ignore_ament_install']
[2.088s] Level 1:colcon.colcon_core.package_identification:_identify(src/waypoint_commander/waypoint_commander/__pycache__) by extension 'ignore'
[2.088s] Level 1:colcon.colcon_core.package_identification:_identify(src/waypoint_commander/waypoint_commander/__pycache__) by extension 'ignore_ament_install'
[2.088s] Level 1:colcon.colcon_core.package_identification:_identify(src/waypoint_commander/waypoint_commander/__pycache__) by extensions ['colcon_pkg']
[2.089s] Level 1:colcon.colcon_core.package_identification:_identify(src/waypoint_commander/waypoint_commander/__pycache__) by extension 'colcon_pkg'
[2.089s] Level 1:colcon.colcon_core.package_identification:_identify(src/waypoint_commander/waypoint_commander/__pycache__) by extensions ['colcon_meta']
[2.089s] Level 1:colcon.colcon_core.package_identification:_identify(src/waypoint_commander/waypoint_commander/__pycache__) by extension 'colcon_meta'
[2.089s] Level 1:colcon.colcon_core.package_identification:_identify(src/waypoint_commander/waypoint_commander/__pycache__) by extensions ['ros']
[2.089s] Level 1:colcon.colcon_core.package_identification:_identify(src/waypoint_commander/waypoint_commander/__pycache__) by extension 'ros'
[2.090s] Level 1:colcon.colcon_core.package_identification:_identify(src/waypoint_commander/waypoint_commander/__pycache__) by extensions ['cmake', 'python']
[2.090s] Level 1:colcon.colcon_core.package_identification:_identify(src/waypoint_commander/waypoint_commander/__pycache__) by extension 'cmake'
[2.095s] Level 1:colcon.colcon_core.package_identification:_identify(src/waypoint_commander/waypoint_commander/__pycache__) by extension 'python'
[2.095s] Level 1:colcon.colcon_core.package_identification:_identify(src/waypoint_commander/waypoint_commander/__pycache__) by extensions ['python_setup_py']
[2.095s] Level 1:colcon.colcon_core.package_identification:_identify(src/waypoint_commander/waypoint_commander/__pycache__) by extension 'python_setup_py'
[2.095s] Level 1:colcon.colcon_core.package_identification:_identify(tb3_controller) by extensions ['ignore', 'ignore_ament_install']
[2.095s] Level 1:colcon.colcon_core.package_identification:_identify(tb3_controller) by extension 'ignore'
[2.096s] Level 1:colcon.colcon_core.package_identification:_identify(tb3_controller) by extension 'ignore_ament_install'
[2.096s] Level 1:colcon.colcon_core.package_identification:_identify(tb3_controller) by extensions ['colcon_pkg']
[2.096s] Level 1:colcon.colcon_core.package_identification:_identify(tb3_controller) by extension 'colcon_pkg'
[2.096s] Level 1:colcon.colcon_core.package_identification:_identify(tb3_controller) by extensions ['colcon_meta']
[2.096s] Level 1:colcon.colcon_core.package_identification:_identify(tb3_controller) by extension 'colcon_meta'
[2.096s] Level 1:colcon.colcon_core.package_identification:_identify(tb3_controller) by extensions ['ros']
[2.097s] Level 1:colcon.colcon_core.package_identification:_identify(tb3_controller) by extension 'ros'
[2.098s] DEBUG:colcon.colcon_core.package_identification:Package 'tb3_controller' with type 'ros.ament_python' and name 'tb3_controller'
[2.098s] Level 1:colcon.colcon_core.package_identification:_identify(turtlebot_controller_pkg) by extensions ['ignore', 'ignore_ament_install']
[2.098s] Level 1:colcon.colcon_core.package_identification:_identify(turtlebot_controller_pkg) by extension 'ignore'
[2.099s] Level 1:colcon.colcon_core.package_identification:_identify(turtlebot_controller_pkg) by extension 'ignore_ament_install'
[2.099s] Level 1:colcon.colcon_core.package_identification:_identify(turtlebot_controller_pkg) by extensions ['colcon_pkg']
[2.101s] Level 1:colcon.colcon_core.package_identification:_identify(turtlebot_controller_pkg) by extension 'colcon_pkg'
[2.101s] Level 1:colcon.colcon_core.package_identification:_identify(turtlebot_controller_pkg) by extensions ['colcon_meta']
[2.101s] Level 1:colcon.colcon_core.package_identification:_identify(turtlebot_controller_pkg) by extension 'colcon_meta'
[2.101s] Level 1:colcon.colcon_core.package_identification:_identify(turtlebot_controller_pkg) by extensions ['ros']
[2.102s] Level 1:colcon.colcon_core.package_identification:_identify(turtlebot_controller_pkg) by extension 'ros'
[2.102s] Level 1:colcon.colcon_core.package_identification:_identify(turtlebot_controller_pkg) by extensions ['cmake', 'python']
[2.102s] Level 1:colcon.colcon_core.package_identification:_identify(turtlebot_controller_pkg) by extension 'cmake'
[2.125s] Level 1:colcon.colcon_core.package_identification:_identify(turtlebot_controller_pkg) by extension 'python'
[2.126s] Level 1:colcon.colcon_core.package_identification:_identify(turtlebot_controller_pkg) by extensions ['python_setup_py']
[2.126s] Level 1:colcon.colcon_core.package_identification:_identify(turtlebot_controller_pkg) by extension 'python_setup_py'
[2.126s] Level 1:colcon.colcon_core.package_identification:_identify(turtlebot_controller_pkg/turtlebot_controller_pkg) by extensions ['ignore', 'ignore_ament_install']
[2.127s] Level 1:colcon.colcon_core.package_identification:_identify(turtlebot_controller_pkg/turtlebot_controller_pkg) by extension 'ignore'
[2.127s] Level 1:colcon.colcon_core.package_identification:_identify(turtlebot_controller_pkg/turtlebot_controller_pkg) by extension 'ignore_ament_install'
[2.128s] Level 1:colcon.colcon_core.package_identification:_identify(turtlebot_controller_pkg/turtlebot_controller_pkg) by extensions ['colcon_pkg']
[2.128s] Level 1:colcon.colcon_core.package_identification:_identify(turtlebot_controller_pkg/turtlebot_controller_pkg) by extension 'colcon_pkg'
[2.128s] Level 1:colcon.colcon_core.package_identification:_identify(turtlebot_controller_pkg/turtlebot_controller_pkg) by extensions ['colcon_meta']
[2.128s] Level 1:colcon.colcon_core.package_identification:_identify(turtlebot_controller_pkg/turtlebot_controller_pkg) by extension 'colcon_meta'
[2.129s] Level 1:colcon.colcon_core.package_identification:_identify(turtlebot_controller_pkg/turtlebot_controller_pkg) by extensions ['ros']
[2.143s] Level 1:colcon.colcon_core.package_identification:_identify(turtlebot_controller_pkg/turtlebot_controller_pkg) by extension 'ros'
[2.144s] Level 1:colcon.colcon_core.package_identification:_identify(turtlebot_controller_pkg/turtlebot_controller_pkg) by extensions ['cmake', 'python']
[2.145s] Level 1:colcon.colcon_core.package_identification:_identify(turtlebot_controller_pkg/turtlebot_controller_pkg) by extension 'cmake'
[2.146s] Level 1:colcon.colcon_core.package_identification:_identify(turtlebot_controller_pkg/turtlebot_controller_pkg) by extension 'python'
[2.146s] Level 1:colcon.colcon_core.package_identification:_identify(turtlebot_controller_pkg/turtlebot_controller_pkg) by extensions ['python_setup_py']
[2.149s] Level 1:colcon.colcon_core.package_identification:_identify(turtlebot_controller_pkg/turtlebot_controller_pkg) by extension 'python_setup_py'
[2.150s] Level 1:colcon.colcon_core.package_identification:_identify(turtlebot_controller_pkg/turtlebot_controller_pkg/__pycache__) by extensions ['ignore', 'ignore_ament_install']
[2.151s] Level 1:colcon.colcon_core.package_identification:_identify(turtlebot_controller_pkg/turtlebot_controller_pkg/__pycache__) by extension 'ignore'
[2.151s] Level 1:colcon.colcon_core.package_identification:_identify(turtlebot_controller_pkg/turtlebot_controller_pkg/__pycache__) by extension 'ignore_ament_install'
[2.152s] Level 1:colcon.colcon_core.package_identification:_identify(turtlebot_controller_pkg/turtlebot_controller_pkg/__pycache__) by extensions ['colcon_pkg']
[2.152s] Level 1:colcon.colcon_core.package_identification:_identify(turtlebot_controller_pkg/turtlebot_controller_pkg/__pycache__) by extension 'colcon_pkg'
[2.152s] Level 1:colcon.colcon_core.package_identification:_identify(turtlebot_controller_pkg/turtlebot_controller_pkg/__pycache__) by extensions ['colcon_meta']
[2.153s] Level 1:colcon.colcon_core.package_identification:_identify(turtlebot_controller_pkg/turtlebot_controller_pkg/__pycache__) by extension 'colcon_meta'
[2.153s] Level 1:colcon.colcon_core.package_identification:_identify(turtlebot_controller_pkg/turtlebot_controller_pkg/__pycache__) by extensions ['ros']
[2.153s] Level 1:colcon.colcon_core.package_identification:_identify(turtlebot_controller_pkg/turtlebot_controller_pkg/__pycache__) by extension 'ros'
[2.153s] Level 1:colcon.colcon_core.package_identification:_identify(turtlebot_controller_pkg/turtlebot_controller_pkg/__pycache__) by extensions ['cmake', 'python']
[2.154s] Level 1:colcon.colcon_core.package_identification:_identify(turtlebot_controller_pkg/turtlebot_controller_pkg/__pycache__) by extension 'cmake'
[2.154s] Level 1:colcon.colcon_core.package_identification:_identify(turtlebot_controller_pkg/turtlebot_controller_pkg/__pycache__) by extension 'python'
[2.154s] Level 1:colcon.colcon_core.package_identification:_identify(turtlebot_controller_pkg/turtlebot_controller_pkg/__pycache__) by extensions ['python_setup_py']
[2.154s] Level 1:colcon.colcon_core.package_identification:_identify(turtlebot_controller_pkg/turtlebot_controller_pkg/__pycache__) by extension 'python_setup_py'
[2.154s] Level 1:colcon.colcon_core.package_discovery:discover_packages(recursive) using defaults
[2.165s] Level 1:colcon.colcon_core.package_discovery:discover_packages(ignore) discover
[2.165s] Level 1:colcon.colcon_core.package_discovery:discover_packages(ignore) using defaults
[2.166s] Level 1:colcon.colcon_core.package_discovery:discover_packages(path) discover
[2.166s] Level 1:colcon.colcon_core.package_discovery:discover_packages(path) using defaults
[2.318s] INFO:colcon.colcon_core.package_selection:Skipping not selected package 'turtlebot3_fake_node' in 'src/turtlebot3_simulations/turtlebot3_fake_node'
[2.318s] INFO:colcon.colcon_core.package_selection:Skipping not selected package 'turtlebot3_gazebo' in 'src/turtlebot3_simulations/turtlebot3_gazebo'
[2.318s] INFO:colcon.colcon_core.package_selection:Skipping not selected package 'turtlebot3_simulations' in 'src/turtlebot3_simulations/turtlebot3_simulations'
[2.320s] Level 1:colcon.colcon_core.package_discovery:discover_packages(prefix_path) check parameters
[2.320s] Level 1:colcon.colcon_core.package_discovery:discover_packages(prefix_path) discover
[2.332s] DEBUG:colcon.colcon_installed_package_information.package_discovery:Found 1 installed packages in /home/johnson/METR4202/install
[2.334s] DEBUG:colcon.colcon_installed_package_information.package_discovery:Found 3 installed packages in /home/johnson/turtlebot3_ws/install
[2.341s] DEBUG:colcon.colcon_installed_package_information.package_discovery:Found 386 installed packages in /opt/ros/humble
[2.362s] Level 1:colcon.colcon_core.package_discovery:discover_packages(prefix_path) using defaults
[2.694s] Level 5:colcon.colcon_core.verb:set package 'tb3_controller' build argument 'cmake_args' from command line to 'None'
[2.695s] Level 5:colcon.colcon_core.verb:set package 'tb3_controller' build argument 'cmake_target' from command line to 'None'
[2.695s] Level 5:colcon.colcon_core.verb:set package 'tb3_controller' build argument 'cmake_target_skip_unavailable' from command line to 'False'
[2.695s] Level 5:colcon.colcon_core.verb:set package 'tb3_controller' build argument 'cmake_clean_cache' from command line to 'False'
[2.695s] Level 5:colcon.colcon_core.verb:set package 'tb3_controller' build argument 'cmake_clean_first' from command line to 'False'
[2.695s] Level 5:colcon.colcon_core.verb:set package 'tb3_controller' build argument 'cmake_force_configure' from command line to 'False'
[2.695s] Level 5:colcon.colcon_core.verb:set package 'tb3_controller' build argument 'ament_cmake_args' from command line to 'None'
[2.696s] Level 5:colcon.colcon_core.verb:set package 'tb3_controller' build argument 'catkin_cmake_args' from command line to 'None'
[2.696s] Level 5:colcon.colcon_core.verb:set package 'tb3_controller' build argument 'catkin_skip_building_tests' from command line to 'False'
[2.696s] DEBUG:colcon.colcon_core.verb:Building package 'tb3_controller' with the following arguments: {'ament_cmake_args': None, 'build_base': '/home/johnson/METR4202/build/tb3_controller', 'catkin_cmake_args': None, 'catkin_skip_building_tests': False, 'cmake_args': None, 'cmake_clean_cache': False, 'cmake_clean_first': False, 'cmake_force_configure': False, 'cmake_target': None, 'cmake_target_skip_unavailable': False, 'install_base': '/home/johnson/METR4202/install/tb3_controller', 'merge_install': False, 'path': '/home/johnson/METR4202/tb3_controller', 'symlink_install': False, 'test_result_base': None}
[2.698s] INFO:colcon.colcon_core.executor:Executing jobs using 'parallel' executor
[2.712s] DEBUG:colcon.colcon_parallel_executor.executor.parallel:run_until_complete
[2.713s] INFO:colcon.colcon_ros.task.ament_python.build:Building ROS package in '/home/johnson/METR4202/tb3_controller' with build type 'ament_python'
[2.713s] Level 1:colcon.colcon_core.shell:create_environment_hook('tb3_controller', 'ament_prefix_path')
[2.724s] INFO:colcon.colcon_core.plugin_system:Skipping extension 'colcon_core.shell.bat': Not used on non-Windows systems
[2.724s] INFO:colcon.colcon_core.shell:Creating environment hook '/home/johnson/METR4202/install/tb3_controller/share/tb3_controller/hook/ament_prefix_path.ps1'
[2.726s] INFO:colcon.colcon_core.shell:Creating environment descriptor '/home/johnson/METR4202/install/tb3_controller/share/tb3_controller/hook/ament_prefix_path.dsv'
[2.728s] INFO:colcon.colcon_core.shell:Creating environment hook '/home/johnson/METR4202/install/tb3_controller/share/tb3_controller/hook/ament_prefix_path.sh'
[2.732s] INFO:colcon.colcon_core.shell:Skip shell extension 'powershell' for command environment: Not usable outside of PowerShell
[2.733s] DEBUG:colcon.colcon_core.shell:Skip shell extension 'dsv' for command environment
[3.909s] INFO:colcon.colcon_core.task.python.build:Building Python package in '/home/johnson/METR4202/tb3_controller'
[3.913s] INFO:colcon.colcon_core.shell:Skip shell extension 'powershell' for command environment: Not usable outside of PowerShell
[3.914s] DEBUG:colcon.colcon_core.shell:Skip shell extension 'dsv' for command environment
[5.385s] DEBUG:colcon.colcon_core.event_handler.log_command:Invoking command in '/home/johnson/METR4202/tb3_controller': PYTHONPATH=/home/johnson/METR4202/build/tb3_controller/prefix_override:/home/johnson/METR4202/install/tb3_controller/lib/python3.10/site-packages:${PYTHONPATH} /usr/bin/python3 setup.py egg_info --egg-base ../build/tb3_controller build --build-base /home/johnson/METR4202/build/tb3_controller/build install --record /home/johnson/METR4202/build/tb3_controller/install.log --single-version-externally-managed
[6.361s] DEBUG:colcon.colcon_core.event_handler.log_command:Invoked command in '/home/johnson/METR4202/tb3_controller' returned '0': PYTHONPATH=/home/johnson/METR4202/build/tb3_controller/prefix_override:/home/johnson/METR4202/install/tb3_controller/lib/python3.10/site-packages:${PYTHONPATH} /usr/bin/python3 setup.py egg_info --egg-base ../build/tb3_controller build --build-base /home/johnson/METR4202/build/tb3_controller/build install --record /home/johnson/METR4202/build/tb3_controller/install.log --single-version-externally-managed
[6.363s] Level 1:colcon.colcon_core.environment:checking '/home/johnson/METR4202/install/tb3_controller' for CMake module files
[6.365s] Level 1:colcon.colcon_core.environment:checking '/home/johnson/METR4202/install/tb3_controller' for CMake config files
[6.367s] Level 1:colcon.colcon_core.environment:checking '/home/johnson/METR4202/install/tb3_controller/lib'
[6.368s] Level 1:colcon.colcon_core.environment:checking '/home/johnson/METR4202/install/tb3_controller/bin'
[6.368s] Level 1:colcon.colcon_core.environment:checking '/home/johnson/METR4202/install/tb3_controller/lib/pkgconfig/tb3_controller.pc'
[6.370s] Level 1:colcon.colcon_core.environment:checking '/home/johnson/METR4202/install/tb3_controller/lib/python3.10/site-packages'
[6.371s] Level 1:colcon.colcon_core.shell:create_environment_hook('tb3_controller', 'pythonpath')
[6.374s] INFO:colcon.colcon_core.shell:Creating environment hook '/home/johnson/METR4202/install/tb3_controller/share/tb3_controller/hook/pythonpath.ps1'
[6.375s] INFO:colcon.colcon_core.shell:Creating environment descriptor '/home/johnson/METR4202/install/tb3_controller/share/tb3_controller/hook/pythonpath.dsv'
[6.376s] INFO:colcon.colcon_core.shell:Creating environment hook '/home/johnson/METR4202/install/tb3_controller/share/tb3_controller/hook/pythonpath.sh'
[6.376s] Level 1:colcon.colcon_core.environment:checking '/home/johnson/METR4202/install/tb3_controller/bin'
[6.377s] Level 1:colcon.colcon_core.environment:create_environment_scripts_only(tb3_controller)
[6.385s] INFO:colcon.colcon_core.shell:Creating package script '/home/johnson/METR4202/install/tb3_controller/share/tb3_controller/package.ps1'
[6.388s] INFO:colcon.colcon_core.shell:Creating package descriptor '/home/johnson/METR4202/install/tb3_controller/share/tb3_controller/package.dsv'
[6.407s] INFO:colcon.colcon_core.shell:Creating package script '/home/johnson/METR4202/install/tb3_controller/share/tb3_controller/package.sh'
[6.417s] INFO:colcon.colcon_core.shell:Creating package script '/home/johnson/METR4202/install/tb3_controller/share/tb3_controller/package.bash'
[6.420s] INFO:colcon.colcon_core.shell:Creating package script '/home/johnson/METR4202/install/tb3_controller/share/tb3_controller/package.zsh'
[6.424s] Level 1:colcon.colcon_core.environment:create_file_with_runtime_dependencies(/home/johnson/METR4202/install/tb3_controller/share/colcon-core/packages/tb3_controller)
[6.427s] DEBUG:colcon.colcon_parallel_executor.executor.parallel:closing loop
[6.428s] DEBUG:colcon.colcon_parallel_executor.executor.parallel:loop closed
[6.428s] DEBUG:colcon.colcon_parallel_executor.executor.parallel:run_until_complete finished with '0'
[6.428s] DEBUG:colcon.colcon_core.event_reactor:joining thread
[6.546s] INFO:colcon.colcon_core.plugin_system:Skipping extension 'colcon_notification.desktop_notification.notify_send': Could not find 'notify-send'
[6.547s] INFO:colcon.colcon_core.plugin_system:Skipping extension 'colcon_notification.desktop_notification.terminal_notifier': Not used on non-Darwin systems
[6.547s] INFO:colcon.colcon_core.plugin_system:Skipping extension 'colcon_notification.desktop_notification.win32': Not used on non-Windows systems
[6.548s] INFO:colcon.colcon_notification.desktop_notification:Sending desktop notification using 'notify2'
[6.554s] DEBUG:colcon.colcon_notification.desktop_notification.notify2:Failed to initialize notify2: org.freedesktop.DBus.Error.ServiceUnknown: The name org.freedesktop.Notifications was not provided by any .service files
[6.554s] DEBUG:colcon.colcon_core.event_reactor:joined thread
[6.558s] INFO:colcon.colcon_core.shell:Creating prefix script '/home/johnson/METR4202/install/local_setup.ps1'
[6.560s] INFO:colcon.colcon_core.shell:Creating prefix util module '/home/johnson/METR4202/install/_local_setup_util_ps1.py'
[6.563s] INFO:colcon.colcon_core.shell:Creating prefix chain script '/home/johnson/METR4202/install/setup.ps1'
[6.568s] INFO:colcon.colcon_core.shell:Creating prefix script '/home/johnson/METR4202/install/local_setup.sh'
[6.570s] INFO:colcon.colcon_core.shell:Creating prefix util module '/home/johnson/METR4202/install/_local_setup_util_sh.py'
[6.572s] INFO:colcon.colcon_core.shell:Creating prefix chain script '/home/johnson/METR4202/install/setup.sh'
[6.595s] INFO:colcon.colcon_core.shell:Creating prefix script '/home/johnson/METR4202/install/local_setup.bash'
[6.598s] INFO:colcon.colcon_core.shell:Creating prefix chain script '/home/johnson/METR4202/install/setup.bash'
[6.603s] INFO:colcon.colcon_core.shell:Creating prefix script '/home/johnson/METR4202/install/local_setup.zsh'
[6.605s] INFO:colcon.colcon_core.shell:Creating prefix chain script '/home/johnson/METR4202/install/setup.zsh'
