[1.743s] Invoking command in '/home/tahhhhm/METR4202/tutorials/launch_tutorial': PYTHONPATH=/home/tahhhhm/METR4202/build/launch_tutorial/prefix_override:/home/tahhhhm/METR4202/install/launch_tutorial/lib/python3.10/site-packages:${PYTHONPATH} /usr/bin/python3 setup.py egg_info --egg-base ../../build/launch_tutorial build --build-base /home/tahhhhm/METR4202/build/launch_tutorial/build install --record /home/tahhhhm/METR4202/build/launch_tutorial/install.log --single-version-externally-managed
[1.917s] running egg_info
[1.917s] creating ../../build/launch_tutorial/launch_tutorial.egg-info
[1.918s] writing ../../build/launch_tutorial/launch_tutorial.egg-info/PKG-INFO
[1.918s] writing dependency_links to ../../build/launch_tutorial/launch_tutorial.egg-info/dependency_links.txt
[1.918s] writing entry points to ../../build/launch_tutorial/launch_tutorial.egg-info/entry_points.txt
[1.918s] writing requirements to ../../build/launch_tutorial/launch_tutorial.egg-info/requires.txt
[1.918s] writing top-level names to ../../build/launch_tutorial/launch_tutorial.egg-info/top_level.txt
[1.919s] writing manifest file '../../build/launch_tutorial/launch_tutorial.egg-info/SOURCES.txt'
[1.919s] reading manifest file '../../build/launch_tutorial/launch_tutorial.egg-info/SOURCES.txt'
[1.919s] writing manifest file '../../build/launch_tutorial/launch_tutorial.egg-info/SOURCES.txt'
[1.919s] running build
[1.920s] running build_py
[1.920s] creating /home/tahhhhm/METR4202/build/launch_tutorial/build
[1.920s] creating /home/tahhhhm/METR4202/build/launch_tutorial/build/lib
[1.920s] creating /home/tahhhhm/METR4202/build/launch_tutorial/build/lib/launch_tutorial
[1.920s] copying launch_tutorial/__init__.py -> /home/tahhhhm/METR4202/build/launch_tutorial/build/lib/launch_tutorial
[1.921s] copying launch_tutorial/broadcaster_listener.launch.py -> /home/tahhhhm/METR4202/build/launch_tutorial/build/lib/launch_tutorial
[1.921s] running install
[1.921s] running install_lib
[1.921s] creating /home/tahhhhm/METR4202/install/launch_tutorial/lib/python3.10/site-packages/launch_tutorial
[1.921s] copying /home/tahhhhm/METR4202/build/launch_tutorial/build/lib/launch_tutorial/__init__.py -> /home/tahhhhm/METR4202/install/launch_tutorial/lib/python3.10/site-packages/launch_tutorial
[1.921s] copying /home/tahhhhm/METR4202/build/launch_tutorial/build/lib/launch_tutorial/broadcaster_listener.launch.py -> /home/tahhhhm/METR4202/install/launch_tutorial/lib/python3.10/site-packages/launch_tutorial
[1.921s] /usr/lib/python3/dist-packages/setuptools/command/install.py:34: SetuptoolsDeprecationWarning: setup.py install is deprecated. Use build and pip and other standards-based tools.
[1.921s]   warnings.warn(
[1.922s] byte-compiling /home/tahhhhm/METR4202/install/launch_tutorial/lib/python3.10/site-packages/launch_tutorial/__init__.py to __init__.cpython-310.pyc
[1.922s] byte-compiling /home/tahhhhm/METR4202/install/launch_tutorial/lib/python3.10/site-packages/launch_tutorial/broadcaster_listener.launch.py to broadcaster_listener.launch.cpython-310.pyc
[1.922s] running install_data
[1.922s] creating /home/tahhhhm/METR4202/install/launch_tutorial/share/ament_index
[1.922s] creating /home/tahhhhm/METR4202/install/launch_tutorial/share/ament_index/resource_index
[1.922s] creating /home/tahhhhm/METR4202/install/launch_tutorial/share/ament_index/resource_index/packages
[1.922s] copying resource/launch_tutorial -> /home/tahhhhm/METR4202/install/launch_tutorial/share/ament_index/resource_index/packages
[1.923s] copying package.xml -> /home/tahhhhm/METR4202/install/launch_tutorial/share/launch_tutorial
[1.923s] creating /home/tahhhhm/METR4202/install/launch_tutorial/share/launch_tutorial/launch
[1.923s] copying launch/turtlesim_world_2.launch.py -> /home/tahhhhm/METR4202/install/launch_tutorial/share/launch_tutorial/launch
[1.923s] copying launch/example_substitutions.launch.py -> /home/tahhhhm/METR4202/install/launch_tutorial/share/launch_tutorial/launch
[1.923s] copying launch/turtlesim_world_3.launch.py -> /home/tahhhhm/METR4202/install/launch_tutorial/share/launch_tutorial/launch
[1.923s] copying launch/example_main.launch.py -> /home/tahhhhm/METR4202/install/launch_tutorial/share/launch_tutorial/launch
[1.923s] copying launch/turtlesim_world_1.launch.py -> /home/tahhhhm/METR4202/install/launch_tutorial/share/launch_tutorial/launch
[1.924s] copying launch/example_event_handlers.launch.py -> /home/tahhhhm/METR4202/install/launch_tutorial/share/launch_tutorial/launch
[1.924s] copying launch/launch_turtlesim.launch.py -> /home/tahhhhm/METR4202/install/launch_tutorial/share/launch_tutorial/launch
[1.924s] running install_egg_info
[1.924s] Copying ../../build/launch_tutorial/launch_tutorial.egg-info to /home/tahhhhm/METR4202/install/launch_tutorial/lib/python3.10/site-packages/launch_tutorial-0.0.0-py3.10.egg-info
[1.924s] running install_scripts
[1.938s] writing list of installed files to '/home/tahhhhm/METR4202/build/launch_tutorial/install.log'
[2.044s] Invoked command in '/home/tahhhhm/METR4202/tutorials/launch_tutorial' returned '0': PYTHONPATH=/home/tahhhhm/METR4202/build/launch_tutorial/prefix_override:/home/tahhhhm/METR4202/install/launch_tutorial/lib/python3.10/site-packages:${PYTHONPATH} /usr/bin/python3 setup.py egg_info --egg-base ../../build/launch_tutorial build --build-base /home/tahhhhm/METR4202/build/launch_tutorial/build install --record /home/tahhhhm/METR4202/build/launch_tutorial/install.log --single-version-externally-managed
