[5.542s] Invoking command in '/home/johnson/METR4202': PYTHONPATH=/home/johnson/METR4202/build/tb3_controller/prefix_override:/home/johnson/METR4202/install/tb3_controller/lib/python3.10/site-packages:${PYTHONPATH} /usr/bin/python3 setup.py egg_info --egg-base build/tb3_controller build --build-base /home/johnson/METR4202/build/tb3_controller/build install --record /home/johnson/METR4202/build/tb3_controller/install.log --single-version-externally-managed
[6.485s] running egg_info
[6.485s] writing build/tb3_controller/tb3_controller.egg-info/PKG-INFO
[6.487s] writing dependency_links to build/tb3_controller/tb3_controller.egg-info/dependency_links.txt
[6.488s] writing entry points to build/tb3_controller/tb3_controller.egg-info/entry_points.txt
[6.488s] writing requirements to build/tb3_controller/tb3_controller.egg-info/requires.txt
[6.488s] writing top-level names to build/tb3_controller/tb3_controller.egg-info/top_level.txt
[6.499s] reading manifest file 'build/tb3_controller/tb3_controller.egg-info/SOURCES.txt'
[6.518s] writing manifest file 'build/tb3_controller/tb3_controller.egg-info/SOURCES.txt'
[6.521s] running build
[6.524s] running build_py
[6.528s] copying tb3_controller/turtlebot_brain.py -> /home/johnson/METR4202/build/tb3_controller/build/lib/tb3_controller
[6.536s] running install
[6.552s] /usr/lib/python3/dist-packages/setuptools/command/install.py:34: SetuptoolsDeprecationWarning: setup.py install is deprecated. Use build and pip and other standards-based tools.
[6.552s]   warnings.warn(
[6.552s] running install_lib
[6.557s] copying /home/johnson/METR4202/build/tb3_controller/build/lib/tb3_controller/turtlebot_brain.py -> /home/johnson/METR4202/install/tb3_controller/lib/python3.10/site-packages/tb3_controller
[6.573s] byte-compiling /home/johnson/METR4202/install/tb3_controller/lib/python3.10/site-packages/tb3_controller/turtlebot_brain.py to turtlebot_brain.cpython-310.pyc
[6.603s] running install_data
[6.610s] running install_egg_info
[6.624s] removing '/home/johnson/METR4202/install/tb3_controller/lib/python3.10/site-packages/tb3_controller-0.0.0-py3.10.egg-info' (and everything under it)
[6.630s] Copying build/tb3_controller/tb3_controller.egg-info to /home/johnson/METR4202/install/tb3_controller/lib/python3.10/site-packages/tb3_controller-0.0.0-py3.10.egg-info
[6.662s] running install_scripts
[6.749s] Installing turtlebot_brain script to /home/johnson/METR4202/install/tb3_controller/lib/tb3_controller
[6.755s] writing list of installed files to '/home/johnson/METR4202/build/tb3_controller/install.log'
[6.892s] Invoked command in '/home/johnson/METR4202' returned '0': PYTHONPATH=/home/johnson/METR4202/build/tb3_controller/prefix_override:/home/johnson/METR4202/install/tb3_controller/lib/python3.10/site-packages:${PYTHONPATH} /usr/bin/python3 setup.py egg_info --egg-base build/tb3_controller build --build-base /home/johnson/METR4202/build/tb3_controller/build install --record /home/johnson/METR4202/build/tb3_controller/install.log --single-version-externally-managed
