[3.720s] Invoking command in '/home/johnson/METR4202': PYTHONPATH=/home/johnson/METR4202/build/tb3_controller/prefix_override:/home/johnson/METR4202/install/tb3_controller/lib/python3.10/site-packages:${PYTHONPATH} /usr/bin/python3 setup.py egg_info --egg-base build/tb3_controller build --build-base /home/johnson/METR4202/build/tb3_controller/build install --record /home/johnson/METR4202/build/tb3_controller/install.log --single-version-externally-managed
[4.461s] running egg_info
[4.472s] writing build/tb3_controller/tb3_controller.egg-info/PKG-INFO
[4.476s] writing dependency_links to build/tb3_controller/tb3_controller.egg-info/dependency_links.txt
[4.477s] writing entry points to build/tb3_controller/tb3_controller.egg-info/entry_points.txt
[4.491s] writing requirements to build/tb3_controller/tb3_controller.egg-info/requires.txt
[4.492s] writing top-level names to build/tb3_controller/tb3_controller.egg-info/top_level.txt
[4.496s] reading manifest file 'build/tb3_controller/tb3_controller.egg-info/SOURCES.txt'
[4.527s] writing manifest file 'build/tb3_controller/tb3_controller.egg-info/SOURCES.txt'
[4.528s] running build
[4.528s] running build_py
[4.528s] copying tb3_controller/turtlebot_brain.py -> /home/johnson/METR4202/build/tb3_controller/build/lib/tb3_controller
[4.528s] running install
[4.530s] /usr/lib/python3/dist-packages/setuptools/command/install.py:34: SetuptoolsDeprecationWarning: setup.py install is deprecated. Use build and pip and other standards-based tools.
[4.530s]   warnings.warn(
[4.531s] running install_lib
[4.531s] copying /home/johnson/METR4202/build/tb3_controller/build/lib/tb3_controller/turtlebot_brain.py -> /home/johnson/METR4202/install/tb3_controller/lib/python3.10/site-packages/tb3_controller
[4.535s] byte-compiling /home/johnson/METR4202/install/tb3_controller/lib/python3.10/site-packages/tb3_controller/turtlebot_brain.py to turtlebot_brain.cpython-310.pyc
[4.547s] running install_data
[4.548s] running install_egg_info
[4.552s] removing '/home/johnson/METR4202/install/tb3_controller/lib/python3.10/site-packages/tb3_controller-0.0.0-py3.10.egg-info' (and everything under it)
[4.557s] Copying build/tb3_controller/tb3_controller.egg-info to /home/johnson/METR4202/install/tb3_controller/lib/python3.10/site-packages/tb3_controller-0.0.0-py3.10.egg-info
[4.586s] running install_scripts
[4.659s] Installing turtlebot_brain script to /home/johnson/METR4202/install/tb3_controller/lib/tb3_controller
[4.674s] writing list of installed files to '/home/johnson/METR4202/build/tb3_controller/install.log'
[4.781s] Invoked command in '/home/johnson/METR4202' returned '0': PYTHONPATH=/home/johnson/METR4202/build/tb3_controller/prefix_override:/home/johnson/METR4202/install/tb3_controller/lib/python3.10/site-packages:${PYTHONPATH} /usr/bin/python3 setup.py egg_info --egg-base build/tb3_controller build --build-base /home/johnson/METR4202/build/tb3_controller/build install --record /home/johnson/METR4202/build/tb3_controller/install.log --single-version-externally-managed
