[1.328s] Invoking command in '/home/isaiah/metr4202_ws/src/METR4202/tb3_controller': PYTHONPATH=/home/isaiah/metr4202_ws/src/METR4202/build/tb3_controller/prefix_override:/home/isaiah/metr4202_ws/src/METR4202/install/tb3_controller/lib/python3.10/site-packages:${PYTHONPATH} /usr/bin/python3 setup.py egg_info --egg-base ../build/tb3_controller build --build-base /home/isaiah/metr4202_ws/src/METR4202/build/tb3_controller/build install --record /home/isaiah/metr4202_ws/src/METR4202/build/tb3_controller/install.log --single-version-externally-managed
[1.828s] running egg_info
[1.830s] writing ../build/tb3_controller/tb3_controller.egg-info/PKG-INFO
[1.830s] writing dependency_links to ../build/tb3_controller/tb3_controller.egg-info/dependency_links.txt
[1.830s] writing entry points to ../build/tb3_controller/tb3_controller.egg-info/entry_points.txt
[1.831s] writing requirements to ../build/tb3_controller/tb3_controller.egg-info/requires.txt
[1.831s] writing top-level names to ../build/tb3_controller/tb3_controller.egg-info/top_level.txt
[1.834s] reading manifest file '../build/tb3_controller/tb3_controller.egg-info/SOURCES.txt'
[1.836s] writing manifest file '../build/tb3_controller/tb3_controller.egg-info/SOURCES.txt'
[1.836s] running build
[1.837s] running build_py
[1.837s] copying tb3_controller/turtlebot_brain.py -> /home/isaiah/metr4202_ws/src/METR4202/build/tb3_controller/build/lib/tb3_controller
[1.837s] running install
[1.838s] running install_lib
[1.840s] creating /home/isaiah/metr4202_ws/src/METR4202/install/tb3_controller/lib/python3.10/site-packages/tb3_controller
[1.840s] copying /home/isaiah/metr4202_ws/src/METR4202/build/tb3_controller/build/lib/tb3_controller/turtlebot_brain.py -> /home/isaiah/metr4202_ws/src/METR4202/install/tb3_controller/lib/python3.10/site-packages/tb3_controller
[1.840s] copying /home/isaiah/metr4202_ws/src/METR4202/build/tb3_controller/build/lib/tb3_controller/__init__.py -> /home/isaiah/metr4202_ws/src/METR4202/install/tb3_controller/lib/python3.10/site-packages/tb3_controller
[1.841s] byte-compiling /home/isaiah/metr4202_ws/src/METR4202/install/tb3_controller/lib/python3.10/site-packages/tb3_controller/turtlebot_brain.py to turtlebot_brain.cpython-310.pyc
[1.844s] byte-compiling /home/isaiah/metr4202_ws/src/METR4202/install/tb3_controller/lib/python3.10/site-packages/tb3_controller/__init__.py to __init__.cpython-310.pyc
[1.844s] running install_data
[1.845s] creating /home/isaiah/metr4202_ws/src/METR4202/install/tb3_controller/share/ament_index
[1.845s] creating /home/isaiah/metr4202_ws/src/METR4202/install/tb3_controller/share/ament_index/resource_index
[1.845s] creating /home/isaiah/metr4202_ws/src/METR4202/install/tb3_controller/share/ament_index/resource_index/packages
[1.846s] copying resource/tb3_controller -> /home/isaiah/metr4202_ws/src/METR4202/install/tb3_controller/share/ament_index/resource_index/packages
[1.846s] copying package.xml -> /home/isaiah/metr4202_ws/src/METR4202/install/tb3_controller/share/tb3_controller
[1.846s] running install_egg_info
[1.848s] Copying ../build/tb3_controller/tb3_controller.egg-info to /home/isaiah/metr4202_ws/src/METR4202/install/tb3_controller/lib/python3.10/site-packages/tb3_controller-0.0.0-py3.10.egg-info
[1.849s] running install_scripts
[1.889s] Installing turtlebot_brain script to /home/isaiah/metr4202_ws/src/METR4202/install/tb3_controller/lib/tb3_controller
[1.889s] writing list of installed files to '/home/isaiah/metr4202_ws/src/METR4202/build/tb3_controller/install.log'
[1.937s] Invoked command in '/home/isaiah/metr4202_ws/src/METR4202/tb3_controller' returned '0': PYTHONPATH=/home/isaiah/metr4202_ws/src/METR4202/build/tb3_controller/prefix_override:/home/isaiah/metr4202_ws/src/METR4202/install/tb3_controller/lib/python3.10/site-packages:${PYTHONPATH} /usr/bin/python3 setup.py egg_info --egg-base ../build/tb3_controller build --build-base /home/isaiah/metr4202_ws/src/METR4202/build/tb3_controller/build install --record /home/isaiah/metr4202_ws/src/METR4202/build/tb3_controller/install.log --single-version-externally-managed
