[3.302s] Invoking command in '/home/johnson/METR4202': PYTHONPATH=/home/johnson/METR4202/build/tb3_controller/prefix_override:/home/johnson/METR4202/install/tb3_controller/lib/python3.10/site-packages:${PYTHONPATH} /usr/bin/python3 setup.py egg_info --egg-base build/tb3_controller build --build-base /home/johnson/METR4202/build/tb3_controller/build install --record /home/johnson/METR4202/build/tb3_controller/install.log --single-version-externally-managed
[3.956s] running egg_info
[3.960s] writing build/tb3_controller/tb3_controller.egg-info/PKG-INFO
[3.978s] writing dependency_links to build/tb3_controller/tb3_controller.egg-info/dependency_links.txt
[3.980s] writing entry points to build/tb3_controller/tb3_controller.egg-info/entry_points.txt
[3.982s] writing requirements to build/tb3_controller/tb3_controller.egg-info/requires.txt
[3.991s] writing top-level names to build/tb3_controller/tb3_controller.egg-info/top_level.txt
[3.998s] reading manifest file 'build/tb3_controller/tb3_controller.egg-info/SOURCES.txt'
[4.005s] writing manifest file 'build/tb3_controller/tb3_controller.egg-info/SOURCES.txt'
[4.005s] running build
[4.005s] running build_py
[4.006s] copying tb3_controller/turtlebot_brain.py -> /home/johnson/METR4202/build/tb3_controller/build/lib/tb3_controller
[4.006s] /usr/lib/python3/dist-packages/setuptools/command/install.py:34: SetuptoolsDeprecationWarning: setup.py install is deprecated. Use build and pip and other standards-based tools.
[4.006s]   warnings.warn(
[4.009s] running install
[4.010s] running install_lib
[4.010s] copying /home/johnson/METR4202/build/tb3_controller/build/lib/tb3_controller/turtlebot_brain.py -> /home/johnson/METR4202/install/tb3_controller/lib/python3.10/site-packages/tb3_controller
[4.010s] byte-compiling /home/johnson/METR4202/install/tb3_controller/lib/python3.10/site-packages/tb3_controller/turtlebot_brain.py to turtlebot_brain.cpython-310.pyc
[4.034s] running install_data
[4.045s] running install_egg_info
[4.045s] removing '/home/johnson/METR4202/install/tb3_controller/lib/python3.10/site-packages/tb3_controller-0.0.0-py3.10.egg-info' (and everything under it)
[4.050s] Copying build/tb3_controller/tb3_controller.egg-info to /home/johnson/METR4202/install/tb3_controller/lib/python3.10/site-packages/tb3_controller-0.0.0-py3.10.egg-info
[4.051s] running install_scripts
[4.086s] Installing turtlebot_brain script to /home/johnson/METR4202/install/tb3_controller/lib/tb3_controller
[4.088s] writing list of installed files to '/home/johnson/METR4202/build/tb3_controller/install.log'
[4.149s] Invoked command in '/home/johnson/METR4202' returned '0': PYTHONPATH=/home/johnson/METR4202/build/tb3_controller/prefix_override:/home/johnson/METR4202/install/tb3_controller/lib/python3.10/site-packages:${PYTHONPATH} /usr/bin/python3 setup.py egg_info --egg-base build/tb3_controller build --build-base /home/johnson/METR4202/build/tb3_controller/build install --record /home/johnson/METR4202/build/tb3_controller/install.log --single-version-externally-managed
