[1.926s] Invoking command in '/home/johnson/METR4202': PYTHONPATH=/home/johnson/METR4202/build/tb3_controller/prefix_override:/home/johnson/METR4202/install/tb3_controller/lib/python3.10/site-packages:${PYTHONPATH} /usr/bin/python3 setup.py egg_info --egg-base build/tb3_controller build --build-base /home/johnson/METR4202/build/tb3_controller/build install --record /home/johnson/METR4202/build/tb3_controller/install.log --single-version-externally-managed
[2.624s] running egg_info
[2.631s] writing build/tb3_controller/tb3_controller.egg-info/PKG-INFO
[2.631s] writing dependency_links to build/tb3_controller/tb3_controller.egg-info/dependency_links.txt
[2.631s] writing entry points to build/tb3_controller/tb3_controller.egg-info/entry_points.txt
[2.631s] writing requirements to build/tb3_controller/tb3_controller.egg-info/requires.txt
[2.631s] writing top-level names to build/tb3_controller/tb3_controller.egg-info/top_level.txt
[2.632s] reading manifest file 'build/tb3_controller/tb3_controller.egg-info/SOURCES.txt'
[2.633s] writing manifest file 'build/tb3_controller/tb3_controller.egg-info/SOURCES.txt'
[2.633s] running build
[2.638s] running build_py
[2.639s] copying tb3_controller/turtlebot_brain.py -> /home/johnson/METR4202/build/tb3_controller/build/lib/tb3_controller
[2.642s] running install
[2.644s] /usr/lib/python3/dist-packages/setuptools/command/install.py:34: SetuptoolsDeprecationWarning: setup.py install is deprecated. Use build and pip and other standards-based tools.
[2.644s]   warnings.warn(
[2.645s] running install_lib
[2.646s] copying /home/johnson/METR4202/build/tb3_controller/build/lib/tb3_controller/turtlebot_brain.py -> /home/johnson/METR4202/install/tb3_controller/lib/python3.10/site-packages/tb3_controller
[2.650s] byte-compiling /home/johnson/METR4202/install/tb3_controller/lib/python3.10/site-packages/tb3_controller/turtlebot_brain.py to turtlebot_brain.cpython-310.pyc
[2.660s] running install_data
[2.662s] running install_egg_info
[2.665s] removing '/home/johnson/METR4202/install/tb3_controller/lib/python3.10/site-packages/tb3_controller-0.0.0-py3.10.egg-info' (and everything under it)
[2.670s] Copying build/tb3_controller/tb3_controller.egg-info to /home/johnson/METR4202/install/tb3_controller/lib/python3.10/site-packages/tb3_controller-0.0.0-py3.10.egg-info
[2.679s] running install_scripts
[2.722s] Installing turtlebot_brain script to /home/johnson/METR4202/install/tb3_controller/lib/tb3_controller
[2.723s] writing list of installed files to '/home/johnson/METR4202/build/tb3_controller/install.log'
[2.814s] Invoked command in '/home/johnson/METR4202' returned '0': PYTHONPATH=/home/johnson/METR4202/build/tb3_controller/prefix_override:/home/johnson/METR4202/install/tb3_controller/lib/python3.10/site-packages:${PYTHONPATH} /usr/bin/python3 setup.py egg_info --egg-base build/tb3_controller build --build-base /home/johnson/METR4202/build/tb3_controller/build install --record /home/johnson/METR4202/build/tb3_controller/install.log --single-version-externally-managed
