[2.444s] Invoking command in '/home/johnson/METR4202': PYTHONPATH=/home/johnson/METR4202/build/tb3_controller/prefix_override:/home/johnson/METR4202/install/tb3_controller/lib/python3.10/site-packages:${PYTHONPATH} /usr/bin/python3 setup.py egg_info --egg-base build/tb3_controller build --build-base /home/johnson/METR4202/build/tb3_controller/build install --record /home/johnson/METR4202/build/tb3_controller/install.log --single-version-externally-managed
[2.977s] running egg_info
[2.978s] writing build/tb3_controller/tb3_controller.egg-info/PKG-INFO
[2.979s] writing dependency_links to build/tb3_controller/tb3_controller.egg-info/dependency_links.txt
[2.981s] writing entry points to build/tb3_controller/tb3_controller.egg-info/entry_points.txt
[2.982s] writing requirements to build/tb3_controller/tb3_controller.egg-info/requires.txt
[2.983s] writing top-level names to build/tb3_controller/tb3_controller.egg-info/top_level.txt
[2.990s] reading manifest file 'build/tb3_controller/tb3_controller.egg-info/SOURCES.txt'
[2.992s] writing manifest file 'build/tb3_controller/tb3_controller.egg-info/SOURCES.txt'
[2.993s] running build
[2.994s] running build_py
[2.995s] copying tb3_controller/turtlebot_brain.py -> /home/johnson/METR4202/build/tb3_controller/build/lib/tb3_controller
[2.996s] running install
[2.997s] /usr/lib/python3/dist-packages/setuptools/command/install.py:34: SetuptoolsDeprecationWarning: setup.py install is deprecated. Use build and pip and other standards-based tools.
[2.997s]   warnings.warn(
[2.999s] running install_lib
[3.001s] copying /home/johnson/METR4202/build/tb3_controller/build/lib/tb3_controller/turtlebot_brain.py -> /home/johnson/METR4202/install/tb3_controller/lib/python3.10/site-packages/tb3_controller
[3.005s] byte-compiling /home/johnson/METR4202/install/tb3_controller/lib/python3.10/site-packages/tb3_controller/turtlebot_brain.py to turtlebot_brain.cpython-310.pyc
[3.031s] running install_data
[3.032s] running install_egg_info
[3.036s] removing '/home/johnson/METR4202/install/tb3_controller/lib/python3.10/site-packages/tb3_controller-0.0.0-py3.10.egg-info' (and everything under it)
[3.042s] Copying build/tb3_controller/tb3_controller.egg-info to /home/johnson/METR4202/install/tb3_controller/lib/python3.10/site-packages/tb3_controller-0.0.0-py3.10.egg-info
[3.043s] running install_scripts
[3.129s] Installing turtlebot_brain script to /home/johnson/METR4202/install/tb3_controller/lib/tb3_controller
[3.139s] writing list of installed files to '/home/johnson/METR4202/build/tb3_controller/install.log'
[3.233s] Invoked command in '/home/johnson/METR4202' returned '0': PYTHONPATH=/home/johnson/METR4202/build/tb3_controller/prefix_override:/home/johnson/METR4202/install/tb3_controller/lib/python3.10/site-packages:${PYTHONPATH} /usr/bin/python3 setup.py egg_info --egg-base build/tb3_controller build --build-base /home/johnson/METR4202/build/tb3_controller/build install --record /home/johnson/METR4202/build/tb3_controller/install.log --single-version-externally-managed
