[3.380s] DEBUG:colcon:Command line arguments: ['/usr/bin/colcon', 'build', '--packages-select', 'tb3_controller']
[3.381s] DEBUG:colcon:Parsed command line arguments: Namespace(log_base=None, log_level=None, verb_name='build', build_base='build', install_base='install', merge_install=False, symlink_install=False, test_result_base=None, continue_on_error=False, executor='parallel', parallel_workers=8, event_handlers=None, ignore_user_meta=False, metas=['./colcon.meta'], base_paths=['.'], packages_ignore=None, packages_ignore_regex=None, paths=None, packages_up_to=None, packages_up_to_regex=None, packages_above=None, packages_above_and_dependencies=None, packages_above_depth=None, packages_select_by_dep=None, packages_skip_by_dep=None, packages_skip_up_to=None, packages_select_build_failed=False, packages_skip_build_finished=False, packages_select_test_failures=False, packages_skip_test_passed=False, packages_select=['tb3_controller'], packages_skip=None, packages_select_regex=None, packages_skip_regex=None, packages_start=None, packages_end=None, allow_overriding=[], cmake_args=None, cmake_target=None, cmake_target_skip_unavailable=False, cmake_clean_cache=False, cmake_clean_first=False, cmake_force_configure=False, ament_cmake_args=None, catkin_cmake_args=None, catkin_skip_building_tests=False, verb_parser=<colcon_defaults.argument_parser.defaults.DefaultArgumentsDecorator object at 0x7f25f6f66a40>, verb_extension=<colcon_core.verb.build.BuildVerb object at 0x7f25f6f664d0>, main=<bound method BuildVerb.main of <colcon_core.verb.build.BuildVerb object at 0x7f25f6f664d0>>)
[3.565s] Level 1:colcon.colcon_core.package_discovery:discover_packages(colcon_meta) check parameters
[3.566s] Level 1:colcon.colcon_core.package_discovery:discover_packages(recursive) check parameters
[3.566s] Level 1:colcon.colcon_core.package_discovery:discover_packages(ignore) check parameters
[3.566s] Level 1:colcon.colcon_core.package_discovery:discover_packages(path) check parameters
[3.566s] Level 1:colcon.colcon_core.package_discovery:discover_packages(colcon_meta) discover
[3.567s] Level 1:colcon.colcon_core.package_discovery:discover_packages(recursive) discover
[3.567s] INFO:colcon.colcon_core.package_discovery:Crawling recursively for packages in '/home/isaiah/metr4202_ws/src/tb3_controller/tb3_controller'
[3.567s] Level 1:colcon.colcon_core.package_identification:_identify(.) by extensions ['ignore', 'ignore_ament_install']
[3.568s] Level 1:colcon.colcon_core.package_identification:_identify(.) by extension 'ignore'
[3.568s] Level 1:colcon.colcon_core.package_identification:_identify(.) by extension 'ignore_ament_install'
[3.569s] Level 1:colcon.colcon_core.package_identification:_identify(.) by extensions ['colcon_pkg']
[3.569s] Level 1:colcon.colcon_core.package_identification:_identify(.) by extension 'colcon_pkg'
[3.569s] Level 1:colcon.colcon_core.package_identification:_identify(.) by extensions ['colcon_meta']
[3.570s] Level 1:colcon.colcon_core.package_identification:_identify(.) by extension 'colcon_meta'
[3.570s] Level 1:colcon.colcon_core.package_identification:_identify(.) by extensions ['ros']
[3.570s] Level 1:colcon.colcon_core.package_identification:_identify(.) by extension 'ros'
[3.689s] Level 1:colcon.colcon_core.package_identification:_identify(.) by extensions ['cmake', 'python']
[3.689s] Level 1:colcon.colcon_core.package_identification:_identify(.) by extension 'cmake'
[3.690s] Level 1:colcon.colcon_core.package_identification:_identify(.) by extension 'python'
[3.690s] Level 1:colcon.colcon_core.package_identification:_identify(.) by extensions ['python_setup_py']
[3.690s] Level 1:colcon.colcon_core.package_identification:_identify(.) by extension 'python_setup_py'
[3.691s] Level 1:colcon.colcon_core.package_identification:_identify(build) by extensions ['ignore', 'ignore_ament_install']
[3.692s] Level 1:colcon.colcon_core.package_identification:_identify(build) by extension 'ignore'
[3.693s] Level 1:colcon.colcon_core.package_identification:_identify(build) ignored
[3.694s] Level 1:colcon.colcon_core.package_identification:_identify(install) by extensions ['ignore', 'ignore_ament_install']
[3.695s] Level 1:colcon.colcon_core.package_identification:_identify(install) by extension 'ignore'
[3.695s] Level 1:colcon.colcon_core.package_identification:_identify(install) ignored
[3.696s] Level 1:colcon.colcon_core.package_identification:_identify(log) by extensions ['ignore', 'ignore_ament_install']
[3.696s] Level 1:colcon.colcon_core.package_identification:_identify(log) by extension 'ignore'
[3.697s] Level 1:colcon.colcon_core.package_identification:_identify(log) ignored
[3.697s] Level 1:colcon.colcon_core.package_discovery:discover_packages(recursive) using defaults
[3.697s] Level 1:colcon.colcon_core.package_discovery:discover_packages(ignore) discover
[3.698s] Level 1:colcon.colcon_core.package_discovery:discover_packages(ignore) using defaults
[3.698s] Level 1:colcon.colcon_core.package_discovery:discover_packages(path) discover
[3.698s] Level 1:colcon.colcon_core.package_discovery:discover_packages(path) using defaults
[3.712s] WARNING:colcon.colcon_core.package_selection:ignoring unknown package 'tb3_controller' in --packages-select
[3.916s] Level 1:colcon.colcon_core.package_discovery:discover_packages(prefix_path) check parameters
[3.916s] Level 1:colcon.colcon_core.package_discovery:discover_packages(prefix_path) discover
[3.949s] DEBUG:colcon.colcon_installed_package_information.package_discovery:Found 1 installed packages in /home/isaiah/metr4202_ws/src/tb3_controller/install
[3.960s] DEBUG:colcon.colcon_installed_package_information.package_discovery:Found 1 installed packages in /home/isaiah/metr4202_ws/src/install
[3.978s] DEBUG:colcon.colcon_installed_package_information.package_discovery:Found 11 installed packages in /home/isaiah/metr4202_ws/install
[3.995s] DEBUG:colcon.colcon_installed_package_information.package_discovery:Found 389 installed packages in /opt/ros/humble
[4.019s] Level 1:colcon.colcon_core.package_discovery:discover_packages(prefix_path) using defaults
[4.715s] INFO:colcon.colcon_core.executor:Executing jobs using 'parallel' executor
[4.763s] DEBUG:colcon.colcon_parallel_executor.executor.parallel:run_until_complete
[4.764s] DEBUG:colcon.colcon_parallel_executor.executor.parallel:closing loop
[4.764s] DEBUG:colcon.colcon_parallel_executor.executor.parallel:loop closed
[4.765s] DEBUG:colcon.colcon_parallel_executor.executor.parallel:run_until_complete finished with '0'
[4.765s] DEBUG:colcon.colcon_core.event_reactor:joining thread
[4.826s] INFO:colcon.colcon_core.plugin_system:Skipping extension 'colcon_notification.desktop_notification.terminal_notifier': Not used on non-Darwin systems
[4.827s] INFO:colcon.colcon_core.plugin_system:Skipping extension 'colcon_notification.desktop_notification.win32': Not used on non-Windows systems
[4.828s] INFO:colcon.colcon_notification.desktop_notification:Sending desktop notification using 'notify2'
[4.972s] DEBUG:colcon.colcon_core.event_reactor:joined thread
[5.012s] INFO:colcon.colcon_core.plugin_system:Skipping extension 'colcon_core.shell.bat': Not used on non-Windows systems
[5.014s] INFO:colcon.colcon_core.shell:Creating prefix script '/home/isaiah/metr4202_ws/src/tb3_controller/tb3_controller/install/local_setup.ps1'
[5.021s] INFO:colcon.colcon_core.shell:Creating prefix util module '/home/isaiah/metr4202_ws/src/tb3_controller/tb3_controller/install/_local_setup_util_ps1.py'
[5.032s] INFO:colcon.colcon_core.shell:Creating prefix chain script '/home/isaiah/metr4202_ws/src/tb3_controller/tb3_controller/install/setup.ps1'
[5.046s] INFO:colcon.colcon_core.shell:Creating prefix script '/home/isaiah/metr4202_ws/src/tb3_controller/tb3_controller/install/local_setup.sh'
[5.051s] INFO:colcon.colcon_core.shell:Creating prefix util module '/home/isaiah/metr4202_ws/src/tb3_controller/tb3_controller/install/_local_setup_util_sh.py'
[5.055s] INFO:colcon.colcon_core.shell:Creating prefix chain script '/home/isaiah/metr4202_ws/src/tb3_controller/tb3_controller/install/setup.sh'
[5.075s] INFO:colcon.colcon_core.shell:Creating prefix script '/home/isaiah/metr4202_ws/src/tb3_controller/tb3_controller/install/local_setup.bash'
[5.079s] INFO:colcon.colcon_core.shell:Creating prefix chain script '/home/isaiah/metr4202_ws/src/tb3_controller/tb3_controller/install/setup.bash'
[5.090s] INFO:colcon.colcon_core.shell:Creating prefix script '/home/isaiah/metr4202_ws/src/tb3_controller/tb3_controller/install/local_setup.zsh'
[5.094s] INFO:colcon.colcon_core.shell:Creating prefix chain script '/home/isaiah/metr4202_ws/src/tb3_controller/tb3_controller/install/setup.zsh'
