[5.538s] Invoking command in '/home/isaiah/metr4202_ws/src/tb3_controller/tb3_controller': PYTHONPATH=/home/isaiah/metr4202_ws/src/tb3_controller/build/tb3_controller/prefix_override:/home/isaiah/metr4202_ws/src/tb3_controller/install/tb3_controller/lib/python3.10/site-packages:${PYTHONPATH} /usr/bin/python3 setup.py egg_info --egg-base ../build/tb3_controller build --build-base /home/isaiah/metr4202_ws/src/tb3_controller/build/tb3_controller/build install --record /home/isaiah/metr4202_ws/src/tb3_controller/build/tb3_controller/install.log --single-version-externally-managed
[7.903s] running egg_info
[7.906s] writing ../build/tb3_controller/tb3_controller.egg-info/PKG-INFO
[7.908s] writing dependency_links to ../build/tb3_controller/tb3_controller.egg-info/dependency_links.txt
[7.910s] writing entry points to ../build/tb3_controller/tb3_controller.egg-info/entry_points.txt
[7.911s] writing requirements to ../build/tb3_controller/tb3_controller.egg-info/requires.txt
[7.913s] writing top-level names to ../build/tb3_controller/tb3_controller.egg-info/top_level.txt
[7.928s] reading manifest file '../build/tb3_controller/tb3_controller.egg-info/SOURCES.txt'
[7.933s] writing manifest file '../build/tb3_controller/tb3_controller.egg-info/SOURCES.txt'
[7.939s] running build
[7.940s] running build_py
[7.940s] copying tb3_controller/turtlebot_brain.py -> /home/isaiah/metr4202_ws/src/tb3_controller/build/tb3_controller/build/lib/tb3_controller
[7.941s] running install
[7.942s] running install_lib
[7.944s] copying /home/isaiah/metr4202_ws/src/tb3_controller/build/tb3_controller/build/lib/tb3_controller/turtlebot_brain.py -> /home/isaiah/metr4202_ws/src/tb3_controller/install/tb3_controller/lib/python3.10/site-packages/tb3_controller
[7.948s] byte-compiling /home/isaiah/metr4202_ws/src/tb3_controller/install/tb3_controller/lib/python3.10/site-packages/tb3_controller/turtlebot_brain.py to turtlebot_brain.cpython-310.pyc
[7.971s] running install_data
[7.975s] running install_egg_info
[7.986s] removing '/home/isaiah/metr4202_ws/src/tb3_controller/install/tb3_controller/lib/python3.10/site-packages/tb3_controller-0.0.0-py3.10.egg-info' (and everything under it)
[7.993s] Copying ../build/tb3_controller/tb3_controller.egg-info to /home/isaiah/metr4202_ws/src/tb3_controller/install/tb3_controller/lib/python3.10/site-packages/tb3_controller-0.0.0-py3.10.egg-info
[7.994s] running install_scripts
[8.149s] Installing turtlebot_brain script to /home/isaiah/metr4202_ws/src/tb3_controller/install/tb3_controller/lib/tb3_controller
[8.151s] writing list of installed files to '/home/isaiah/metr4202_ws/src/tb3_controller/build/tb3_controller/install.log'
[8.319s] Invoked command in '/home/isaiah/metr4202_ws/src/tb3_controller/tb3_controller' returned '0': PYTHONPATH=/home/isaiah/metr4202_ws/src/tb3_controller/build/tb3_controller/prefix_override:/home/isaiah/metr4202_ws/src/tb3_controller/install/tb3_controller/lib/python3.10/site-packages:${PYTHONPATH} /usr/bin/python3 setup.py egg_info --egg-base ../build/tb3_controller build --build-base /home/isaiah/metr4202_ws/src/tb3_controller/build/tb3_controller/build install --record /home/isaiah/metr4202_ws/src/tb3_controller/build/tb3_controller/install.log --single-version-externally-managed
