running egg_info
writing build/tb3_controller/tb3_controller.egg-info/PKG-INFO
writing dependency_links to build/tb3_controller/tb3_controller.egg-info/dependency_links.txt
writing entry points to build/tb3_controller/tb3_controller.egg-info/entry_points.txt
writing requirements to build/tb3_controller/tb3_controller.egg-info/requires.txt
writing top-level names to build/tb3_controller/tb3_controller.egg-info/top_level.txt
reading manifest file 'build/tb3_controller/tb3_controller.egg-info/SOURCES.txt'
writing manifest file 'build/tb3_controller/tb3_controller.egg-info/SOURCES.txt'
running build
running build_py
copying tb3_controller/turtlebot_brain.py -> /home/johnson/METR4202/build/tb3_controller/build/lib/tb3_controller
running install
running install_lib
/usr/lib/python3/dist-packages/setuptools/command/install.py:34: SetuptoolsDeprecationWarning: setup.py install is deprecated. Use build and pip and other standards-based tools.
  warnings.warn(
copying /home/johnson/METR4202/build/tb3_controller/build/lib/tb3_controller/turtlebot_brain.py -> /home/johnson/METR4202/install/tb3_controller/lib/python3.10/site-packages/tb3_controller
byte-compiling /home/johnson/METR4202/install/tb3_controller/lib/python3.10/site-packages/tb3_controller/turtlebot_brain.py to turtlebot_brain.cpython-310.pyc
/home/johnson/METR4202/install/tb3_controller/lib/python3.10/site-packages/tb3_controller/turtlebot_brain.py:542: SyntaxWarning: "is not" with a literal. Did you mean "!="?
  if self.mapArray2d[min(xPxl + x, self.mapMsg.info.width - 1), min(yPxl + y, self.mapMsg.info.height - 1)] is not -1:
/home/johnson/METR4202/install/tb3_controller/lib/python3.10/site-packages/tb3_controller/turtlebot_brain.py:555: SyntaxWarning: "is not" with a literal. Did you mean "!="?
  self.mapArray2d[min(xPxl + x, self.mapMsg.info.width - 1), min(yPxl + y, self.mapMsg.info.height - 1)] is not -1:
running install_data
running install_egg_info
removing '/home/johnson/METR4202/install/tb3_controller/lib/python3.10/site-packages/tb3_controller-0.0.0-py3.10.egg-info' (and everything under it)
Copying build/tb3_controller/tb3_controller.egg-info to /home/johnson/METR4202/install/tb3_controller/lib/python3.10/site-packages/tb3_controller-0.0.0-py3.10.egg-info
running install_scripts
Installing turtlebot_brain script to /home/johnson/METR4202/install/tb3_controller/lib/tb3_controller
writing list of installed files to '/home/johnson/METR4202/build/tb3_controller/install.log'
