[1.263s] Invoking command in '/home/johnson/ros_ws/src/waypoint_commander/build/waypoint_commander': PYTHONPATH=/home/johnson/ros_ws/src/waypoint_commander/build/waypoint_commander/prefix_override:/home/johnson/ros_ws/src/waypoint_commander/install/waypoint_commander/lib/python3.10/site-packages:${PYTHONPATH} /usr/bin/python3 setup.py develop --editable --build-directory /home/johnson/ros_ws/src/waypoint_commander/build/waypoint_commander/build --no-deps install_data
[1.676s] running develop
[1.677s] /usr/lib/python3/dist-packages/setuptools/command/easy_install.py:158: EasyInstallDeprecationWarning: easy_install command is deprecated. Use build and pip and other standards-based tools.
[1.677s]   warnings.warn(
[1.679s] /usr/lib/python3/dist-packages/setuptools/command/install.py:34: SetuptoolsDeprecationWarning: setup.py install is deprecated. Use build and pip and other standards-based tools.
[1.679s]   warnings.warn(
[1.765s] /usr/lib/python3/dist-packages/pkg_resources/__init__.py:116: PkgResourcesDeprecationWarning: 1.16.0-unknown is an invalid version and will not be supported in a future release
[1.765s]   warnings.warn(
[1.765s] /usr/lib/python3/dist-packages/pkg_resources/__init__.py:116: PkgResourcesDeprecationWarning: 1.1build1 is an invalid version and will not be supported in a future release
[1.765s]   warnings.warn(
[1.951s] running egg_info
[1.951s] creating waypoint_commander.egg-info
[1.951s] writing waypoint_commander.egg-info/PKG-INFO
[1.951s] writing dependency_links to waypoint_commander.egg-info/dependency_links.txt
[1.951s] writing entry points to waypoint_commander.egg-info/entry_points.txt
[1.952s] writing requirements to waypoint_commander.egg-info/requires.txt
[1.952s] writing top-level names to waypoint_commander.egg-info/top_level.txt
[1.952s] writing manifest file 'waypoint_commander.egg-info/SOURCES.txt'
[1.955s] reading manifest file 'waypoint_commander.egg-info/SOURCES.txt'
[1.955s] writing manifest file 'waypoint_commander.egg-info/SOURCES.txt'
[1.959s] running build_ext
[1.959s] Creating /home/johnson/ros_ws/src/waypoint_commander/install/waypoint_commander/lib/python3.10/site-packages/waypoint-commander.egg-link (link to .)
[1.961s] Installing waypoint_cycler script to /home/johnson/ros_ws/src/waypoint_commander/install/waypoint_commander/lib/waypoint_commander
[1.962s] 
[1.962s] Installed /home/johnson/ros_ws/src/waypoint_commander/build/waypoint_commander
[1.962s] running install_data
[1.962s] creating /home/johnson/ros_ws/src/waypoint_commander/install/waypoint_commander/share/ament_index
[1.962s] creating /home/johnson/ros_ws/src/waypoint_commander/install/waypoint_commander/share/ament_index/resource_index
[1.962s] creating /home/johnson/ros_ws/src/waypoint_commander/install/waypoint_commander/share/ament_index/resource_index/packages
[1.962s] copying resource/waypoint_commander -> /home/johnson/ros_ws/src/waypoint_commander/install/waypoint_commander/share/ament_index/resource_index/packages
[1.962s] copying package.xml -> /home/johnson/ros_ws/src/waypoint_commander/install/waypoint_commander/share/waypoint_commander
[2.016s] Invoked command in '/home/johnson/ros_ws/src/waypoint_commander/build/waypoint_commander' returned '0': PYTHONPATH=/home/johnson/ros_ws/src/waypoint_commander/build/waypoint_commander/prefix_override:/home/johnson/ros_ws/src/waypoint_commander/install/waypoint_commander/lib/python3.10/site-packages:${PYTHONPATH} /usr/bin/python3 setup.py develop --editable --build-directory /home/johnson/ros_ws/src/waypoint_commander/build/waypoint_commander/build --no-deps install_data
