[1.893s] DEBUG:colcon:Command line arguments: ['/usr/bin/colcon', 'build', '--packages-select', 'tb3_controller']
[1.894s] DEBUG:colcon:Parsed command line arguments: Namespace(log_base=None, log_level=None, verb_name='build', build_base='build', install_base='install', merge_install=False, symlink_install=False, test_result_base=None, continue_on_error=False, executor='parallel', parallel_workers=8, event_handlers=None, ignore_user_meta=False, metas=['./colcon.meta'], base_paths=['.'], packages_ignore=None, packages_ignore_regex=None, paths=None, packages_up_to=None, packages_up_to_regex=None, packages_above=None, packages_above_and_dependencies=None, packages_above_depth=None, packages_select_by_dep=None, packages_skip_by_dep=None, packages_skip_up_to=None, packages_select_build_failed=False, packages_skip_build_finished=False, packages_select_test_failures=False, packages_skip_test_passed=False, packages_select=['tb3_controller'], packages_skip=None, packages_select_regex=None, packages_skip_regex=None, packages_start=None, packages_end=None, allow_overriding=[], cmake_args=None, cmake_target=None, cmake_target_skip_unavailable=False, cmake_clean_cache=False, cmake_clean_first=False, cmake_force_configure=False, ament_cmake_args=None, catkin_cmake_args=None, catkin_skip_building_tests=False, verb_parser=<colcon_defaults.argument_parser.defaults.DefaultArgumentsDecorator object at 0x7f6fb79951e0>, verb_extension=<colcon_core.verb.build.BuildVerb object at 0x7f6fb80e1900>, main=<bound method BuildVerb.main of <colcon_core.verb.build.BuildVerb object at 0x7f6fb80e1900>>)
[2.017s] Level 1:colcon.colcon_core.package_discovery:discover_packages(colcon_meta) check parameters
[2.017s] Level 1:colcon.colcon_core.package_discovery:discover_packages(recursive) check parameters
[2.018s] Level 1:colcon.colcon_core.package_discovery:discover_packages(ignore) check parameters
[2.018s] Level 1:colcon.colcon_core.package_discovery:discover_packages(path) check parameters
[2.018s] Level 1:colcon.colcon_core.package_discovery:discover_packages(colcon_meta) discover
[2.019s] Level 1:colcon.colcon_core.package_discovery:discover_packages(recursive) discover
[2.019s] INFO:colcon.colcon_core.package_discovery:Crawling recursively for packages in '/home/johnson/METR4202'
[2.019s] Level 1:colcon.colcon_core.package_identification:_identify(.) by extensions ['ignore', 'ignore_ament_install']
[2.020s] Level 1:colcon.colcon_core.package_identification:_identify(.) by extension 'ignore'
[2.020s] Level 1:colcon.colcon_core.package_identification:_identify(.) by extension 'ignore_ament_install'
[2.020s] Level 1:colcon.colcon_core.package_identification:_identify(.) by extensions ['colcon_pkg']
[2.020s] Level 1:colcon.colcon_core.package_identification:_identify(.) by extension 'colcon_pkg'
[2.021s] Level 1:colcon.colcon_core.package_identification:_identify(.) by extensions ['colcon_meta']
[2.021s] Level 1:colcon.colcon_core.package_identification:_identify(.) by extension 'colcon_meta'
[2.022s] Level 1:colcon.colcon_core.package_identification:_identify(.) by extensions ['ros']
[2.022s] Level 1:colcon.colcon_core.package_identification:_identify(.) by extension 'ros'
[2.125s] DEBUG:colcon.colcon_core.package_identification:Package '.' with type 'ros.ament_python' and name 'tb3_controller'
[2.126s] Level 1:colcon.colcon_core.package_discovery:discover_packages(recursive) using defaults
[2.126s] Level 1:colcon.colcon_core.package_discovery:discover_packages(ignore) discover
[2.126s] Level 1:colcon.colcon_core.package_discovery:discover_packages(ignore) using defaults
[2.126s] Level 1:colcon.colcon_core.package_discovery:discover_packages(path) discover
[2.126s] Level 1:colcon.colcon_core.package_discovery:discover_packages(path) using defaults
[2.220s] Level 1:colcon.colcon_core.package_discovery:discover_packages(prefix_path) check parameters
[2.220s] Level 1:colcon.colcon_core.package_discovery:discover_packages(prefix_path) discover
[2.233s] DEBUG:colcon.colcon_installed_package_information.package_discovery:Found 1 installed packages in /home/johnson/METR4202/install
[2.235s] DEBUG:colcon.colcon_installed_package_information.package_discovery:Found 3 installed packages in /home/johnson/turtlebot3_ws/install
[2.239s] DEBUG:colcon.colcon_installed_package_information.package_discovery:Found 386 installed packages in /opt/ros/humble
[2.252s] Level 1:colcon.colcon_core.package_discovery:discover_packages(prefix_path) using defaults
[2.521s] Level 5:colcon.colcon_core.verb:set package 'tb3_controller' build argument 'cmake_args' from command line to 'None'
[2.521s] Level 5:colcon.colcon_core.verb:set package 'tb3_controller' build argument 'cmake_target' from command line to 'None'
[2.522s] Level 5:colcon.colcon_core.verb:set package 'tb3_controller' build argument 'cmake_target_skip_unavailable' from command line to 'False'
[2.522s] Level 5:colcon.colcon_core.verb:set package 'tb3_controller' build argument 'cmake_clean_cache' from command line to 'False'
[2.522s] Level 5:colcon.colcon_core.verb:set package 'tb3_controller' build argument 'cmake_clean_first' from command line to 'False'
[2.522s] Level 5:colcon.colcon_core.verb:set package 'tb3_controller' build argument 'cmake_force_configure' from command line to 'False'
[2.522s] Level 5:colcon.colcon_core.verb:set package 'tb3_controller' build argument 'ament_cmake_args' from command line to 'None'
[2.522s] Level 5:colcon.colcon_core.verb:set package 'tb3_controller' build argument 'catkin_cmake_args' from command line to 'None'
[2.522s] Level 5:colcon.colcon_core.verb:set package 'tb3_controller' build argument 'catkin_skip_building_tests' from command line to 'False'
[2.523s] DEBUG:colcon.colcon_core.verb:Building package 'tb3_controller' with the following arguments: {'ament_cmake_args': None, 'build_base': '/home/johnson/METR4202/build/tb3_controller', 'catkin_cmake_args': None, 'catkin_skip_building_tests': False, 'cmake_args': None, 'cmake_clean_cache': False, 'cmake_clean_first': False, 'cmake_force_configure': False, 'cmake_target': None, 'cmake_target_skip_unavailable': False, 'install_base': '/home/johnson/METR4202/install/tb3_controller', 'merge_install': False, 'path': '/home/johnson/METR4202', 'symlink_install': False, 'test_result_base': None}
[2.526s] INFO:colcon.colcon_core.executor:Executing jobs using 'parallel' executor
[2.562s] DEBUG:colcon.colcon_parallel_executor.executor.parallel:run_until_complete
[2.563s] INFO:colcon.colcon_ros.task.ament_python.build:Building ROS package in '/home/johnson/METR4202' with build type 'ament_python'
[2.563s] Level 1:colcon.colcon_core.shell:create_environment_hook('tb3_controller', 'ament_prefix_path')
[2.581s] INFO:colcon.colcon_core.plugin_system:Skipping extension 'colcon_core.shell.bat': Not used on non-Windows systems
[2.582s] INFO:colcon.colcon_core.shell:Creating environment hook '/home/johnson/METR4202/install/tb3_controller/share/tb3_controller/hook/ament_prefix_path.ps1'
[2.584s] INFO:colcon.colcon_core.shell:Creating environment descriptor '/home/johnson/METR4202/install/tb3_controller/share/tb3_controller/hook/ament_prefix_path.dsv'
[2.593s] INFO:colcon.colcon_core.shell:Creating environment hook '/home/johnson/METR4202/install/tb3_controller/share/tb3_controller/hook/ament_prefix_path.sh'
[2.599s] INFO:colcon.colcon_core.shell:Skip shell extension 'powershell' for command environment: Not usable outside of PowerShell
[2.599s] DEBUG:colcon.colcon_core.shell:Skip shell extension 'dsv' for command environment
[4.078s] INFO:colcon.colcon_core.task.python.build:Building Python package in '/home/johnson/METR4202'
[4.081s] INFO:colcon.colcon_core.shell:Skip shell extension 'powershell' for command environment: Not usable outside of PowerShell
[4.081s] DEBUG:colcon.colcon_core.shell:Skip shell extension 'dsv' for command environment
[6.054s] DEBUG:colcon.colcon_core.event_handler.log_command:Invoking command in '/home/johnson/METR4202': PYTHONPATH=/home/johnson/METR4202/build/tb3_controller/prefix_override:/home/johnson/METR4202/install/tb3_controller/lib/python3.10/site-packages:${PYTHONPATH} /usr/bin/python3 setup.py egg_info --egg-base build/tb3_controller build --build-base /home/johnson/METR4202/build/tb3_controller/build install --record /home/johnson/METR4202/build/tb3_controller/install.log --single-version-externally-managed
[7.226s] DEBUG:colcon.colcon_core.event_handler.log_command:Invoked command in '/home/johnson/METR4202' returned '0': PYTHONPATH=/home/johnson/METR4202/build/tb3_controller/prefix_override:/home/johnson/METR4202/install/tb3_controller/lib/python3.10/site-packages:${PYTHONPATH} /usr/bin/python3 setup.py egg_info --egg-base build/tb3_controller build --build-base /home/johnson/METR4202/build/tb3_controller/build install --record /home/johnson/METR4202/build/tb3_controller/install.log --single-version-externally-managed
[7.259s] Level 1:colcon.colcon_core.environment:checking '/home/johnson/METR4202/install/tb3_controller' for CMake module files
[7.264s] Level 1:colcon.colcon_core.environment:checking '/home/johnson/METR4202/install/tb3_controller' for CMake config files
[7.265s] Level 1:colcon.colcon_core.environment:checking '/home/johnson/METR4202/install/tb3_controller/lib'
[7.267s] Level 1:colcon.colcon_core.environment:checking '/home/johnson/METR4202/install/tb3_controller/bin'
[7.268s] Level 1:colcon.colcon_core.environment:checking '/home/johnson/METR4202/install/tb3_controller/lib/pkgconfig/tb3_controller.pc'
[7.269s] Level 1:colcon.colcon_core.environment:checking '/home/johnson/METR4202/install/tb3_controller/lib/python3.10/site-packages'
[7.270s] Level 1:colcon.colcon_core.shell:create_environment_hook('tb3_controller', 'pythonpath')
[7.274s] INFO:colcon.colcon_core.shell:Creating environment hook '/home/johnson/METR4202/install/tb3_controller/share/tb3_controller/hook/pythonpath.ps1'
[7.282s] INFO:colcon.colcon_core.shell:Creating environment descriptor '/home/johnson/METR4202/install/tb3_controller/share/tb3_controller/hook/pythonpath.dsv'
[7.286s] INFO:colcon.colcon_core.shell:Creating environment hook '/home/johnson/METR4202/install/tb3_controller/share/tb3_controller/hook/pythonpath.sh'
[7.287s] Level 1:colcon.colcon_core.environment:checking '/home/johnson/METR4202/install/tb3_controller/bin'
[7.288s] Level 1:colcon.colcon_core.environment:create_environment_scripts_only(tb3_controller)
[7.296s] INFO:colcon.colcon_core.shell:Creating package script '/home/johnson/METR4202/install/tb3_controller/share/tb3_controller/package.ps1'
[7.303s] INFO:colcon.colcon_core.shell:Creating package descriptor '/home/johnson/METR4202/install/tb3_controller/share/tb3_controller/package.dsv'
[7.305s] INFO:colcon.colcon_core.shell:Creating package script '/home/johnson/METR4202/install/tb3_controller/share/tb3_controller/package.sh'
[7.308s] INFO:colcon.colcon_core.shell:Creating package script '/home/johnson/METR4202/install/tb3_controller/share/tb3_controller/package.bash'
[7.311s] INFO:colcon.colcon_core.shell:Creating package script '/home/johnson/METR4202/install/tb3_controller/share/tb3_controller/package.zsh'
[7.326s] Level 1:colcon.colcon_core.environment:create_file_with_runtime_dependencies(/home/johnson/METR4202/install/tb3_controller/share/colcon-core/packages/tb3_controller)
[7.338s] DEBUG:colcon.colcon_parallel_executor.executor.parallel:closing loop
[7.339s] DEBUG:colcon.colcon_parallel_executor.executor.parallel:loop closed
[7.339s] DEBUG:colcon.colcon_parallel_executor.executor.parallel:run_until_complete finished with '0'
[7.339s] DEBUG:colcon.colcon_core.event_reactor:joining thread
[7.403s] INFO:colcon.colcon_core.plugin_system:Skipping extension 'colcon_notification.desktop_notification.notify_send': Could not find 'notify-send'
[7.403s] INFO:colcon.colcon_core.plugin_system:Skipping extension 'colcon_notification.desktop_notification.terminal_notifier': Not used on non-Darwin systems
[7.404s] INFO:colcon.colcon_core.plugin_system:Skipping extension 'colcon_notification.desktop_notification.win32': Not used on non-Windows systems
[7.404s] INFO:colcon.colcon_notification.desktop_notification:Sending desktop notification using 'notify2'
[7.407s] DEBUG:colcon.colcon_notification.desktop_notification.notify2:Failed to initialize notify2: org.freedesktop.DBus.Error.ServiceUnknown: The name org.freedesktop.Notifications was not provided by any .service files
[7.407s] DEBUG:colcon.colcon_core.event_reactor:joined thread
[7.412s] INFO:colcon.colcon_core.shell:Creating prefix script '/home/johnson/METR4202/install/local_setup.ps1'
[7.414s] INFO:colcon.colcon_core.shell:Creating prefix util module '/home/johnson/METR4202/install/_local_setup_util_ps1.py'
[7.424s] INFO:colcon.colcon_core.shell:Creating prefix chain script '/home/johnson/METR4202/install/setup.ps1'
[7.431s] INFO:colcon.colcon_core.shell:Creating prefix script '/home/johnson/METR4202/install/local_setup.sh'
[7.434s] INFO:colcon.colcon_core.shell:Creating prefix util module '/home/johnson/METR4202/install/_local_setup_util_sh.py'
[7.435s] INFO:colcon.colcon_core.shell:Creating prefix chain script '/home/johnson/METR4202/install/setup.sh'
[7.439s] INFO:colcon.colcon_core.shell:Creating prefix script '/home/johnson/METR4202/install/local_setup.bash'
[7.440s] INFO:colcon.colcon_core.shell:Creating prefix chain script '/home/johnson/METR4202/install/setup.bash'
[7.444s] INFO:colcon.colcon_core.shell:Creating prefix script '/home/johnson/METR4202/install/local_setup.zsh'
[7.445s] INFO:colcon.colcon_core.shell:Creating prefix chain script '/home/johnson/METR4202/install/setup.zsh'
