[1.992s] Invoking command in '/home/johnson/METR4202': PYTHONPATH=/home/johnson/METR4202/build/tb3_controller/prefix_override:/home/johnson/METR4202/install/tb3_controller/lib/python3.10/site-packages:${PYTHONPATH} /usr/bin/python3 setup.py egg_info --egg-base build/tb3_controller build --build-base /home/johnson/METR4202/build/tb3_controller/build install --record /home/johnson/METR4202/build/tb3_controller/install.log --single-version-externally-managed
[2.874s] running egg_info
[2.876s] writing build/tb3_controller/tb3_controller.egg-info/PKG-INFO
[2.877s] writing dependency_links to build/tb3_controller/tb3_controller.egg-info/dependency_links.txt
[2.878s] writing entry points to build/tb3_controller/tb3_controller.egg-info/entry_points.txt
[2.879s] writing requirements to build/tb3_controller/tb3_controller.egg-info/requires.txt
[2.880s] writing top-level names to build/tb3_controller/tb3_controller.egg-info/top_level.txt
[2.884s] reading manifest file 'build/tb3_controller/tb3_controller.egg-info/SOURCES.txt'
[2.887s] writing manifest file 'build/tb3_controller/tb3_controller.egg-info/SOURCES.txt'
[2.889s] running build
[2.890s] running build_py
[2.891s] copying tb3_controller/turtlebot_brain.py -> /home/johnson/METR4202/build/tb3_controller/build/lib/tb3_controller
[2.893s] running install
[2.894s] /usr/lib/python3/dist-packages/setuptools/command/install.py:34: SetuptoolsDeprecationWarning: setup.py install is deprecated. Use build and pip and other standards-based tools.
[2.894s]   warnings.warn(
[2.896s] running install_lib
[2.899s] copying /home/johnson/METR4202/build/tb3_controller/build/lib/tb3_controller/turtlebot_brain.py -> /home/johnson/METR4202/install/tb3_controller/lib/python3.10/site-packages/tb3_controller
[2.913s] byte-compiling /home/johnson/METR4202/install/tb3_controller/lib/python3.10/site-packages/tb3_controller/turtlebot_brain.py to turtlebot_brain.cpython-310.pyc
[2.928s] running install_data
[2.929s] running install_egg_info
[2.933s] removing '/home/johnson/METR4202/install/tb3_controller/lib/python3.10/site-packages/tb3_controller-0.0.0-py3.10.egg-info' (and everything under it)
[2.942s] Copying build/tb3_controller/tb3_controller.egg-info to /home/johnson/METR4202/install/tb3_controller/lib/python3.10/site-packages/tb3_controller-0.0.0-py3.10.egg-info
[2.942s] running install_scripts
[3.040s] Installing turtlebot_brain script to /home/johnson/METR4202/install/tb3_controller/lib/tb3_controller
[3.041s] writing list of installed files to '/home/johnson/METR4202/build/tb3_controller/install.log'
[3.201s] Invoked command in '/home/johnson/METR4202' returned '0': PYTHONPATH=/home/johnson/METR4202/build/tb3_controller/prefix_override:/home/johnson/METR4202/install/tb3_controller/lib/python3.10/site-packages:${PYTHONPATH} /usr/bin/python3 setup.py egg_info --egg-base build/tb3_controller build --build-base /home/johnson/METR4202/build/tb3_controller/build install --record /home/johnson/METR4202/build/tb3_controller/install.log --single-version-externally-managed
