[4.155s] Invoking command in '/home/isaiah/metr4202_ws/src/tb3_controller': PYTHONPATH=/home/isaiah/metr4202_ws/src/tb3_controller/build/tb3_controller/prefix_override:/home/isaiah/metr4202_ws/src/tb3_controller/install/tb3_controller/lib/python3.10/site-packages:${PYTHONPATH} /usr/bin/python3 setup.py egg_info --egg-base build/tb3_controller build --build-base /home/isaiah/metr4202_ws/src/tb3_controller/build/tb3_controller/build install --record /home/isaiah/metr4202_ws/src/tb3_controller/build/tb3_controller/install.log --single-version-externally-managed
[5.805s] running egg_info
[5.807s] writing build/tb3_controller/tb3_controller.egg-info/PKG-INFO
[5.811s] writing dependency_links to build/tb3_controller/tb3_controller.egg-info/dependency_links.txt
[5.811s] writing entry points to build/tb3_controller/tb3_controller.egg-info/entry_points.txt
[5.812s] writing requirements to build/tb3_controller/tb3_controller.egg-info/requires.txt
[5.812s] writing top-level names to build/tb3_controller/tb3_controller.egg-info/top_level.txt
[5.816s] reading manifest file 'build/tb3_controller/tb3_controller.egg-info/SOURCES.txt'
[5.821s] writing manifest file 'build/tb3_controller/tb3_controller.egg-info/SOURCES.txt'
[5.821s] running build
[5.822s] running build_py
[5.823s] copying tb3_controller/turtlebot_brain.py -> /home/isaiah/metr4202_ws/src/tb3_controller/build/tb3_controller/build/lib/tb3_controller
[5.823s] running install
[5.824s] running install_lib
[5.829s] copying /home/isaiah/metr4202_ws/src/tb3_controller/build/tb3_controller/build/lib/tb3_controller/turtlebot_brain.py -> /home/isaiah/metr4202_ws/src/tb3_controller/install/tb3_controller/lib/python3.10/site-packages/tb3_controller
[5.833s] byte-compiling /home/isaiah/metr4202_ws/src/tb3_controller/install/tb3_controller/lib/python3.10/site-packages/tb3_controller/turtlebot_brain.py to turtlebot_brain.cpython-310.pyc
[5.848s] running install_data
[5.855s] running install_egg_info
[5.859s] removing '/home/isaiah/metr4202_ws/src/tb3_controller/install/tb3_controller/lib/python3.10/site-packages/tb3_controller-0.0.0-py3.10.egg-info' (and everything under it)
[5.860s] Copying build/tb3_controller/tb3_controller.egg-info to /home/isaiah/metr4202_ws/src/tb3_controller/install/tb3_controller/lib/python3.10/site-packages/tb3_controller-0.0.0-py3.10.egg-info
[5.867s] running install_scripts
[5.982s] Installing turtlebot_brain script to /home/isaiah/metr4202_ws/src/tb3_controller/install/tb3_controller/lib/tb3_controller
[5.991s] writing list of installed files to '/home/isaiah/metr4202_ws/src/tb3_controller/build/tb3_controller/install.log'
[6.081s] Invoked command in '/home/isaiah/metr4202_ws/src/tb3_controller' returned '0': PYTHONPATH=/home/isaiah/metr4202_ws/src/tb3_controller/build/tb3_controller/prefix_override:/home/isaiah/metr4202_ws/src/tb3_controller/install/tb3_controller/lib/python3.10/site-packages:${PYTHONPATH} /usr/bin/python3 setup.py egg_info --egg-base build/tb3_controller build --build-base /home/isaiah/metr4202_ws/src/tb3_controller/build/tb3_controller/build install --record /home/isaiah/metr4202_ws/src/tb3_controller/build/tb3_controller/install.log --single-version-externally-managed
