[1.115s] DEBUG:colcon:Command line arguments: ['/usr/bin/colcon', 'build', '--packages-select', 'tb3_controller']
[1.115s] DEBUG:colcon:Parsed command line arguments: Namespace(log_base=None, log_level=None, verb_name='build', build_base='build', install_base='install', merge_install=False, symlink_install=False, test_result_base=None, continue_on_error=False, executor='parallel', parallel_workers=8, event_handlers=None, ignore_user_meta=False, metas=['./colcon.meta'], base_paths=['.'], packages_ignore=None, packages_ignore_regex=None, paths=None, packages_up_to=None, packages_up_to_regex=None, packages_above=None, packages_above_and_dependencies=None, packages_above_depth=None, packages_select_by_dep=None, packages_skip_by_dep=None, packages_skip_up_to=None, packages_select_build_failed=False, packages_skip_build_finished=False, packages_select_test_failures=False, packages_skip_test_passed=False, packages_select=['tb3_controller'], packages_skip=None, packages_select_regex=None, packages_skip_regex=None, packages_start=None, packages_end=None, allow_overriding=[], cmake_args=None, cmake_target=None, cmake_target_skip_unavailable=False, cmake_clean_cache=False, cmake_clean_first=False, cmake_force_configure=False, ament_cmake_args=None, catkin_cmake_args=None, catkin_skip_building_tests=False, verb_parser=<colcon_defaults.argument_parser.defaults.DefaultArgumentsDecorator object at 0x7f1d25786290>, verb_extension=<colcon_core.verb.build.BuildVerb object at 0x7f1d25f43370>, main=<bound method BuildVerb.main of <colcon_core.verb.build.BuildVerb object at 0x7f1d25f43370>>)
[1.209s] Level 1:colcon.colcon_core.package_discovery:discover_packages(colcon_meta) check parameters
[1.209s] Level 1:colcon.colcon_core.package_discovery:discover_packages(recursive) check parameters
[1.209s] Level 1:colcon.colcon_core.package_discovery:discover_packages(ignore) check parameters
[1.209s] Level 1:colcon.colcon_core.package_discovery:discover_packages(path) check parameters
[1.209s] Level 1:colcon.colcon_core.package_discovery:discover_packages(colcon_meta) discover
[1.210s] Level 1:colcon.colcon_core.package_discovery:discover_packages(recursive) discover
[1.210s] INFO:colcon.colcon_core.package_discovery:Crawling recursively for packages in '/home/johnson/METR4202'
[1.210s] Level 1:colcon.colcon_core.package_identification:_identify(.) by extensions ['ignore', 'ignore_ament_install']
[1.210s] Level 1:colcon.colcon_core.package_identification:_identify(.) by extension 'ignore'
[1.211s] Level 1:colcon.colcon_core.package_identification:_identify(.) by extension 'ignore_ament_install'
[1.211s] Level 1:colcon.colcon_core.package_identification:_identify(.) by extensions ['colcon_pkg']
[1.211s] Level 1:colcon.colcon_core.package_identification:_identify(.) by extension 'colcon_pkg'
[1.211s] Level 1:colcon.colcon_core.package_identification:_identify(.) by extensions ['colcon_meta']
[1.211s] Level 1:colcon.colcon_core.package_identification:_identify(.) by extension 'colcon_meta'
[1.212s] Level 1:colcon.colcon_core.package_identification:_identify(.) by extensions ['ros']
[1.212s] Level 1:colcon.colcon_core.package_identification:_identify(.) by extension 'ros'
[1.273s] Level 1:colcon.colcon_core.package_identification:_identify(.) by extensions ['cmake', 'python']
[1.276s] Level 1:colcon.colcon_core.package_identification:_identify(.) by extension 'cmake'
[1.276s] Level 1:colcon.colcon_core.package_identification:_identify(.) by extension 'python'
[1.277s] Level 1:colcon.colcon_core.package_identification:_identify(.) by extensions ['python_setup_py']
[1.277s] Level 1:colcon.colcon_core.package_identification:_identify(.) by extension 'python_setup_py'
[1.277s] Level 1:colcon.colcon_core.package_identification:_identify(Instructions) by extensions ['ignore', 'ignore_ament_install']
[1.278s] Level 1:colcon.colcon_core.package_identification:_identify(Instructions) by extension 'ignore'
[1.278s] Level 1:colcon.colcon_core.package_identification:_identify(Instructions) by extension 'ignore_ament_install'
[1.278s] Level 1:colcon.colcon_core.package_identification:_identify(Instructions) by extensions ['colcon_pkg']
[1.279s] Level 1:colcon.colcon_core.package_identification:_identify(Instructions) by extension 'colcon_pkg'
[1.279s] Level 1:colcon.colcon_core.package_identification:_identify(Instructions) by extensions ['colcon_meta']
[1.279s] Level 1:colcon.colcon_core.package_identification:_identify(Instructions) by extension 'colcon_meta'
[1.279s] Level 1:colcon.colcon_core.package_identification:_identify(Instructions) by extensions ['ros']
[1.280s] Level 1:colcon.colcon_core.package_identification:_identify(Instructions) by extension 'ros'
[1.281s] Level 1:colcon.colcon_core.package_identification:_identify(Instructions) by extensions ['cmake', 'python']
[1.281s] Level 1:colcon.colcon_core.package_identification:_identify(Instructions) by extension 'cmake'
[1.281s] Level 1:colcon.colcon_core.package_identification:_identify(Instructions) by extension 'python'
[1.281s] Level 1:colcon.colcon_core.package_identification:_identify(Instructions) by extensions ['python_setup_py']
[1.281s] Level 1:colcon.colcon_core.package_identification:_identify(Instructions) by extension 'python_setup_py'
[1.281s] Level 1:colcon.colcon_core.package_identification:_identify(build) by extensions ['ignore', 'ignore_ament_install']
[1.282s] Level 1:colcon.colcon_core.package_identification:_identify(build) by extension 'ignore'
[1.282s] Level 1:colcon.colcon_core.package_identification:_identify(build) ignored
[1.283s] Level 1:colcon.colcon_core.package_identification:_identify(install) by extensions ['ignore', 'ignore_ament_install']
[1.283s] Level 1:colcon.colcon_core.package_identification:_identify(install) by extension 'ignore'
[1.283s] Level 1:colcon.colcon_core.package_identification:_identify(install) ignored
[1.283s] Level 1:colcon.colcon_core.package_identification:_identify(log) by extensions ['ignore', 'ignore_ament_install']
[1.283s] Level 1:colcon.colcon_core.package_identification:_identify(log) by extension 'ignore'
[1.283s] Level 1:colcon.colcon_core.package_identification:_identify(log) ignored
[1.283s] Level 1:colcon.colcon_core.package_identification:_identify(maps) by extensions ['ignore', 'ignore_ament_install']
[1.283s] Level 1:colcon.colcon_core.package_identification:_identify(maps) by extension 'ignore'
[1.284s] Level 1:colcon.colcon_core.package_identification:_identify(maps) by extension 'ignore_ament_install'
[1.284s] Level 1:colcon.colcon_core.package_identification:_identify(maps) by extensions ['colcon_pkg']
[1.284s] Level 1:colcon.colcon_core.package_identification:_identify(maps) by extension 'colcon_pkg'
[1.284s] Level 1:colcon.colcon_core.package_identification:_identify(maps) by extensions ['colcon_meta']
[1.284s] Level 1:colcon.colcon_core.package_identification:_identify(maps) by extension 'colcon_meta'
[1.284s] Level 1:colcon.colcon_core.package_identification:_identify(maps) by extensions ['ros']
[1.284s] Level 1:colcon.colcon_core.package_identification:_identify(maps) by extension 'ros'
[1.284s] Level 1:colcon.colcon_core.package_identification:_identify(maps) by extensions ['cmake', 'python']
[1.284s] Level 1:colcon.colcon_core.package_identification:_identify(maps) by extension 'cmake'
[1.284s] Level 1:colcon.colcon_core.package_identification:_identify(maps) by extension 'python'
[1.284s] Level 1:colcon.colcon_core.package_identification:_identify(maps) by extensions ['python_setup_py']
[1.284s] Level 1:colcon.colcon_core.package_identification:_identify(maps) by extension 'python_setup_py'
[1.285s] Level 1:colcon.colcon_core.package_identification:_identify(src) by extensions ['ignore', 'ignore_ament_install']
[1.285s] Level 1:colcon.colcon_core.package_identification:_identify(src) by extension 'ignore'
[1.285s] Level 1:colcon.colcon_core.package_identification:_identify(src) by extension 'ignore_ament_install'
[1.285s] Level 1:colcon.colcon_core.package_identification:_identify(src) by extensions ['colcon_pkg']
[1.285s] Level 1:colcon.colcon_core.package_identification:_identify(src) by extension 'colcon_pkg'
[1.285s] Level 1:colcon.colcon_core.package_identification:_identify(src) by extensions ['colcon_meta']
[1.286s] Level 1:colcon.colcon_core.package_identification:_identify(src) by extension 'colcon_meta'
[1.286s] Level 1:colcon.colcon_core.package_identification:_identify(src) by extensions ['ros']
[1.286s] Level 1:colcon.colcon_core.package_identification:_identify(src) by extension 'ros'
[1.286s] Level 1:colcon.colcon_core.package_identification:_identify(src) by extensions ['cmake', 'python']
[1.286s] Level 1:colcon.colcon_core.package_identification:_identify(src) by extension 'cmake'
[1.286s] Level 1:colcon.colcon_core.package_identification:_identify(src) by extension 'python'
[1.286s] Level 1:colcon.colcon_core.package_identification:_identify(src) by extensions ['python_setup_py']
[1.286s] Level 1:colcon.colcon_core.package_identification:_identify(src) by extension 'python_setup_py'
[1.286s] Level 1:colcon.colcon_core.package_identification:_identify(src/build) by extensions ['ignore', 'ignore_ament_install']
[1.286s] Level 1:colcon.colcon_core.package_identification:_identify(src/build) by extension 'ignore'
[1.287s] Level 1:colcon.colcon_core.package_identification:_identify(src/build) ignored
[1.287s] Level 1:colcon.colcon_core.package_identification:_identify(src/install) by extensions ['ignore', 'ignore_ament_install']
[1.287s] Level 1:colcon.colcon_core.package_identification:_identify(src/install) by extension 'ignore'
[1.287s] Level 1:colcon.colcon_core.package_identification:_identify(src/install) by extension 'ignore_ament_install'
[1.287s] Level 1:colcon.colcon_core.package_identification:_identify(src/install) by extensions ['colcon_pkg']
[1.287s] Level 1:colcon.colcon_core.package_identification:_identify(src/install) by extension 'colcon_pkg'
[1.287s] Level 1:colcon.colcon_core.package_identification:_identify(src/install) by extensions ['colcon_meta']
[1.287s] Level 1:colcon.colcon_core.package_identification:_identify(src/install) by extension 'colcon_meta'
[1.287s] Level 1:colcon.colcon_core.package_identification:_identify(src/install) by extensions ['ros']
[1.287s] Level 1:colcon.colcon_core.package_identification:_identify(src/install) by extension 'ros'
[1.287s] Level 1:colcon.colcon_core.package_identification:_identify(src/install) by extensions ['cmake', 'python']
[1.287s] Level 1:colcon.colcon_core.package_identification:_identify(src/install) by extension 'cmake'
[1.288s] Level 1:colcon.colcon_core.package_identification:_identify(src/install) by extension 'python'
[1.288s] Level 1:colcon.colcon_core.package_identification:_identify(src/install) by extensions ['python_setup_py']
[1.288s] Level 1:colcon.colcon_core.package_identification:_identify(src/install) by extension 'python_setup_py'
[1.288s] Level 1:colcon.colcon_core.package_identification:_identify(src/install/waypoint_commander) by extensions ['ignore', 'ignore_ament_install']
[1.288s] Level 1:colcon.colcon_core.package_identification:_identify(src/install/waypoint_commander) by extension 'ignore'
[1.288s] Level 1:colcon.colcon_core.package_identification:_identify(src/install/waypoint_commander) by extension 'ignore_ament_install'
[1.288s] Level 1:colcon.colcon_core.package_identification:_identify(src/install/waypoint_commander) by extensions ['colcon_pkg']
[1.288s] Level 1:colcon.colcon_core.package_identification:_identify(src/install/waypoint_commander) by extension 'colcon_pkg'
[1.288s] Level 1:colcon.colcon_core.package_identification:_identify(src/install/waypoint_commander) by extensions ['colcon_meta']
[1.288s] Level 1:colcon.colcon_core.package_identification:_identify(src/install/waypoint_commander) by extension 'colcon_meta'
[1.288s] Level 1:colcon.colcon_core.package_identification:_identify(src/install/waypoint_commander) by extensions ['ros']
[1.288s] Level 1:colcon.colcon_core.package_identification:_identify(src/install/waypoint_commander) by extension 'ros'
[1.289s] Level 1:colcon.colcon_core.package_identification:_identify(src/install/waypoint_commander) by extensions ['cmake', 'python']
[1.289s] Level 1:colcon.colcon_core.package_identification:_identify(src/install/waypoint_commander) by extension 'cmake'
[1.289s] Level 1:colcon.colcon_core.package_identification:_identify(src/install/waypoint_commander) by extension 'python'
[1.289s] Level 1:colcon.colcon_core.package_identification:_identify(src/install/waypoint_commander) by extensions ['python_setup_py']
[1.290s] Level 1:colcon.colcon_core.package_identification:_identify(src/install/waypoint_commander) by extension 'python_setup_py'
[1.290s] Level 1:colcon.colcon_core.package_identification:_identify(src/install/waypoint_commander/lib) by extensions ['ignore', 'ignore_ament_install']
[1.290s] Level 1:colcon.colcon_core.package_identification:_identify(src/install/waypoint_commander/lib) by extension 'ignore'
[1.290s] Level 1:colcon.colcon_core.package_identification:_identify(src/install/waypoint_commander/lib) by extension 'ignore_ament_install'
[1.291s] Level 1:colcon.colcon_core.package_identification:_identify(src/install/waypoint_commander/lib) by extensions ['colcon_pkg']
[1.291s] Level 1:colcon.colcon_core.package_identification:_identify(src/install/waypoint_commander/lib) by extension 'colcon_pkg'
[1.296s] Level 1:colcon.colcon_core.package_identification:_identify(src/install/waypoint_commander/lib) by extensions ['colcon_meta']
[1.297s] Level 1:colcon.colcon_core.package_identification:_identify(src/install/waypoint_commander/lib) by extension 'colcon_meta'
[1.297s] Level 1:colcon.colcon_core.package_identification:_identify(src/install/waypoint_commander/lib) by extensions ['ros']
[1.297s] Level 1:colcon.colcon_core.package_identification:_identify(src/install/waypoint_commander/lib) by extension 'ros'
[1.297s] Level 1:colcon.colcon_core.package_identification:_identify(src/install/waypoint_commander/lib) by extensions ['cmake', 'python']
[1.297s] Level 1:colcon.colcon_core.package_identification:_identify(src/install/waypoint_commander/lib) by extension 'cmake'
[1.297s] Level 1:colcon.colcon_core.package_identification:_identify(src/install/waypoint_commander/lib) by extension 'python'
[1.297s] Level 1:colcon.colcon_core.package_identification:_identify(src/install/waypoint_commander/lib) by extensions ['python_setup_py']
[1.297s] Level 1:colcon.colcon_core.package_identification:_identify(src/install/waypoint_commander/lib) by extension 'python_setup_py'
[1.297s] Level 1:colcon.colcon_core.package_identification:_identify(src/install/waypoint_commander/lib/python3.10) by extensions ['ignore', 'ignore_ament_install']
[1.297s] Level 1:colcon.colcon_core.package_identification:_identify(src/install/waypoint_commander/lib/python3.10) by extension 'ignore'
[1.298s] Level 1:colcon.colcon_core.package_identification:_identify(src/install/waypoint_commander/lib/python3.10) by extension 'ignore_ament_install'
[1.298s] Level 1:colcon.colcon_core.package_identification:_identify(src/install/waypoint_commander/lib/python3.10) by extensions ['colcon_pkg']
[1.298s] Level 1:colcon.colcon_core.package_identification:_identify(src/install/waypoint_commander/lib/python3.10) by extension 'colcon_pkg'
[1.298s] Level 1:colcon.colcon_core.package_identification:_identify(src/install/waypoint_commander/lib/python3.10) by extensions ['colcon_meta']
[1.298s] Level 1:colcon.colcon_core.package_identification:_identify(src/install/waypoint_commander/lib/python3.10) by extension 'colcon_meta'
[1.298s] Level 1:colcon.colcon_core.package_identification:_identify(src/install/waypoint_commander/lib/python3.10) by extensions ['ros']
[1.298s] Level 1:colcon.colcon_core.package_identification:_identify(src/install/waypoint_commander/lib/python3.10) by extension 'ros'
[1.298s] Level 1:colcon.colcon_core.package_identification:_identify(src/install/waypoint_commander/lib/python3.10) by extensions ['cmake', 'python']
[1.298s] Level 1:colcon.colcon_core.package_identification:_identify(src/install/waypoint_commander/lib/python3.10) by extension 'cmake'
[1.298s] Level 1:colcon.colcon_core.package_identification:_identify(src/install/waypoint_commander/lib/python3.10) by extension 'python'
[1.298s] Level 1:colcon.colcon_core.package_identification:_identify(src/install/waypoint_commander/lib/python3.10) by extensions ['python_setup_py']
[1.298s] Level 1:colcon.colcon_core.package_identification:_identify(src/install/waypoint_commander/lib/python3.10) by extension 'python_setup_py'
[1.299s] Level 1:colcon.colcon_core.package_identification:_identify(src/install/waypoint_commander/lib/python3.10/site-packages) by extensions ['ignore', 'ignore_ament_install']
[1.299s] Level 1:colcon.colcon_core.package_identification:_identify(src/install/waypoint_commander/lib/python3.10/site-packages) by extension 'ignore'
[1.299s] Level 1:colcon.colcon_core.package_identification:_identify(src/install/waypoint_commander/lib/python3.10/site-packages) by extension 'ignore_ament_install'
[1.299s] Level 1:colcon.colcon_core.package_identification:_identify(src/install/waypoint_commander/lib/python3.10/site-packages) by extensions ['colcon_pkg']
[1.299s] Level 1:colcon.colcon_core.package_identification:_identify(src/install/waypoint_commander/lib/python3.10/site-packages) by extension 'colcon_pkg'
[1.299s] Level 1:colcon.colcon_core.package_identification:_identify(src/install/waypoint_commander/lib/python3.10/site-packages) by extensions ['colcon_meta']
[1.299s] Level 1:colcon.colcon_core.package_identification:_identify(src/install/waypoint_commander/lib/python3.10/site-packages) by extension 'colcon_meta'
[1.299s] Level 1:colcon.colcon_core.package_identification:_identify(src/install/waypoint_commander/lib/python3.10/site-packages) by extensions ['ros']
[1.300s] Level 1:colcon.colcon_core.package_identification:_identify(src/install/waypoint_commander/lib/python3.10/site-packages) by extension 'ros'
[1.300s] Level 1:colcon.colcon_core.package_identification:_identify(src/install/waypoint_commander/lib/python3.10/site-packages) by extensions ['cmake', 'python']
[1.300s] Level 1:colcon.colcon_core.package_identification:_identify(src/install/waypoint_commander/lib/python3.10/site-packages) by extension 'cmake'
[1.300s] Level 1:colcon.colcon_core.package_identification:_identify(src/install/waypoint_commander/lib/python3.10/site-packages) by extension 'python'
[1.300s] Level 1:colcon.colcon_core.package_identification:_identify(src/install/waypoint_commander/lib/python3.10/site-packages) by extensions ['python_setup_py']
[1.300s] Level 1:colcon.colcon_core.package_identification:_identify(src/install/waypoint_commander/lib/python3.10/site-packages) by extension 'python_setup_py'
[1.300s] Level 1:colcon.colcon_core.package_identification:_identify(src/install/waypoint_commander/lib/waypoint_commander) by extensions ['ignore', 'ignore_ament_install']
[1.300s] Level 1:colcon.colcon_core.package_identification:_identify(src/install/waypoint_commander/lib/waypoint_commander) by extension 'ignore'
[1.300s] Level 1:colcon.colcon_core.package_identification:_identify(src/install/waypoint_commander/lib/waypoint_commander) by extension 'ignore_ament_install'
[1.300s] Level 1:colcon.colcon_core.package_identification:_identify(src/install/waypoint_commander/lib/waypoint_commander) by extensions ['colcon_pkg']
[1.300s] Level 1:colcon.colcon_core.package_identification:_identify(src/install/waypoint_commander/lib/waypoint_commander) by extension 'colcon_pkg'
[1.301s] Level 1:colcon.colcon_core.package_identification:_identify(src/install/waypoint_commander/lib/waypoint_commander) by extensions ['colcon_meta']
[1.301s] Level 1:colcon.colcon_core.package_identification:_identify(src/install/waypoint_commander/lib/waypoint_commander) by extension 'colcon_meta'
[1.301s] Level 1:colcon.colcon_core.package_identification:_identify(src/install/waypoint_commander/lib/waypoint_commander) by extensions ['ros']
[1.301s] Level 1:colcon.colcon_core.package_identification:_identify(src/install/waypoint_commander/lib/waypoint_commander) by extension 'ros'
[1.301s] Level 1:colcon.colcon_core.package_identification:_identify(src/install/waypoint_commander/lib/waypoint_commander) by extensions ['cmake', 'python']
[1.301s] Level 1:colcon.colcon_core.package_identification:_identify(src/install/waypoint_commander/lib/waypoint_commander) by extension 'cmake'
[1.302s] Level 1:colcon.colcon_core.package_identification:_identify(src/install/waypoint_commander/lib/waypoint_commander) by extension 'python'
[1.303s] Level 1:colcon.colcon_core.package_identification:_identify(src/install/waypoint_commander/lib/waypoint_commander) by extensions ['python_setup_py']
[1.303s] Level 1:colcon.colcon_core.package_identification:_identify(src/install/waypoint_commander/lib/waypoint_commander) by extension 'python_setup_py'
[1.303s] Level 1:colcon.colcon_core.package_identification:_identify(src/turtlebot3_simulations) by extensions ['ignore', 'ignore_ament_install']
[1.303s] Level 1:colcon.colcon_core.package_identification:_identify(src/turtlebot3_simulations) by extension 'ignore'
[1.303s] Level 1:colcon.colcon_core.package_identification:_identify(src/turtlebot3_simulations) by extension 'ignore_ament_install'
[1.304s] Level 1:colcon.colcon_core.package_identification:_identify(src/turtlebot3_simulations) by extensions ['colcon_pkg']
[1.304s] Level 1:colcon.colcon_core.package_identification:_identify(src/turtlebot3_simulations) by extension 'colcon_pkg'
[1.304s] Level 1:colcon.colcon_core.package_identification:_identify(src/turtlebot3_simulations) by extensions ['colcon_meta']
[1.304s] Level 1:colcon.colcon_core.package_identification:_identify(src/turtlebot3_simulations) by extension 'colcon_meta'
[1.304s] Level 1:colcon.colcon_core.package_identification:_identify(src/turtlebot3_simulations) by extensions ['ros']
[1.304s] Level 1:colcon.colcon_core.package_identification:_identify(src/turtlebot3_simulations) by extension 'ros'
[1.304s] Level 1:colcon.colcon_core.package_identification:_identify(src/turtlebot3_simulations) by extensions ['cmake', 'python']
[1.304s] Level 1:colcon.colcon_core.package_identification:_identify(src/turtlebot3_simulations) by extension 'cmake'
[1.304s] Level 1:colcon.colcon_core.package_identification:_identify(src/turtlebot3_simulations) by extension 'python'
[1.304s] Level 1:colcon.colcon_core.package_identification:_identify(src/turtlebot3_simulations) by extensions ['python_setup_py']
[1.305s] Level 1:colcon.colcon_core.package_identification:_identify(src/turtlebot3_simulations) by extension 'python_setup_py'
[1.305s] Level 1:colcon.colcon_core.package_identification:_identify(src/turtlebot3_simulations/turtlebot3_fake_node) by extensions ['ignore', 'ignore_ament_install']
[1.305s] Level 1:colcon.colcon_core.package_identification:_identify(src/turtlebot3_simulations/turtlebot3_fake_node) by extension 'ignore'
[1.305s] Level 1:colcon.colcon_core.package_identification:_identify(src/turtlebot3_simulations/turtlebot3_fake_node) by extension 'ignore_ament_install'
[1.305s] Level 1:colcon.colcon_core.package_identification:_identify(src/turtlebot3_simulations/turtlebot3_fake_node) by extensions ['colcon_pkg']
[1.305s] Level 1:colcon.colcon_core.package_identification:_identify(src/turtlebot3_simulations/turtlebot3_fake_node) by extension 'colcon_pkg'
[1.305s] Level 1:colcon.colcon_core.package_identification:_identify(src/turtlebot3_simulations/turtlebot3_fake_node) by extensions ['colcon_meta']
[1.305s] Level 1:colcon.colcon_core.package_identification:_identify(src/turtlebot3_simulations/turtlebot3_fake_node) by extension 'colcon_meta'
[1.307s] Level 1:colcon.colcon_core.package_identification:_identify(src/turtlebot3_simulations/turtlebot3_fake_node) by extensions ['ros']
[1.307s] Level 1:colcon.colcon_core.package_identification:_identify(src/turtlebot3_simulations/turtlebot3_fake_node) by extension 'ros'
[1.317s] DEBUG:colcon.colcon_core.package_identification:Package 'src/turtlebot3_simulations/turtlebot3_fake_node' with type 'ros.ament_cmake' and name 'turtlebot3_fake_node'
[1.318s] Level 1:colcon.colcon_core.package_identification:_identify(src/turtlebot3_simulations/turtlebot3_gazebo) by extensions ['ignore', 'ignore_ament_install']
[1.318s] Level 1:colcon.colcon_core.package_identification:_identify(src/turtlebot3_simulations/turtlebot3_gazebo) by extension 'ignore'
[1.318s] Level 1:colcon.colcon_core.package_identification:_identify(src/turtlebot3_simulations/turtlebot3_gazebo) by extension 'ignore_ament_install'
[1.318s] Level 1:colcon.colcon_core.package_identification:_identify(src/turtlebot3_simulations/turtlebot3_gazebo) by extensions ['colcon_pkg']
[1.318s] Level 1:colcon.colcon_core.package_identification:_identify(src/turtlebot3_simulations/turtlebot3_gazebo) by extension 'colcon_pkg'
[1.319s] Level 1:colcon.colcon_core.package_identification:_identify(src/turtlebot3_simulations/turtlebot3_gazebo) by extensions ['colcon_meta']
[1.319s] Level 1:colcon.colcon_core.package_identification:_identify(src/turtlebot3_simulations/turtlebot3_gazebo) by extension 'colcon_meta'
[1.319s] Level 1:colcon.colcon_core.package_identification:_identify(src/turtlebot3_simulations/turtlebot3_gazebo) by extensions ['ros']
[1.319s] Level 1:colcon.colcon_core.package_identification:_identify(src/turtlebot3_simulations/turtlebot3_gazebo) by extension 'ros'
[1.322s] DEBUG:colcon.colcon_core.package_identification:Package 'src/turtlebot3_simulations/turtlebot3_gazebo' with type 'ros.ament_cmake' and name 'turtlebot3_gazebo'
[1.322s] Level 1:colcon.colcon_core.package_identification:_identify(src/turtlebot3_simulations/turtlebot3_simulations) by extensions ['ignore', 'ignore_ament_install']
[1.322s] Level 1:colcon.colcon_core.package_identification:_identify(src/turtlebot3_simulations/turtlebot3_simulations) by extension 'ignore'
[1.322s] Level 1:colcon.colcon_core.package_identification:_identify(src/turtlebot3_simulations/turtlebot3_simulations) by extension 'ignore_ament_install'
[1.322s] Level 1:colcon.colcon_core.package_identification:_identify(src/turtlebot3_simulations/turtlebot3_simulations) by extensions ['colcon_pkg']
[1.322s] Level 1:colcon.colcon_core.package_identification:_identify(src/turtlebot3_simulations/turtlebot3_simulations) by extension 'colcon_pkg'
[1.322s] Level 1:colcon.colcon_core.package_identification:_identify(src/turtlebot3_simulations/turtlebot3_simulations) by extensions ['colcon_meta']
[1.322s] Level 1:colcon.colcon_core.package_identification:_identify(src/turtlebot3_simulations/turtlebot3_simulations) by extension 'colcon_meta'
[1.323s] Level 1:colcon.colcon_core.package_identification:_identify(src/turtlebot3_simulations/turtlebot3_simulations) by extensions ['ros']
[1.323s] Level 1:colcon.colcon_core.package_identification:_identify(src/turtlebot3_simulations/turtlebot3_simulations) by extension 'ros'
[1.328s] DEBUG:colcon.colcon_core.package_identification:Package 'src/turtlebot3_simulations/turtlebot3_simulations' with type 'ros.ament_cmake' and name 'turtlebot3_simulations'
[1.328s] Level 1:colcon.colcon_core.package_identification:_identify(src/waypoint_commander) by extensions ['ignore', 'ignore_ament_install']
[1.329s] Level 1:colcon.colcon_core.package_identification:_identify(src/waypoint_commander) by extension 'ignore'
[1.329s] Level 1:colcon.colcon_core.package_identification:_identify(src/waypoint_commander) by extension 'ignore_ament_install'
[1.329s] Level 1:colcon.colcon_core.package_identification:_identify(src/waypoint_commander) by extensions ['colcon_pkg']
[1.329s] Level 1:colcon.colcon_core.package_identification:_identify(src/waypoint_commander) by extension 'colcon_pkg'
[1.329s] Level 1:colcon.colcon_core.package_identification:_identify(src/waypoint_commander) by extensions ['colcon_meta']
[1.329s] Level 1:colcon.colcon_core.package_identification:_identify(src/waypoint_commander) by extension 'colcon_meta'
[1.329s] Level 1:colcon.colcon_core.package_identification:_identify(src/waypoint_commander) by extensions ['ros']
[1.329s] Level 1:colcon.colcon_core.package_identification:_identify(src/waypoint_commander) by extension 'ros'
[1.330s] Level 1:colcon.colcon_core.package_identification:_identify(src/waypoint_commander) by extensions ['cmake', 'python']
[1.330s] Level 1:colcon.colcon_core.package_identification:_identify(src/waypoint_commander) by extension 'cmake'
[1.332s] Level 1:colcon.colcon_core.package_identification:_identify(src/waypoint_commander) by extension 'python'
[1.332s] Level 1:colcon.colcon_core.package_identification:_identify(src/waypoint_commander) by extensions ['python_setup_py']
[1.332s] Level 1:colcon.colcon_core.package_identification:_identify(src/waypoint_commander) by extension 'python_setup_py'
[1.332s] Level 1:colcon.colcon_core.package_identification:_identify(src/waypoint_commander/build) by extensions ['ignore', 'ignore_ament_install']
[1.332s] Level 1:colcon.colcon_core.package_identification:_identify(src/waypoint_commander/build) by extension 'ignore'
[1.332s] Level 1:colcon.colcon_core.package_identification:_identify(src/waypoint_commander/build) ignored
[1.332s] Level 1:colcon.colcon_core.package_identification:_identify(src/waypoint_commander/install) by extensions ['ignore', 'ignore_ament_install']
[1.333s] Level 1:colcon.colcon_core.package_identification:_identify(src/waypoint_commander/install) by extension 'ignore'
[1.333s] Level 1:colcon.colcon_core.package_identification:_identify(src/waypoint_commander/install) by extension 'ignore_ament_install'
[1.333s] Level 1:colcon.colcon_core.package_identification:_identify(src/waypoint_commander/install) by extensions ['colcon_pkg']
[1.333s] Level 1:colcon.colcon_core.package_identification:_identify(src/waypoint_commander/install) by extension 'colcon_pkg'
[1.333s] Level 1:colcon.colcon_core.package_identification:_identify(src/waypoint_commander/install) by extensions ['colcon_meta']
[1.333s] Level 1:colcon.colcon_core.package_identification:_identify(src/waypoint_commander/install) by extension 'colcon_meta'
[1.333s] Level 1:colcon.colcon_core.package_identification:_identify(src/waypoint_commander/install) by extensions ['ros']
[1.333s] Level 1:colcon.colcon_core.package_identification:_identify(src/waypoint_commander/install) by extension 'ros'
[1.333s] Level 1:colcon.colcon_core.package_identification:_identify(src/waypoint_commander/install) by extensions ['cmake', 'python']
[1.333s] Level 1:colcon.colcon_core.package_identification:_identify(src/waypoint_commander/install) by extension 'cmake'
[1.333s] Level 1:colcon.colcon_core.package_identification:_identify(src/waypoint_commander/install) by extension 'python'
[1.333s] Level 1:colcon.colcon_core.package_identification:_identify(src/waypoint_commander/install) by extensions ['python_setup_py']
[1.333s] Level 1:colcon.colcon_core.package_identification:_identify(src/waypoint_commander/install) by extension 'python_setup_py'
[1.333s] Level 1:colcon.colcon_core.package_identification:_identify(src/waypoint_commander/install/waypoint_commander) by extensions ['ignore', 'ignore_ament_install']
[1.333s] Level 1:colcon.colcon_core.package_identification:_identify(src/waypoint_commander/install/waypoint_commander) by extension 'ignore'
[1.333s] Level 1:colcon.colcon_core.package_identification:_identify(src/waypoint_commander/install/waypoint_commander) by extension 'ignore_ament_install'
[1.333s] Level 1:colcon.colcon_core.package_identification:_identify(src/waypoint_commander/install/waypoint_commander) by extensions ['colcon_pkg']
[1.333s] Level 1:colcon.colcon_core.package_identification:_identify(src/waypoint_commander/install/waypoint_commander) by extension 'colcon_pkg'
[1.333s] Level 1:colcon.colcon_core.package_identification:_identify(src/waypoint_commander/install/waypoint_commander) by extensions ['colcon_meta']
[1.334s] Level 1:colcon.colcon_core.package_identification:_identify(src/waypoint_commander/install/waypoint_commander) by extension 'colcon_meta'
[1.334s] Level 1:colcon.colcon_core.package_identification:_identify(src/waypoint_commander/install/waypoint_commander) by extensions ['ros']
[1.334s] Level 1:colcon.colcon_core.package_identification:_identify(src/waypoint_commander/install/waypoint_commander) by extension 'ros'
[1.334s] Level 1:colcon.colcon_core.package_identification:_identify(src/waypoint_commander/install/waypoint_commander) by extensions ['cmake', 'python']
[1.334s] Level 1:colcon.colcon_core.package_identification:_identify(src/waypoint_commander/install/waypoint_commander) by extension 'cmake'
[1.334s] Level 1:colcon.colcon_core.package_identification:_identify(src/waypoint_commander/install/waypoint_commander) by extension 'python'
[1.334s] Level 1:colcon.colcon_core.package_identification:_identify(src/waypoint_commander/install/waypoint_commander) by extensions ['python_setup_py']
[1.334s] Level 1:colcon.colcon_core.package_identification:_identify(src/waypoint_commander/install/waypoint_commander) by extension 'python_setup_py'
[1.335s] Level 1:colcon.colcon_core.package_identification:_identify(src/waypoint_commander/install/waypoint_commander/lib) by extensions ['ignore', 'ignore_ament_install']
[1.335s] Level 1:colcon.colcon_core.package_identification:_identify(src/waypoint_commander/install/waypoint_commander/lib) by extension 'ignore'
[1.335s] Level 1:colcon.colcon_core.package_identification:_identify(src/waypoint_commander/install/waypoint_commander/lib) by extension 'ignore_ament_install'
[1.335s] Level 1:colcon.colcon_core.package_identification:_identify(src/waypoint_commander/install/waypoint_commander/lib) by extensions ['colcon_pkg']
[1.338s] Level 1:colcon.colcon_core.package_identification:_identify(src/waypoint_commander/install/waypoint_commander/lib) by extension 'colcon_pkg'
[1.338s] Level 1:colcon.colcon_core.package_identification:_identify(src/waypoint_commander/install/waypoint_commander/lib) by extensions ['colcon_meta']
[1.341s] Level 1:colcon.colcon_core.package_identification:_identify(src/waypoint_commander/install/waypoint_commander/lib) by extension 'colcon_meta'
[1.342s] Level 1:colcon.colcon_core.package_identification:_identify(src/waypoint_commander/install/waypoint_commander/lib) by extensions ['ros']
[1.342s] Level 1:colcon.colcon_core.package_identification:_identify(src/waypoint_commander/install/waypoint_commander/lib) by extension 'ros'
[1.342s] Level 1:colcon.colcon_core.package_identification:_identify(src/waypoint_commander/install/waypoint_commander/lib) by extensions ['cmake', 'python']
[1.342s] Level 1:colcon.colcon_core.package_identification:_identify(src/waypoint_commander/install/waypoint_commander/lib) by extension 'cmake'
[1.343s] Level 1:colcon.colcon_core.package_identification:_identify(src/waypoint_commander/install/waypoint_commander/lib) by extension 'python'
[1.343s] Level 1:colcon.colcon_core.package_identification:_identify(src/waypoint_commander/install/waypoint_commander/lib) by extensions ['python_setup_py']
[1.343s] Level 1:colcon.colcon_core.package_identification:_identify(src/waypoint_commander/install/waypoint_commander/lib) by extension 'python_setup_py'
[1.343s] Level 1:colcon.colcon_core.package_identification:_identify(src/waypoint_commander/install/waypoint_commander/lib/python3.10) by extensions ['ignore', 'ignore_ament_install']
[1.343s] Level 1:colcon.colcon_core.package_identification:_identify(src/waypoint_commander/install/waypoint_commander/lib/python3.10) by extension 'ignore'
[1.344s] Level 1:colcon.colcon_core.package_identification:_identify(src/waypoint_commander/install/waypoint_commander/lib/python3.10) by extension 'ignore_ament_install'
[1.344s] Level 1:colcon.colcon_core.package_identification:_identify(src/waypoint_commander/install/waypoint_commander/lib/python3.10) by extensions ['colcon_pkg']
[1.344s] Level 1:colcon.colcon_core.package_identification:_identify(src/waypoint_commander/install/waypoint_commander/lib/python3.10) by extension 'colcon_pkg'
[1.344s] Level 1:colcon.colcon_core.package_identification:_identify(src/waypoint_commander/install/waypoint_commander/lib/python3.10) by extensions ['colcon_meta']
[1.344s] Level 1:colcon.colcon_core.package_identification:_identify(src/waypoint_commander/install/waypoint_commander/lib/python3.10) by extension 'colcon_meta'
[1.345s] Level 1:colcon.colcon_core.package_identification:_identify(src/waypoint_commander/install/waypoint_commander/lib/python3.10) by extensions ['ros']
[1.345s] Level 1:colcon.colcon_core.package_identification:_identify(src/waypoint_commander/install/waypoint_commander/lib/python3.10) by extension 'ros'
[1.345s] Level 1:colcon.colcon_core.package_identification:_identify(src/waypoint_commander/install/waypoint_commander/lib/python3.10) by extensions ['cmake', 'python']
[1.345s] Level 1:colcon.colcon_core.package_identification:_identify(src/waypoint_commander/install/waypoint_commander/lib/python3.10) by extension 'cmake'
[1.346s] Level 1:colcon.colcon_core.package_identification:_identify(src/waypoint_commander/install/waypoint_commander/lib/python3.10) by extension 'python'
[1.346s] Level 1:colcon.colcon_core.package_identification:_identify(src/waypoint_commander/install/waypoint_commander/lib/python3.10) by extensions ['python_setup_py']
[1.346s] Level 1:colcon.colcon_core.package_identification:_identify(src/waypoint_commander/install/waypoint_commander/lib/python3.10) by extension 'python_setup_py'
[1.346s] Level 1:colcon.colcon_core.package_identification:_identify(src/waypoint_commander/install/waypoint_commander/lib/python3.10/site-packages) by extensions ['ignore', 'ignore_ament_install']
[1.346s] Level 1:colcon.colcon_core.package_identification:_identify(src/waypoint_commander/install/waypoint_commander/lib/python3.10/site-packages) by extension 'ignore'
[1.347s] Level 1:colcon.colcon_core.package_identification:_identify(src/waypoint_commander/install/waypoint_commander/lib/python3.10/site-packages) by extension 'ignore_ament_install'
[1.347s] Level 1:colcon.colcon_core.package_identification:_identify(src/waypoint_commander/install/waypoint_commander/lib/python3.10/site-packages) by extensions ['colcon_pkg']
[1.347s] Level 1:colcon.colcon_core.package_identification:_identify(src/waypoint_commander/install/waypoint_commander/lib/python3.10/site-packages) by extension 'colcon_pkg'
[1.347s] Level 1:colcon.colcon_core.package_identification:_identify(src/waypoint_commander/install/waypoint_commander/lib/python3.10/site-packages) by extensions ['colcon_meta']
[1.348s] Level 1:colcon.colcon_core.package_identification:_identify(src/waypoint_commander/install/waypoint_commander/lib/python3.10/site-packages) by extension 'colcon_meta'
[1.348s] Level 1:colcon.colcon_core.package_identification:_identify(src/waypoint_commander/install/waypoint_commander/lib/python3.10/site-packages) by extensions ['ros']
[1.350s] Level 1:colcon.colcon_core.package_identification:_identify(src/waypoint_commander/install/waypoint_commander/lib/python3.10/site-packages) by extension 'ros'
[1.351s] Level 1:colcon.colcon_core.package_identification:_identify(src/waypoint_commander/install/waypoint_commander/lib/python3.10/site-packages) by extensions ['cmake', 'python']
[1.351s] Level 1:colcon.colcon_core.package_identification:_identify(src/waypoint_commander/install/waypoint_commander/lib/python3.10/site-packages) by extension 'cmake'
[1.351s] Level 1:colcon.colcon_core.package_identification:_identify(src/waypoint_commander/install/waypoint_commander/lib/python3.10/site-packages) by extension 'python'
[1.351s] Level 1:colcon.colcon_core.package_identification:_identify(src/waypoint_commander/install/waypoint_commander/lib/python3.10/site-packages) by extensions ['python_setup_py']
[1.352s] Level 1:colcon.colcon_core.package_identification:_identify(src/waypoint_commander/install/waypoint_commander/lib/python3.10/site-packages) by extension 'python_setup_py'
[1.353s] Level 1:colcon.colcon_core.package_identification:_identify(src/waypoint_commander/install/waypoint_commander/lib/waypoint_commander) by extensions ['ignore', 'ignore_ament_install']
[1.353s] Level 1:colcon.colcon_core.package_identification:_identify(src/waypoint_commander/install/waypoint_commander/lib/waypoint_commander) by extension 'ignore'
[1.354s] Level 1:colcon.colcon_core.package_identification:_identify(src/waypoint_commander/install/waypoint_commander/lib/waypoint_commander) by extension 'ignore_ament_install'
[1.354s] Level 1:colcon.colcon_core.package_identification:_identify(src/waypoint_commander/install/waypoint_commander/lib/waypoint_commander) by extensions ['colcon_pkg']
[1.356s] Level 1:colcon.colcon_core.package_identification:_identify(src/waypoint_commander/install/waypoint_commander/lib/waypoint_commander) by extension 'colcon_pkg'
[1.357s] Level 1:colcon.colcon_core.package_identification:_identify(src/waypoint_commander/install/waypoint_commander/lib/waypoint_commander) by extensions ['colcon_meta']
[1.357s] Level 1:colcon.colcon_core.package_identification:_identify(src/waypoint_commander/install/waypoint_commander/lib/waypoint_commander) by extension 'colcon_meta'
[1.357s] Level 1:colcon.colcon_core.package_identification:_identify(src/waypoint_commander/install/waypoint_commander/lib/waypoint_commander) by extensions ['ros']
[1.357s] Level 1:colcon.colcon_core.package_identification:_identify(src/waypoint_commander/install/waypoint_commander/lib/waypoint_commander) by extension 'ros'
[1.358s] Level 1:colcon.colcon_core.package_identification:_identify(src/waypoint_commander/install/waypoint_commander/lib/waypoint_commander) by extensions ['cmake', 'python']
[1.358s] Level 1:colcon.colcon_core.package_identification:_identify(src/waypoint_commander/install/waypoint_commander/lib/waypoint_commander) by extension 'cmake'
[1.358s] Level 1:colcon.colcon_core.package_identification:_identify(src/waypoint_commander/install/waypoint_commander/lib/waypoint_commander) by extension 'python'
[1.358s] Level 1:colcon.colcon_core.package_identification:_identify(src/waypoint_commander/install/waypoint_commander/lib/waypoint_commander) by extensions ['python_setup_py']
[1.358s] Level 1:colcon.colcon_core.package_identification:_identify(src/waypoint_commander/install/waypoint_commander/lib/waypoint_commander) by extension 'python_setup_py'
[1.359s] Level 1:colcon.colcon_core.package_identification:_identify(src/waypoint_commander/waypoint_commander) by extensions ['ignore', 'ignore_ament_install']
[1.359s] Level 1:colcon.colcon_core.package_identification:_identify(src/waypoint_commander/waypoint_commander) by extension 'ignore'
[1.359s] Level 1:colcon.colcon_core.package_identification:_identify(src/waypoint_commander/waypoint_commander) by extension 'ignore_ament_install'
[1.359s] Level 1:colcon.colcon_core.package_identification:_identify(src/waypoint_commander/waypoint_commander) by extensions ['colcon_pkg']
[1.359s] Level 1:colcon.colcon_core.package_identification:_identify(src/waypoint_commander/waypoint_commander) by extension 'colcon_pkg'
[1.360s] Level 1:colcon.colcon_core.package_identification:_identify(src/waypoint_commander/waypoint_commander) by extensions ['colcon_meta']
[1.360s] Level 1:colcon.colcon_core.package_identification:_identify(src/waypoint_commander/waypoint_commander) by extension 'colcon_meta'
[1.360s] Level 1:colcon.colcon_core.package_identification:_identify(src/waypoint_commander/waypoint_commander) by extensions ['ros']
[1.360s] Level 1:colcon.colcon_core.package_identification:_identify(src/waypoint_commander/waypoint_commander) by extension 'ros'
[1.360s] Level 1:colcon.colcon_core.package_identification:_identify(src/waypoint_commander/waypoint_commander) by extensions ['cmake', 'python']
[1.360s] Level 1:colcon.colcon_core.package_identification:_identify(src/waypoint_commander/waypoint_commander) by extension 'cmake'
[1.361s] Level 1:colcon.colcon_core.package_identification:_identify(src/waypoint_commander/waypoint_commander) by extension 'python'
[1.361s] Level 1:colcon.colcon_core.package_identification:_identify(src/waypoint_commander/waypoint_commander) by extensions ['python_setup_py']
[1.361s] Level 1:colcon.colcon_core.package_identification:_identify(src/waypoint_commander/waypoint_commander) by extension 'python_setup_py'
[1.361s] Level 1:colcon.colcon_core.package_identification:_identify(src/waypoint_commander/waypoint_commander/__pycache__) by extensions ['ignore', 'ignore_ament_install']
[1.361s] Level 1:colcon.colcon_core.package_identification:_identify(src/waypoint_commander/waypoint_commander/__pycache__) by extension 'ignore'
[1.362s] Level 1:colcon.colcon_core.package_identification:_identify(src/waypoint_commander/waypoint_commander/__pycache__) by extension 'ignore_ament_install'
[1.362s] Level 1:colcon.colcon_core.package_identification:_identify(src/waypoint_commander/waypoint_commander/__pycache__) by extensions ['colcon_pkg']
[1.362s] Level 1:colcon.colcon_core.package_identification:_identify(src/waypoint_commander/waypoint_commander/__pycache__) by extension 'colcon_pkg'
[1.362s] Level 1:colcon.colcon_core.package_identification:_identify(src/waypoint_commander/waypoint_commander/__pycache__) by extensions ['colcon_meta']
[1.362s] Level 1:colcon.colcon_core.package_identification:_identify(src/waypoint_commander/waypoint_commander/__pycache__) by extension 'colcon_meta'
[1.362s] Level 1:colcon.colcon_core.package_identification:_identify(src/waypoint_commander/waypoint_commander/__pycache__) by extensions ['ros']
[1.363s] Level 1:colcon.colcon_core.package_identification:_identify(src/waypoint_commander/waypoint_commander/__pycache__) by extension 'ros'
[1.366s] Level 1:colcon.colcon_core.package_identification:_identify(src/waypoint_commander/waypoint_commander/__pycache__) by extensions ['cmake', 'python']
[1.366s] Level 1:colcon.colcon_core.package_identification:_identify(src/waypoint_commander/waypoint_commander/__pycache__) by extension 'cmake'
[1.367s] Level 1:colcon.colcon_core.package_identification:_identify(src/waypoint_commander/waypoint_commander/__pycache__) by extension 'python'
[1.367s] Level 1:colcon.colcon_core.package_identification:_identify(src/waypoint_commander/waypoint_commander/__pycache__) by extensions ['python_setup_py']
[1.367s] Level 1:colcon.colcon_core.package_identification:_identify(src/waypoint_commander/waypoint_commander/__pycache__) by extension 'python_setup_py'
[1.368s] Level 1:colcon.colcon_core.package_identification:_identify(tb3_controller) by extensions ['ignore', 'ignore_ament_install']
[1.368s] Level 1:colcon.colcon_core.package_identification:_identify(tb3_controller) by extension 'ignore'
[1.368s] Level 1:colcon.colcon_core.package_identification:_identify(tb3_controller) by extension 'ignore_ament_install'
[1.368s] Level 1:colcon.colcon_core.package_identification:_identify(tb3_controller) by extensions ['colcon_pkg']
[1.368s] Level 1:colcon.colcon_core.package_identification:_identify(tb3_controller) by extension 'colcon_pkg'
[1.369s] Level 1:colcon.colcon_core.package_identification:_identify(tb3_controller) by extensions ['colcon_meta']
[1.369s] Level 1:colcon.colcon_core.package_identification:_identify(tb3_controller) by extension 'colcon_meta'
[1.369s] Level 1:colcon.colcon_core.package_identification:_identify(tb3_controller) by extensions ['ros']
[1.369s] Level 1:colcon.colcon_core.package_identification:_identify(tb3_controller) by extension 'ros'
[1.371s] DEBUG:colcon.colcon_core.package_identification:Package 'tb3_controller' with type 'ros.ament_python' and name 'tb3_controller'
[1.371s] Level 1:colcon.colcon_core.package_identification:_identify(turtlebot3_simulations) by extensions ['ignore', 'ignore_ament_install']
[1.371s] Level 1:colcon.colcon_core.package_identification:_identify(turtlebot3_simulations) by extension 'ignore'
[1.372s] Level 1:colcon.colcon_core.package_identification:_identify(turtlebot3_simulations) by extension 'ignore_ament_install'
[1.372s] Level 1:colcon.colcon_core.package_identification:_identify(turtlebot3_simulations) by extensions ['colcon_pkg']
[1.372s] Level 1:colcon.colcon_core.package_identification:_identify(turtlebot3_simulations) by extension 'colcon_pkg'
[1.372s] Level 1:colcon.colcon_core.package_identification:_identify(turtlebot3_simulations) by extensions ['colcon_meta']
[1.372s] Level 1:colcon.colcon_core.package_identification:_identify(turtlebot3_simulations) by extension 'colcon_meta'
[1.373s] Level 1:colcon.colcon_core.package_identification:_identify(turtlebot3_simulations) by extensions ['ros']
[1.373s] Level 1:colcon.colcon_core.package_identification:_identify(turtlebot3_simulations) by extension 'ros'
[1.373s] Level 1:colcon.colcon_core.package_identification:_identify(turtlebot3_simulations) by extensions ['cmake', 'python']
[1.373s] Level 1:colcon.colcon_core.package_identification:_identify(turtlebot3_simulations) by extension 'cmake'
[1.373s] Level 1:colcon.colcon_core.package_identification:_identify(turtlebot3_simulations) by extension 'python'
[1.373s] Level 1:colcon.colcon_core.package_identification:_identify(turtlebot3_simulations) by extensions ['python_setup_py']
[1.373s] Level 1:colcon.colcon_core.package_identification:_identify(turtlebot3_simulations) by extension 'python_setup_py'
[1.374s] Level 1:colcon.colcon_core.package_identification:_identify(turtlebot_controller_pkg) by extensions ['ignore', 'ignore_ament_install']
[1.374s] Level 1:colcon.colcon_core.package_identification:_identify(turtlebot_controller_pkg) by extension 'ignore'
[1.374s] Level 1:colcon.colcon_core.package_identification:_identify(turtlebot_controller_pkg) by extension 'ignore_ament_install'
[1.374s] Level 1:colcon.colcon_core.package_identification:_identify(turtlebot_controller_pkg) by extensions ['colcon_pkg']
[1.374s] Level 1:colcon.colcon_core.package_identification:_identify(turtlebot_controller_pkg) by extension 'colcon_pkg'
[1.374s] Level 1:colcon.colcon_core.package_identification:_identify(turtlebot_controller_pkg) by extensions ['colcon_meta']
[1.374s] Level 1:colcon.colcon_core.package_identification:_identify(turtlebot_controller_pkg) by extension 'colcon_meta'
[1.374s] Level 1:colcon.colcon_core.package_identification:_identify(turtlebot_controller_pkg) by extensions ['ros']
[1.374s] Level 1:colcon.colcon_core.package_identification:_identify(turtlebot_controller_pkg) by extension 'ros'
[1.375s] DEBUG:colcon.colcon_core.package_identification:Package 'turtlebot_controller_pkg' with type 'ros.ament_python' and name 'turtlebot_controller_pkg'
[1.376s] Level 1:colcon.colcon_core.package_identification:_identify(tutorials) by extensions ['ignore', 'ignore_ament_install']
[1.376s] Level 1:colcon.colcon_core.package_identification:_identify(tutorials) by extension 'ignore'
[1.376s] Level 1:colcon.colcon_core.package_identification:_identify(tutorials) by extension 'ignore_ament_install'
[1.376s] Level 1:colcon.colcon_core.package_identification:_identify(tutorials) by extensions ['colcon_pkg']
[1.376s] Level 1:colcon.colcon_core.package_identification:_identify(tutorials) by extension 'colcon_pkg'
[1.376s] Level 1:colcon.colcon_core.package_identification:_identify(tutorials) by extensions ['colcon_meta']
[1.376s] Level 1:colcon.colcon_core.package_identification:_identify(tutorials) by extension 'colcon_meta'
[1.376s] Level 1:colcon.colcon_core.package_identification:_identify(tutorials) by extensions ['ros']
[1.376s] Level 1:colcon.colcon_core.package_identification:_identify(tutorials) by extension 'ros'
[1.376s] Level 1:colcon.colcon_core.package_identification:_identify(tutorials) by extensions ['cmake', 'python']
[1.376s] Level 1:colcon.colcon_core.package_identification:_identify(tutorials) by extension 'cmake'
[1.376s] Level 1:colcon.colcon_core.package_identification:_identify(tutorials) by extension 'python'
[1.376s] Level 1:colcon.colcon_core.package_identification:_identify(tutorials) by extensions ['python_setup_py']
[1.376s] Level 1:colcon.colcon_core.package_identification:_identify(tutorials) by extension 'python_setup_py'
[1.377s] Level 1:colcon.colcon_core.package_identification:_identify(tutorials/action_tutorials_interfaces) by extensions ['ignore', 'ignore_ament_install']
[1.377s] Level 1:colcon.colcon_core.package_identification:_identify(tutorials/action_tutorials_interfaces) by extension 'ignore'
[1.377s] Level 1:colcon.colcon_core.package_identification:_identify(tutorials/action_tutorials_interfaces) by extension 'ignore_ament_install'
[1.377s] Level 1:colcon.colcon_core.package_identification:_identify(tutorials/action_tutorials_interfaces) by extensions ['colcon_pkg']
[1.377s] Level 1:colcon.colcon_core.package_identification:_identify(tutorials/action_tutorials_interfaces) by extension 'colcon_pkg'
[1.377s] Level 1:colcon.colcon_core.package_identification:_identify(tutorials/action_tutorials_interfaces) by extensions ['colcon_meta']
[1.377s] Level 1:colcon.colcon_core.package_identification:_identify(tutorials/action_tutorials_interfaces) by extension 'colcon_meta'
[1.377s] Level 1:colcon.colcon_core.package_identification:_identify(tutorials/action_tutorials_interfaces) by extensions ['ros']
[1.377s] Level 1:colcon.colcon_core.package_identification:_identify(tutorials/action_tutorials_interfaces) by extension 'ros'
[1.378s] DEBUG:colcon.colcon_core.package_identification:Package 'tutorials/action_tutorials_interfaces' with type 'ros.ament_cmake' and name 'action_tutorials_interfaces'
[1.378s] Level 1:colcon.colcon_core.package_identification:_identify(tutorials/launch) by extensions ['ignore', 'ignore_ament_install']
[1.379s] Level 1:colcon.colcon_core.package_identification:_identify(tutorials/launch) by extension 'ignore'
[1.379s] Level 1:colcon.colcon_core.package_identification:_identify(tutorials/launch) by extension 'ignore_ament_install'
[1.379s] Level 1:colcon.colcon_core.package_identification:_identify(tutorials/launch) by extensions ['colcon_pkg']
[1.379s] Level 1:colcon.colcon_core.package_identification:_identify(tutorials/launch) by extension 'colcon_pkg'
[1.379s] Level 1:colcon.colcon_core.package_identification:_identify(tutorials/launch) by extensions ['colcon_meta']
[1.379s] Level 1:colcon.colcon_core.package_identification:_identify(tutorials/launch) by extension 'colcon_meta'
[1.379s] Level 1:colcon.colcon_core.package_identification:_identify(tutorials/launch) by extensions ['ros']
[1.379s] Level 1:colcon.colcon_core.package_identification:_identify(tutorials/launch) by extension 'ros'
[1.379s] Level 1:colcon.colcon_core.package_identification:_identify(tutorials/launch) by extensions ['cmake', 'python']
[1.379s] Level 1:colcon.colcon_core.package_identification:_identify(tutorials/launch) by extension 'cmake'
[1.379s] Level 1:colcon.colcon_core.package_identification:_identify(tutorials/launch) by extension 'python'
[1.379s] Level 1:colcon.colcon_core.package_identification:_identify(tutorials/launch) by extensions ['python_setup_py']
[1.379s] Level 1:colcon.colcon_core.package_identification:_identify(tutorials/launch) by extension 'python_setup_py'
[1.380s] Level 1:colcon.colcon_core.package_identification:_identify(tutorials/launch_tutorial) by extensions ['ignore', 'ignore_ament_install']
[1.380s] Level 1:colcon.colcon_core.package_identification:_identify(tutorials/launch_tutorial) by extension 'ignore'
[1.380s] Level 1:colcon.colcon_core.package_identification:_identify(tutorials/launch_tutorial) by extension 'ignore_ament_install'
[1.380s] Level 1:colcon.colcon_core.package_identification:_identify(tutorials/launch_tutorial) by extensions ['colcon_pkg']
[1.380s] Level 1:colcon.colcon_core.package_identification:_identify(tutorials/launch_tutorial) by extension 'colcon_pkg'
[1.380s] Level 1:colcon.colcon_core.package_identification:_identify(tutorials/launch_tutorial) by extensions ['colcon_meta']
[1.380s] Level 1:colcon.colcon_core.package_identification:_identify(tutorials/launch_tutorial) by extension 'colcon_meta'
[1.380s] Level 1:colcon.colcon_core.package_identification:_identify(tutorials/launch_tutorial) by extensions ['ros']
[1.380s] Level 1:colcon.colcon_core.package_identification:_identify(tutorials/launch_tutorial) by extension 'ros'
[1.381s] DEBUG:colcon.colcon_core.package_identification:Package 'tutorials/launch_tutorial' with type 'ros.ament_python' and name 'launch_tutorial'
[1.382s] Level 1:colcon.colcon_core.package_identification:_identify(tutorials/launch_ws) by extensions ['ignore', 'ignore_ament_install']
[1.382s] Level 1:colcon.colcon_core.package_identification:_identify(tutorials/launch_ws) by extension 'ignore'
[1.382s] Level 1:colcon.colcon_core.package_identification:_identify(tutorials/launch_ws) by extension 'ignore_ament_install'
[1.382s] Level 1:colcon.colcon_core.package_identification:_identify(tutorials/launch_ws) by extensions ['colcon_pkg']
[1.382s] Level 1:colcon.colcon_core.package_identification:_identify(tutorials/launch_ws) by extension 'colcon_pkg'
[1.383s] Level 1:colcon.colcon_core.package_identification:_identify(tutorials/launch_ws) by extensions ['colcon_meta']
[1.383s] Level 1:colcon.colcon_core.package_identification:_identify(tutorials/launch_ws) by extension 'colcon_meta'
[1.383s] Level 1:colcon.colcon_core.package_identification:_identify(tutorials/launch_ws) by extensions ['ros']
[1.383s] Level 1:colcon.colcon_core.package_identification:_identify(tutorials/launch_ws) by extension 'ros'
[1.383s] Level 1:colcon.colcon_core.package_identification:_identify(tutorials/launch_ws) by extensions ['cmake', 'python']
[1.383s] Level 1:colcon.colcon_core.package_identification:_identify(tutorials/launch_ws) by extension 'cmake'
[1.383s] Level 1:colcon.colcon_core.package_identification:_identify(tutorials/launch_ws) by extension 'python'
[1.383s] Level 1:colcon.colcon_core.package_identification:_identify(tutorials/launch_ws) by extensions ['python_setup_py']
[1.383s] Level 1:colcon.colcon_core.package_identification:_identify(tutorials/launch_ws) by extension 'python_setup_py'
[1.383s] Level 1:colcon.colcon_core.package_identification:_identify(tutorials/launch_ws/install) by extensions ['ignore', 'ignore_ament_install']
[1.383s] Level 1:colcon.colcon_core.package_identification:_identify(tutorials/launch_ws/install) by extension 'ignore'
[1.383s] Level 1:colcon.colcon_core.package_identification:_identify(tutorials/launch_ws/install) ignored
[1.383s] Level 1:colcon.colcon_core.package_identification:_identify(tutorials/launch_ws/log) by extensions ['ignore', 'ignore_ament_install']
[1.384s] Level 1:colcon.colcon_core.package_identification:_identify(tutorials/launch_ws/log) by extension 'ignore'
[1.384s] Level 1:colcon.colcon_core.package_identification:_identify(tutorials/launch_ws/log) ignored
[1.384s] Level 1:colcon.colcon_core.package_identification:_identify(tutorials/launch_ws/py_launch_example) by extensions ['ignore', 'ignore_ament_install']
[1.384s] Level 1:colcon.colcon_core.package_identification:_identify(tutorials/launch_ws/py_launch_example) by extension 'ignore'
[1.384s] Level 1:colcon.colcon_core.package_identification:_identify(tutorials/launch_ws/py_launch_example) by extension 'ignore_ament_install'
[1.384s] Level 1:colcon.colcon_core.package_identification:_identify(tutorials/launch_ws/py_launch_example) by extensions ['colcon_pkg']
[1.384s] Level 1:colcon.colcon_core.package_identification:_identify(tutorials/launch_ws/py_launch_example) by extension 'colcon_pkg'
[1.384s] Level 1:colcon.colcon_core.package_identification:_identify(tutorials/launch_ws/py_launch_example) by extensions ['colcon_meta']
[1.385s] Level 1:colcon.colcon_core.package_identification:_identify(tutorials/launch_ws/py_launch_example) by extension 'colcon_meta'
[1.385s] Level 1:colcon.colcon_core.package_identification:_identify(tutorials/launch_ws/py_launch_example) by extensions ['ros']
[1.385s] Level 1:colcon.colcon_core.package_identification:_identify(tutorials/launch_ws/py_launch_example) by extension 'ros'
[1.386s] DEBUG:colcon.colcon_core.package_identification:Package 'tutorials/launch_ws/py_launch_example' with type 'ros.ament_python' and name 'py_launch_example'
[1.387s] Level 1:colcon.colcon_core.package_identification:_identify(tutorials/my_first_package) by extensions ['ignore', 'ignore_ament_install']
[1.407s] Level 1:colcon.colcon_core.package_identification:_identify(tutorials/my_first_package) by extension 'ignore'
[1.407s] Level 1:colcon.colcon_core.package_identification:_identify(tutorials/my_first_package) by extension 'ignore_ament_install'
[1.407s] Level 1:colcon.colcon_core.package_identification:_identify(tutorials/my_first_package) by extensions ['colcon_pkg']
[1.407s] Level 1:colcon.colcon_core.package_identification:_identify(tutorials/my_first_package) by extension 'colcon_pkg'
[1.407s] Level 1:colcon.colcon_core.package_identification:_identify(tutorials/my_first_package) by extensions ['colcon_meta']
[1.407s] Level 1:colcon.colcon_core.package_identification:_identify(tutorials/my_first_package) by extension 'colcon_meta'
[1.407s] Level 1:colcon.colcon_core.package_identification:_identify(tutorials/my_first_package) by extensions ['ros']
[1.407s] Level 1:colcon.colcon_core.package_identification:_identify(tutorials/my_first_package) by extension 'ros'
[1.409s] DEBUG:colcon.colcon_core.package_identification:Package 'tutorials/my_first_package' with type 'ros.ament_python' and name 'my_first_package'
[1.409s] Level 1:colcon.colcon_core.package_identification:_identify(tutorials/py_pubsub) by extensions ['ignore', 'ignore_ament_install']
[1.409s] Level 1:colcon.colcon_core.package_identification:_identify(tutorials/py_pubsub) by extension 'ignore'
[1.409s] Level 1:colcon.colcon_core.package_identification:_identify(tutorials/py_pubsub) by extension 'ignore_ament_install'
[1.410s] Level 1:colcon.colcon_core.package_identification:_identify(tutorials/py_pubsub) by extensions ['colcon_pkg']
[1.410s] Level 1:colcon.colcon_core.package_identification:_identify(tutorials/py_pubsub) by extension 'colcon_pkg'
[1.410s] Level 1:colcon.colcon_core.package_identification:_identify(tutorials/py_pubsub) by extensions ['colcon_meta']
[1.410s] Level 1:colcon.colcon_core.package_identification:_identify(tutorials/py_pubsub) by extension 'colcon_meta'
[1.410s] Level 1:colcon.colcon_core.package_identification:_identify(tutorials/py_pubsub) by extensions ['ros']
[1.410s] Level 1:colcon.colcon_core.package_identification:_identify(tutorials/py_pubsub) by extension 'ros'
[1.411s] DEBUG:colcon.colcon_core.package_identification:Package 'tutorials/py_pubsub' with type 'ros.ament_python' and name 'py_pubsub'
[1.411s] Level 1:colcon.colcon_core.package_identification:_identify(tutorials/py_srvcli) by extensions ['ignore', 'ignore_ament_install']
[1.411s] Level 1:colcon.colcon_core.package_identification:_identify(tutorials/py_srvcli) by extension 'ignore'
[1.411s] Level 1:colcon.colcon_core.package_identification:_identify(tutorials/py_srvcli) by extension 'ignore_ament_install'
[1.411s] Level 1:colcon.colcon_core.package_identification:_identify(tutorials/py_srvcli) by extensions ['colcon_pkg']
[1.411s] Level 1:colcon.colcon_core.package_identification:_identify(tutorials/py_srvcli) by extension 'colcon_pkg'
[1.411s] Level 1:colcon.colcon_core.package_identification:_identify(tutorials/py_srvcli) by extensions ['colcon_meta']
[1.412s] Level 1:colcon.colcon_core.package_identification:_identify(tutorials/py_srvcli) by extension 'colcon_meta'
[1.412s] Level 1:colcon.colcon_core.package_identification:_identify(tutorials/py_srvcli) by extensions ['ros']
[1.412s] Level 1:colcon.colcon_core.package_identification:_identify(tutorials/py_srvcli) by extension 'ros'
[1.413s] DEBUG:colcon.colcon_core.package_identification:Package 'tutorials/py_srvcli' with type 'ros.ament_python' and name 'py_srvcli'
[1.413s] Level 1:colcon.colcon_core.package_identification:_identify(tutorials/python_parameters) by extensions ['ignore', 'ignore_ament_install']
[1.413s] Level 1:colcon.colcon_core.package_identification:_identify(tutorials/python_parameters) by extension 'ignore'
[1.413s] Level 1:colcon.colcon_core.package_identification:_identify(tutorials/python_parameters) by extension 'ignore_ament_install'
[1.413s] Level 1:colcon.colcon_core.package_identification:_identify(tutorials/python_parameters) by extensions ['colcon_pkg']
[1.413s] Level 1:colcon.colcon_core.package_identification:_identify(tutorials/python_parameters) by extension 'colcon_pkg'
[1.413s] Level 1:colcon.colcon_core.package_identification:_identify(tutorials/python_parameters) by extensions ['colcon_meta']
[1.413s] Level 1:colcon.colcon_core.package_identification:_identify(tutorials/python_parameters) by extension 'colcon_meta'
[1.413s] Level 1:colcon.colcon_core.package_identification:_identify(tutorials/python_parameters) by extensions ['ros']
[1.413s] Level 1:colcon.colcon_core.package_identification:_identify(tutorials/python_parameters) by extension 'ros'
[1.414s] DEBUG:colcon.colcon_core.package_identification:Package 'tutorials/python_parameters' with type 'ros.ament_python' and name 'python_parameters'
[1.415s] Level 1:colcon.colcon_core.package_identification:_identify(tutorials/tutorial_interfaces) by extensions ['ignore', 'ignore_ament_install']
[1.415s] Level 1:colcon.colcon_core.package_identification:_identify(tutorials/tutorial_interfaces) by extension 'ignore'
[1.415s] Level 1:colcon.colcon_core.package_identification:_identify(tutorials/tutorial_interfaces) by extension 'ignore_ament_install'
[1.415s] Level 1:colcon.colcon_core.package_identification:_identify(tutorials/tutorial_interfaces) by extensions ['colcon_pkg']
[1.415s] Level 1:colcon.colcon_core.package_identification:_identify(tutorials/tutorial_interfaces) by extension 'colcon_pkg'
[1.415s] Level 1:colcon.colcon_core.package_identification:_identify(tutorials/tutorial_interfaces) by extensions ['colcon_meta']
[1.415s] Level 1:colcon.colcon_core.package_identification:_identify(tutorials/tutorial_interfaces) by extension 'colcon_meta'
[1.415s] Level 1:colcon.colcon_core.package_identification:_identify(tutorials/tutorial_interfaces) by extensions ['ros']
[1.415s] Level 1:colcon.colcon_core.package_identification:_identify(tutorials/tutorial_interfaces) by extension 'ros'
[1.416s] DEBUG:colcon.colcon_core.package_identification:Package 'tutorials/tutorial_interfaces' with type 'ros.ament_cmake' and name 'tutorial_interfaces'
[1.417s] Level 1:colcon.colcon_core.package_identification:_identify(worlds) by extensions ['ignore', 'ignore_ament_install']
[1.417s] Level 1:colcon.colcon_core.package_identification:_identify(worlds) by extension 'ignore'
[1.417s] Level 1:colcon.colcon_core.package_identification:_identify(worlds) by extension 'ignore_ament_install'
[1.417s] Level 1:colcon.colcon_core.package_identification:_identify(worlds) by extensions ['colcon_pkg']
[1.417s] Level 1:colcon.colcon_core.package_identification:_identify(worlds) by extension 'colcon_pkg'
[1.417s] Level 1:colcon.colcon_core.package_identification:_identify(worlds) by extensions ['colcon_meta']
[1.417s] Level 1:colcon.colcon_core.package_identification:_identify(worlds) by extension 'colcon_meta'
[1.417s] Level 1:colcon.colcon_core.package_identification:_identify(worlds) by extensions ['ros']
[1.417s] Level 1:colcon.colcon_core.package_identification:_identify(worlds) by extension 'ros'
[1.417s] Level 1:colcon.colcon_core.package_identification:_identify(worlds) by extensions ['cmake', 'python']
[1.417s] Level 1:colcon.colcon_core.package_identification:_identify(worlds) by extension 'cmake'
[1.417s] Level 1:colcon.colcon_core.package_identification:_identify(worlds) by extension 'python'
[1.417s] Level 1:colcon.colcon_core.package_identification:_identify(worlds) by extensions ['python_setup_py']
[1.417s] Level 1:colcon.colcon_core.package_identification:_identify(worlds) by extension 'python_setup_py'
[1.418s] Level 1:colcon.colcon_core.package_identification:_identify(worlds/__pycache__) by extensions ['ignore', 'ignore_ament_install']
[1.418s] Level 1:colcon.colcon_core.package_identification:_identify(worlds/__pycache__) by extension 'ignore'
[1.418s] Level 1:colcon.colcon_core.package_identification:_identify(worlds/__pycache__) by extension 'ignore_ament_install'
[1.418s] Level 1:colcon.colcon_core.package_identification:_identify(worlds/__pycache__) by extensions ['colcon_pkg']
[1.418s] Level 1:colcon.colcon_core.package_identification:_identify(worlds/__pycache__) by extension 'colcon_pkg'
[1.418s] Level 1:colcon.colcon_core.package_identification:_identify(worlds/__pycache__) by extensions ['colcon_meta']
[1.418s] Level 1:colcon.colcon_core.package_identification:_identify(worlds/__pycache__) by extension 'colcon_meta'
[1.418s] Level 1:colcon.colcon_core.package_identification:_identify(worlds/__pycache__) by extensions ['ros']
[1.418s] Level 1:colcon.colcon_core.package_identification:_identify(worlds/__pycache__) by extension 'ros'
[1.418s] Level 1:colcon.colcon_core.package_identification:_identify(worlds/__pycache__) by extensions ['cmake', 'python']
[1.418s] Level 1:colcon.colcon_core.package_identification:_identify(worlds/__pycache__) by extension 'cmake'
[1.418s] Level 1:colcon.colcon_core.package_identification:_identify(worlds/__pycache__) by extension 'python'
[1.418s] Level 1:colcon.colcon_core.package_identification:_identify(worlds/__pycache__) by extensions ['python_setup_py']
[1.419s] Level 1:colcon.colcon_core.package_identification:_identify(worlds/__pycache__) by extension 'python_setup_py'
[1.419s] Level 1:colcon.colcon_core.package_discovery:discover_packages(recursive) using defaults
[1.419s] Level 1:colcon.colcon_core.package_discovery:discover_packages(ignore) discover
[1.419s] Level 1:colcon.colcon_core.package_discovery:discover_packages(ignore) using defaults
[1.419s] Level 1:colcon.colcon_core.package_discovery:discover_packages(path) discover
[1.419s] Level 1:colcon.colcon_core.package_discovery:discover_packages(path) using defaults
[1.520s] INFO:colcon.colcon_core.package_selection:Skipping not selected package 'action_tutorials_interfaces' in 'tutorials/action_tutorials_interfaces'
[1.520s] INFO:colcon.colcon_core.package_selection:Skipping not selected package 'launch_tutorial' in 'tutorials/launch_tutorial'
[1.520s] INFO:colcon.colcon_core.package_selection:Skipping not selected package 'my_first_package' in 'tutorials/my_first_package'
[1.521s] INFO:colcon.colcon_core.package_selection:Skipping not selected package 'py_launch_example' in 'tutorials/launch_ws/py_launch_example'
[1.521s] INFO:colcon.colcon_core.package_selection:Skipping not selected package 'python_parameters' in 'tutorials/python_parameters'
[1.521s] INFO:colcon.colcon_core.package_selection:Skipping not selected package 'turtlebot3_fake_node' in 'src/turtlebot3_simulations/turtlebot3_fake_node'
[1.521s] INFO:colcon.colcon_core.package_selection:Skipping not selected package 'turtlebot3_gazebo' in 'src/turtlebot3_simulations/turtlebot3_gazebo'
[1.521s] INFO:colcon.colcon_core.package_selection:Skipping not selected package 'turtlebot_controller_pkg' in 'turtlebot_controller_pkg'
[1.521s] INFO:colcon.colcon_core.package_selection:Skipping not selected package 'tutorial_interfaces' in 'tutorials/tutorial_interfaces'
[1.521s] INFO:colcon.colcon_core.package_selection:Skipping not selected package 'py_pubsub' in 'tutorials/py_pubsub'
[1.521s] INFO:colcon.colcon_core.package_selection:Skipping not selected package 'py_srvcli' in 'tutorials/py_srvcli'
[1.524s] INFO:colcon.colcon_core.package_selection:Skipping not selected package 'turtlebot3_simulations' in 'src/turtlebot3_simulations/turtlebot3_simulations'
[1.528s] Level 1:colcon.colcon_core.package_discovery:discover_packages(prefix_path) check parameters
[1.529s] Level 1:colcon.colcon_core.package_discovery:discover_packages(prefix_path) discover
[1.538s] DEBUG:colcon.colcon_installed_package_information.package_discovery:Found 10 installed packages in /home/johnson/METR4202/install
[1.543s] DEBUG:colcon.colcon_installed_package_information.package_discovery:Found 3 installed packages in /home/johnson/turtlebot3_ws/install
[1.552s] DEBUG:colcon.colcon_installed_package_information.package_discovery:Found 386 installed packages in /opt/ros/humble
[1.557s] Level 1:colcon.colcon_core.package_discovery:discover_packages(prefix_path) using defaults
[1.862s] Level 5:colcon.colcon_core.verb:set package 'tb3_controller' build argument 'cmake_args' from command line to 'None'
[1.863s] Level 5:colcon.colcon_core.verb:set package 'tb3_controller' build argument 'cmake_target' from command line to 'None'
[1.863s] Level 5:colcon.colcon_core.verb:set package 'tb3_controller' build argument 'cmake_target_skip_unavailable' from command line to 'False'
[1.863s] Level 5:colcon.colcon_core.verb:set package 'tb3_controller' build argument 'cmake_clean_cache' from command line to 'False'
[1.863s] Level 5:colcon.colcon_core.verb:set package 'tb3_controller' build argument 'cmake_clean_first' from command line to 'False'
[1.864s] Level 5:colcon.colcon_core.verb:set package 'tb3_controller' build argument 'cmake_force_configure' from command line to 'False'
[1.864s] Level 5:colcon.colcon_core.verb:set package 'tb3_controller' build argument 'ament_cmake_args' from command line to 'None'
[1.864s] Level 5:colcon.colcon_core.verb:set package 'tb3_controller' build argument 'catkin_cmake_args' from command line to 'None'
[1.864s] Level 5:colcon.colcon_core.verb:set package 'tb3_controller' build argument 'catkin_skip_building_tests' from command line to 'False'
[1.864s] DEBUG:colcon.colcon_core.verb:Building package 'tb3_controller' with the following arguments: {'ament_cmake_args': None, 'build_base': '/home/johnson/METR4202/build/tb3_controller', 'catkin_cmake_args': None, 'catkin_skip_building_tests': False, 'cmake_args': None, 'cmake_clean_cache': False, 'cmake_clean_first': False, 'cmake_force_configure': False, 'cmake_target': None, 'cmake_target_skip_unavailable': False, 'install_base': '/home/johnson/METR4202/install/tb3_controller', 'merge_install': False, 'path': '/home/johnson/METR4202/tb3_controller', 'symlink_install': False, 'test_result_base': None}
[1.866s] INFO:colcon.colcon_core.executor:Executing jobs using 'parallel' executor
[1.879s] DEBUG:colcon.colcon_parallel_executor.executor.parallel:run_until_complete
[1.880s] INFO:colcon.colcon_ros.task.ament_python.build:Building ROS package in '/home/johnson/METR4202/tb3_controller' with build type 'ament_python'
[1.880s] Level 1:colcon.colcon_core.shell:create_environment_hook('tb3_controller', 'ament_prefix_path')
[1.887s] INFO:colcon.colcon_core.plugin_system:Skipping extension 'colcon_core.shell.bat': Not used on non-Windows systems
[1.887s] INFO:colcon.colcon_core.shell:Creating environment hook '/home/johnson/METR4202/install/tb3_controller/share/tb3_controller/hook/ament_prefix_path.ps1'
[1.888s] INFO:colcon.colcon_core.shell:Creating environment descriptor '/home/johnson/METR4202/install/tb3_controller/share/tb3_controller/hook/ament_prefix_path.dsv'
[1.889s] INFO:colcon.colcon_core.shell:Creating environment hook '/home/johnson/METR4202/install/tb3_controller/share/tb3_controller/hook/ament_prefix_path.sh'
[1.900s] INFO:colcon.colcon_core.shell:Skip shell extension 'powershell' for command environment: Not usable outside of PowerShell
[1.900s] DEBUG:colcon.colcon_core.shell:Skip shell extension 'dsv' for command environment
[2.879s] INFO:colcon.colcon_core.task.python.build:Building Python package in '/home/johnson/METR4202/tb3_controller'
[2.882s] INFO:colcon.colcon_core.shell:Skip shell extension 'powershell' for command environment: Not usable outside of PowerShell
[2.882s] DEBUG:colcon.colcon_core.shell:Skip shell extension 'dsv' for command environment
[4.025s] DEBUG:colcon.colcon_core.event_handler.log_command:Invoking command in '/home/johnson/METR4202/tb3_controller': PYTHONPATH=/home/johnson/METR4202/build/tb3_controller/prefix_override:/home/johnson/METR4202/install/tb3_controller/lib/python3.10/site-packages:${PYTHONPATH} /usr/bin/python3 setup.py egg_info --egg-base ../build/tb3_controller build --build-base /home/johnson/METR4202/build/tb3_controller/build install --record /home/johnson/METR4202/build/tb3_controller/install.log --single-version-externally-managed
[4.883s] Level 1:colcon.colcon_core.environment:checking '/home/johnson/METR4202/install/tb3_controller' for CMake module files
[4.884s] DEBUG:colcon.colcon_core.event_handler.log_command:Invoked command in '/home/johnson/METR4202/tb3_controller' returned '0': PYTHONPATH=/home/johnson/METR4202/build/tb3_controller/prefix_override:/home/johnson/METR4202/install/tb3_controller/lib/python3.10/site-packages:${PYTHONPATH} /usr/bin/python3 setup.py egg_info --egg-base ../build/tb3_controller build --build-base /home/johnson/METR4202/build/tb3_controller/build install --record /home/johnson/METR4202/build/tb3_controller/install.log --single-version-externally-managed
[4.891s] Level 1:colcon.colcon_core.environment:checking '/home/johnson/METR4202/install/tb3_controller' for CMake config files
[4.892s] Level 1:colcon.colcon_core.environment:checking '/home/johnson/METR4202/install/tb3_controller/lib'
[4.892s] Level 1:colcon.colcon_core.environment:checking '/home/johnson/METR4202/install/tb3_controller/bin'
[4.892s] Level 1:colcon.colcon_core.environment:checking '/home/johnson/METR4202/install/tb3_controller/lib/pkgconfig/tb3_controller.pc'
[4.893s] Level 1:colcon.colcon_core.environment:checking '/home/johnson/METR4202/install/tb3_controller/lib/python3.10/site-packages'
[4.893s] Level 1:colcon.colcon_core.shell:create_environment_hook('tb3_controller', 'pythonpath')
[4.895s] INFO:colcon.colcon_core.shell:Creating environment hook '/home/johnson/METR4202/install/tb3_controller/share/tb3_controller/hook/pythonpath.ps1'
[4.898s] INFO:colcon.colcon_core.shell:Creating environment descriptor '/home/johnson/METR4202/install/tb3_controller/share/tb3_controller/hook/pythonpath.dsv'
[4.901s] INFO:colcon.colcon_core.shell:Creating environment hook '/home/johnson/METR4202/install/tb3_controller/share/tb3_controller/hook/pythonpath.sh'
[4.902s] Level 1:colcon.colcon_core.environment:checking '/home/johnson/METR4202/install/tb3_controller/bin'
[4.902s] Level 1:colcon.colcon_core.environment:create_environment_scripts_only(tb3_controller)
[4.906s] INFO:colcon.colcon_core.shell:Creating package script '/home/johnson/METR4202/install/tb3_controller/share/tb3_controller/package.ps1'
[4.917s] INFO:colcon.colcon_core.shell:Creating package descriptor '/home/johnson/METR4202/install/tb3_controller/share/tb3_controller/package.dsv'
[4.918s] INFO:colcon.colcon_core.shell:Creating package script '/home/johnson/METR4202/install/tb3_controller/share/tb3_controller/package.sh'
[4.922s] INFO:colcon.colcon_core.shell:Creating package script '/home/johnson/METR4202/install/tb3_controller/share/tb3_controller/package.bash'
[4.923s] INFO:colcon.colcon_core.shell:Creating package script '/home/johnson/METR4202/install/tb3_controller/share/tb3_controller/package.zsh'
[4.925s] Level 1:colcon.colcon_core.environment:create_file_with_runtime_dependencies(/home/johnson/METR4202/install/tb3_controller/share/colcon-core/packages/tb3_controller)
[4.926s] DEBUG:colcon.colcon_parallel_executor.executor.parallel:closing loop
[4.927s] DEBUG:colcon.colcon_parallel_executor.executor.parallel:loop closed
[4.927s] DEBUG:colcon.colcon_parallel_executor.executor.parallel:run_until_complete finished with '0'
[4.928s] DEBUG:colcon.colcon_core.event_reactor:joining thread
[5.040s] INFO:colcon.colcon_core.plugin_system:Skipping extension 'colcon_notification.desktop_notification.notify_send': Could not find 'notify-send'
[5.040s] INFO:colcon.colcon_core.plugin_system:Skipping extension 'colcon_notification.desktop_notification.terminal_notifier': Not used on non-Darwin systems
[5.041s] INFO:colcon.colcon_core.plugin_system:Skipping extension 'colcon_notification.desktop_notification.win32': Not used on non-Windows systems
[5.041s] INFO:colcon.colcon_notification.desktop_notification:Sending desktop notification using 'notify2'
[5.047s] DEBUG:colcon.colcon_notification.desktop_notification.notify2:Failed to initialize notify2: org.freedesktop.DBus.Error.ServiceUnknown: The name org.freedesktop.Notifications was not provided by any .service files
[5.047s] DEBUG:colcon.colcon_core.event_reactor:joined thread
[5.049s] INFO:colcon.colcon_core.shell:Creating prefix script '/home/johnson/METR4202/install/local_setup.ps1'
[5.052s] INFO:colcon.colcon_core.shell:Creating prefix util module '/home/johnson/METR4202/install/_local_setup_util_ps1.py'
[5.054s] INFO:colcon.colcon_core.shell:Creating prefix chain script '/home/johnson/METR4202/install/setup.ps1'
[5.060s] INFO:colcon.colcon_core.shell:Creating prefix script '/home/johnson/METR4202/install/local_setup.sh'
[5.062s] INFO:colcon.colcon_core.shell:Creating prefix util module '/home/johnson/METR4202/install/_local_setup_util_sh.py'
[5.076s] INFO:colcon.colcon_core.shell:Creating prefix chain script '/home/johnson/METR4202/install/setup.sh'
[5.083s] INFO:colcon.colcon_core.shell:Creating prefix script '/home/johnson/METR4202/install/local_setup.bash'
[5.084s] INFO:colcon.colcon_core.shell:Creating prefix chain script '/home/johnson/METR4202/install/setup.bash'
[5.087s] INFO:colcon.colcon_core.shell:Creating prefix script '/home/johnson/METR4202/install/local_setup.zsh'
[5.088s] INFO:colcon.colcon_core.shell:Creating prefix chain script '/home/johnson/METR4202/install/setup.zsh'
