[2.103s] Invoking command in '/home/johnson/METR4202': PYTHONPATH=/home/johnson/METR4202/build/tb3_controller/prefix_override:/home/johnson/METR4202/install/tb3_controller/lib/python3.10/site-packages:${PYTHONPATH} /usr/bin/python3 setup.py egg_info --egg-base build/tb3_controller build --build-base /home/johnson/METR4202/build/tb3_controller/build install --record /home/johnson/METR4202/build/tb3_controller/install.log --single-version-externally-managed
[2.993s] running egg_info
[2.993s] writing build/tb3_controller/tb3_controller.egg-info/PKG-INFO
[2.998s] writing dependency_links to build/tb3_controller/tb3_controller.egg-info/dependency_links.txt
[2.999s] writing entry points to build/tb3_controller/tb3_controller.egg-info/entry_points.txt
[3.001s] writing requirements to build/tb3_controller/tb3_controller.egg-info/requires.txt
[3.002s] writing top-level names to build/tb3_controller/tb3_controller.egg-info/top_level.txt
[3.008s] reading manifest file 'build/tb3_controller/tb3_controller.egg-info/SOURCES.txt'
[3.011s] writing manifest file 'build/tb3_controller/tb3_controller.egg-info/SOURCES.txt'
[3.012s] running build
[3.012s] running build_py
[3.013s] running install
[3.014s] /usr/lib/python3/dist-packages/setuptools/command/install.py:34: SetuptoolsDeprecationWarning: setup.py install is deprecated. Use build and pip and other standards-based tools.
[3.014s]   warnings.warn(
[3.016s] running install_lib
[3.018s] running install_data
[3.022s] running install_egg_info
[3.027s] removing '/home/johnson/METR4202/install/tb3_controller/lib/python3.10/site-packages/tb3_controller-0.0.0-py3.10.egg-info' (and everything under it)
[3.042s] Copying build/tb3_controller/tb3_controller.egg-info to /home/johnson/METR4202/install/tb3_controller/lib/python3.10/site-packages/tb3_controller-0.0.0-py3.10.egg-info
[3.051s] running install_scripts
[3.099s] Installing turtlebot_brain script to /home/johnson/METR4202/install/tb3_controller/lib/tb3_controller
[3.101s] writing list of installed files to '/home/johnson/METR4202/build/tb3_controller/install.log'
[3.223s] Invoked command in '/home/johnson/METR4202' returned '0': PYTHONPATH=/home/johnson/METR4202/build/tb3_controller/prefix_override:/home/johnson/METR4202/install/tb3_controller/lib/python3.10/site-packages:${PYTHONPATH} /usr/bin/python3 setup.py egg_info --egg-base build/tb3_controller build --build-base /home/johnson/METR4202/build/tb3_controller/build install --record /home/johnson/METR4202/build/tb3_controller/install.log --single-version-externally-managed
