[1.041s] DEBUG:colcon:Command line arguments: ['/usr/bin/colcon', 'build', '--packages-select', 'tb3_controller']
[1.041s] DEBUG:colcon:Parsed command line arguments: Namespace(log_base=None, log_level=None, verb_name='build', build_base='build', install_base='install', merge_install=False, symlink_install=False, test_result_base=None, continue_on_error=False, executor='parallel', parallel_workers=8, event_handlers=None, ignore_user_meta=False, metas=['./colcon.meta'], base_paths=['.'], packages_ignore=None, packages_ignore_regex=None, paths=None, packages_up_to=None, packages_up_to_regex=None, packages_above=None, packages_above_and_dependencies=None, packages_above_depth=None, packages_select_by_dep=None, packages_skip_by_dep=None, packages_skip_up_to=None, packages_select_build_failed=False, packages_skip_build_finished=False, packages_select_test_failures=False, packages_skip_test_passed=False, packages_select=['tb3_controller'], packages_skip=None, packages_select_regex=None, packages_skip_regex=None, packages_start=None, packages_end=None, allow_overriding=[], cmake_args=None, cmake_target=None, cmake_target_skip_unavailable=False, cmake_clean_cache=False, cmake_clean_first=False, cmake_force_configure=False, ament_cmake_args=None, catkin_cmake_args=None, catkin_skip_building_tests=False, verb_parser=<colcon_defaults.argument_parser.defaults.DefaultArgumentsDecorator object at 0x7f5c706f24d0>, verb_extension=<colcon_core.verb.build.BuildVerb object at 0x7f5c70ea84f0>, main=<bound method BuildVerb.main of <colcon_core.verb.build.BuildVerb object at 0x7f5c70ea84f0>>)
[1.127s] Level 1:colcon.colcon_core.package_discovery:discover_packages(colcon_meta) check parameters
[1.128s] Level 1:colcon.colcon_core.package_discovery:discover_packages(recursive) check parameters
[1.129s] Level 1:colcon.colcon_core.package_discovery:discover_packages(ignore) check parameters
[1.129s] Level 1:colcon.colcon_core.package_discovery:discover_packages(path) check parameters
[1.129s] Level 1:colcon.colcon_core.package_discovery:discover_packages(colcon_meta) discover
[1.129s] Level 1:colcon.colcon_core.package_discovery:discover_packages(recursive) discover
[1.129s] INFO:colcon.colcon_core.package_discovery:Crawling recursively for packages in '/home/johnson/METR4202'
[1.129s] Level 1:colcon.colcon_core.package_identification:_identify(.) by extensions ['ignore', 'ignore_ament_install']
[1.130s] Level 1:colcon.colcon_core.package_identification:_identify(.) by extension 'ignore'
[1.130s] Level 1:colcon.colcon_core.package_identification:_identify(.) by extension 'ignore_ament_install'
[1.130s] Level 1:colcon.colcon_core.package_identification:_identify(.) by extensions ['colcon_pkg']
[1.130s] Level 1:colcon.colcon_core.package_identification:_identify(.) by extension 'colcon_pkg'
[1.130s] Level 1:colcon.colcon_core.package_identification:_identify(.) by extensions ['colcon_meta']
[1.130s] Level 1:colcon.colcon_core.package_identification:_identify(.) by extension 'colcon_meta'
[1.130s] Level 1:colcon.colcon_core.package_identification:_identify(.) by extensions ['ros']
[1.130s] Level 1:colcon.colcon_core.package_identification:_identify(.) by extension 'ros'
[1.150s] Level 1:colcon.colcon_core.package_identification:_identify(.) by extensions ['cmake', 'python']
[1.150s] Level 1:colcon.colcon_core.package_identification:_identify(.) by extension 'cmake'
[1.151s] Level 1:colcon.colcon_core.package_identification:_identify(.) by extension 'python'
[1.151s] Level 1:colcon.colcon_core.package_identification:_identify(.) by extensions ['python_setup_py']
[1.154s] Level 1:colcon.colcon_core.package_identification:_identify(.) by extension 'python_setup_py'
[1.155s] Level 1:colcon.colcon_core.package_identification:_identify(Instructions) by extensions ['ignore', 'ignore_ament_install']
[1.155s] Level 1:colcon.colcon_core.package_identification:_identify(Instructions) by extension 'ignore'
[1.155s] Level 1:colcon.colcon_core.package_identification:_identify(Instructions) by extension 'ignore_ament_install'
[1.156s] Level 1:colcon.colcon_core.package_identification:_identify(Instructions) by extensions ['colcon_pkg']
[1.157s] Level 1:colcon.colcon_core.package_identification:_identify(Instructions) by extension 'colcon_pkg'
[1.157s] Level 1:colcon.colcon_core.package_identification:_identify(Instructions) by extensions ['colcon_meta']
[1.157s] Level 1:colcon.colcon_core.package_identification:_identify(Instructions) by extension 'colcon_meta'
[1.157s] Level 1:colcon.colcon_core.package_identification:_identify(Instructions) by extensions ['ros']
[1.158s] Level 1:colcon.colcon_core.package_identification:_identify(Instructions) by extension 'ros'
[1.158s] Level 1:colcon.colcon_core.package_identification:_identify(Instructions) by extensions ['cmake', 'python']
[1.158s] Level 1:colcon.colcon_core.package_identification:_identify(Instructions) by extension 'cmake'
[1.158s] Level 1:colcon.colcon_core.package_identification:_identify(Instructions) by extension 'python'
[1.159s] Level 1:colcon.colcon_core.package_identification:_identify(Instructions) by extensions ['python_setup_py']
[1.159s] Level 1:colcon.colcon_core.package_identification:_identify(Instructions) by extension 'python_setup_py'
[1.160s] Level 1:colcon.colcon_core.package_identification:_identify(build) by extensions ['ignore', 'ignore_ament_install']
[1.160s] Level 1:colcon.colcon_core.package_identification:_identify(build) by extension 'ignore'
[1.160s] Level 1:colcon.colcon_core.package_identification:_identify(build) ignored
[1.161s] Level 1:colcon.colcon_core.package_identification:_identify(install) by extensions ['ignore', 'ignore_ament_install']
[1.161s] Level 1:colcon.colcon_core.package_identification:_identify(install) by extension 'ignore'
[1.161s] Level 1:colcon.colcon_core.package_identification:_identify(install) ignored
[1.161s] Level 1:colcon.colcon_core.package_identification:_identify(log) by extensions ['ignore', 'ignore_ament_install']
[1.161s] Level 1:colcon.colcon_core.package_identification:_identify(log) by extension 'ignore'
[1.161s] Level 1:colcon.colcon_core.package_identification:_identify(log) ignored
[1.161s] Level 1:colcon.colcon_core.package_identification:_identify(maps) by extensions ['ignore', 'ignore_ament_install']
[1.162s] Level 1:colcon.colcon_core.package_identification:_identify(maps) by extension 'ignore'
[1.162s] Level 1:colcon.colcon_core.package_identification:_identify(maps) by extension 'ignore_ament_install'
[1.162s] Level 1:colcon.colcon_core.package_identification:_identify(maps) by extensions ['colcon_pkg']
[1.162s] Level 1:colcon.colcon_core.package_identification:_identify(maps) by extension 'colcon_pkg'
[1.162s] Level 1:colcon.colcon_core.package_identification:_identify(maps) by extensions ['colcon_meta']
[1.162s] Level 1:colcon.colcon_core.package_identification:_identify(maps) by extension 'colcon_meta'
[1.162s] Level 1:colcon.colcon_core.package_identification:_identify(maps) by extensions ['ros']
[1.162s] Level 1:colcon.colcon_core.package_identification:_identify(maps) by extension 'ros'
[1.162s] Level 1:colcon.colcon_core.package_identification:_identify(maps) by extensions ['cmake', 'python']
[1.163s] Level 1:colcon.colcon_core.package_identification:_identify(maps) by extension 'cmake'
[1.163s] Level 1:colcon.colcon_core.package_identification:_identify(maps) by extension 'python'
[1.163s] Level 1:colcon.colcon_core.package_identification:_identify(maps) by extensions ['python_setup_py']
[1.163s] Level 1:colcon.colcon_core.package_identification:_identify(maps) by extension 'python_setup_py'
[1.163s] Level 1:colcon.colcon_core.package_identification:_identify(src) by extensions ['ignore', 'ignore_ament_install']
[1.163s] Level 1:colcon.colcon_core.package_identification:_identify(src) by extension 'ignore'
[1.163s] Level 1:colcon.colcon_core.package_identification:_identify(src) by extension 'ignore_ament_install'
[1.163s] Level 1:colcon.colcon_core.package_identification:_identify(src) by extensions ['colcon_pkg']
[1.163s] Level 1:colcon.colcon_core.package_identification:_identify(src) by extension 'colcon_pkg'
[1.163s] Level 1:colcon.colcon_core.package_identification:_identify(src) by extensions ['colcon_meta']
[1.163s] Level 1:colcon.colcon_core.package_identification:_identify(src) by extension 'colcon_meta'
[1.163s] Level 1:colcon.colcon_core.package_identification:_identify(src) by extensions ['ros']
[1.164s] Level 1:colcon.colcon_core.package_identification:_identify(src) by extension 'ros'
[1.164s] Level 1:colcon.colcon_core.package_identification:_identify(src) by extensions ['cmake', 'python']
[1.164s] Level 1:colcon.colcon_core.package_identification:_identify(src) by extension 'cmake'
[1.164s] Level 1:colcon.colcon_core.package_identification:_identify(src) by extension 'python'
[1.164s] Level 1:colcon.colcon_core.package_identification:_identify(src) by extensions ['python_setup_py']
[1.164s] Level 1:colcon.colcon_core.package_identification:_identify(src) by extension 'python_setup_py'
[1.164s] Level 1:colcon.colcon_core.package_identification:_identify(src/build) by extensions ['ignore', 'ignore_ament_install']
[1.164s] Level 1:colcon.colcon_core.package_identification:_identify(src/build) by extension 'ignore'
[1.164s] Level 1:colcon.colcon_core.package_identification:_identify(src/build) ignored
[1.164s] Level 1:colcon.colcon_core.package_identification:_identify(src/install) by extensions ['ignore', 'ignore_ament_install']
[1.164s] Level 1:colcon.colcon_core.package_identification:_identify(src/install) by extension 'ignore'
[1.164s] Level 1:colcon.colcon_core.package_identification:_identify(src/install) by extension 'ignore_ament_install'
[1.165s] Level 1:colcon.colcon_core.package_identification:_identify(src/install) by extensions ['colcon_pkg']
[1.165s] Level 1:colcon.colcon_core.package_identification:_identify(src/install) by extension 'colcon_pkg'
[1.165s] Level 1:colcon.colcon_core.package_identification:_identify(src/install) by extensions ['colcon_meta']
[1.165s] Level 1:colcon.colcon_core.package_identification:_identify(src/install) by extension 'colcon_meta'
[1.165s] Level 1:colcon.colcon_core.package_identification:_identify(src/install) by extensions ['ros']
[1.165s] Level 1:colcon.colcon_core.package_identification:_identify(src/install) by extension 'ros'
[1.165s] Level 1:colcon.colcon_core.package_identification:_identify(src/install) by extensions ['cmake', 'python']
[1.165s] Level 1:colcon.colcon_core.package_identification:_identify(src/install) by extension 'cmake'
[1.165s] Level 1:colcon.colcon_core.package_identification:_identify(src/install) by extension 'python'
[1.165s] Level 1:colcon.colcon_core.package_identification:_identify(src/install) by extensions ['python_setup_py']
[1.165s] Level 1:colcon.colcon_core.package_identification:_identify(src/install) by extension 'python_setup_py'
[1.165s] Level 1:colcon.colcon_core.package_identification:_identify(src/install/waypoint_commander) by extensions ['ignore', 'ignore_ament_install']
[1.165s] Level 1:colcon.colcon_core.package_identification:_identify(src/install/waypoint_commander) by extension 'ignore'
[1.165s] Level 1:colcon.colcon_core.package_identification:_identify(src/install/waypoint_commander) by extension 'ignore_ament_install'
[1.166s] Level 1:colcon.colcon_core.package_identification:_identify(src/install/waypoint_commander) by extensions ['colcon_pkg']
[1.166s] Level 1:colcon.colcon_core.package_identification:_identify(src/install/waypoint_commander) by extension 'colcon_pkg'
[1.166s] Level 1:colcon.colcon_core.package_identification:_identify(src/install/waypoint_commander) by extensions ['colcon_meta']
[1.166s] Level 1:colcon.colcon_core.package_identification:_identify(src/install/waypoint_commander) by extension 'colcon_meta'
[1.166s] Level 1:colcon.colcon_core.package_identification:_identify(src/install/waypoint_commander) by extensions ['ros']
[1.166s] Level 1:colcon.colcon_core.package_identification:_identify(src/install/waypoint_commander) by extension 'ros'
[1.166s] Level 1:colcon.colcon_core.package_identification:_identify(src/install/waypoint_commander) by extensions ['cmake', 'python']
[1.166s] Level 1:colcon.colcon_core.package_identification:_identify(src/install/waypoint_commander) by extension 'cmake'
[1.166s] Level 1:colcon.colcon_core.package_identification:_identify(src/install/waypoint_commander) by extension 'python'
[1.166s] Level 1:colcon.colcon_core.package_identification:_identify(src/install/waypoint_commander) by extensions ['python_setup_py']
[1.166s] Level 1:colcon.colcon_core.package_identification:_identify(src/install/waypoint_commander) by extension 'python_setup_py'
[1.166s] Level 1:colcon.colcon_core.package_identification:_identify(src/install/waypoint_commander/lib) by extensions ['ignore', 'ignore_ament_install']
[1.166s] Level 1:colcon.colcon_core.package_identification:_identify(src/install/waypoint_commander/lib) by extension 'ignore'
[1.166s] Level 1:colcon.colcon_core.package_identification:_identify(src/install/waypoint_commander/lib) by extension 'ignore_ament_install'
[1.167s] Level 1:colcon.colcon_core.package_identification:_identify(src/install/waypoint_commander/lib) by extensions ['colcon_pkg']
[1.167s] Level 1:colcon.colcon_core.package_identification:_identify(src/install/waypoint_commander/lib) by extension 'colcon_pkg'
[1.167s] Level 1:colcon.colcon_core.package_identification:_identify(src/install/waypoint_commander/lib) by extensions ['colcon_meta']
[1.167s] Level 1:colcon.colcon_core.package_identification:_identify(src/install/waypoint_commander/lib) by extension 'colcon_meta'
[1.168s] Level 1:colcon.colcon_core.package_identification:_identify(src/install/waypoint_commander/lib) by extensions ['ros']
[1.168s] Level 1:colcon.colcon_core.package_identification:_identify(src/install/waypoint_commander/lib) by extension 'ros'
[1.168s] Level 1:colcon.colcon_core.package_identification:_identify(src/install/waypoint_commander/lib) by extensions ['cmake', 'python']
[1.168s] Level 1:colcon.colcon_core.package_identification:_identify(src/install/waypoint_commander/lib) by extension 'cmake'
[1.168s] Level 1:colcon.colcon_core.package_identification:_identify(src/install/waypoint_commander/lib) by extension 'python'
[1.171s] Level 1:colcon.colcon_core.package_identification:_identify(src/install/waypoint_commander/lib) by extensions ['python_setup_py']
[1.172s] Level 1:colcon.colcon_core.package_identification:_identify(src/install/waypoint_commander/lib) by extension 'python_setup_py'
[1.174s] Level 1:colcon.colcon_core.package_identification:_identify(src/install/waypoint_commander/lib/python3.10) by extensions ['ignore', 'ignore_ament_install']
[1.174s] Level 1:colcon.colcon_core.package_identification:_identify(src/install/waypoint_commander/lib/python3.10) by extension 'ignore'
[1.175s] Level 1:colcon.colcon_core.package_identification:_identify(src/install/waypoint_commander/lib/python3.10) by extension 'ignore_ament_install'
[1.175s] Level 1:colcon.colcon_core.package_identification:_identify(src/install/waypoint_commander/lib/python3.10) by extensions ['colcon_pkg']
[1.175s] Level 1:colcon.colcon_core.package_identification:_identify(src/install/waypoint_commander/lib/python3.10) by extension 'colcon_pkg'
[1.175s] Level 1:colcon.colcon_core.package_identification:_identify(src/install/waypoint_commander/lib/python3.10) by extensions ['colcon_meta']
[1.175s] Level 1:colcon.colcon_core.package_identification:_identify(src/install/waypoint_commander/lib/python3.10) by extension 'colcon_meta'
[1.175s] Level 1:colcon.colcon_core.package_identification:_identify(src/install/waypoint_commander/lib/python3.10) by extensions ['ros']
[1.176s] Level 1:colcon.colcon_core.package_identification:_identify(src/install/waypoint_commander/lib/python3.10) by extension 'ros'
[1.176s] Level 1:colcon.colcon_core.package_identification:_identify(src/install/waypoint_commander/lib/python3.10) by extensions ['cmake', 'python']
[1.176s] Level 1:colcon.colcon_core.package_identification:_identify(src/install/waypoint_commander/lib/python3.10) by extension 'cmake'
[1.176s] Level 1:colcon.colcon_core.package_identification:_identify(src/install/waypoint_commander/lib/python3.10) by extension 'python'
[1.176s] Level 1:colcon.colcon_core.package_identification:_identify(src/install/waypoint_commander/lib/python3.10) by extensions ['python_setup_py']
[1.176s] Level 1:colcon.colcon_core.package_identification:_identify(src/install/waypoint_commander/lib/python3.10) by extension 'python_setup_py'
[1.176s] Level 1:colcon.colcon_core.package_identification:_identify(src/install/waypoint_commander/lib/python3.10/site-packages) by extensions ['ignore', 'ignore_ament_install']
[1.176s] Level 1:colcon.colcon_core.package_identification:_identify(src/install/waypoint_commander/lib/python3.10/site-packages) by extension 'ignore'
[1.176s] Level 1:colcon.colcon_core.package_identification:_identify(src/install/waypoint_commander/lib/python3.10/site-packages) by extension 'ignore_ament_install'
[1.176s] Level 1:colcon.colcon_core.package_identification:_identify(src/install/waypoint_commander/lib/python3.10/site-packages) by extensions ['colcon_pkg']
[1.176s] Level 1:colcon.colcon_core.package_identification:_identify(src/install/waypoint_commander/lib/python3.10/site-packages) by extension 'colcon_pkg'
[1.176s] Level 1:colcon.colcon_core.package_identification:_identify(src/install/waypoint_commander/lib/python3.10/site-packages) by extensions ['colcon_meta']
[1.177s] Level 1:colcon.colcon_core.package_identification:_identify(src/install/waypoint_commander/lib/python3.10/site-packages) by extension 'colcon_meta'
[1.177s] Level 1:colcon.colcon_core.package_identification:_identify(src/install/waypoint_commander/lib/python3.10/site-packages) by extensions ['ros']
[1.177s] Level 1:colcon.colcon_core.package_identification:_identify(src/install/waypoint_commander/lib/python3.10/site-packages) by extension 'ros'
[1.177s] Level 1:colcon.colcon_core.package_identification:_identify(src/install/waypoint_commander/lib/python3.10/site-packages) by extensions ['cmake', 'python']
[1.177s] Level 1:colcon.colcon_core.package_identification:_identify(src/install/waypoint_commander/lib/python3.10/site-packages) by extension 'cmake'
[1.177s] Level 1:colcon.colcon_core.package_identification:_identify(src/install/waypoint_commander/lib/python3.10/site-packages) by extension 'python'
[1.177s] Level 1:colcon.colcon_core.package_identification:_identify(src/install/waypoint_commander/lib/python3.10/site-packages) by extensions ['python_setup_py']
[1.177s] Level 1:colcon.colcon_core.package_identification:_identify(src/install/waypoint_commander/lib/python3.10/site-packages) by extension 'python_setup_py'
[1.177s] Level 1:colcon.colcon_core.package_identification:_identify(src/install/waypoint_commander/lib/waypoint_commander) by extensions ['ignore', 'ignore_ament_install']
[1.177s] Level 1:colcon.colcon_core.package_identification:_identify(src/install/waypoint_commander/lib/waypoint_commander) by extension 'ignore'
[1.177s] Level 1:colcon.colcon_core.package_identification:_identify(src/install/waypoint_commander/lib/waypoint_commander) by extension 'ignore_ament_install'
[1.178s] Level 1:colcon.colcon_core.package_identification:_identify(src/install/waypoint_commander/lib/waypoint_commander) by extensions ['colcon_pkg']
[1.178s] Level 1:colcon.colcon_core.package_identification:_identify(src/install/waypoint_commander/lib/waypoint_commander) by extension 'colcon_pkg'
[1.178s] Level 1:colcon.colcon_core.package_identification:_identify(src/install/waypoint_commander/lib/waypoint_commander) by extensions ['colcon_meta']
[1.178s] Level 1:colcon.colcon_core.package_identification:_identify(src/install/waypoint_commander/lib/waypoint_commander) by extension 'colcon_meta'
[1.178s] Level 1:colcon.colcon_core.package_identification:_identify(src/install/waypoint_commander/lib/waypoint_commander) by extensions ['ros']
[1.178s] Level 1:colcon.colcon_core.package_identification:_identify(src/install/waypoint_commander/lib/waypoint_commander) by extension 'ros'
[1.178s] Level 1:colcon.colcon_core.package_identification:_identify(src/install/waypoint_commander/lib/waypoint_commander) by extensions ['cmake', 'python']
[1.178s] Level 1:colcon.colcon_core.package_identification:_identify(src/install/waypoint_commander/lib/waypoint_commander) by extension 'cmake'
[1.178s] Level 1:colcon.colcon_core.package_identification:_identify(src/install/waypoint_commander/lib/waypoint_commander) by extension 'python'
[1.178s] Level 1:colcon.colcon_core.package_identification:_identify(src/install/waypoint_commander/lib/waypoint_commander) by extensions ['python_setup_py']
[1.178s] Level 1:colcon.colcon_core.package_identification:_identify(src/install/waypoint_commander/lib/waypoint_commander) by extension 'python_setup_py'
[1.178s] Level 1:colcon.colcon_core.package_identification:_identify(src/turtlebot3_simulations) by extensions ['ignore', 'ignore_ament_install']
[1.178s] Level 1:colcon.colcon_core.package_identification:_identify(src/turtlebot3_simulations) by extension 'ignore'
[1.178s] Level 1:colcon.colcon_core.package_identification:_identify(src/turtlebot3_simulations) by extension 'ignore_ament_install'
[1.179s] Level 1:colcon.colcon_core.package_identification:_identify(src/turtlebot3_simulations) by extensions ['colcon_pkg']
[1.179s] Level 1:colcon.colcon_core.package_identification:_identify(src/turtlebot3_simulations) by extension 'colcon_pkg'
[1.179s] Level 1:colcon.colcon_core.package_identification:_identify(src/turtlebot3_simulations) by extensions ['colcon_meta']
[1.179s] Level 1:colcon.colcon_core.package_identification:_identify(src/turtlebot3_simulations) by extension 'colcon_meta'
[1.179s] Level 1:colcon.colcon_core.package_identification:_identify(src/turtlebot3_simulations) by extensions ['ros']
[1.179s] Level 1:colcon.colcon_core.package_identification:_identify(src/turtlebot3_simulations) by extension 'ros'
[1.179s] Level 1:colcon.colcon_core.package_identification:_identify(src/turtlebot3_simulations) by extensions ['cmake', 'python']
[1.179s] Level 1:colcon.colcon_core.package_identification:_identify(src/turtlebot3_simulations) by extension 'cmake'
[1.179s] Level 1:colcon.colcon_core.package_identification:_identify(src/turtlebot3_simulations) by extension 'python'
[1.179s] Level 1:colcon.colcon_core.package_identification:_identify(src/turtlebot3_simulations) by extensions ['python_setup_py']
[1.179s] Level 1:colcon.colcon_core.package_identification:_identify(src/turtlebot3_simulations) by extension 'python_setup_py'
[1.179s] Level 1:colcon.colcon_core.package_identification:_identify(src/turtlebot3_simulations/turtlebot3_fake_node) by extensions ['ignore', 'ignore_ament_install']
[1.179s] Level 1:colcon.colcon_core.package_identification:_identify(src/turtlebot3_simulations/turtlebot3_fake_node) by extension 'ignore'
[1.180s] Level 1:colcon.colcon_core.package_identification:_identify(src/turtlebot3_simulations/turtlebot3_fake_node) by extension 'ignore_ament_install'
[1.180s] Level 1:colcon.colcon_core.package_identification:_identify(src/turtlebot3_simulations/turtlebot3_fake_node) by extensions ['colcon_pkg']
[1.180s] Level 1:colcon.colcon_core.package_identification:_identify(src/turtlebot3_simulations/turtlebot3_fake_node) by extension 'colcon_pkg'
[1.180s] Level 1:colcon.colcon_core.package_identification:_identify(src/turtlebot3_simulations/turtlebot3_fake_node) by extensions ['colcon_meta']
[1.180s] Level 1:colcon.colcon_core.package_identification:_identify(src/turtlebot3_simulations/turtlebot3_fake_node) by extension 'colcon_meta'
[1.180s] Level 1:colcon.colcon_core.package_identification:_identify(src/turtlebot3_simulations/turtlebot3_fake_node) by extensions ['ros']
[1.180s] Level 1:colcon.colcon_core.package_identification:_identify(src/turtlebot3_simulations/turtlebot3_fake_node) by extension 'ros'
[1.186s] DEBUG:colcon.colcon_core.package_identification:Package 'src/turtlebot3_simulations/turtlebot3_fake_node' with type 'ros.ament_cmake' and name 'turtlebot3_fake_node'
[1.186s] Level 1:colcon.colcon_core.package_identification:_identify(src/turtlebot3_simulations/turtlebot3_gazebo) by extensions ['ignore', 'ignore_ament_install']
[1.186s] Level 1:colcon.colcon_core.package_identification:_identify(src/turtlebot3_simulations/turtlebot3_gazebo) by extension 'ignore'
[1.187s] Level 1:colcon.colcon_core.package_identification:_identify(src/turtlebot3_simulations/turtlebot3_gazebo) by extension 'ignore_ament_install'
[1.187s] Level 1:colcon.colcon_core.package_identification:_identify(src/turtlebot3_simulations/turtlebot3_gazebo) by extensions ['colcon_pkg']
[1.187s] Level 1:colcon.colcon_core.package_identification:_identify(src/turtlebot3_simulations/turtlebot3_gazebo) by extension 'colcon_pkg'
[1.187s] Level 1:colcon.colcon_core.package_identification:_identify(src/turtlebot3_simulations/turtlebot3_gazebo) by extensions ['colcon_meta']
[1.187s] Level 1:colcon.colcon_core.package_identification:_identify(src/turtlebot3_simulations/turtlebot3_gazebo) by extension 'colcon_meta'
[1.187s] Level 1:colcon.colcon_core.package_identification:_identify(src/turtlebot3_simulations/turtlebot3_gazebo) by extensions ['ros']
[1.187s] Level 1:colcon.colcon_core.package_identification:_identify(src/turtlebot3_simulations/turtlebot3_gazebo) by extension 'ros'
[1.194s] DEBUG:colcon.colcon_core.package_identification:Package 'src/turtlebot3_simulations/turtlebot3_gazebo' with type 'ros.ament_cmake' and name 'turtlebot3_gazebo'
[1.194s] Level 1:colcon.colcon_core.package_identification:_identify(src/turtlebot3_simulations/turtlebot3_simulations) by extensions ['ignore', 'ignore_ament_install']
[1.194s] Level 1:colcon.colcon_core.package_identification:_identify(src/turtlebot3_simulations/turtlebot3_simulations) by extension 'ignore'
[1.194s] Level 1:colcon.colcon_core.package_identification:_identify(src/turtlebot3_simulations/turtlebot3_simulations) by extension 'ignore_ament_install'
[1.194s] Level 1:colcon.colcon_core.package_identification:_identify(src/turtlebot3_simulations/turtlebot3_simulations) by extensions ['colcon_pkg']
[1.194s] Level 1:colcon.colcon_core.package_identification:_identify(src/turtlebot3_simulations/turtlebot3_simulations) by extension 'colcon_pkg'
[1.194s] Level 1:colcon.colcon_core.package_identification:_identify(src/turtlebot3_simulations/turtlebot3_simulations) by extensions ['colcon_meta']
[1.194s] Level 1:colcon.colcon_core.package_identification:_identify(src/turtlebot3_simulations/turtlebot3_simulations) by extension 'colcon_meta'
[1.195s] Level 1:colcon.colcon_core.package_identification:_identify(src/turtlebot3_simulations/turtlebot3_simulations) by extensions ['ros']
[1.195s] Level 1:colcon.colcon_core.package_identification:_identify(src/turtlebot3_simulations/turtlebot3_simulations) by extension 'ros'
[1.196s] DEBUG:colcon.colcon_core.package_identification:Package 'src/turtlebot3_simulations/turtlebot3_simulations' with type 'ros.ament_cmake' and name 'turtlebot3_simulations'
[1.196s] Level 1:colcon.colcon_core.package_identification:_identify(src/waypoint_commander) by extensions ['ignore', 'ignore_ament_install']
[1.196s] Level 1:colcon.colcon_core.package_identification:_identify(src/waypoint_commander) by extension 'ignore'
[1.196s] Level 1:colcon.colcon_core.package_identification:_identify(src/waypoint_commander) by extension 'ignore_ament_install'
[1.196s] Level 1:colcon.colcon_core.package_identification:_identify(src/waypoint_commander) by extensions ['colcon_pkg']
[1.196s] Level 1:colcon.colcon_core.package_identification:_identify(src/waypoint_commander) by extension 'colcon_pkg'
[1.196s] Level 1:colcon.colcon_core.package_identification:_identify(src/waypoint_commander) by extensions ['colcon_meta']
[1.196s] Level 1:colcon.colcon_core.package_identification:_identify(src/waypoint_commander) by extension 'colcon_meta'
[1.196s] Level 1:colcon.colcon_core.package_identification:_identify(src/waypoint_commander) by extensions ['ros']
[1.196s] Level 1:colcon.colcon_core.package_identification:_identify(src/waypoint_commander) by extension 'ros'
[1.196s] Level 1:colcon.colcon_core.package_identification:_identify(src/waypoint_commander) by extensions ['cmake', 'python']
[1.197s] Level 1:colcon.colcon_core.package_identification:_identify(src/waypoint_commander) by extension 'cmake'
[1.197s] Level 1:colcon.colcon_core.package_identification:_identify(src/waypoint_commander) by extension 'python'
[1.197s] Level 1:colcon.colcon_core.package_identification:_identify(src/waypoint_commander) by extensions ['python_setup_py']
[1.197s] Level 1:colcon.colcon_core.package_identification:_identify(src/waypoint_commander) by extension 'python_setup_py'
[1.197s] Level 1:colcon.colcon_core.package_identification:_identify(src/waypoint_commander/build) by extensions ['ignore', 'ignore_ament_install']
[1.197s] Level 1:colcon.colcon_core.package_identification:_identify(src/waypoint_commander/build) by extension 'ignore'
[1.197s] Level 1:colcon.colcon_core.package_identification:_identify(src/waypoint_commander/build) ignored
[1.197s] Level 1:colcon.colcon_core.package_identification:_identify(src/waypoint_commander/install) by extensions ['ignore', 'ignore_ament_install']
[1.197s] Level 1:colcon.colcon_core.package_identification:_identify(src/waypoint_commander/install) by extension 'ignore'
[1.197s] Level 1:colcon.colcon_core.package_identification:_identify(src/waypoint_commander/install) by extension 'ignore_ament_install'
[1.197s] Level 1:colcon.colcon_core.package_identification:_identify(src/waypoint_commander/install) by extensions ['colcon_pkg']
[1.198s] Level 1:colcon.colcon_core.package_identification:_identify(src/waypoint_commander/install) by extension 'colcon_pkg'
[1.198s] Level 1:colcon.colcon_core.package_identification:_identify(src/waypoint_commander/install) by extensions ['colcon_meta']
[1.198s] Level 1:colcon.colcon_core.package_identification:_identify(src/waypoint_commander/install) by extension 'colcon_meta'
[1.198s] Level 1:colcon.colcon_core.package_identification:_identify(src/waypoint_commander/install) by extensions ['ros']
[1.198s] Level 1:colcon.colcon_core.package_identification:_identify(src/waypoint_commander/install) by extension 'ros'
[1.198s] Level 1:colcon.colcon_core.package_identification:_identify(src/waypoint_commander/install) by extensions ['cmake', 'python']
[1.198s] Level 1:colcon.colcon_core.package_identification:_identify(src/waypoint_commander/install) by extension 'cmake'
[1.198s] Level 1:colcon.colcon_core.package_identification:_identify(src/waypoint_commander/install) by extension 'python'
[1.198s] Level 1:colcon.colcon_core.package_identification:_identify(src/waypoint_commander/install) by extensions ['python_setup_py']
[1.198s] Level 1:colcon.colcon_core.package_identification:_identify(src/waypoint_commander/install) by extension 'python_setup_py'
[1.198s] Level 1:colcon.colcon_core.package_identification:_identify(src/waypoint_commander/install/waypoint_commander) by extensions ['ignore', 'ignore_ament_install']
[1.198s] Level 1:colcon.colcon_core.package_identification:_identify(src/waypoint_commander/install/waypoint_commander) by extension 'ignore'
[1.198s] Level 1:colcon.colcon_core.package_identification:_identify(src/waypoint_commander/install/waypoint_commander) by extension 'ignore_ament_install'
[1.199s] Level 1:colcon.colcon_core.package_identification:_identify(src/waypoint_commander/install/waypoint_commander) by extensions ['colcon_pkg']
[1.199s] Level 1:colcon.colcon_core.package_identification:_identify(src/waypoint_commander/install/waypoint_commander) by extension 'colcon_pkg'
[1.199s] Level 1:colcon.colcon_core.package_identification:_identify(src/waypoint_commander/install/waypoint_commander) by extensions ['colcon_meta']
[1.199s] Level 1:colcon.colcon_core.package_identification:_identify(src/waypoint_commander/install/waypoint_commander) by extension 'colcon_meta'
[1.199s] Level 1:colcon.colcon_core.package_identification:_identify(src/waypoint_commander/install/waypoint_commander) by extensions ['ros']
[1.199s] Level 1:colcon.colcon_core.package_identification:_identify(src/waypoint_commander/install/waypoint_commander) by extension 'ros'
[1.199s] Level 1:colcon.colcon_core.package_identification:_identify(src/waypoint_commander/install/waypoint_commander) by extensions ['cmake', 'python']
[1.199s] Level 1:colcon.colcon_core.package_identification:_identify(src/waypoint_commander/install/waypoint_commander) by extension 'cmake'
[1.199s] Level 1:colcon.colcon_core.package_identification:_identify(src/waypoint_commander/install/waypoint_commander) by extension 'python'
[1.199s] Level 1:colcon.colcon_core.package_identification:_identify(src/waypoint_commander/install/waypoint_commander) by extensions ['python_setup_py']
[1.199s] Level 1:colcon.colcon_core.package_identification:_identify(src/waypoint_commander/install/waypoint_commander) by extension 'python_setup_py'
[1.199s] Level 1:colcon.colcon_core.package_identification:_identify(src/waypoint_commander/install/waypoint_commander/lib) by extensions ['ignore', 'ignore_ament_install']
[1.199s] Level 1:colcon.colcon_core.package_identification:_identify(src/waypoint_commander/install/waypoint_commander/lib) by extension 'ignore'
[1.200s] Level 1:colcon.colcon_core.package_identification:_identify(src/waypoint_commander/install/waypoint_commander/lib) by extension 'ignore_ament_install'
[1.200s] Level 1:colcon.colcon_core.package_identification:_identify(src/waypoint_commander/install/waypoint_commander/lib) by extensions ['colcon_pkg']
[1.200s] Level 1:colcon.colcon_core.package_identification:_identify(src/waypoint_commander/install/waypoint_commander/lib) by extension 'colcon_pkg'
[1.200s] Level 1:colcon.colcon_core.package_identification:_identify(src/waypoint_commander/install/waypoint_commander/lib) by extensions ['colcon_meta']
[1.200s] Level 1:colcon.colcon_core.package_identification:_identify(src/waypoint_commander/install/waypoint_commander/lib) by extension 'colcon_meta'
[1.200s] Level 1:colcon.colcon_core.package_identification:_identify(src/waypoint_commander/install/waypoint_commander/lib) by extensions ['ros']
[1.200s] Level 1:colcon.colcon_core.package_identification:_identify(src/waypoint_commander/install/waypoint_commander/lib) by extension 'ros'
[1.200s] Level 1:colcon.colcon_core.package_identification:_identify(src/waypoint_commander/install/waypoint_commander/lib) by extensions ['cmake', 'python']
[1.200s] Level 1:colcon.colcon_core.package_identification:_identify(src/waypoint_commander/install/waypoint_commander/lib) by extension 'cmake'
[1.200s] Level 1:colcon.colcon_core.package_identification:_identify(src/waypoint_commander/install/waypoint_commander/lib) by extension 'python'
[1.200s] Level 1:colcon.colcon_core.package_identification:_identify(src/waypoint_commander/install/waypoint_commander/lib) by extensions ['python_setup_py']
[1.200s] Level 1:colcon.colcon_core.package_identification:_identify(src/waypoint_commander/install/waypoint_commander/lib) by extension 'python_setup_py'
[1.200s] Level 1:colcon.colcon_core.package_identification:_identify(src/waypoint_commander/install/waypoint_commander/lib/python3.10) by extensions ['ignore', 'ignore_ament_install']
[1.200s] Level 1:colcon.colcon_core.package_identification:_identify(src/waypoint_commander/install/waypoint_commander/lib/python3.10) by extension 'ignore'
[1.200s] Level 1:colcon.colcon_core.package_identification:_identify(src/waypoint_commander/install/waypoint_commander/lib/python3.10) by extension 'ignore_ament_install'
[1.200s] Level 1:colcon.colcon_core.package_identification:_identify(src/waypoint_commander/install/waypoint_commander/lib/python3.10) by extensions ['colcon_pkg']
[1.201s] Level 1:colcon.colcon_core.package_identification:_identify(src/waypoint_commander/install/waypoint_commander/lib/python3.10) by extension 'colcon_pkg'
[1.201s] Level 1:colcon.colcon_core.package_identification:_identify(src/waypoint_commander/install/waypoint_commander/lib/python3.10) by extensions ['colcon_meta']
[1.201s] Level 1:colcon.colcon_core.package_identification:_identify(src/waypoint_commander/install/waypoint_commander/lib/python3.10) by extension 'colcon_meta'
[1.201s] Level 1:colcon.colcon_core.package_identification:_identify(src/waypoint_commander/install/waypoint_commander/lib/python3.10) by extensions ['ros']
[1.201s] Level 1:colcon.colcon_core.package_identification:_identify(src/waypoint_commander/install/waypoint_commander/lib/python3.10) by extension 'ros'
[1.201s] Level 1:colcon.colcon_core.package_identification:_identify(src/waypoint_commander/install/waypoint_commander/lib/python3.10) by extensions ['cmake', 'python']
[1.201s] Level 1:colcon.colcon_core.package_identification:_identify(src/waypoint_commander/install/waypoint_commander/lib/python3.10) by extension 'cmake'
[1.201s] Level 1:colcon.colcon_core.package_identification:_identify(src/waypoint_commander/install/waypoint_commander/lib/python3.10) by extension 'python'
[1.201s] Level 1:colcon.colcon_core.package_identification:_identify(src/waypoint_commander/install/waypoint_commander/lib/python3.10) by extensions ['python_setup_py']
[1.201s] Level 1:colcon.colcon_core.package_identification:_identify(src/waypoint_commander/install/waypoint_commander/lib/python3.10) by extension 'python_setup_py'
[1.201s] Level 1:colcon.colcon_core.package_identification:_identify(src/waypoint_commander/install/waypoint_commander/lib/python3.10/site-packages) by extensions ['ignore', 'ignore_ament_install']
[1.201s] Level 1:colcon.colcon_core.package_identification:_identify(src/waypoint_commander/install/waypoint_commander/lib/python3.10/site-packages) by extension 'ignore'
[1.201s] Level 1:colcon.colcon_core.package_identification:_identify(src/waypoint_commander/install/waypoint_commander/lib/python3.10/site-packages) by extension 'ignore_ament_install'
[1.202s] Level 1:colcon.colcon_core.package_identification:_identify(src/waypoint_commander/install/waypoint_commander/lib/python3.10/site-packages) by extensions ['colcon_pkg']
[1.202s] Level 1:colcon.colcon_core.package_identification:_identify(src/waypoint_commander/install/waypoint_commander/lib/python3.10/site-packages) by extension 'colcon_pkg'
[1.202s] Level 1:colcon.colcon_core.package_identification:_identify(src/waypoint_commander/install/waypoint_commander/lib/python3.10/site-packages) by extensions ['colcon_meta']
[1.202s] Level 1:colcon.colcon_core.package_identification:_identify(src/waypoint_commander/install/waypoint_commander/lib/python3.10/site-packages) by extension 'colcon_meta'
[1.202s] Level 1:colcon.colcon_core.package_identification:_identify(src/waypoint_commander/install/waypoint_commander/lib/python3.10/site-packages) by extensions ['ros']
[1.202s] Level 1:colcon.colcon_core.package_identification:_identify(src/waypoint_commander/install/waypoint_commander/lib/python3.10/site-packages) by extension 'ros'
[1.202s] Level 1:colcon.colcon_core.package_identification:_identify(src/waypoint_commander/install/waypoint_commander/lib/python3.10/site-packages) by extensions ['cmake', 'python']
[1.202s] Level 1:colcon.colcon_core.package_identification:_identify(src/waypoint_commander/install/waypoint_commander/lib/python3.10/site-packages) by extension 'cmake'
[1.202s] Level 1:colcon.colcon_core.package_identification:_identify(src/waypoint_commander/install/waypoint_commander/lib/python3.10/site-packages) by extension 'python'
[1.202s] Level 1:colcon.colcon_core.package_identification:_identify(src/waypoint_commander/install/waypoint_commander/lib/python3.10/site-packages) by extensions ['python_setup_py']
[1.202s] Level 1:colcon.colcon_core.package_identification:_identify(src/waypoint_commander/install/waypoint_commander/lib/python3.10/site-packages) by extension 'python_setup_py'
[1.203s] Level 1:colcon.colcon_core.package_identification:_identify(src/waypoint_commander/install/waypoint_commander/lib/waypoint_commander) by extensions ['ignore', 'ignore_ament_install']
[1.203s] Level 1:colcon.colcon_core.package_identification:_identify(src/waypoint_commander/install/waypoint_commander/lib/waypoint_commander) by extension 'ignore'
[1.203s] Level 1:colcon.colcon_core.package_identification:_identify(src/waypoint_commander/install/waypoint_commander/lib/waypoint_commander) by extension 'ignore_ament_install'
[1.204s] Level 1:colcon.colcon_core.package_identification:_identify(src/waypoint_commander/install/waypoint_commander/lib/waypoint_commander) by extensions ['colcon_pkg']
[1.204s] Level 1:colcon.colcon_core.package_identification:_identify(src/waypoint_commander/install/waypoint_commander/lib/waypoint_commander) by extension 'colcon_pkg'
[1.206s] Level 1:colcon.colcon_core.package_identification:_identify(src/waypoint_commander/install/waypoint_commander/lib/waypoint_commander) by extensions ['colcon_meta']
[1.206s] Level 1:colcon.colcon_core.package_identification:_identify(src/waypoint_commander/install/waypoint_commander/lib/waypoint_commander) by extension 'colcon_meta'
[1.206s] Level 1:colcon.colcon_core.package_identification:_identify(src/waypoint_commander/install/waypoint_commander/lib/waypoint_commander) by extensions ['ros']
[1.207s] Level 1:colcon.colcon_core.package_identification:_identify(src/waypoint_commander/install/waypoint_commander/lib/waypoint_commander) by extension 'ros'
[1.207s] Level 1:colcon.colcon_core.package_identification:_identify(src/waypoint_commander/install/waypoint_commander/lib/waypoint_commander) by extensions ['cmake', 'python']
[1.207s] Level 1:colcon.colcon_core.package_identification:_identify(src/waypoint_commander/install/waypoint_commander/lib/waypoint_commander) by extension 'cmake'
[1.208s] Level 1:colcon.colcon_core.package_identification:_identify(src/waypoint_commander/install/waypoint_commander/lib/waypoint_commander) by extension 'python'
[1.208s] Level 1:colcon.colcon_core.package_identification:_identify(src/waypoint_commander/install/waypoint_commander/lib/waypoint_commander) by extensions ['python_setup_py']
[1.208s] Level 1:colcon.colcon_core.package_identification:_identify(src/waypoint_commander/install/waypoint_commander/lib/waypoint_commander) by extension 'python_setup_py'
[1.208s] Level 1:colcon.colcon_core.package_identification:_identify(src/waypoint_commander/waypoint_commander) by extensions ['ignore', 'ignore_ament_install']
[1.209s] Level 1:colcon.colcon_core.package_identification:_identify(src/waypoint_commander/waypoint_commander) by extension 'ignore'
[1.211s] Level 1:colcon.colcon_core.package_identification:_identify(src/waypoint_commander/waypoint_commander) by extension 'ignore_ament_install'
[1.211s] Level 1:colcon.colcon_core.package_identification:_identify(src/waypoint_commander/waypoint_commander) by extensions ['colcon_pkg']
[1.212s] Level 1:colcon.colcon_core.package_identification:_identify(src/waypoint_commander/waypoint_commander) by extension 'colcon_pkg'
[1.212s] Level 1:colcon.colcon_core.package_identification:_identify(src/waypoint_commander/waypoint_commander) by extensions ['colcon_meta']
[1.212s] Level 1:colcon.colcon_core.package_identification:_identify(src/waypoint_commander/waypoint_commander) by extension 'colcon_meta'
[1.213s] Level 1:colcon.colcon_core.package_identification:_identify(src/waypoint_commander/waypoint_commander) by extensions ['ros']
[1.213s] Level 1:colcon.colcon_core.package_identification:_identify(src/waypoint_commander/waypoint_commander) by extension 'ros'
[1.213s] Level 1:colcon.colcon_core.package_identification:_identify(src/waypoint_commander/waypoint_commander) by extensions ['cmake', 'python']
[1.214s] Level 1:colcon.colcon_core.package_identification:_identify(src/waypoint_commander/waypoint_commander) by extension 'cmake'
[1.214s] Level 1:colcon.colcon_core.package_identification:_identify(src/waypoint_commander/waypoint_commander) by extension 'python'
[1.214s] Level 1:colcon.colcon_core.package_identification:_identify(src/waypoint_commander/waypoint_commander) by extensions ['python_setup_py']
[1.214s] Level 1:colcon.colcon_core.package_identification:_identify(src/waypoint_commander/waypoint_commander) by extension 'python_setup_py'
[1.214s] Level 1:colcon.colcon_core.package_identification:_identify(src/waypoint_commander/waypoint_commander/__pycache__) by extensions ['ignore', 'ignore_ament_install']
[1.215s] Level 1:colcon.colcon_core.package_identification:_identify(src/waypoint_commander/waypoint_commander/__pycache__) by extension 'ignore'
[1.215s] Level 1:colcon.colcon_core.package_identification:_identify(src/waypoint_commander/waypoint_commander/__pycache__) by extension 'ignore_ament_install'
[1.215s] Level 1:colcon.colcon_core.package_identification:_identify(src/waypoint_commander/waypoint_commander/__pycache__) by extensions ['colcon_pkg']
[1.215s] Level 1:colcon.colcon_core.package_identification:_identify(src/waypoint_commander/waypoint_commander/__pycache__) by extension 'colcon_pkg'
[1.215s] Level 1:colcon.colcon_core.package_identification:_identify(src/waypoint_commander/waypoint_commander/__pycache__) by extensions ['colcon_meta']
[1.216s] Level 1:colcon.colcon_core.package_identification:_identify(src/waypoint_commander/waypoint_commander/__pycache__) by extension 'colcon_meta'
[1.216s] Level 1:colcon.colcon_core.package_identification:_identify(src/waypoint_commander/waypoint_commander/__pycache__) by extensions ['ros']
[1.216s] Level 1:colcon.colcon_core.package_identification:_identify(src/waypoint_commander/waypoint_commander/__pycache__) by extension 'ros'
[1.216s] Level 1:colcon.colcon_core.package_identification:_identify(src/waypoint_commander/waypoint_commander/__pycache__) by extensions ['cmake', 'python']
[1.216s] Level 1:colcon.colcon_core.package_identification:_identify(src/waypoint_commander/waypoint_commander/__pycache__) by extension 'cmake'
[1.217s] Level 1:colcon.colcon_core.package_identification:_identify(src/waypoint_commander/waypoint_commander/__pycache__) by extension 'python'
[1.217s] Level 1:colcon.colcon_core.package_identification:_identify(src/waypoint_commander/waypoint_commander/__pycache__) by extensions ['python_setup_py']
[1.217s] Level 1:colcon.colcon_core.package_identification:_identify(src/waypoint_commander/waypoint_commander/__pycache__) by extension 'python_setup_py'
[1.217s] Level 1:colcon.colcon_core.package_identification:_identify(tb3_controller) by extensions ['ignore', 'ignore_ament_install']
[1.217s] Level 1:colcon.colcon_core.package_identification:_identify(tb3_controller) by extension 'ignore'
[1.218s] Level 1:colcon.colcon_core.package_identification:_identify(tb3_controller) by extension 'ignore_ament_install'
[1.218s] Level 1:colcon.colcon_core.package_identification:_identify(tb3_controller) by extensions ['colcon_pkg']
[1.218s] Level 1:colcon.colcon_core.package_identification:_identify(tb3_controller) by extension 'colcon_pkg'
[1.218s] Level 1:colcon.colcon_core.package_identification:_identify(tb3_controller) by extensions ['colcon_meta']
[1.219s] Level 1:colcon.colcon_core.package_identification:_identify(tb3_controller) by extension 'colcon_meta'
[1.219s] Level 1:colcon.colcon_core.package_identification:_identify(tb3_controller) by extensions ['ros']
[1.219s] Level 1:colcon.colcon_core.package_identification:_identify(tb3_controller) by extension 'ros'
[1.221s] DEBUG:colcon.colcon_core.package_identification:Package 'tb3_controller' with type 'ros.ament_python' and name 'tb3_controller'
[1.221s] Level 1:colcon.colcon_core.package_identification:_identify(turtlebot_controller_pkg) by extensions ['ignore', 'ignore_ament_install']
[1.222s] Level 1:colcon.colcon_core.package_identification:_identify(turtlebot_controller_pkg) by extension 'ignore'
[1.225s] Level 1:colcon.colcon_core.package_identification:_identify(turtlebot_controller_pkg) by extension 'ignore_ament_install'
[1.226s] Level 1:colcon.colcon_core.package_identification:_identify(turtlebot_controller_pkg) by extensions ['colcon_pkg']
[1.226s] Level 1:colcon.colcon_core.package_identification:_identify(turtlebot_controller_pkg) by extension 'colcon_pkg'
[1.226s] Level 1:colcon.colcon_core.package_identification:_identify(turtlebot_controller_pkg) by extensions ['colcon_meta']
[1.226s] Level 1:colcon.colcon_core.package_identification:_identify(turtlebot_controller_pkg) by extension 'colcon_meta'
[1.226s] Level 1:colcon.colcon_core.package_identification:_identify(turtlebot_controller_pkg) by extensions ['ros']
[1.226s] Level 1:colcon.colcon_core.package_identification:_identify(turtlebot_controller_pkg) by extension 'ros'
[1.226s] Level 1:colcon.colcon_core.package_identification:_identify(turtlebot_controller_pkg) by extensions ['cmake', 'python']
[1.226s] Level 1:colcon.colcon_core.package_identification:_identify(turtlebot_controller_pkg) by extension 'cmake'
[1.227s] Level 1:colcon.colcon_core.package_identification:_identify(turtlebot_controller_pkg) by extension 'python'
[1.227s] Level 1:colcon.colcon_core.package_identification:_identify(turtlebot_controller_pkg) by extensions ['python_setup_py']
[1.227s] Level 1:colcon.colcon_core.package_identification:_identify(turtlebot_controller_pkg) by extension 'python_setup_py'
[1.227s] Level 1:colcon.colcon_core.package_identification:_identify(turtlebot_controller_pkg/turtlebot_controller_pkg) by extensions ['ignore', 'ignore_ament_install']
[1.227s] Level 1:colcon.colcon_core.package_identification:_identify(turtlebot_controller_pkg/turtlebot_controller_pkg) by extension 'ignore'
[1.227s] Level 1:colcon.colcon_core.package_identification:_identify(turtlebot_controller_pkg/turtlebot_controller_pkg) by extension 'ignore_ament_install'
[1.227s] Level 1:colcon.colcon_core.package_identification:_identify(turtlebot_controller_pkg/turtlebot_controller_pkg) by extensions ['colcon_pkg']
[1.227s] Level 1:colcon.colcon_core.package_identification:_identify(turtlebot_controller_pkg/turtlebot_controller_pkg) by extension 'colcon_pkg'
[1.227s] Level 1:colcon.colcon_core.package_identification:_identify(turtlebot_controller_pkg/turtlebot_controller_pkg) by extensions ['colcon_meta']
[1.227s] Level 1:colcon.colcon_core.package_identification:_identify(turtlebot_controller_pkg/turtlebot_controller_pkg) by extension 'colcon_meta'
[1.227s] Level 1:colcon.colcon_core.package_identification:_identify(turtlebot_controller_pkg/turtlebot_controller_pkg) by extensions ['ros']
[1.228s] Level 1:colcon.colcon_core.package_identification:_identify(turtlebot_controller_pkg/turtlebot_controller_pkg) by extension 'ros'
[1.228s] Level 1:colcon.colcon_core.package_identification:_identify(turtlebot_controller_pkg/turtlebot_controller_pkg) by extensions ['cmake', 'python']
[1.228s] Level 1:colcon.colcon_core.package_identification:_identify(turtlebot_controller_pkg/turtlebot_controller_pkg) by extension 'cmake'
[1.228s] Level 1:colcon.colcon_core.package_identification:_identify(turtlebot_controller_pkg/turtlebot_controller_pkg) by extension 'python'
[1.228s] Level 1:colcon.colcon_core.package_identification:_identify(turtlebot_controller_pkg/turtlebot_controller_pkg) by extensions ['python_setup_py']
[1.228s] Level 1:colcon.colcon_core.package_identification:_identify(turtlebot_controller_pkg/turtlebot_controller_pkg) by extension 'python_setup_py'
[1.228s] Level 1:colcon.colcon_core.package_identification:_identify(turtlebot_controller_pkg/turtlebot_controller_pkg/__pycache__) by extensions ['ignore', 'ignore_ament_install']
[1.228s] Level 1:colcon.colcon_core.package_identification:_identify(turtlebot_controller_pkg/turtlebot_controller_pkg/__pycache__) by extension 'ignore'
[1.228s] Level 1:colcon.colcon_core.package_identification:_identify(turtlebot_controller_pkg/turtlebot_controller_pkg/__pycache__) by extension 'ignore_ament_install'
[1.228s] Level 1:colcon.colcon_core.package_identification:_identify(turtlebot_controller_pkg/turtlebot_controller_pkg/__pycache__) by extensions ['colcon_pkg']
[1.228s] Level 1:colcon.colcon_core.package_identification:_identify(turtlebot_controller_pkg/turtlebot_controller_pkg/__pycache__) by extension 'colcon_pkg'
[1.228s] Level 1:colcon.colcon_core.package_identification:_identify(turtlebot_controller_pkg/turtlebot_controller_pkg/__pycache__) by extensions ['colcon_meta']
[1.228s] Level 1:colcon.colcon_core.package_identification:_identify(turtlebot_controller_pkg/turtlebot_controller_pkg/__pycache__) by extension 'colcon_meta'
[1.229s] Level 1:colcon.colcon_core.package_identification:_identify(turtlebot_controller_pkg/turtlebot_controller_pkg/__pycache__) by extensions ['ros']
[1.229s] Level 1:colcon.colcon_core.package_identification:_identify(turtlebot_controller_pkg/turtlebot_controller_pkg/__pycache__) by extension 'ros'
[1.229s] Level 1:colcon.colcon_core.package_identification:_identify(turtlebot_controller_pkg/turtlebot_controller_pkg/__pycache__) by extensions ['cmake', 'python']
[1.229s] Level 1:colcon.colcon_core.package_identification:_identify(turtlebot_controller_pkg/turtlebot_controller_pkg/__pycache__) by extension 'cmake'
[1.230s] Level 1:colcon.colcon_core.package_identification:_identify(turtlebot_controller_pkg/turtlebot_controller_pkg/__pycache__) by extension 'python'
[1.230s] Level 1:colcon.colcon_core.package_identification:_identify(turtlebot_controller_pkg/turtlebot_controller_pkg/__pycache__) by extensions ['python_setup_py']
[1.230s] Level 1:colcon.colcon_core.package_identification:_identify(turtlebot_controller_pkg/turtlebot_controller_pkg/__pycache__) by extension 'python_setup_py'
[1.230s] Level 1:colcon.colcon_core.package_discovery:discover_packages(recursive) using defaults
[1.230s] Level 1:colcon.colcon_core.package_discovery:discover_packages(ignore) discover
[1.230s] Level 1:colcon.colcon_core.package_discovery:discover_packages(ignore) using defaults
[1.231s] Level 1:colcon.colcon_core.package_discovery:discover_packages(path) discover
[1.231s] Level 1:colcon.colcon_core.package_discovery:discover_packages(path) using defaults
[1.277s] INFO:colcon.colcon_core.package_selection:Skipping not selected package 'turtlebot3_fake_node' in 'src/turtlebot3_simulations/turtlebot3_fake_node'
[1.277s] INFO:colcon.colcon_core.package_selection:Skipping not selected package 'turtlebot3_gazebo' in 'src/turtlebot3_simulations/turtlebot3_gazebo'
[1.277s] INFO:colcon.colcon_core.package_selection:Skipping not selected package 'turtlebot3_simulations' in 'src/turtlebot3_simulations/turtlebot3_simulations'
[1.279s] Level 1:colcon.colcon_core.package_discovery:discover_packages(prefix_path) check parameters
[1.280s] Level 1:colcon.colcon_core.package_discovery:discover_packages(prefix_path) discover
[1.284s] WARNING:colcon.colcon_ros.prefix_path.ament:The path '/home/johnson/METR4202/install/python_parameters' in the environment variable AMENT_PREFIX_PATH doesn't exist
[1.285s] WARNING:colcon.colcon_ros.prefix_path.ament:The path '/home/johnson/METR4202/install/py_launch_example' in the environment variable AMENT_PREFIX_PATH doesn't exist
[1.286s] WARNING:colcon.colcon_ros.prefix_path.ament:The path '/home/johnson/METR4202/install/launch_tutorial' in the environment variable AMENT_PREFIX_PATH doesn't exist
[1.286s] WARNING:colcon.colcon_ros.prefix_path.ament:The path '/home/johnson/METR4202/install/action_tutorials_interfaces' in the environment variable AMENT_PREFIX_PATH doesn't exist
[1.286s] WARNING:colcon.colcon_ros.prefix_path.catkin:The path '/home/johnson/METR4202/install/action_tutorials_interfaces' in the environment variable CMAKE_PREFIX_PATH doesn't exist
[1.289s] DEBUG:colcon.colcon_installed_package_information.package_discovery:Found 1 installed packages in /home/johnson/METR4202/install
[1.304s] DEBUG:colcon.colcon_installed_package_information.package_discovery:Found 3 installed packages in /home/johnson/turtlebot3_ws/install
[1.308s] DEBUG:colcon.colcon_installed_package_information.package_discovery:Found 386 installed packages in /opt/ros/humble
[1.316s] Level 1:colcon.colcon_core.package_discovery:discover_packages(prefix_path) using defaults
[1.487s] Level 5:colcon.colcon_core.verb:set package 'tb3_controller' build argument 'cmake_args' from command line to 'None'
[1.488s] Level 5:colcon.colcon_core.verb:set package 'tb3_controller' build argument 'cmake_target' from command line to 'None'
[1.488s] Level 5:colcon.colcon_core.verb:set package 'tb3_controller' build argument 'cmake_target_skip_unavailable' from command line to 'False'
[1.488s] Level 5:colcon.colcon_core.verb:set package 'tb3_controller' build argument 'cmake_clean_cache' from command line to 'False'
[1.488s] Level 5:colcon.colcon_core.verb:set package 'tb3_controller' build argument 'cmake_clean_first' from command line to 'False'
[1.488s] Level 5:colcon.colcon_core.verb:set package 'tb3_controller' build argument 'cmake_force_configure' from command line to 'False'
[1.488s] Level 5:colcon.colcon_core.verb:set package 'tb3_controller' build argument 'ament_cmake_args' from command line to 'None'
[1.488s] Level 5:colcon.colcon_core.verb:set package 'tb3_controller' build argument 'catkin_cmake_args' from command line to 'None'
[1.488s] Level 5:colcon.colcon_core.verb:set package 'tb3_controller' build argument 'catkin_skip_building_tests' from command line to 'False'
[1.488s] DEBUG:colcon.colcon_core.verb:Building package 'tb3_controller' with the following arguments: {'ament_cmake_args': None, 'build_base': '/home/johnson/METR4202/build/tb3_controller', 'catkin_cmake_args': None, 'catkin_skip_building_tests': False, 'cmake_args': None, 'cmake_clean_cache': False, 'cmake_clean_first': False, 'cmake_force_configure': False, 'cmake_target': None, 'cmake_target_skip_unavailable': False, 'install_base': '/home/johnson/METR4202/install/tb3_controller', 'merge_install': False, 'path': '/home/johnson/METR4202/tb3_controller', 'symlink_install': False, 'test_result_base': None}
[1.490s] INFO:colcon.colcon_core.executor:Executing jobs using 'parallel' executor
[1.496s] DEBUG:colcon.colcon_parallel_executor.executor.parallel:run_until_complete
[1.496s] INFO:colcon.colcon_ros.task.ament_python.build:Building ROS package in '/home/johnson/METR4202/tb3_controller' with build type 'ament_python'
[1.496s] Level 1:colcon.colcon_core.shell:create_environment_hook('tb3_controller', 'ament_prefix_path')
[1.508s] INFO:colcon.colcon_core.plugin_system:Skipping extension 'colcon_core.shell.bat': Not used on non-Windows systems
[1.508s] INFO:colcon.colcon_core.shell:Creating environment hook '/home/johnson/METR4202/install/tb3_controller/share/tb3_controller/hook/ament_prefix_path.ps1'
[1.514s] INFO:colcon.colcon_core.shell:Creating environment descriptor '/home/johnson/METR4202/install/tb3_controller/share/tb3_controller/hook/ament_prefix_path.dsv'
[1.516s] INFO:colcon.colcon_core.shell:Creating environment hook '/home/johnson/METR4202/install/tb3_controller/share/tb3_controller/hook/ament_prefix_path.sh'
[1.523s] INFO:colcon.colcon_core.shell:Skip shell extension 'powershell' for command environment: Not usable outside of PowerShell
[1.524s] DEBUG:colcon.colcon_core.shell:Skip shell extension 'dsv' for command environment
[2.291s] INFO:colcon.colcon_core.task.python.build:Building Python package in '/home/johnson/METR4202/tb3_controller'
[2.294s] INFO:colcon.colcon_core.shell:Skip shell extension 'powershell' for command environment: Not usable outside of PowerShell
[2.297s] DEBUG:colcon.colcon_core.shell:Skip shell extension 'dsv' for command environment
[3.369s] DEBUG:colcon.colcon_core.event_handler.log_command:Invoking command in '/home/johnson/METR4202/tb3_controller': PYTHONPATH=/home/johnson/METR4202/build/tb3_controller/prefix_override:/home/johnson/METR4202/install/tb3_controller/lib/python3.10/site-packages:${PYTHONPATH} /usr/bin/python3 setup.py egg_info --egg-base ../build/tb3_controller build --build-base /home/johnson/METR4202/build/tb3_controller/build install --record /home/johnson/METR4202/build/tb3_controller/install.log --single-version-externally-managed
[4.244s] DEBUG:colcon.colcon_core.event_handler.log_command:Invoked command in '/home/johnson/METR4202/tb3_controller' returned '0': PYTHONPATH=/home/johnson/METR4202/build/tb3_controller/prefix_override:/home/johnson/METR4202/install/tb3_controller/lib/python3.10/site-packages:${PYTHONPATH} /usr/bin/python3 setup.py egg_info --egg-base ../build/tb3_controller build --build-base /home/johnson/METR4202/build/tb3_controller/build install --record /home/johnson/METR4202/build/tb3_controller/install.log --single-version-externally-managed
[4.261s] Level 1:colcon.colcon_core.environment:checking '/home/johnson/METR4202/install/tb3_controller' for CMake module files
[4.262s] Level 1:colcon.colcon_core.environment:checking '/home/johnson/METR4202/install/tb3_controller' for CMake config files
[4.263s] Level 1:colcon.colcon_core.environment:checking '/home/johnson/METR4202/install/tb3_controller/lib'
[4.264s] Level 1:colcon.colcon_core.environment:checking '/home/johnson/METR4202/install/tb3_controller/bin'
[4.265s] Level 1:colcon.colcon_core.environment:checking '/home/johnson/METR4202/install/tb3_controller/lib/pkgconfig/tb3_controller.pc'
[4.266s] Level 1:colcon.colcon_core.environment:checking '/home/johnson/METR4202/install/tb3_controller/lib/python3.10/site-packages'
[4.266s] Level 1:colcon.colcon_core.shell:create_environment_hook('tb3_controller', 'pythonpath')
[4.270s] INFO:colcon.colcon_core.shell:Creating environment hook '/home/johnson/METR4202/install/tb3_controller/share/tb3_controller/hook/pythonpath.ps1'
[4.292s] INFO:colcon.colcon_core.shell:Creating environment descriptor '/home/johnson/METR4202/install/tb3_controller/share/tb3_controller/hook/pythonpath.dsv'
[4.293s] INFO:colcon.colcon_core.shell:Creating environment hook '/home/johnson/METR4202/install/tb3_controller/share/tb3_controller/hook/pythonpath.sh'
[4.294s] Level 1:colcon.colcon_core.environment:checking '/home/johnson/METR4202/install/tb3_controller/bin'
[4.295s] Level 1:colcon.colcon_core.environment:create_environment_scripts_only(tb3_controller)
[4.298s] INFO:colcon.colcon_core.shell:Creating package script '/home/johnson/METR4202/install/tb3_controller/share/tb3_controller/package.ps1'
[4.306s] INFO:colcon.colcon_core.shell:Creating package descriptor '/home/johnson/METR4202/install/tb3_controller/share/tb3_controller/package.dsv'
[4.309s] INFO:colcon.colcon_core.shell:Creating package script '/home/johnson/METR4202/install/tb3_controller/share/tb3_controller/package.sh'
[4.311s] INFO:colcon.colcon_core.shell:Creating package script '/home/johnson/METR4202/install/tb3_controller/share/tb3_controller/package.bash'
[4.312s] INFO:colcon.colcon_core.shell:Creating package script '/home/johnson/METR4202/install/tb3_controller/share/tb3_controller/package.zsh'
[4.313s] Level 1:colcon.colcon_core.environment:create_file_with_runtime_dependencies(/home/johnson/METR4202/install/tb3_controller/share/colcon-core/packages/tb3_controller)
[4.330s] DEBUG:colcon.colcon_parallel_executor.executor.parallel:closing loop
[4.331s] DEBUG:colcon.colcon_parallel_executor.executor.parallel:loop closed
[4.331s] DEBUG:colcon.colcon_parallel_executor.executor.parallel:run_until_complete finished with '0'
[4.331s] DEBUG:colcon.colcon_core.event_reactor:joining thread
[4.527s] INFO:colcon.colcon_core.plugin_system:Skipping extension 'colcon_notification.desktop_notification.notify_send': Could not find 'notify-send'
[4.528s] INFO:colcon.colcon_core.plugin_system:Skipping extension 'colcon_notification.desktop_notification.terminal_notifier': Not used on non-Darwin systems
[4.528s] INFO:colcon.colcon_core.plugin_system:Skipping extension 'colcon_notification.desktop_notification.win32': Not used on non-Windows systems
[4.528s] INFO:colcon.colcon_notification.desktop_notification:Sending desktop notification using 'notify2'
[4.530s] DEBUG:colcon.colcon_notification.desktop_notification.notify2:Failed to initialize notify2: org.freedesktop.DBus.Error.ServiceUnknown: The name org.freedesktop.Notifications was not provided by any .service files
[4.531s] DEBUG:colcon.colcon_core.event_reactor:joined thread
[4.535s] INFO:colcon.colcon_core.shell:Creating prefix script '/home/johnson/METR4202/install/local_setup.ps1'
[4.537s] INFO:colcon.colcon_core.shell:Creating prefix util module '/home/johnson/METR4202/install/_local_setup_util_ps1.py'
[4.540s] INFO:colcon.colcon_core.shell:Creating prefix chain script '/home/johnson/METR4202/install/setup.ps1'
[4.545s] INFO:colcon.colcon_core.shell:Creating prefix script '/home/johnson/METR4202/install/local_setup.sh'
[4.546s] INFO:colcon.colcon_core.shell:Creating prefix util module '/home/johnson/METR4202/install/_local_setup_util_sh.py'
[4.552s] INFO:colcon.colcon_core.shell:Creating prefix chain script '/home/johnson/METR4202/install/setup.sh'
[4.554s] INFO:colcon.colcon_core.shell:Creating prefix script '/home/johnson/METR4202/install/local_setup.bash'
[4.555s] INFO:colcon.colcon_core.shell:Creating prefix chain script '/home/johnson/METR4202/install/setup.bash'
[4.557s] INFO:colcon.colcon_core.shell:Creating prefix script '/home/johnson/METR4202/install/local_setup.zsh'
[4.557s] INFO:colcon.colcon_core.shell:Creating prefix chain script '/home/johnson/METR4202/install/setup.zsh'
